[2023-08-06T22:04:40.292+0000] {taskinstance.py:1103} INFO - Dependencies all met for dep_context=non-requeueable deps ti=<TaskInstance: 7_da_temps.hit_api manual__2023-08-06T22:04:39.388106+00:00 [queued]>
[2023-08-06T22:04:40.299+0000] {taskinstance.py:1103} INFO - Dependencies all met for dep_context=requeueable deps ti=<TaskInstance: 7_da_temps.hit_api manual__2023-08-06T22:04:39.388106+00:00 [queued]>
[2023-08-06T22:04:40.300+0000] {taskinstance.py:1308} INFO - Starting attempt 1 of 1
[2023-08-06T22:04:40.307+0000] {taskinstance.py:1327} INFO - Executing <Task(PythonOperator): hit_api> on 2023-08-06 22:04:39.388106+00:00
[2023-08-06T22:04:40.313+0000] {standard_task_runner.py:57} INFO - Started process 4792 to run task
[2023-08-06T22:04:40.316+0000] {standard_task_runner.py:84} INFO - Running: ['***', 'tasks', 'run', '7_da_temps', 'hit_api', 'manual__2023-08-06T22:04:39.388106+00:00', '--job-id', '44', '--raw', '--subdir', 'DAGS_FOLDER/7_da_weather/7_da_temps.py', '--cfg-path', '/tmp/tmp3jkd6m2m']
[2023-08-06T22:04:40.320+0000] {standard_task_runner.py:85} INFO - Job 44: Subtask hit_api
[2023-08-06T22:04:40.352+0000] {task_command.py:410} INFO - Running <TaskInstance: 7_da_temps.hit_api manual__2023-08-06T22:04:39.388106+00:00 [running]> on host ed9f4b70d884
[2023-08-06T22:04:40.396+0000] {taskinstance.py:1545} INFO - Exporting env vars: AIRFLOW_CTX_DAG_OWNER='scott' AIRFLOW_CTX_DAG_ID='7_da_temps' AIRFLOW_CTX_TASK_ID='hit_api' AIRFLOW_CTX_EXECUTION_DATE='2023-08-06T22:04:39.388106+00:00' AIRFLOW_CTX_TRY_NUMBER='1' AIRFLOW_CTX_DAG_RUN_ID='manual__2023-08-06T22:04:39.388106+00:00'
[2023-08-06T22:04:41.558+0000] {logging_mixin.py:150} INFO - <pyowm.weatherapi25.one_call.OneCall - lat=34.0978, lon=-117.886, retrieval_time=1691359480>
[2023-08-06T22:04:41.560+0000] {logging_mixin.py:150} INFO - {'temp': 90.72, 'feels_like': 91.06}
[2023-08-06T22:04:41.561+0000] {logging_mixin.py:150} INFO - {'temp': 89.64, 'feels_like': 89.83}
[2023-08-06T22:04:41.561+0000] {logging_mixin.py:150} INFO - {'temp': 85.05, 'feels_like': 86.04}
[2023-08-06T22:04:41.562+0000] {logging_mixin.py:150} INFO - {'temp': 80.78, 'feels_like': 82.38}
[2023-08-06T22:04:41.563+0000] {logging_mixin.py:150} INFO - {'temp': 79.18, 'feels_like': 79.18}
[2023-08-06T22:04:41.565+0000] {logging_mixin.py:150} INFO - {'temp': 78.4, 'feels_like': 78.85}
[2023-08-06T22:04:41.565+0000] {logging_mixin.py:150} INFO - {'temp': 78.57, 'feels_like': 79.0}
[2023-08-06T22:04:41.566+0000] {logging_mixin.py:150} INFO - {'temp': 77.97, 'feels_like': 78.39}
[2023-08-06T22:04:41.566+0000] {logging_mixin.py:150} INFO - {'temp': 77.74, 'feels_like': 78.13}
[2023-08-06T22:04:41.566+0000] {logging_mixin.py:150} INFO - {'temp': 77.31, 'feels_like': 77.7}
[2023-08-06T22:04:41.567+0000] {logging_mixin.py:150} INFO - {'temp': 77.04, 'feels_like': 77.45}
[2023-08-06T22:04:41.567+0000] {logging_mixin.py:150} INFO - {'temp': 77.18, 'feels_like': 77.56}
[2023-08-06T22:04:41.567+0000] {logging_mixin.py:150} INFO - {'temp': 76.55, 'feels_like': 76.96}
[2023-08-06T22:04:41.568+0000] {logging_mixin.py:150} INFO - {'temp': 75.78, 'feels_like': 76.24}
[2023-08-06T22:04:41.568+0000] {logging_mixin.py:150} INFO - {'temp': 76.48, 'feels_like': 76.98}
[2023-08-06T22:04:41.569+0000] {logging_mixin.py:150} INFO - {'temp': 79.12, 'feels_like': 79.12}
[2023-08-06T22:04:41.569+0000] {logging_mixin.py:150} INFO - {'temp': 82.15, 'feels_like': 83.08}
[2023-08-06T22:04:41.569+0000] {logging_mixin.py:150} INFO - {'temp': 84.88, 'feels_like': 85.17}
[2023-08-06T22:04:41.570+0000] {logging_mixin.py:150} INFO - {'temp': 87.64, 'feels_like': 87.44}
[2023-08-06T22:04:41.570+0000] {logging_mixin.py:150} INFO - {'temp': 89.64, 'feels_like': 89.24}
[2023-08-06T22:04:41.571+0000] {logging_mixin.py:150} INFO - {'temp': 91.24, 'feels_like': 90.5}
[2023-08-06T22:04:41.571+0000] {logging_mixin.py:150} INFO - {'temp': 92.34, 'feels_like': 91.69}
[2023-08-06T22:04:41.571+0000] {logging_mixin.py:150} INFO - {'temp': 95.68, 'feels_like': 99.18}
[2023-08-06T22:04:41.572+0000] {logging_mixin.py:150} INFO - {'temp': 92.68, 'feels_like': 94.46}
[2023-08-06T22:04:41.573+0000] {python.py:183} INFO - Done. Returned value was: None
[2023-08-06T22:04:41.582+0000] {taskinstance.py:1345} INFO - Marking task as SUCCESS. dag_id=7_da_temps, task_id=hit_api, execution_date=20230806T220439, start_date=20230806T220440, end_date=20230806T220441
[2023-08-06T22:04:41.646+0000] {local_task_job_runner.py:225} INFO - Task exited with return code 0
[2023-08-06T22:04:41.660+0000] {taskinstance.py:2653} INFO - 0 downstream tasks scheduled from follow-on schedule check
