[2023-08-20T01:15:38.367+0000] {processor.py:157} INFO - Started process (PID=9943) to work on /opt/airflow/dags/7_da_weather/7_da_temps.py
[2023-08-20T01:15:38.369+0000] {processor.py:826} INFO - Processing file /opt/airflow/dags/7_da_weather/7_da_temps.py for tasks to queue
[2023-08-20T01:15:38.377+0000] {logging_mixin.py:150} INFO - [2023-08-20T01:15:38.374+0000] {dagbag.py:541} INFO - Filling up the DagBag from /opt/airflow/dags/7_da_weather/7_da_temps.py
[2023-08-20T01:15:39.461+0000] {processor.py:836} INFO - DAG(s) dict_keys(['7_da_temps']) retrieved from /opt/airflow/dags/7_da_weather/7_da_temps.py
[2023-08-20T01:15:39.491+0000] {logging_mixin.py:150} INFO - [2023-08-20T01:15:39.491+0000] {dag.py:2742} INFO - Sync 1 DAGs
[2023-08-20T01:15:39.504+0000] {logging_mixin.py:150} INFO - [2023-08-20T01:15:39.504+0000] {dag.py:3504} INFO - Setting next_dagrun for 7_da_temps to 2023-08-19T18:20:43.635818+00:00, run_after=2023-08-20T18:20:43.635818+00:00
[2023-08-20T01:15:39.511+0000] {processor.py:179} INFO - Processing /opt/airflow/dags/7_da_weather/7_da_temps.py took 1.148 seconds
[2023-08-20T02:40:12.388+0000] {processor.py:157} INFO - Started process (PID=9956) to work on /opt/airflow/dags/7_da_weather/7_da_temps.py
[2023-08-20T02:40:12.390+0000] {processor.py:826} INFO - Processing file /opt/airflow/dags/7_da_weather/7_da_temps.py for tasks to queue
[2023-08-20T02:40:12.391+0000] {logging_mixin.py:150} INFO - [2023-08-20T02:40:12.391+0000] {dagbag.py:541} INFO - Filling up the DagBag from /opt/airflow/dags/7_da_weather/7_da_temps.py
[2023-08-20T02:40:13.358+0000] {processor.py:836} INFO - DAG(s) dict_keys(['7_da_temps']) retrieved from /opt/airflow/dags/7_da_weather/7_da_temps.py
[2023-08-20T02:40:13.399+0000] {logging_mixin.py:150} INFO - [2023-08-20T02:40:13.399+0000] {dag.py:2742} INFO - Sync 1 DAGs
[2023-08-20T02:40:13.426+0000] {logging_mixin.py:150} INFO - [2023-08-20T02:40:13.426+0000] {dag.py:3504} INFO - Setting next_dagrun for 7_da_temps to 2023-08-19T18:20:43.635818+00:00, run_after=2023-08-20T18:20:43.635818+00:00
[2023-08-20T02:40:13.440+0000] {processor.py:179} INFO - Processing /opt/airflow/dags/7_da_weather/7_da_temps.py took 1.057 seconds
[2023-08-20T03:32:55.810+0000] {processor.py:157} INFO - Started process (PID=9969) to work on /opt/airflow/dags/7_da_weather/7_da_temps.py
[2023-08-20T03:32:55.816+0000] {processor.py:826} INFO - Processing file /opt/airflow/dags/7_da_weather/7_da_temps.py for tasks to queue
[2023-08-20T03:32:55.820+0000] {logging_mixin.py:150} INFO - [2023-08-20T03:32:55.820+0000] {dagbag.py:541} INFO - Filling up the DagBag from /opt/airflow/dags/7_da_weather/7_da_temps.py
[2023-08-20T03:32:57.062+0000] {processor.py:836} INFO - DAG(s) dict_keys(['7_da_temps']) retrieved from /opt/airflow/dags/7_da_weather/7_da_temps.py
[2023-08-20T03:32:57.092+0000] {logging_mixin.py:150} INFO - [2023-08-20T03:32:57.092+0000] {dag.py:2742} INFO - Sync 1 DAGs
[2023-08-20T03:32:57.103+0000] {logging_mixin.py:150} INFO - [2023-08-20T03:32:57.103+0000] {dag.py:3504} INFO - Setting next_dagrun for 7_da_temps to 2023-08-19T18:20:43.635818+00:00, run_after=2023-08-20T18:20:43.635818+00:00
[2023-08-20T03:32:57.111+0000] {processor.py:179} INFO - Processing /opt/airflow/dags/7_da_weather/7_da_temps.py took 1.309 seconds
[2023-08-20T04:53:45.431+0000] {processor.py:157} INFO - Started process (PID=9982) to work on /opt/airflow/dags/7_da_weather/7_da_temps.py
[2023-08-20T04:53:45.433+0000] {processor.py:826} INFO - Processing file /opt/airflow/dags/7_da_weather/7_da_temps.py for tasks to queue
[2023-08-20T04:53:45.434+0000] {logging_mixin.py:150} INFO - [2023-08-20T04:53:45.434+0000] {dagbag.py:541} INFO - Filling up the DagBag from /opt/airflow/dags/7_da_weather/7_da_temps.py
[2023-08-20T04:53:46.307+0000] {processor.py:836} INFO - DAG(s) dict_keys(['7_da_temps']) retrieved from /opt/airflow/dags/7_da_weather/7_da_temps.py
[2023-08-20T04:53:46.339+0000] {logging_mixin.py:150} INFO - [2023-08-20T04:53:46.339+0000] {dag.py:2742} INFO - Sync 1 DAGs
[2023-08-20T04:53:46.353+0000] {logging_mixin.py:150} INFO - [2023-08-20T04:53:46.353+0000] {dag.py:3504} INFO - Setting next_dagrun for 7_da_temps to 2023-08-19T18:20:43.635818+00:00, run_after=2023-08-20T18:20:43.635818+00:00
[2023-08-20T04:53:46.368+0000] {processor.py:179} INFO - Processing /opt/airflow/dags/7_da_weather/7_da_temps.py took 0.942 seconds
[2023-08-20T06:19:56.431+0000] {processor.py:157} INFO - Started process (PID=9995) to work on /opt/airflow/dags/7_da_weather/7_da_temps.py
[2023-08-20T06:19:56.439+0000] {processor.py:826} INFO - Processing file /opt/airflow/dags/7_da_weather/7_da_temps.py for tasks to queue
[2023-08-20T06:19:56.444+0000] {logging_mixin.py:150} INFO - [2023-08-20T06:19:56.442+0000] {dagbag.py:541} INFO - Filling up the DagBag from /opt/airflow/dags/7_da_weather/7_da_temps.py
[2023-08-20T06:19:56.969+0000] {processor.py:836} INFO - DAG(s) dict_keys(['7_da_temps']) retrieved from /opt/airflow/dags/7_da_weather/7_da_temps.py
[2023-08-20T06:19:56.987+0000] {logging_mixin.py:150} INFO - [2023-08-20T06:19:56.987+0000] {dag.py:2742} INFO - Sync 1 DAGs
[2023-08-20T06:19:56.996+0000] {logging_mixin.py:150} INFO - [2023-08-20T06:19:56.996+0000] {dag.py:3504} INFO - Setting next_dagrun for 7_da_temps to 2023-08-19T18:20:43.635818+00:00, run_after=2023-08-20T18:20:43.635818+00:00
[2023-08-20T06:19:57.004+0000] {processor.py:179} INFO - Processing /opt/airflow/dags/7_da_weather/7_da_temps.py took 0.612 seconds
[2023-08-20T07:44:28.131+0000] {processor.py:157} INFO - Started process (PID=10008) to work on /opt/airflow/dags/7_da_weather/7_da_temps.py
[2023-08-20T07:44:28.135+0000] {processor.py:826} INFO - Processing file /opt/airflow/dags/7_da_weather/7_da_temps.py for tasks to queue
[2023-08-20T07:44:28.138+0000] {logging_mixin.py:150} INFO - [2023-08-20T07:44:28.138+0000] {dagbag.py:541} INFO - Filling up the DagBag from /opt/airflow/dags/7_da_weather/7_da_temps.py
[2023-08-20T07:44:29.020+0000] {processor.py:836} INFO - DAG(s) dict_keys(['7_da_temps']) retrieved from /opt/airflow/dags/7_da_weather/7_da_temps.py
[2023-08-20T07:44:29.061+0000] {logging_mixin.py:150} INFO - [2023-08-20T07:44:29.060+0000] {dag.py:2742} INFO - Sync 1 DAGs
[2023-08-20T07:44:29.084+0000] {logging_mixin.py:150} INFO - [2023-08-20T07:44:29.084+0000] {dag.py:3504} INFO - Setting next_dagrun for 7_da_temps to 2023-08-19T18:20:43.635818+00:00, run_after=2023-08-20T18:20:43.635818+00:00
[2023-08-20T07:44:29.102+0000] {processor.py:179} INFO - Processing /opt/airflow/dags/7_da_weather/7_da_temps.py took 0.974 seconds
[2023-08-20T09:07:18.211+0000] {processor.py:157} INFO - Started process (PID=10021) to work on /opt/airflow/dags/7_da_weather/7_da_temps.py
[2023-08-20T09:07:18.213+0000] {processor.py:826} INFO - Processing file /opt/airflow/dags/7_da_weather/7_da_temps.py for tasks to queue
[2023-08-20T09:07:18.215+0000] {logging_mixin.py:150} INFO - [2023-08-20T09:07:18.214+0000] {dagbag.py:541} INFO - Filling up the DagBag from /opt/airflow/dags/7_da_weather/7_da_temps.py
[2023-08-20T09:07:18.799+0000] {processor.py:836} INFO - DAG(s) dict_keys(['7_da_temps']) retrieved from /opt/airflow/dags/7_da_weather/7_da_temps.py
[2023-08-20T09:07:18.820+0000] {logging_mixin.py:150} INFO - [2023-08-20T09:07:18.820+0000] {dag.py:2742} INFO - Sync 1 DAGs
[2023-08-20T09:07:18.830+0000] {logging_mixin.py:150} INFO - [2023-08-20T09:07:18.830+0000] {dag.py:3504} INFO - Setting next_dagrun for 7_da_temps to 2023-08-19T18:20:43.635818+00:00, run_after=2023-08-20T18:20:43.635818+00:00
[2023-08-20T09:07:18.837+0000] {processor.py:179} INFO - Processing /opt/airflow/dags/7_da_weather/7_da_temps.py took 0.632 seconds
[2023-08-20T10:08:30.322+0000] {processor.py:157} INFO - Started process (PID=10034) to work on /opt/airflow/dags/7_da_weather/7_da_temps.py
[2023-08-20T10:08:30.324+0000] {processor.py:826} INFO - Processing file /opt/airflow/dags/7_da_weather/7_da_temps.py for tasks to queue
[2023-08-20T10:08:30.325+0000] {logging_mixin.py:150} INFO - [2023-08-20T10:08:30.325+0000] {dagbag.py:541} INFO - Filling up the DagBag from /opt/airflow/dags/7_da_weather/7_da_temps.py
[2023-08-20T10:08:31.017+0000] {processor.py:836} INFO - DAG(s) dict_keys(['7_da_temps']) retrieved from /opt/airflow/dags/7_da_weather/7_da_temps.py
[2023-08-20T10:08:31.056+0000] {logging_mixin.py:150} INFO - [2023-08-20T10:08:31.056+0000] {dag.py:2742} INFO - Sync 1 DAGs
[2023-08-20T10:08:31.075+0000] {logging_mixin.py:150} INFO - [2023-08-20T10:08:31.075+0000] {dag.py:3504} INFO - Setting next_dagrun for 7_da_temps to 2023-08-19T18:20:43.635818+00:00, run_after=2023-08-20T18:20:43.635818+00:00
[2023-08-20T10:08:31.095+0000] {processor.py:179} INFO - Processing /opt/airflow/dags/7_da_weather/7_da_temps.py took 0.777 seconds
[2023-08-20T11:17:16.766+0000] {processor.py:157} INFO - Started process (PID=10047) to work on /opt/airflow/dags/7_da_weather/7_da_temps.py
[2023-08-20T11:17:16.768+0000] {processor.py:826} INFO - Processing file /opt/airflow/dags/7_da_weather/7_da_temps.py for tasks to queue
[2023-08-20T11:17:16.770+0000] {logging_mixin.py:150} INFO - [2023-08-20T11:17:16.769+0000] {dagbag.py:541} INFO - Filling up the DagBag from /opt/airflow/dags/7_da_weather/7_da_temps.py
[2023-08-20T11:17:17.377+0000] {processor.py:836} INFO - DAG(s) dict_keys(['7_da_temps']) retrieved from /opt/airflow/dags/7_da_weather/7_da_temps.py
[2023-08-20T11:17:17.393+0000] {logging_mixin.py:150} INFO - [2023-08-20T11:17:17.393+0000] {dag.py:2742} INFO - Sync 1 DAGs
[2023-08-20T11:17:17.402+0000] {logging_mixin.py:150} INFO - [2023-08-20T11:17:17.402+0000] {dag.py:3504} INFO - Setting next_dagrun for 7_da_temps to 2023-08-19T18:20:43.635818+00:00, run_after=2023-08-20T18:20:43.635818+00:00
[2023-08-20T11:17:17.410+0000] {processor.py:179} INFO - Processing /opt/airflow/dags/7_da_weather/7_da_temps.py took 0.648 seconds
[2023-08-20T12:40:20.774+0000] {processor.py:157} INFO - Started process (PID=10060) to work on /opt/airflow/dags/7_da_weather/7_da_temps.py
[2023-08-20T12:40:20.776+0000] {processor.py:826} INFO - Processing file /opt/airflow/dags/7_da_weather/7_da_temps.py for tasks to queue
[2023-08-20T12:40:20.777+0000] {logging_mixin.py:150} INFO - [2023-08-20T12:40:20.777+0000] {dagbag.py:541} INFO - Filling up the DagBag from /opt/airflow/dags/7_da_weather/7_da_temps.py
[2023-08-20T12:40:21.367+0000] {processor.py:836} INFO - DAG(s) dict_keys(['7_da_temps']) retrieved from /opt/airflow/dags/7_da_weather/7_da_temps.py
[2023-08-20T12:40:21.402+0000] {logging_mixin.py:150} INFO - [2023-08-20T12:40:21.402+0000] {dag.py:2742} INFO - Sync 1 DAGs
[2023-08-20T12:40:21.424+0000] {logging_mixin.py:150} INFO - [2023-08-20T12:40:21.423+0000] {dag.py:3504} INFO - Setting next_dagrun for 7_da_temps to 2023-08-19T18:20:43.635818+00:00, run_after=2023-08-20T18:20:43.635818+00:00
[2023-08-20T12:40:21.440+0000] {processor.py:179} INFO - Processing /opt/airflow/dags/7_da_weather/7_da_temps.py took 0.670 seconds
[2023-08-20T13:38:15.542+0000] {processor.py:157} INFO - Started process (PID=10073) to work on /opt/airflow/dags/7_da_weather/7_da_temps.py
[2023-08-20T13:38:15.543+0000] {processor.py:826} INFO - Processing file /opt/airflow/dags/7_da_weather/7_da_temps.py for tasks to queue
[2023-08-20T13:38:15.544+0000] {logging_mixin.py:150} INFO - [2023-08-20T13:38:15.544+0000] {dagbag.py:541} INFO - Filling up the DagBag from /opt/airflow/dags/7_da_weather/7_da_temps.py
[2023-08-20T13:38:16.439+0000] {processor.py:836} INFO - DAG(s) dict_keys(['7_da_temps']) retrieved from /opt/airflow/dags/7_da_weather/7_da_temps.py
[2023-08-20T13:38:16.479+0000] {logging_mixin.py:150} INFO - [2023-08-20T13:38:16.478+0000] {dag.py:2742} INFO - Sync 1 DAGs
[2023-08-20T13:38:16.504+0000] {logging_mixin.py:150} INFO - [2023-08-20T13:38:16.503+0000] {dag.py:3504} INFO - Setting next_dagrun for 7_da_temps to 2023-08-19T18:20:43.635818+00:00, run_after=2023-08-20T18:20:43.635818+00:00
[2023-08-20T13:38:16.530+0000] {processor.py:179} INFO - Processing /opt/airflow/dags/7_da_weather/7_da_temps.py took 0.993 seconds
[2023-08-20T15:00:30.539+0000] {processor.py:157} INFO - Started process (PID=10086) to work on /opt/airflow/dags/7_da_weather/7_da_temps.py
[2023-08-20T15:00:30.545+0000] {processor.py:826} INFO - Processing file /opt/airflow/dags/7_da_weather/7_da_temps.py for tasks to queue
[2023-08-20T15:00:30.549+0000] {logging_mixin.py:150} INFO - [2023-08-20T15:00:30.548+0000] {dagbag.py:541} INFO - Filling up the DagBag from /opt/airflow/dags/7_da_weather/7_da_temps.py
[2023-08-20T15:00:31.608+0000] {processor.py:836} INFO - DAG(s) dict_keys(['7_da_temps']) retrieved from /opt/airflow/dags/7_da_weather/7_da_temps.py
[2023-08-20T15:00:31.626+0000] {logging_mixin.py:150} INFO - [2023-08-20T15:00:31.626+0000] {dag.py:2742} INFO - Sync 1 DAGs
[2023-08-20T15:00:31.639+0000] {logging_mixin.py:150} INFO - [2023-08-20T15:00:31.639+0000] {dag.py:3504} INFO - Setting next_dagrun for 7_da_temps to 2023-08-19T18:20:43.635818+00:00, run_after=2023-08-20T18:20:43.635818+00:00
[2023-08-20T15:00:31.646+0000] {processor.py:179} INFO - Processing /opt/airflow/dags/7_da_weather/7_da_temps.py took 1.112 seconds
[2023-08-20T16:24:19.572+0000] {processor.py:157} INFO - Started process (PID=10099) to work on /opt/airflow/dags/7_da_weather/7_da_temps.py
[2023-08-20T16:24:19.573+0000] {processor.py:826} INFO - Processing file /opt/airflow/dags/7_da_weather/7_da_temps.py for tasks to queue
[2023-08-20T16:24:19.575+0000] {logging_mixin.py:150} INFO - [2023-08-20T16:24:19.574+0000] {dagbag.py:541} INFO - Filling up the DagBag from /opt/airflow/dags/7_da_weather/7_da_temps.py
[2023-08-20T16:24:20.685+0000] {processor.py:836} INFO - DAG(s) dict_keys(['7_da_temps']) retrieved from /opt/airflow/dags/7_da_weather/7_da_temps.py
[2023-08-20T16:24:20.707+0000] {logging_mixin.py:150} INFO - [2023-08-20T16:24:20.707+0000] {dag.py:2742} INFO - Sync 1 DAGs
[2023-08-20T16:24:20.719+0000] {logging_mixin.py:150} INFO - [2023-08-20T16:24:20.719+0000] {dag.py:3504} INFO - Setting next_dagrun for 7_da_temps to 2023-08-19T18:20:43.635818+00:00, run_after=2023-08-20T18:20:43.635818+00:00
[2023-08-20T16:24:20.730+0000] {processor.py:179} INFO - Processing /opt/airflow/dags/7_da_weather/7_da_temps.py took 1.165 seconds
[2023-08-20T17:47:51.566+0000] {processor.py:157} INFO - Started process (PID=10112) to work on /opt/airflow/dags/7_da_weather/7_da_temps.py
[2023-08-20T17:47:51.569+0000] {processor.py:826} INFO - Processing file /opt/airflow/dags/7_da_weather/7_da_temps.py for tasks to queue
[2023-08-20T17:47:51.570+0000] {logging_mixin.py:150} INFO - [2023-08-20T17:47:51.570+0000] {dagbag.py:541} INFO - Filling up the DagBag from /opt/airflow/dags/7_da_weather/7_da_temps.py
[2023-08-20T17:47:52.466+0000] {processor.py:836} INFO - DAG(s) dict_keys(['7_da_temps']) retrieved from /opt/airflow/dags/7_da_weather/7_da_temps.py
[2023-08-20T17:47:52.484+0000] {logging_mixin.py:150} INFO - [2023-08-20T17:47:52.484+0000] {dag.py:2742} INFO - Sync 1 DAGs
[2023-08-20T17:47:52.493+0000] {logging_mixin.py:150} INFO - [2023-08-20T17:47:52.493+0000] {dag.py:3504} INFO - Setting next_dagrun for 7_da_temps to 2023-08-19T18:20:43.635818+00:00, run_after=2023-08-20T18:20:43.635818+00:00
[2023-08-20T17:47:52.501+0000] {processor.py:179} INFO - Processing /opt/airflow/dags/7_da_weather/7_da_temps.py took 0.941 seconds
[2023-08-20T19:12:02.642+0000] {processor.py:157} INFO - Started process (PID=10125) to work on /opt/airflow/dags/7_da_weather/7_da_temps.py
[2023-08-20T19:12:02.646+0000] {processor.py:826} INFO - Processing file /opt/airflow/dags/7_da_weather/7_da_temps.py for tasks to queue
[2023-08-20T19:12:02.649+0000] {logging_mixin.py:150} INFO - [2023-08-20T19:12:02.649+0000] {dagbag.py:541} INFO - Filling up the DagBag from /opt/airflow/dags/7_da_weather/7_da_temps.py
[2023-08-20T19:12:04.216+0000] {processor.py:836} INFO - DAG(s) dict_keys(['7_da_temps']) retrieved from /opt/airflow/dags/7_da_weather/7_da_temps.py
[2023-08-20T19:12:04.262+0000] {logging_mixin.py:150} INFO - [2023-08-20T19:12:04.261+0000] {dag.py:2742} INFO - Sync 1 DAGs
[2023-08-20T19:12:04.279+0000] {logging_mixin.py:150} INFO - [2023-08-20T19:12:04.279+0000] {dag.py:3504} INFO - Setting next_dagrun for 7_da_temps to 2023-08-20T18:20:43.635818+00:00, run_after=2023-08-21T18:20:43.635818+00:00
[2023-08-20T19:12:04.298+0000] {processor.py:179} INFO - Processing /opt/airflow/dags/7_da_weather/7_da_temps.py took 1.661 seconds
[2023-08-20T20:33:39.115+0000] {processor.py:157} INFO - Started process (PID=10138) to work on /opt/airflow/dags/7_da_weather/7_da_temps.py
[2023-08-20T20:33:39.119+0000] {processor.py:826} INFO - Processing file /opt/airflow/dags/7_da_weather/7_da_temps.py for tasks to queue
[2023-08-20T20:33:39.122+0000] {logging_mixin.py:150} INFO - [2023-08-20T20:33:39.121+0000] {dagbag.py:541} INFO - Filling up the DagBag from /opt/airflow/dags/7_da_weather/7_da_temps.py
[2023-08-20T20:33:40.026+0000] {processor.py:836} INFO - DAG(s) dict_keys(['7_da_temps']) retrieved from /opt/airflow/dags/7_da_weather/7_da_temps.py
[2023-08-20T20:33:40.048+0000] {logging_mixin.py:150} INFO - [2023-08-20T20:33:40.048+0000] {dag.py:2742} INFO - Sync 1 DAGs
[2023-08-20T20:33:40.059+0000] {logging_mixin.py:150} INFO - [2023-08-20T20:33:40.058+0000] {dag.py:3504} INFO - Setting next_dagrun for 7_da_temps to 2023-08-20T18:20:43.635818+00:00, run_after=2023-08-21T18:20:43.635818+00:00
[2023-08-20T20:33:40.067+0000] {processor.py:179} INFO - Processing /opt/airflow/dags/7_da_weather/7_da_temps.py took 0.986 seconds
[2023-08-20T21:36:38.222+0000] {processor.py:157} INFO - Started process (PID=10151) to work on /opt/airflow/dags/7_da_weather/7_da_temps.py
[2023-08-20T21:36:38.225+0000] {processor.py:826} INFO - Processing file /opt/airflow/dags/7_da_weather/7_da_temps.py for tasks to queue
[2023-08-20T21:36:38.227+0000] {logging_mixin.py:150} INFO - [2023-08-20T21:36:38.226+0000] {dagbag.py:541} INFO - Filling up the DagBag from /opt/airflow/dags/7_da_weather/7_da_temps.py
[2023-08-20T21:36:39.345+0000] {processor.py:836} INFO - DAG(s) dict_keys(['7_da_temps']) retrieved from /opt/airflow/dags/7_da_weather/7_da_temps.py
[2023-08-20T21:36:39.363+0000] {logging_mixin.py:150} INFO - [2023-08-20T21:36:39.362+0000] {dag.py:2742} INFO - Sync 1 DAGs
[2023-08-20T21:36:39.373+0000] {logging_mixin.py:150} INFO - [2023-08-20T21:36:39.373+0000] {dag.py:3504} INFO - Setting next_dagrun for 7_da_temps to 2023-08-20T18:20:43.635818+00:00, run_after=2023-08-21T18:20:43.635818+00:00
[2023-08-20T21:36:39.381+0000] {processor.py:179} INFO - Processing /opt/airflow/dags/7_da_weather/7_da_temps.py took 1.183 seconds
[2023-08-20T22:59:50.338+0000] {processor.py:157} INFO - Started process (PID=10164) to work on /opt/airflow/dags/7_da_weather/7_da_temps.py
[2023-08-20T22:59:50.352+0000] {processor.py:826} INFO - Processing file /opt/airflow/dags/7_da_weather/7_da_temps.py for tasks to queue
[2023-08-20T22:59:50.354+0000] {logging_mixin.py:150} INFO - [2023-08-20T22:59:50.353+0000] {dagbag.py:541} INFO - Filling up the DagBag from /opt/airflow/dags/7_da_weather/7_da_temps.py
[2023-08-20T22:59:51.492+0000] {processor.py:836} INFO - DAG(s) dict_keys(['7_da_temps']) retrieved from /opt/airflow/dags/7_da_weather/7_da_temps.py
[2023-08-20T22:59:51.516+0000] {logging_mixin.py:150} INFO - [2023-08-20T22:59:51.515+0000] {dag.py:2742} INFO - Sync 1 DAGs
[2023-08-20T22:59:51.541+0000] {logging_mixin.py:150} INFO - [2023-08-20T22:59:51.540+0000] {dag.py:3504} INFO - Setting next_dagrun for 7_da_temps to 2023-08-20T18:20:43.635818+00:00, run_after=2023-08-21T18:20:43.635818+00:00
[2023-08-20T22:59:51.551+0000] {processor.py:179} INFO - Processing /opt/airflow/dags/7_da_weather/7_da_temps.py took 1.232 seconds
[2023-08-20T23:34:36.223+0000] {processor.py:157} INFO - Started process (PID=10177) to work on /opt/airflow/dags/7_da_weather/7_da_temps.py
[2023-08-20T23:34:36.225+0000] {processor.py:826} INFO - Processing file /opt/airflow/dags/7_da_weather/7_da_temps.py for tasks to queue
[2023-08-20T23:34:36.227+0000] {logging_mixin.py:150} INFO - [2023-08-20T23:34:36.226+0000] {dagbag.py:541} INFO - Filling up the DagBag from /opt/airflow/dags/7_da_weather/7_da_temps.py
[2023-08-20T23:34:37.161+0000] {processor.py:836} INFO - DAG(s) dict_keys(['7_da_temps']) retrieved from /opt/airflow/dags/7_da_weather/7_da_temps.py
[2023-08-20T23:34:37.184+0000] {logging_mixin.py:150} INFO - [2023-08-20T23:34:37.184+0000] {dag.py:2742} INFO - Sync 1 DAGs
[2023-08-20T23:34:37.195+0000] {logging_mixin.py:150} INFO - [2023-08-20T23:34:37.195+0000] {dag.py:3504} INFO - Setting next_dagrun for 7_da_temps to 2023-08-20T18:20:43.635818+00:00, run_after=2023-08-21T18:20:43.635818+00:00
[2023-08-20T23:34:37.204+0000] {processor.py:179} INFO - Processing /opt/airflow/dags/7_da_weather/7_da_temps.py took 1.014 seconds
