[2023-08-11T01:45:03.362+0000] {taskinstance.py:1103} INFO - Dependencies all met for dep_context=non-requeueable deps ti=<TaskInstance: 7_da_temps.hit_open_meteo manual__2023-08-11T01:45:02.569881+00:00 [queued]>
[2023-08-11T01:45:03.367+0000] {taskinstance.py:1103} INFO - Dependencies all met for dep_context=requeueable deps ti=<TaskInstance: 7_da_temps.hit_open_meteo manual__2023-08-11T01:45:02.569881+00:00 [queued]>
[2023-08-11T01:45:03.367+0000] {taskinstance.py:1308} INFO - Starting attempt 1 of 1
[2023-08-11T01:45:03.373+0000] {taskinstance.py:1327} INFO - Executing <Task(PythonOperator): hit_open_meteo> on 2023-08-11 01:45:02.569881+00:00
[2023-08-11T01:45:03.377+0000] {standard_task_runner.py:57} INFO - Started process 4241 to run task
[2023-08-11T01:45:03.381+0000] {standard_task_runner.py:84} INFO - Running: ['***', 'tasks', 'run', '7_da_temps', 'hit_open_meteo', 'manual__2023-08-11T01:45:02.569881+00:00', '--job-id', '82', '--raw', '--subdir', 'DAGS_FOLDER/7_da_weather/7_da_temps.py', '--cfg-path', '/tmp/tmprh8_l_25']
[2023-08-11T01:45:03.384+0000] {standard_task_runner.py:85} INFO - Job 82: Subtask hit_open_meteo
[2023-08-11T01:45:03.418+0000] {task_command.py:410} INFO - Running <TaskInstance: 7_da_temps.hit_open_meteo manual__2023-08-11T01:45:02.569881+00:00 [running]> on host 199121aa9c86
[2023-08-11T01:45:03.776+0000] {taskinstance.py:1545} INFO - Exporting env vars: AIRFLOW_CTX_DAG_OWNER='scott' AIRFLOW_CTX_DAG_ID='7_da_temps' AIRFLOW_CTX_TASK_ID='hit_open_meteo' AIRFLOW_CTX_EXECUTION_DATE='2023-08-11T01:45:02.569881+00:00' AIRFLOW_CTX_TRY_NUMBER='1' AIRFLOW_CTX_DAG_RUN_ID='manual__2023-08-11T01:45:02.569881+00:00'
[2023-08-11T01:45:04.150+0000] {logging_mixin.py:150} INFO - <class 'dict'>
[2023-08-11T01:45:04.198+0000] {logging_mixin.py:150} INFO -                time  temperature_2m  ...  precipitation_probability  windspeed_10m
0  2023-08-10T00:00            68.8  ...                         32            4.0
1  2023-08-10T01:00            68.6  ...                         65            5.4
2  2023-08-10T02:00            68.1  ...                         97            1.8
3  2023-08-10T03:00            68.7  ...                         92            3.8
4  2023-08-10T04:00            69.5  ...                         86            7.7

[5 rows x 6 columns]
[2023-08-11T01:45:04.199+0000] {python.py:183} INFO - Done. Returned value was: None
[2023-08-11T01:45:04.213+0000] {taskinstance.py:1345} INFO - Marking task as SUCCESS. dag_id=7_da_temps, task_id=hit_open_meteo, execution_date=20230811T014502, start_date=20230811T014503, end_date=20230811T014504
[2023-08-11T01:45:04.256+0000] {local_task_job_runner.py:225} INFO - Task exited with return code 0
[2023-08-11T01:45:04.269+0000] {taskinstance.py:2653} INFO - 0 downstream tasks scheduled from follow-on schedule check
