[2023-08-05T04:24:38.110+0000] {processor.py:157} INFO - Started process (PID=172) to work on /opt/airflow/dags/7_da_weather/7_da_weather.py
[2023-08-05T04:24:38.111+0000] {processor.py:826} INFO - Processing file /opt/airflow/dags/7_da_weather/7_da_weather.py for tasks to queue
[2023-08-05T04:24:38.112+0000] {logging_mixin.py:150} INFO - [2023-08-05T04:24:38.112+0000] {dagbag.py:541} INFO - Filling up the DagBag from /opt/airflow/dags/7_da_weather/7_da_weather.py
[2023-08-05T04:24:38.713+0000] {processor.py:838} WARNING - No viable dags retrieved from /opt/airflow/dags/7_da_weather/7_da_weather.py
[2023-08-05T04:24:38.724+0000] {processor.py:179} INFO - Processing /opt/airflow/dags/7_da_weather/7_da_weather.py took 0.617 seconds
[2023-08-05T04:25:09.038+0000] {processor.py:157} INFO - Started process (PID=186) to work on /opt/airflow/dags/7_da_weather/7_da_weather.py
[2023-08-05T04:25:09.040+0000] {processor.py:826} INFO - Processing file /opt/airflow/dags/7_da_weather/7_da_weather.py for tasks to queue
[2023-08-05T04:25:09.041+0000] {logging_mixin.py:150} INFO - [2023-08-05T04:25:09.041+0000] {dagbag.py:541} INFO - Filling up the DagBag from /opt/airflow/dags/7_da_weather/7_da_weather.py
[2023-08-05T04:25:09.259+0000] {processor.py:838} WARNING - No viable dags retrieved from /opt/airflow/dags/7_da_weather/7_da_weather.py
[2023-08-05T04:25:09.274+0000] {processor.py:179} INFO - Processing /opt/airflow/dags/7_da_weather/7_da_weather.py took 0.239 seconds
[2023-08-05T04:25:39.347+0000] {processor.py:157} INFO - Started process (PID=199) to work on /opt/airflow/dags/7_da_weather/7_da_weather.py
[2023-08-05T04:25:39.350+0000] {processor.py:826} INFO - Processing file /opt/airflow/dags/7_da_weather/7_da_weather.py for tasks to queue
[2023-08-05T04:25:39.353+0000] {logging_mixin.py:150} INFO - [2023-08-05T04:25:39.352+0000] {dagbag.py:541} INFO - Filling up the DagBag from /opt/airflow/dags/7_da_weather/7_da_weather.py
[2023-08-05T04:25:39.548+0000] {processor.py:838} WARNING - No viable dags retrieved from /opt/airflow/dags/7_da_weather/7_da_weather.py
[2023-08-05T04:25:39.561+0000] {processor.py:179} INFO - Processing /opt/airflow/dags/7_da_weather/7_da_weather.py took 0.225 seconds
[2023-08-05T04:26:09.868+0000] {processor.py:157} INFO - Started process (PID=212) to work on /opt/airflow/dags/7_da_weather/7_da_weather.py
[2023-08-05T04:26:09.870+0000] {processor.py:826} INFO - Processing file /opt/airflow/dags/7_da_weather/7_da_weather.py for tasks to queue
[2023-08-05T04:26:09.872+0000] {logging_mixin.py:150} INFO - [2023-08-05T04:26:09.872+0000] {dagbag.py:541} INFO - Filling up the DagBag from /opt/airflow/dags/7_da_weather/7_da_weather.py
[2023-08-05T04:26:10.105+0000] {processor.py:838} WARNING - No viable dags retrieved from /opt/airflow/dags/7_da_weather/7_da_weather.py
[2023-08-05T04:26:10.119+0000] {processor.py:179} INFO - Processing /opt/airflow/dags/7_da_weather/7_da_weather.py took 0.256 seconds
[2023-08-05T04:26:40.380+0000] {processor.py:157} INFO - Started process (PID=225) to work on /opt/airflow/dags/7_da_weather/7_da_weather.py
[2023-08-05T04:26:40.383+0000] {processor.py:826} INFO - Processing file /opt/airflow/dags/7_da_weather/7_da_weather.py for tasks to queue
[2023-08-05T04:26:40.384+0000] {logging_mixin.py:150} INFO - [2023-08-05T04:26:40.383+0000] {dagbag.py:541} INFO - Filling up the DagBag from /opt/airflow/dags/7_da_weather/7_da_weather.py
[2023-08-05T04:26:40.561+0000] {processor.py:838} WARNING - No viable dags retrieved from /opt/airflow/dags/7_da_weather/7_da_weather.py
[2023-08-05T04:26:40.574+0000] {processor.py:179} INFO - Processing /opt/airflow/dags/7_da_weather/7_da_weather.py took 0.197 seconds
[2023-08-05T04:27:10.711+0000] {processor.py:157} INFO - Started process (PID=238) to work on /opt/airflow/dags/7_da_weather/7_da_weather.py
[2023-08-05T04:27:10.713+0000] {processor.py:826} INFO - Processing file /opt/airflow/dags/7_da_weather/7_da_weather.py for tasks to queue
[2023-08-05T04:27:10.715+0000] {logging_mixin.py:150} INFO - [2023-08-05T04:27:10.714+0000] {dagbag.py:541} INFO - Filling up the DagBag from /opt/airflow/dags/7_da_weather/7_da_weather.py
[2023-08-05T04:27:10.933+0000] {processor.py:838} WARNING - No viable dags retrieved from /opt/airflow/dags/7_da_weather/7_da_weather.py
[2023-08-05T04:27:10.947+0000] {processor.py:179} INFO - Processing /opt/airflow/dags/7_da_weather/7_da_weather.py took 0.242 seconds
[2023-08-05T04:27:41.172+0000] {processor.py:157} INFO - Started process (PID=251) to work on /opt/airflow/dags/7_da_weather/7_da_weather.py
[2023-08-05T04:27:41.174+0000] {processor.py:826} INFO - Processing file /opt/airflow/dags/7_da_weather/7_da_weather.py for tasks to queue
[2023-08-05T04:27:41.176+0000] {logging_mixin.py:150} INFO - [2023-08-05T04:27:41.175+0000] {dagbag.py:541} INFO - Filling up the DagBag from /opt/airflow/dags/7_da_weather/7_da_weather.py
[2023-08-05T04:27:41.385+0000] {processor.py:838} WARNING - No viable dags retrieved from /opt/airflow/dags/7_da_weather/7_da_weather.py
[2023-08-05T04:27:41.400+0000] {processor.py:179} INFO - Processing /opt/airflow/dags/7_da_weather/7_da_weather.py took 0.234 seconds
[2023-08-05T04:28:11.482+0000] {processor.py:157} INFO - Started process (PID=264) to work on /opt/airflow/dags/7_da_weather/7_da_weather.py
[2023-08-05T04:28:11.486+0000] {processor.py:826} INFO - Processing file /opt/airflow/dags/7_da_weather/7_da_weather.py for tasks to queue
[2023-08-05T04:28:11.489+0000] {logging_mixin.py:150} INFO - [2023-08-05T04:28:11.488+0000] {dagbag.py:541} INFO - Filling up the DagBag from /opt/airflow/dags/7_da_weather/7_da_weather.py
[2023-08-05T04:28:11.692+0000] {processor.py:838} WARNING - No viable dags retrieved from /opt/airflow/dags/7_da_weather/7_da_weather.py
[2023-08-05T04:28:11.703+0000] {processor.py:179} INFO - Processing /opt/airflow/dags/7_da_weather/7_da_weather.py took 0.230 seconds
[2023-08-05T04:28:41.959+0000] {processor.py:157} INFO - Started process (PID=277) to work on /opt/airflow/dags/7_da_weather/7_da_weather.py
[2023-08-05T04:28:41.963+0000] {processor.py:826} INFO - Processing file /opt/airflow/dags/7_da_weather/7_da_weather.py for tasks to queue
[2023-08-05T04:28:41.965+0000] {logging_mixin.py:150} INFO - [2023-08-05T04:28:41.965+0000] {dagbag.py:541} INFO - Filling up the DagBag from /opt/airflow/dags/7_da_weather/7_da_weather.py
[2023-08-05T04:28:42.171+0000] {processor.py:838} WARNING - No viable dags retrieved from /opt/airflow/dags/7_da_weather/7_da_weather.py
[2023-08-05T04:28:42.183+0000] {processor.py:179} INFO - Processing /opt/airflow/dags/7_da_weather/7_da_weather.py took 0.230 seconds
[2023-08-05T04:29:12.288+0000] {processor.py:157} INFO - Started process (PID=290) to work on /opt/airflow/dags/7_da_weather/7_da_weather.py
[2023-08-05T04:29:12.292+0000] {processor.py:826} INFO - Processing file /opt/airflow/dags/7_da_weather/7_da_weather.py for tasks to queue
[2023-08-05T04:29:12.294+0000] {logging_mixin.py:150} INFO - [2023-08-05T04:29:12.293+0000] {dagbag.py:541} INFO - Filling up the DagBag from /opt/airflow/dags/7_da_weather/7_da_weather.py
[2023-08-05T04:29:12.502+0000] {processor.py:838} WARNING - No viable dags retrieved from /opt/airflow/dags/7_da_weather/7_da_weather.py
[2023-08-05T04:29:12.515+0000] {processor.py:179} INFO - Processing /opt/airflow/dags/7_da_weather/7_da_weather.py took 0.234 seconds
[2023-08-05T04:29:42.697+0000] {processor.py:157} INFO - Started process (PID=303) to work on /opt/airflow/dags/7_da_weather/7_da_weather.py
[2023-08-05T04:29:42.700+0000] {processor.py:826} INFO - Processing file /opt/airflow/dags/7_da_weather/7_da_weather.py for tasks to queue
[2023-08-05T04:29:42.702+0000] {logging_mixin.py:150} INFO - [2023-08-05T04:29:42.701+0000] {dagbag.py:541} INFO - Filling up the DagBag from /opt/airflow/dags/7_da_weather/7_da_weather.py
[2023-08-05T04:29:42.933+0000] {processor.py:838} WARNING - No viable dags retrieved from /opt/airflow/dags/7_da_weather/7_da_weather.py
[2023-08-05T04:29:42.946+0000] {processor.py:179} INFO - Processing /opt/airflow/dags/7_da_weather/7_da_weather.py took 0.256 seconds
[2023-08-05T04:30:13.034+0000] {processor.py:157} INFO - Started process (PID=316) to work on /opt/airflow/dags/7_da_weather/7_da_weather.py
[2023-08-05T04:30:13.036+0000] {processor.py:826} INFO - Processing file /opt/airflow/dags/7_da_weather/7_da_weather.py for tasks to queue
[2023-08-05T04:30:13.038+0000] {logging_mixin.py:150} INFO - [2023-08-05T04:30:13.038+0000] {dagbag.py:541} INFO - Filling up the DagBag from /opt/airflow/dags/7_da_weather/7_da_weather.py
[2023-08-05T04:30:13.238+0000] {processor.py:838} WARNING - No viable dags retrieved from /opt/airflow/dags/7_da_weather/7_da_weather.py
[2023-08-05T04:30:13.260+0000] {processor.py:179} INFO - Processing /opt/airflow/dags/7_da_weather/7_da_weather.py took 0.230 seconds
[2023-08-05T04:30:43.534+0000] {processor.py:157} INFO - Started process (PID=329) to work on /opt/airflow/dags/7_da_weather/7_da_weather.py
[2023-08-05T04:30:43.536+0000] {processor.py:826} INFO - Processing file /opt/airflow/dags/7_da_weather/7_da_weather.py for tasks to queue
[2023-08-05T04:30:43.538+0000] {logging_mixin.py:150} INFO - [2023-08-05T04:30:43.537+0000] {dagbag.py:541} INFO - Filling up the DagBag from /opt/airflow/dags/7_da_weather/7_da_weather.py
[2023-08-05T04:30:43.818+0000] {processor.py:838} WARNING - No viable dags retrieved from /opt/airflow/dags/7_da_weather/7_da_weather.py
[2023-08-05T04:30:43.832+0000] {processor.py:179} INFO - Processing /opt/airflow/dags/7_da_weather/7_da_weather.py took 0.302 seconds
[2023-08-05T04:31:14.173+0000] {processor.py:157} INFO - Started process (PID=342) to work on /opt/airflow/dags/7_da_weather/7_da_weather.py
[2023-08-05T04:31:14.176+0000] {processor.py:826} INFO - Processing file /opt/airflow/dags/7_da_weather/7_da_weather.py for tasks to queue
[2023-08-05T04:31:14.178+0000] {logging_mixin.py:150} INFO - [2023-08-05T04:31:14.177+0000] {dagbag.py:541} INFO - Filling up the DagBag from /opt/airflow/dags/7_da_weather/7_da_weather.py
[2023-08-05T04:31:14.352+0000] {processor.py:838} WARNING - No viable dags retrieved from /opt/airflow/dags/7_da_weather/7_da_weather.py
[2023-08-05T04:31:14.364+0000] {processor.py:179} INFO - Processing /opt/airflow/dags/7_da_weather/7_da_weather.py took 0.197 seconds
[2023-08-05T04:31:44.470+0000] {processor.py:157} INFO - Started process (PID=355) to work on /opt/airflow/dags/7_da_weather/7_da_weather.py
[2023-08-05T04:31:44.474+0000] {processor.py:826} INFO - Processing file /opt/airflow/dags/7_da_weather/7_da_weather.py for tasks to queue
[2023-08-05T04:31:44.476+0000] {logging_mixin.py:150} INFO - [2023-08-05T04:31:44.475+0000] {dagbag.py:541} INFO - Filling up the DagBag from /opt/airflow/dags/7_da_weather/7_da_weather.py
[2023-08-05T04:31:44.717+0000] {processor.py:838} WARNING - No viable dags retrieved from /opt/airflow/dags/7_da_weather/7_da_weather.py
[2023-08-05T04:31:44.730+0000] {processor.py:179} INFO - Processing /opt/airflow/dags/7_da_weather/7_da_weather.py took 0.269 seconds
[2023-08-05T04:32:14.935+0000] {processor.py:157} INFO - Started process (PID=368) to work on /opt/airflow/dags/7_da_weather/7_da_weather.py
[2023-08-05T04:32:14.939+0000] {processor.py:826} INFO - Processing file /opt/airflow/dags/7_da_weather/7_da_weather.py for tasks to queue
[2023-08-05T04:32:14.941+0000] {logging_mixin.py:150} INFO - [2023-08-05T04:32:14.941+0000] {dagbag.py:541} INFO - Filling up the DagBag from /opt/airflow/dags/7_da_weather/7_da_weather.py
[2023-08-05T04:32:15.112+0000] {processor.py:838} WARNING - No viable dags retrieved from /opt/airflow/dags/7_da_weather/7_da_weather.py
[2023-08-05T04:32:15.123+0000] {processor.py:179} INFO - Processing /opt/airflow/dags/7_da_weather/7_da_weather.py took 0.194 seconds
[2023-08-05T04:32:45.281+0000] {processor.py:157} INFO - Started process (PID=381) to work on /opt/airflow/dags/7_da_weather/7_da_weather.py
[2023-08-05T04:32:45.285+0000] {processor.py:826} INFO - Processing file /opt/airflow/dags/7_da_weather/7_da_weather.py for tasks to queue
[2023-08-05T04:32:45.288+0000] {logging_mixin.py:150} INFO - [2023-08-05T04:32:45.287+0000] {dagbag.py:541} INFO - Filling up the DagBag from /opt/airflow/dags/7_da_weather/7_da_weather.py
[2023-08-05T04:32:45.519+0000] {processor.py:838} WARNING - No viable dags retrieved from /opt/airflow/dags/7_da_weather/7_da_weather.py
[2023-08-05T04:32:45.532+0000] {processor.py:179} INFO - Processing /opt/airflow/dags/7_da_weather/7_da_weather.py took 0.260 seconds
[2023-08-05T04:33:15.663+0000] {processor.py:157} INFO - Started process (PID=394) to work on /opt/airflow/dags/7_da_weather/7_da_weather.py
[2023-08-05T04:33:15.666+0000] {processor.py:826} INFO - Processing file /opt/airflow/dags/7_da_weather/7_da_weather.py for tasks to queue
[2023-08-05T04:33:15.668+0000] {logging_mixin.py:150} INFO - [2023-08-05T04:33:15.668+0000] {dagbag.py:541} INFO - Filling up the DagBag from /opt/airflow/dags/7_da_weather/7_da_weather.py
[2023-08-05T04:33:15.910+0000] {processor.py:838} WARNING - No viable dags retrieved from /opt/airflow/dags/7_da_weather/7_da_weather.py
[2023-08-05T04:33:15.924+0000] {processor.py:179} INFO - Processing /opt/airflow/dags/7_da_weather/7_da_weather.py took 0.269 seconds
[2023-08-05T04:33:46.098+0000] {processor.py:157} INFO - Started process (PID=408) to work on /opt/airflow/dags/7_da_weather/7_da_weather.py
[2023-08-05T04:33:46.099+0000] {processor.py:826} INFO - Processing file /opt/airflow/dags/7_da_weather/7_da_weather.py for tasks to queue
[2023-08-05T04:33:46.101+0000] {logging_mixin.py:150} INFO - [2023-08-05T04:33:46.100+0000] {dagbag.py:541} INFO - Filling up the DagBag from /opt/airflow/dags/7_da_weather/7_da_weather.py
[2023-08-05T04:33:46.385+0000] {processor.py:838} WARNING - No viable dags retrieved from /opt/airflow/dags/7_da_weather/7_da_weather.py
[2023-08-05T04:33:46.403+0000] {processor.py:179} INFO - Processing /opt/airflow/dags/7_da_weather/7_da_weather.py took 0.310 seconds
[2023-08-05T04:34:16.491+0000] {processor.py:157} INFO - Started process (PID=421) to work on /opt/airflow/dags/7_da_weather/7_da_weather.py
[2023-08-05T04:34:16.494+0000] {processor.py:826} INFO - Processing file /opt/airflow/dags/7_da_weather/7_da_weather.py for tasks to queue
[2023-08-05T04:34:16.496+0000] {logging_mixin.py:150} INFO - [2023-08-05T04:34:16.496+0000] {dagbag.py:541} INFO - Filling up the DagBag from /opt/airflow/dags/7_da_weather/7_da_weather.py
[2023-08-05T04:34:16.746+0000] {processor.py:838} WARNING - No viable dags retrieved from /opt/airflow/dags/7_da_weather/7_da_weather.py
[2023-08-05T04:34:16.765+0000] {processor.py:179} INFO - Processing /opt/airflow/dags/7_da_weather/7_da_weather.py took 0.282 seconds
[2023-08-05T04:34:47.095+0000] {processor.py:157} INFO - Started process (PID=434) to work on /opt/airflow/dags/7_da_weather/7_da_weather.py
[2023-08-05T04:34:47.097+0000] {processor.py:826} INFO - Processing file /opt/airflow/dags/7_da_weather/7_da_weather.py for tasks to queue
[2023-08-05T04:34:47.099+0000] {logging_mixin.py:150} INFO - [2023-08-05T04:34:47.099+0000] {dagbag.py:541} INFO - Filling up the DagBag from /opt/airflow/dags/7_da_weather/7_da_weather.py
[2023-08-05T04:34:47.274+0000] {processor.py:838} WARNING - No viable dags retrieved from /opt/airflow/dags/7_da_weather/7_da_weather.py
[2023-08-05T04:34:47.285+0000] {processor.py:179} INFO - Processing /opt/airflow/dags/7_da_weather/7_da_weather.py took 0.196 seconds
[2023-08-05T04:35:17.437+0000] {processor.py:157} INFO - Started process (PID=447) to work on /opt/airflow/dags/7_da_weather/7_da_weather.py
[2023-08-05T04:35:17.440+0000] {processor.py:826} INFO - Processing file /opt/airflow/dags/7_da_weather/7_da_weather.py for tasks to queue
[2023-08-05T04:35:17.443+0000] {logging_mixin.py:150} INFO - [2023-08-05T04:35:17.442+0000] {dagbag.py:541} INFO - Filling up the DagBag from /opt/airflow/dags/7_da_weather/7_da_weather.py
[2023-08-05T04:35:17.684+0000] {processor.py:838} WARNING - No viable dags retrieved from /opt/airflow/dags/7_da_weather/7_da_weather.py
[2023-08-05T04:35:17.717+0000] {processor.py:179} INFO - Processing /opt/airflow/dags/7_da_weather/7_da_weather.py took 0.288 seconds
[2023-08-05T04:35:47.873+0000] {processor.py:157} INFO - Started process (PID=460) to work on /opt/airflow/dags/7_da_weather/7_da_weather.py
[2023-08-05T04:35:47.876+0000] {processor.py:826} INFO - Processing file /opt/airflow/dags/7_da_weather/7_da_weather.py for tasks to queue
[2023-08-05T04:35:47.878+0000] {logging_mixin.py:150} INFO - [2023-08-05T04:35:47.878+0000] {dagbag.py:541} INFO - Filling up the DagBag from /opt/airflow/dags/7_da_weather/7_da_weather.py
[2023-08-05T04:35:48.055+0000] {processor.py:838} WARNING - No viable dags retrieved from /opt/airflow/dags/7_da_weather/7_da_weather.py
[2023-08-05T04:35:48.067+0000] {processor.py:179} INFO - Processing /opt/airflow/dags/7_da_weather/7_da_weather.py took 0.202 seconds
[2023-08-05T04:36:18.320+0000] {processor.py:157} INFO - Started process (PID=473) to work on /opt/airflow/dags/7_da_weather/7_da_weather.py
[2023-08-05T04:36:18.323+0000] {processor.py:826} INFO - Processing file /opt/airflow/dags/7_da_weather/7_da_weather.py for tasks to queue
[2023-08-05T04:36:18.325+0000] {logging_mixin.py:150} INFO - [2023-08-05T04:36:18.325+0000] {dagbag.py:541} INFO - Filling up the DagBag from /opt/airflow/dags/7_da_weather/7_da_weather.py
[2023-08-05T04:36:18.530+0000] {processor.py:838} WARNING - No viable dags retrieved from /opt/airflow/dags/7_da_weather/7_da_weather.py
[2023-08-05T04:36:18.544+0000] {processor.py:179} INFO - Processing /opt/airflow/dags/7_da_weather/7_da_weather.py took 0.229 seconds
[2023-08-05T04:36:48.641+0000] {processor.py:157} INFO - Started process (PID=486) to work on /opt/airflow/dags/7_da_weather/7_da_weather.py
[2023-08-05T04:36:48.643+0000] {processor.py:826} INFO - Processing file /opt/airflow/dags/7_da_weather/7_da_weather.py for tasks to queue
[2023-08-05T04:36:48.645+0000] {logging_mixin.py:150} INFO - [2023-08-05T04:36:48.644+0000] {dagbag.py:541} INFO - Filling up the DagBag from /opt/airflow/dags/7_da_weather/7_da_weather.py
[2023-08-05T04:36:48.834+0000] {processor.py:838} WARNING - No viable dags retrieved from /opt/airflow/dags/7_da_weather/7_da_weather.py
[2023-08-05T04:36:48.846+0000] {processor.py:179} INFO - Processing /opt/airflow/dags/7_da_weather/7_da_weather.py took 0.212 seconds
[2023-08-05T04:37:19.088+0000] {processor.py:157} INFO - Started process (PID=499) to work on /opt/airflow/dags/7_da_weather/7_da_weather.py
[2023-08-05T04:37:19.090+0000] {processor.py:826} INFO - Processing file /opt/airflow/dags/7_da_weather/7_da_weather.py for tasks to queue
[2023-08-05T04:37:19.092+0000] {logging_mixin.py:150} INFO - [2023-08-05T04:37:19.092+0000] {dagbag.py:541} INFO - Filling up the DagBag from /opt/airflow/dags/7_da_weather/7_da_weather.py
[2023-08-05T04:37:19.291+0000] {processor.py:838} WARNING - No viable dags retrieved from /opt/airflow/dags/7_da_weather/7_da_weather.py
[2023-08-05T04:37:19.304+0000] {processor.py:179} INFO - Processing /opt/airflow/dags/7_da_weather/7_da_weather.py took 0.220 seconds
[2023-08-05T04:37:49.400+0000] {processor.py:157} INFO - Started process (PID=512) to work on /opt/airflow/dags/7_da_weather/7_da_weather.py
[2023-08-05T04:37:49.403+0000] {processor.py:826} INFO - Processing file /opt/airflow/dags/7_da_weather/7_da_weather.py for tasks to queue
[2023-08-05T04:37:49.405+0000] {logging_mixin.py:150} INFO - [2023-08-05T04:37:49.404+0000] {dagbag.py:541} INFO - Filling up the DagBag from /opt/airflow/dags/7_da_weather/7_da_weather.py
[2023-08-05T04:37:49.594+0000] {processor.py:838} WARNING - No viable dags retrieved from /opt/airflow/dags/7_da_weather/7_da_weather.py
[2023-08-05T04:37:49.606+0000] {processor.py:179} INFO - Processing /opt/airflow/dags/7_da_weather/7_da_weather.py took 0.213 seconds
[2023-08-05T04:38:19.941+0000] {processor.py:157} INFO - Started process (PID=525) to work on /opt/airflow/dags/7_da_weather/7_da_weather.py
[2023-08-05T04:38:19.945+0000] {processor.py:826} INFO - Processing file /opt/airflow/dags/7_da_weather/7_da_weather.py for tasks to queue
[2023-08-05T04:38:19.947+0000] {logging_mixin.py:150} INFO - [2023-08-05T04:38:19.946+0000] {dagbag.py:541} INFO - Filling up the DagBag from /opt/airflow/dags/7_da_weather/7_da_weather.py
[2023-08-05T04:38:20.155+0000] {processor.py:838} WARNING - No viable dags retrieved from /opt/airflow/dags/7_da_weather/7_da_weather.py
[2023-08-05T04:38:20.170+0000] {processor.py:179} INFO - Processing /opt/airflow/dags/7_da_weather/7_da_weather.py took 0.238 seconds
[2023-08-05T04:38:50.282+0000] {processor.py:157} INFO - Started process (PID=538) to work on /opt/airflow/dags/7_da_weather/7_da_weather.py
[2023-08-05T04:38:50.285+0000] {processor.py:826} INFO - Processing file /opt/airflow/dags/7_da_weather/7_da_weather.py for tasks to queue
[2023-08-05T04:38:50.287+0000] {logging_mixin.py:150} INFO - [2023-08-05T04:38:50.286+0000] {dagbag.py:541} INFO - Filling up the DagBag from /opt/airflow/dags/7_da_weather/7_da_weather.py
[2023-08-05T04:38:50.477+0000] {processor.py:838} WARNING - No viable dags retrieved from /opt/airflow/dags/7_da_weather/7_da_weather.py
[2023-08-05T04:38:50.489+0000] {processor.py:179} INFO - Processing /opt/airflow/dags/7_da_weather/7_da_weather.py took 0.212 seconds
[2023-08-05T04:55:50.967+0000] {processor.py:157} INFO - Started process (PID=31) to work on /opt/airflow/dags/7_da_weather/7_da_weather.py
[2023-08-05T04:55:50.969+0000] {processor.py:826} INFO - Processing file /opt/airflow/dags/7_da_weather/7_da_weather.py for tasks to queue
[2023-08-05T04:55:50.971+0000] {logging_mixin.py:150} INFO - [2023-08-05T04:55:50.970+0000] {dagbag.py:541} INFO - Filling up the DagBag from /opt/airflow/dags/7_da_weather/7_da_weather.py
[2023-08-05T04:55:51.818+0000] {processor.py:838} WARNING - No viable dags retrieved from /opt/airflow/dags/7_da_weather/7_da_weather.py
[2023-08-05T04:55:51.831+0000] {processor.py:179} INFO - Processing /opt/airflow/dags/7_da_weather/7_da_weather.py took 0.872 seconds
[2023-08-05T04:56:22.164+0000] {processor.py:157} INFO - Started process (PID=44) to work on /opt/airflow/dags/7_da_weather/7_da_weather.py
[2023-08-05T04:56:22.167+0000] {processor.py:826} INFO - Processing file /opt/airflow/dags/7_da_weather/7_da_weather.py for tasks to queue
[2023-08-05T04:56:22.168+0000] {logging_mixin.py:150} INFO - [2023-08-05T04:56:22.168+0000] {dagbag.py:541} INFO - Filling up the DagBag from /opt/airflow/dags/7_da_weather/7_da_weather.py
[2023-08-05T04:56:22.706+0000] {processor.py:838} WARNING - No viable dags retrieved from /opt/airflow/dags/7_da_weather/7_da_weather.py
[2023-08-05T04:56:22.732+0000] {processor.py:179} INFO - Processing /opt/airflow/dags/7_da_weather/7_da_weather.py took 0.573 seconds
[2023-08-05T04:56:53.065+0000] {processor.py:157} INFO - Started process (PID=57) to work on /opt/airflow/dags/7_da_weather/7_da_weather.py
[2023-08-05T04:56:53.068+0000] {processor.py:826} INFO - Processing file /opt/airflow/dags/7_da_weather/7_da_weather.py for tasks to queue
[2023-08-05T04:56:53.070+0000] {logging_mixin.py:150} INFO - [2023-08-05T04:56:53.069+0000] {dagbag.py:541} INFO - Filling up the DagBag from /opt/airflow/dags/7_da_weather/7_da_weather.py
[2023-08-05T04:56:53.267+0000] {processor.py:838} WARNING - No viable dags retrieved from /opt/airflow/dags/7_da_weather/7_da_weather.py
[2023-08-05T04:56:53.281+0000] {processor.py:179} INFO - Processing /opt/airflow/dags/7_da_weather/7_da_weather.py took 0.223 seconds
[2023-08-05T04:57:03.400+0000] {processor.py:157} INFO - Started process (PID=63) to work on /opt/airflow/dags/7_da_weather/7_da_weather.py
[2023-08-05T04:57:03.401+0000] {processor.py:826} INFO - Processing file /opt/airflow/dags/7_da_weather/7_da_weather.py for tasks to queue
[2023-08-05T04:57:03.403+0000] {logging_mixin.py:150} INFO - [2023-08-05T04:57:03.403+0000] {dagbag.py:541} INFO - Filling up the DagBag from /opt/airflow/dags/7_da_weather/7_da_weather.py
[2023-08-05T04:57:03.621+0000] {processor.py:838} WARNING - No viable dags retrieved from /opt/airflow/dags/7_da_weather/7_da_weather.py
[2023-08-05T04:57:03.633+0000] {processor.py:179} INFO - Processing /opt/airflow/dags/7_da_weather/7_da_weather.py took 0.238 seconds
[2023-08-05T04:57:33.718+0000] {processor.py:157} INFO - Started process (PID=76) to work on /opt/airflow/dags/7_da_weather/7_da_weather.py
[2023-08-05T04:57:33.721+0000] {processor.py:826} INFO - Processing file /opt/airflow/dags/7_da_weather/7_da_weather.py for tasks to queue
[2023-08-05T04:57:33.724+0000] {logging_mixin.py:150} INFO - [2023-08-05T04:57:33.723+0000] {dagbag.py:541} INFO - Filling up the DagBag from /opt/airflow/dags/7_da_weather/7_da_weather.py
[2023-08-05T04:57:33.964+0000] {processor.py:838} WARNING - No viable dags retrieved from /opt/airflow/dags/7_da_weather/7_da_weather.py
[2023-08-05T04:57:33.979+0000] {processor.py:179} INFO - Processing /opt/airflow/dags/7_da_weather/7_da_weather.py took 0.274 seconds
