[2023-08-06T22:03:08.618+0000] {taskinstance.py:1103} INFO - Dependencies all met for dep_context=non-requeueable deps ti=<TaskInstance: 7_da_temps.hit_api manual__2023-08-06T22:03:07.125656+00:00 [queued]>
[2023-08-06T22:03:08.623+0000] {taskinstance.py:1103} INFO - Dependencies all met for dep_context=requeueable deps ti=<TaskInstance: 7_da_temps.hit_api manual__2023-08-06T22:03:07.125656+00:00 [queued]>
[2023-08-06T22:03:08.623+0000] {taskinstance.py:1308} INFO - Starting attempt 1 of 1
[2023-08-06T22:03:08.628+0000] {taskinstance.py:1327} INFO - Executing <Task(PythonOperator): hit_api> on 2023-08-06 22:03:07.125656+00:00
[2023-08-06T22:03:08.633+0000] {standard_task_runner.py:57} INFO - Started process 4775 to run task
[2023-08-06T22:03:08.636+0000] {standard_task_runner.py:84} INFO - Running: ['***', 'tasks', 'run', '7_da_temps', 'hit_api', 'manual__2023-08-06T22:03:07.125656+00:00', '--job-id', '43', '--raw', '--subdir', 'DAGS_FOLDER/7_da_weather/7_da_temps.py', '--cfg-path', '/tmp/tmpg5tmsnb1']
[2023-08-06T22:03:08.639+0000] {standard_task_runner.py:85} INFO - Job 43: Subtask hit_api
[2023-08-06T22:03:08.676+0000] {task_command.py:410} INFO - Running <TaskInstance: 7_da_temps.hit_api manual__2023-08-06T22:03:07.125656+00:00 [running]> on host ed9f4b70d884
[2023-08-06T22:03:08.733+0000] {taskinstance.py:1545} INFO - Exporting env vars: AIRFLOW_CTX_DAG_OWNER='scott' AIRFLOW_CTX_DAG_ID='7_da_temps' AIRFLOW_CTX_TASK_ID='hit_api' AIRFLOW_CTX_EXECUTION_DATE='2023-08-06T22:03:07.125656+00:00' AIRFLOW_CTX_TRY_NUMBER='1' AIRFLOW_CTX_DAG_RUN_ID='manual__2023-08-06T22:03:07.125656+00:00'
[2023-08-06T22:03:10.181+0000] {logging_mixin.py:150} INFO - <pyowm.weatherapi25.one_call.OneCall - lat=34.0978, lon=-117.886, retrieval_time=1691359356>
[2023-08-06T22:03:10.186+0000] {logging_mixin.py:150} INFO - <pyowm.weatherapi25.weather.Weather - reference_time=2023-08-01 00:00:00+00:00, status=clouds, detailed_status=overcast clouds>
[2023-08-06T22:03:10.187+0000] {logging_mixin.py:150} INFO - <pyowm.weatherapi25.weather.Weather - reference_time=2023-08-01 01:00:00+00:00, status=clouds, detailed_status=overcast clouds>
[2023-08-06T22:03:10.188+0000] {logging_mixin.py:150} INFO - <pyowm.weatherapi25.weather.Weather - reference_time=2023-08-01 02:00:00+00:00, status=clouds, detailed_status=overcast clouds>
[2023-08-06T22:03:10.189+0000] {logging_mixin.py:150} INFO - <pyowm.weatherapi25.weather.Weather - reference_time=2023-08-01 03:00:00+00:00, status=clouds, detailed_status=overcast clouds>
[2023-08-06T22:03:10.190+0000] {logging_mixin.py:150} INFO - <pyowm.weatherapi25.weather.Weather - reference_time=2023-08-01 04:00:00+00:00, status=clouds, detailed_status=overcast clouds>
[2023-08-06T22:03:10.192+0000] {logging_mixin.py:150} INFO - <pyowm.weatherapi25.weather.Weather - reference_time=2023-08-01 05:00:00+00:00, status=clouds, detailed_status=overcast clouds>
[2023-08-06T22:03:10.195+0000] {logging_mixin.py:150} INFO - <pyowm.weatherapi25.weather.Weather - reference_time=2023-08-01 06:00:00+00:00, status=clouds, detailed_status=broken clouds>
[2023-08-06T22:03:10.196+0000] {logging_mixin.py:150} INFO - <pyowm.weatherapi25.weather.Weather - reference_time=2023-08-01 07:00:00+00:00, status=clouds, detailed_status=overcast clouds>
[2023-08-06T22:03:10.197+0000] {logging_mixin.py:150} INFO - <pyowm.weatherapi25.weather.Weather - reference_time=2023-08-01 08:00:00+00:00, status=clouds, detailed_status=overcast clouds>
[2023-08-06T22:03:10.198+0000] {logging_mixin.py:150} INFO - <pyowm.weatherapi25.weather.Weather - reference_time=2023-08-01 09:00:00+00:00, status=clouds, detailed_status=overcast clouds>
[2023-08-06T22:03:10.198+0000] {logging_mixin.py:150} INFO - <pyowm.weatherapi25.weather.Weather - reference_time=2023-08-01 10:00:00+00:00, status=clouds, detailed_status=overcast clouds>
[2023-08-06T22:03:10.201+0000] {logging_mixin.py:150} INFO - <pyowm.weatherapi25.weather.Weather - reference_time=2023-08-01 11:00:00+00:00, status=clouds, detailed_status=overcast clouds>
[2023-08-06T22:03:10.202+0000] {logging_mixin.py:150} INFO - <pyowm.weatherapi25.weather.Weather - reference_time=2023-08-01 12:00:00+00:00, status=clouds, detailed_status=broken clouds>
[2023-08-06T22:03:10.204+0000] {logging_mixin.py:150} INFO - <pyowm.weatherapi25.weather.Weather - reference_time=2023-08-01 13:00:00+00:00, status=clouds, detailed_status=broken clouds>
[2023-08-06T22:03:10.205+0000] {logging_mixin.py:150} INFO - <pyowm.weatherapi25.weather.Weather - reference_time=2023-08-01 14:00:00+00:00, status=clouds, detailed_status=broken clouds>
[2023-08-06T22:03:10.206+0000] {logging_mixin.py:150} INFO - <pyowm.weatherapi25.weather.Weather - reference_time=2023-08-01 15:00:00+00:00, status=clouds, detailed_status=broken clouds>
[2023-08-06T22:03:10.207+0000] {logging_mixin.py:150} INFO - <pyowm.weatherapi25.weather.Weather - reference_time=2023-08-01 16:00:00+00:00, status=clouds, detailed_status=broken clouds>
[2023-08-06T22:03:10.208+0000] {logging_mixin.py:150} INFO - <pyowm.weatherapi25.weather.Weather - reference_time=2023-08-01 17:00:00+00:00, status=clouds, detailed_status=broken clouds>
[2023-08-06T22:03:10.208+0000] {logging_mixin.py:150} INFO - <pyowm.weatherapi25.weather.Weather - reference_time=2023-08-01 18:00:00+00:00, status=clouds, detailed_status=few clouds>
[2023-08-06T22:03:10.209+0000] {logging_mixin.py:150} INFO - <pyowm.weatherapi25.weather.Weather - reference_time=2023-08-01 19:00:00+00:00, status=clouds, detailed_status=few clouds>
[2023-08-06T22:03:10.210+0000] {logging_mixin.py:150} INFO - <pyowm.weatherapi25.weather.Weather - reference_time=2023-08-01 20:00:00+00:00, status=clouds, detailed_status=scattered clouds>
[2023-08-06T22:03:10.210+0000] {logging_mixin.py:150} INFO - <pyowm.weatherapi25.weather.Weather - reference_time=2023-08-01 21:00:00+00:00, status=clouds, detailed_status=scattered clouds>
[2023-08-06T22:03:10.211+0000] {logging_mixin.py:150} INFO - <pyowm.weatherapi25.weather.Weather - reference_time=2023-08-01 22:00:00+00:00, status=clear, detailed_status=clear sky>
[2023-08-06T22:03:10.212+0000] {logging_mixin.py:150} INFO - <pyowm.weatherapi25.weather.Weather - reference_time=2023-08-01 23:00:00+00:00, status=clear, detailed_status=clear sky>
[2023-08-06T22:03:10.213+0000] {python.py:183} INFO - Done. Returned value was: None
[2023-08-06T22:03:10.230+0000] {taskinstance.py:1345} INFO - Marking task as SUCCESS. dag_id=7_da_temps, task_id=hit_api, execution_date=20230806T220307, start_date=20230806T220308, end_date=20230806T220310
[2023-08-06T22:03:10.299+0000] {local_task_job_runner.py:225} INFO - Task exited with return code 0
[2023-08-06T22:03:10.314+0000] {taskinstance.py:2653} INFO - 0 downstream tasks scheduled from follow-on schedule check
