[2023-08-19T19:36:10.801+0000] {taskinstance.py:1103} INFO - Dependencies all met for dep_context=non-requeueable deps ti=<TaskInstance: 7_da_temps.hit_open_meteo scheduled__2023-08-18T18:20:43.635818+00:00 [queued]>
[2023-08-19T19:36:10.805+0000] {taskinstance.py:1103} INFO - Dependencies all met for dep_context=requeueable deps ti=<TaskInstance: 7_da_temps.hit_open_meteo scheduled__2023-08-18T18:20:43.635818+00:00 [queued]>
[2023-08-19T19:36:10.805+0000] {taskinstance.py:1308} INFO - Starting attempt 1 of 1
[2023-08-19T19:36:10.810+0000] {taskinstance.py:1327} INFO - Executing <Task(PythonOperator): hit_open_meteo> on 2023-08-18 18:20:43.635818+00:00
[2023-08-19T19:36:10.816+0000] {standard_task_runner.py:57} INFO - Started process 58330 to run task
[2023-08-19T19:36:10.820+0000] {standard_task_runner.py:84} INFO - Running: ['***', 'tasks', 'run', '7_da_temps', 'hit_open_meteo', 'scheduled__2023-08-18T18:20:43.635818+00:00', '--job-id', '95', '--raw', '--subdir', 'DAGS_FOLDER/7_da_weather/7_da_temps.py', '--cfg-path', '/tmp/tmp2q12cy4q']
[2023-08-19T19:36:10.822+0000] {standard_task_runner.py:85} INFO - Job 95: Subtask hit_open_meteo
[2023-08-19T19:36:10.857+0000] {task_command.py:410} INFO - Running <TaskInstance: 7_da_temps.hit_open_meteo scheduled__2023-08-18T18:20:43.635818+00:00 [running]> on host 199121aa9c86
[2023-08-19T19:36:11.210+0000] {taskinstance.py:1545} INFO - Exporting env vars: AIRFLOW_CTX_DAG_OWNER='scott' AIRFLOW_CTX_DAG_ID='7_da_temps' AIRFLOW_CTX_TASK_ID='hit_open_meteo' AIRFLOW_CTX_EXECUTION_DATE='2023-08-18T18:20:43.635818+00:00' AIRFLOW_CTX_TRY_NUMBER='1' AIRFLOW_CTX_DAG_RUN_ID='scheduled__2023-08-18T18:20:43.635818+00:00'
[2023-08-19T19:36:11.656+0000] {logging_mixin.py:150} INFO - <class 'dict'>
[2023-08-19T19:36:11.670+0000] {logging_mixin.py:150} INFO - time                         datetime64[ns]
temperature_2m                      float64
apparent_temperature                float64
cloudcover                            int64
precipitation_probability             int64
windspeed_10m                       float64
dtype: object
[2023-08-19T19:36:11.676+0000] {python.py:183} INFO - Done. Returned value was: None
[2023-08-19T19:36:11.685+0000] {taskinstance.py:1345} INFO - Marking task as SUCCESS. dag_id=7_da_temps, task_id=hit_open_meteo, execution_date=20230818T182043, start_date=20230819T193610, end_date=20230819T193611
[2023-08-19T19:36:11.735+0000] {local_task_job_runner.py:225} INFO - Task exited with return code 0
[2023-08-19T19:36:11.748+0000] {taskinstance.py:2653} INFO - 0 downstream tasks scheduled from follow-on schedule check
