[2023-08-07T00:48:59.109+0000] {processor.py:157} INFO - Started process (PID=10124) to work on /opt/airflow/dags/7_da_weather/7_da_temps.py
[2023-08-07T00:48:59.109+0000] {processor.py:826} INFO - Processing file /opt/airflow/dags/7_da_weather/7_da_temps.py for tasks to queue
[2023-08-07T00:48:59.111+0000] {logging_mixin.py:150} INFO - [2023-08-07T00:48:59.110+0000] {dagbag.py:541} INFO - Filling up the DagBag from /opt/airflow/dags/7_da_weather/7_da_temps.py
[2023-08-07T00:48:59.509+0000] {processor.py:836} INFO - DAG(s) dict_keys(['7_da_temps']) retrieved from /opt/airflow/dags/7_da_weather/7_da_temps.py
[2023-08-07T00:48:59.525+0000] {logging_mixin.py:150} INFO - [2023-08-07T00:48:59.525+0000] {dag.py:2742} INFO - Sync 1 DAGs
[2023-08-07T00:48:59.535+0000] {logging_mixin.py:150} INFO - [2023-08-07T00:48:59.535+0000] {dag.py:3504} INFO - Setting next_dagrun for 7_da_temps to 2023-08-06T05:24:49.057537+00:00, run_after=2023-08-07T05:24:49.057537+00:00
[2023-08-07T00:48:59.543+0000] {processor.py:179} INFO - Processing /opt/airflow/dags/7_da_weather/7_da_temps.py took 0.440 seconds
[2023-08-07T02:10:41.796+0000] {processor.py:157} INFO - Started process (PID=10137) to work on /opt/airflow/dags/7_da_weather/7_da_temps.py
[2023-08-07T02:10:41.797+0000] {processor.py:826} INFO - Processing file /opt/airflow/dags/7_da_weather/7_da_temps.py for tasks to queue
[2023-08-07T02:10:41.798+0000] {logging_mixin.py:150} INFO - [2023-08-07T02:10:41.798+0000] {dagbag.py:541} INFO - Filling up the DagBag from /opt/airflow/dags/7_da_weather/7_da_temps.py
[2023-08-07T02:10:42.337+0000] {processor.py:836} INFO - DAG(s) dict_keys(['7_da_temps']) retrieved from /opt/airflow/dags/7_da_weather/7_da_temps.py
[2023-08-07T02:10:42.376+0000] {logging_mixin.py:150} INFO - [2023-08-07T02:10:42.376+0000] {dag.py:2742} INFO - Sync 1 DAGs
[2023-08-07T02:10:42.400+0000] {logging_mixin.py:150} INFO - [2023-08-07T02:10:42.400+0000] {dag.py:3504} INFO - Setting next_dagrun for 7_da_temps to 2023-08-06T05:24:49.057537+00:00, run_after=2023-08-07T05:24:49.057537+00:00
[2023-08-07T02:10:42.431+0000] {processor.py:179} INFO - Processing /opt/airflow/dags/7_da_weather/7_da_temps.py took 0.640 seconds
[2023-08-07T03:20:04.883+0000] {processor.py:157} INFO - Started process (PID=10150) to work on /opt/airflow/dags/7_da_weather/7_da_temps.py
[2023-08-07T03:20:04.884+0000] {processor.py:826} INFO - Processing file /opt/airflow/dags/7_da_weather/7_da_temps.py for tasks to queue
[2023-08-07T03:20:04.885+0000] {logging_mixin.py:150} INFO - [2023-08-07T03:20:04.885+0000] {dagbag.py:541} INFO - Filling up the DagBag from /opt/airflow/dags/7_da_weather/7_da_temps.py
[2023-08-07T03:20:05.417+0000] {processor.py:836} INFO - DAG(s) dict_keys(['7_da_temps']) retrieved from /opt/airflow/dags/7_da_weather/7_da_temps.py
[2023-08-07T03:20:05.447+0000] {logging_mixin.py:150} INFO - [2023-08-07T03:20:05.446+0000] {dag.py:2742} INFO - Sync 1 DAGs
[2023-08-07T03:20:05.469+0000] {logging_mixin.py:150} INFO - [2023-08-07T03:20:05.469+0000] {dag.py:3504} INFO - Setting next_dagrun for 7_da_temps to 2023-08-06T05:24:49.057537+00:00, run_after=2023-08-07T05:24:49.057537+00:00
[2023-08-07T03:20:05.486+0000] {processor.py:179} INFO - Processing /opt/airflow/dags/7_da_weather/7_da_temps.py took 0.607 seconds
[2023-08-07T04:44:56.296+0000] {processor.py:157} INFO - Started process (PID=10163) to work on /opt/airflow/dags/7_da_weather/7_da_temps.py
[2023-08-07T04:44:56.299+0000] {processor.py:826} INFO - Processing file /opt/airflow/dags/7_da_weather/7_da_temps.py for tasks to queue
[2023-08-07T04:44:56.302+0000] {logging_mixin.py:150} INFO - [2023-08-07T04:44:56.301+0000] {dagbag.py:541} INFO - Filling up the DagBag from /opt/airflow/dags/7_da_weather/7_da_temps.py
[2023-08-07T04:44:57.028+0000] {processor.py:836} INFO - DAG(s) dict_keys(['7_da_temps']) retrieved from /opt/airflow/dags/7_da_weather/7_da_temps.py
[2023-08-07T04:44:57.050+0000] {logging_mixin.py:150} INFO - [2023-08-07T04:44:57.050+0000] {dag.py:2742} INFO - Sync 1 DAGs
[2023-08-07T04:44:57.064+0000] {logging_mixin.py:150} INFO - [2023-08-07T04:44:57.064+0000] {dag.py:3504} INFO - Setting next_dagrun for 7_da_temps to 2023-08-06T05:24:49.057537+00:00, run_after=2023-08-07T05:24:49.057537+00:00
[2023-08-07T04:44:57.073+0000] {processor.py:179} INFO - Processing /opt/airflow/dags/7_da_weather/7_da_temps.py took 0.783 seconds
[2023-08-07T05:19:56.961+0000] {processor.py:157} INFO - Started process (PID=10176) to work on /opt/airflow/dags/7_da_weather/7_da_temps.py
[2023-08-07T05:19:56.965+0000] {processor.py:826} INFO - Processing file /opt/airflow/dags/7_da_weather/7_da_temps.py for tasks to queue
[2023-08-07T05:19:56.967+0000] {logging_mixin.py:150} INFO - [2023-08-07T05:19:56.966+0000] {dagbag.py:541} INFO - Filling up the DagBag from /opt/airflow/dags/7_da_weather/7_da_temps.py
[2023-08-07T05:19:57.954+0000] {processor.py:836} INFO - DAG(s) dict_keys(['7_da_temps']) retrieved from /opt/airflow/dags/7_da_weather/7_da_temps.py
[2023-08-07T05:19:57.986+0000] {logging_mixin.py:150} INFO - [2023-08-07T05:19:57.986+0000] {dag.py:2742} INFO - Sync 1 DAGs
[2023-08-07T05:19:58.002+0000] {logging_mixin.py:150} INFO - [2023-08-07T05:19:58.002+0000] {dag.py:3504} INFO - Setting next_dagrun for 7_da_temps to 2023-08-06T05:24:49.057537+00:00, run_after=2023-08-07T05:24:49.057537+00:00
[2023-08-07T05:19:58.019+0000] {processor.py:179} INFO - Processing /opt/airflow/dags/7_da_weather/7_da_temps.py took 1.070 seconds
[2023-08-07T05:20:28.274+0000] {processor.py:157} INFO - Started process (PID=10189) to work on /opt/airflow/dags/7_da_weather/7_da_temps.py
[2023-08-07T05:20:28.277+0000] {processor.py:826} INFO - Processing file /opt/airflow/dags/7_da_weather/7_da_temps.py for tasks to queue
[2023-08-07T05:20:28.280+0000] {logging_mixin.py:150} INFO - [2023-08-07T05:20:28.279+0000] {dagbag.py:541} INFO - Filling up the DagBag from /opt/airflow/dags/7_da_weather/7_da_temps.py
[2023-08-07T05:20:28.648+0000] {processor.py:836} INFO - DAG(s) dict_keys(['7_da_temps']) retrieved from /opt/airflow/dags/7_da_weather/7_da_temps.py
[2023-08-07T05:20:28.664+0000] {logging_mixin.py:150} INFO - [2023-08-07T05:20:28.664+0000] {dag.py:2742} INFO - Sync 1 DAGs
[2023-08-07T05:20:28.674+0000] {logging_mixin.py:150} INFO - [2023-08-07T05:20:28.674+0000] {dag.py:3504} INFO - Setting next_dagrun for 7_da_temps to 2023-08-06T05:24:49.057537+00:00, run_after=2023-08-07T05:24:49.057537+00:00
[2023-08-07T05:20:28.682+0000] {processor.py:179} INFO - Processing /opt/airflow/dags/7_da_weather/7_da_temps.py took 0.416 seconds
[2023-08-07T05:20:58.984+0000] {processor.py:157} INFO - Started process (PID=10202) to work on /opt/airflow/dags/7_da_weather/7_da_temps.py
[2023-08-07T05:20:58.986+0000] {processor.py:826} INFO - Processing file /opt/airflow/dags/7_da_weather/7_da_temps.py for tasks to queue
[2023-08-07T05:20:58.988+0000] {logging_mixin.py:150} INFO - [2023-08-07T05:20:58.987+0000] {dagbag.py:541} INFO - Filling up the DagBag from /opt/airflow/dags/7_da_weather/7_da_temps.py
[2023-08-07T05:20:59.368+0000] {processor.py:836} INFO - DAG(s) dict_keys(['7_da_temps']) retrieved from /opt/airflow/dags/7_da_weather/7_da_temps.py
[2023-08-07T05:20:59.386+0000] {logging_mixin.py:150} INFO - [2023-08-07T05:20:59.386+0000] {dag.py:2742} INFO - Sync 1 DAGs
[2023-08-07T05:20:59.397+0000] {logging_mixin.py:150} INFO - [2023-08-07T05:20:59.397+0000] {dag.py:3504} INFO - Setting next_dagrun for 7_da_temps to 2023-08-06T05:24:49.057537+00:00, run_after=2023-08-07T05:24:49.057537+00:00
[2023-08-07T05:20:59.405+0000] {processor.py:179} INFO - Processing /opt/airflow/dags/7_da_weather/7_da_temps.py took 0.426 seconds
[2023-08-07T05:21:29.703+0000] {processor.py:157} INFO - Started process (PID=10216) to work on /opt/airflow/dags/7_da_weather/7_da_temps.py
[2023-08-07T05:21:29.705+0000] {processor.py:826} INFO - Processing file /opt/airflow/dags/7_da_weather/7_da_temps.py for tasks to queue
[2023-08-07T05:21:29.709+0000] {logging_mixin.py:150} INFO - [2023-08-07T05:21:29.708+0000] {dagbag.py:541} INFO - Filling up the DagBag from /opt/airflow/dags/7_da_weather/7_da_temps.py
[2023-08-07T05:21:30.064+0000] {processor.py:836} INFO - DAG(s) dict_keys(['7_da_temps']) retrieved from /opt/airflow/dags/7_da_weather/7_da_temps.py
[2023-08-07T05:21:30.082+0000] {logging_mixin.py:150} INFO - [2023-08-07T05:21:30.082+0000] {dag.py:2742} INFO - Sync 1 DAGs
[2023-08-07T05:21:30.096+0000] {logging_mixin.py:150} INFO - [2023-08-07T05:21:30.096+0000] {dag.py:3504} INFO - Setting next_dagrun for 7_da_temps to 2023-08-06T05:24:49.057537+00:00, run_after=2023-08-07T05:24:49.057537+00:00
[2023-08-07T05:21:30.104+0000] {processor.py:179} INFO - Processing /opt/airflow/dags/7_da_weather/7_da_temps.py took 0.406 seconds
[2023-08-07T05:22:00.404+0000] {processor.py:157} INFO - Started process (PID=10229) to work on /opt/airflow/dags/7_da_weather/7_da_temps.py
[2023-08-07T05:22:00.406+0000] {processor.py:826} INFO - Processing file /opt/airflow/dags/7_da_weather/7_da_temps.py for tasks to queue
[2023-08-07T05:22:00.407+0000] {logging_mixin.py:150} INFO - [2023-08-07T05:22:00.407+0000] {dagbag.py:541} INFO - Filling up the DagBag from /opt/airflow/dags/7_da_weather/7_da_temps.py
[2023-08-07T05:22:00.739+0000] {processor.py:836} INFO - DAG(s) dict_keys(['7_da_temps']) retrieved from /opt/airflow/dags/7_da_weather/7_da_temps.py
[2023-08-07T05:22:00.754+0000] {logging_mixin.py:150} INFO - [2023-08-07T05:22:00.754+0000] {dag.py:2742} INFO - Sync 1 DAGs
[2023-08-07T05:22:00.764+0000] {logging_mixin.py:150} INFO - [2023-08-07T05:22:00.764+0000] {dag.py:3504} INFO - Setting next_dagrun for 7_da_temps to 2023-08-06T05:24:49.057537+00:00, run_after=2023-08-07T05:24:49.057537+00:00
[2023-08-07T05:22:00.772+0000] {processor.py:179} INFO - Processing /opt/airflow/dags/7_da_weather/7_da_temps.py took 0.373 seconds
[2023-08-07T05:22:31.071+0000] {processor.py:157} INFO - Started process (PID=10242) to work on /opt/airflow/dags/7_da_weather/7_da_temps.py
[2023-08-07T05:22:31.073+0000] {processor.py:826} INFO - Processing file /opt/airflow/dags/7_da_weather/7_da_temps.py for tasks to queue
[2023-08-07T05:22:31.075+0000] {logging_mixin.py:150} INFO - [2023-08-07T05:22:31.074+0000] {dagbag.py:541} INFO - Filling up the DagBag from /opt/airflow/dags/7_da_weather/7_da_temps.py
[2023-08-07T05:22:31.395+0000] {processor.py:836} INFO - DAG(s) dict_keys(['7_da_temps']) retrieved from /opt/airflow/dags/7_da_weather/7_da_temps.py
[2023-08-07T05:22:31.412+0000] {logging_mixin.py:150} INFO - [2023-08-07T05:22:31.411+0000] {dag.py:2742} INFO - Sync 1 DAGs
[2023-08-07T05:22:31.421+0000] {logging_mixin.py:150} INFO - [2023-08-07T05:22:31.421+0000] {dag.py:3504} INFO - Setting next_dagrun for 7_da_temps to 2023-08-06T05:24:49.057537+00:00, run_after=2023-08-07T05:24:49.057537+00:00
[2023-08-07T05:22:31.429+0000] {processor.py:179} INFO - Processing /opt/airflow/dags/7_da_weather/7_da_temps.py took 0.363 seconds
[2023-08-07T05:23:01.722+0000] {processor.py:157} INFO - Started process (PID=10255) to work on /opt/airflow/dags/7_da_weather/7_da_temps.py
[2023-08-07T05:23:01.726+0000] {processor.py:826} INFO - Processing file /opt/airflow/dags/7_da_weather/7_da_temps.py for tasks to queue
[2023-08-07T05:23:01.728+0000] {logging_mixin.py:150} INFO - [2023-08-07T05:23:01.727+0000] {dagbag.py:541} INFO - Filling up the DagBag from /opt/airflow/dags/7_da_weather/7_da_temps.py
[2023-08-07T05:23:02.081+0000] {processor.py:836} INFO - DAG(s) dict_keys(['7_da_temps']) retrieved from /opt/airflow/dags/7_da_weather/7_da_temps.py
[2023-08-07T05:23:02.095+0000] {logging_mixin.py:150} INFO - [2023-08-07T05:23:02.095+0000] {dag.py:2742} INFO - Sync 1 DAGs
[2023-08-07T05:23:02.104+0000] {logging_mixin.py:150} INFO - [2023-08-07T05:23:02.104+0000] {dag.py:3504} INFO - Setting next_dagrun for 7_da_temps to 2023-08-06T05:24:49.057537+00:00, run_after=2023-08-07T05:24:49.057537+00:00
[2023-08-07T05:23:02.111+0000] {processor.py:179} INFO - Processing /opt/airflow/dags/7_da_weather/7_da_temps.py took 0.396 seconds
[2023-08-07T05:23:32.455+0000] {processor.py:157} INFO - Started process (PID=10268) to work on /opt/airflow/dags/7_da_weather/7_da_temps.py
[2023-08-07T05:23:32.458+0000] {processor.py:826} INFO - Processing file /opt/airflow/dags/7_da_weather/7_da_temps.py for tasks to queue
[2023-08-07T05:23:32.461+0000] {logging_mixin.py:150} INFO - [2023-08-07T05:23:32.460+0000] {dagbag.py:541} INFO - Filling up the DagBag from /opt/airflow/dags/7_da_weather/7_da_temps.py
[2023-08-07T05:23:32.840+0000] {processor.py:836} INFO - DAG(s) dict_keys(['7_da_temps']) retrieved from /opt/airflow/dags/7_da_weather/7_da_temps.py
[2023-08-07T05:23:32.856+0000] {logging_mixin.py:150} INFO - [2023-08-07T05:23:32.856+0000] {dag.py:2742} INFO - Sync 1 DAGs
[2023-08-07T05:23:32.866+0000] {logging_mixin.py:150} INFO - [2023-08-07T05:23:32.866+0000] {dag.py:3504} INFO - Setting next_dagrun for 7_da_temps to 2023-08-06T05:24:49.057537+00:00, run_after=2023-08-07T05:24:49.057537+00:00
[2023-08-07T05:23:32.875+0000] {processor.py:179} INFO - Processing /opt/airflow/dags/7_da_weather/7_da_temps.py took 0.430 seconds
[2023-08-07T05:24:03.162+0000] {processor.py:157} INFO - Started process (PID=10281) to work on /opt/airflow/dags/7_da_weather/7_da_temps.py
[2023-08-07T05:24:03.164+0000] {processor.py:826} INFO - Processing file /opt/airflow/dags/7_da_weather/7_da_temps.py for tasks to queue
[2023-08-07T05:24:03.165+0000] {logging_mixin.py:150} INFO - [2023-08-07T05:24:03.165+0000] {dagbag.py:541} INFO - Filling up the DagBag from /opt/airflow/dags/7_da_weather/7_da_temps.py
[2023-08-07T05:24:03.462+0000] {processor.py:836} INFO - DAG(s) dict_keys(['7_da_temps']) retrieved from /opt/airflow/dags/7_da_weather/7_da_temps.py
[2023-08-07T05:24:03.478+0000] {logging_mixin.py:150} INFO - [2023-08-07T05:24:03.478+0000] {dag.py:2742} INFO - Sync 1 DAGs
[2023-08-07T05:24:03.489+0000] {logging_mixin.py:150} INFO - [2023-08-07T05:24:03.489+0000] {dag.py:3504} INFO - Setting next_dagrun for 7_da_temps to 2023-08-06T05:24:49.057537+00:00, run_after=2023-08-07T05:24:49.057537+00:00
[2023-08-07T05:24:03.497+0000] {processor.py:179} INFO - Processing /opt/airflow/dags/7_da_weather/7_da_temps.py took 0.340 seconds
[2023-08-07T05:24:33.777+0000] {processor.py:157} INFO - Started process (PID=10294) to work on /opt/airflow/dags/7_da_weather/7_da_temps.py
[2023-08-07T05:24:33.780+0000] {processor.py:826} INFO - Processing file /opt/airflow/dags/7_da_weather/7_da_temps.py for tasks to queue
[2023-08-07T05:24:33.782+0000] {logging_mixin.py:150} INFO - [2023-08-07T05:24:33.781+0000] {dagbag.py:541} INFO - Filling up the DagBag from /opt/airflow/dags/7_da_weather/7_da_temps.py
[2023-08-07T05:24:34.108+0000] {processor.py:836} INFO - DAG(s) dict_keys(['7_da_temps']) retrieved from /opt/airflow/dags/7_da_weather/7_da_temps.py
[2023-08-07T05:24:34.123+0000] {logging_mixin.py:150} INFO - [2023-08-07T05:24:34.123+0000] {dag.py:2742} INFO - Sync 1 DAGs
[2023-08-07T05:24:34.133+0000] {logging_mixin.py:150} INFO - [2023-08-07T05:24:34.133+0000] {dag.py:3504} INFO - Setting next_dagrun for 7_da_temps to 2023-08-06T05:24:49.057537+00:00, run_after=2023-08-07T05:24:49.057537+00:00
[2023-08-07T05:24:34.142+0000] {processor.py:179} INFO - Processing /opt/airflow/dags/7_da_weather/7_da_temps.py took 0.370 seconds
[2023-08-07T05:25:04.419+0000] {processor.py:157} INFO - Started process (PID=10307) to work on /opt/airflow/dags/7_da_weather/7_da_temps.py
[2023-08-07T05:25:04.422+0000] {processor.py:826} INFO - Processing file /opt/airflow/dags/7_da_weather/7_da_temps.py for tasks to queue
[2023-08-07T05:25:04.424+0000] {logging_mixin.py:150} INFO - [2023-08-07T05:25:04.423+0000] {dagbag.py:541} INFO - Filling up the DagBag from /opt/airflow/dags/7_da_weather/7_da_temps.py
[2023-08-07T05:25:04.815+0000] {processor.py:836} INFO - DAG(s) dict_keys(['7_da_temps']) retrieved from /opt/airflow/dags/7_da_weather/7_da_temps.py
[2023-08-07T05:25:04.831+0000] {logging_mixin.py:150} INFO - [2023-08-07T05:25:04.830+0000] {dag.py:2742} INFO - Sync 1 DAGs
[2023-08-07T05:25:04.841+0000] {logging_mixin.py:150} INFO - [2023-08-07T05:25:04.841+0000] {dag.py:3504} INFO - Setting next_dagrun for 7_da_temps to 2023-08-07T05:24:49.057537+00:00, run_after=2023-08-08T05:24:49.057537+00:00
[2023-08-07T05:25:04.848+0000] {processor.py:179} INFO - Processing /opt/airflow/dags/7_da_weather/7_da_temps.py took 0.435 seconds
[2023-08-07T05:25:35.116+0000] {processor.py:157} INFO - Started process (PID=10320) to work on /opt/airflow/dags/7_da_weather/7_da_temps.py
[2023-08-07T05:25:35.119+0000] {processor.py:826} INFO - Processing file /opt/airflow/dags/7_da_weather/7_da_temps.py for tasks to queue
[2023-08-07T05:25:35.121+0000] {logging_mixin.py:150} INFO - [2023-08-07T05:25:35.120+0000] {dagbag.py:541} INFO - Filling up the DagBag from /opt/airflow/dags/7_da_weather/7_da_temps.py
[2023-08-07T05:25:35.449+0000] {processor.py:836} INFO - DAG(s) dict_keys(['7_da_temps']) retrieved from /opt/airflow/dags/7_da_weather/7_da_temps.py
[2023-08-07T05:25:35.465+0000] {logging_mixin.py:150} INFO - [2023-08-07T05:25:35.465+0000] {dag.py:2742} INFO - Sync 1 DAGs
[2023-08-07T05:25:35.476+0000] {logging_mixin.py:150} INFO - [2023-08-07T05:25:35.476+0000] {dag.py:3504} INFO - Setting next_dagrun for 7_da_temps to 2023-08-07T05:24:49.057537+00:00, run_after=2023-08-08T05:24:49.057537+00:00
[2023-08-07T05:25:35.486+0000] {processor.py:179} INFO - Processing /opt/airflow/dags/7_da_weather/7_da_temps.py took 0.375 seconds
[2023-08-07T05:26:05.765+0000] {processor.py:157} INFO - Started process (PID=10332) to work on /opt/airflow/dags/7_da_weather/7_da_temps.py
[2023-08-07T05:26:05.768+0000] {processor.py:826} INFO - Processing file /opt/airflow/dags/7_da_weather/7_da_temps.py for tasks to queue
[2023-08-07T05:26:05.770+0000] {logging_mixin.py:150} INFO - [2023-08-07T05:26:05.770+0000] {dagbag.py:541} INFO - Filling up the DagBag from /opt/airflow/dags/7_da_weather/7_da_temps.py
[2023-08-07T05:26:06.087+0000] {processor.py:836} INFO - DAG(s) dict_keys(['7_da_temps']) retrieved from /opt/airflow/dags/7_da_weather/7_da_temps.py
[2023-08-07T05:26:06.102+0000] {logging_mixin.py:150} INFO - [2023-08-07T05:26:06.102+0000] {dag.py:2742} INFO - Sync 1 DAGs
[2023-08-07T05:26:06.111+0000] {logging_mixin.py:150} INFO - [2023-08-07T05:26:06.111+0000] {dag.py:3504} INFO - Setting next_dagrun for 7_da_temps to 2023-08-07T05:24:49.057537+00:00, run_after=2023-08-08T05:24:49.057537+00:00
[2023-08-07T05:26:06.118+0000] {processor.py:179} INFO - Processing /opt/airflow/dags/7_da_weather/7_da_temps.py took 0.359 seconds
[2023-08-07T05:26:36.368+0000] {processor.py:157} INFO - Started process (PID=10345) to work on /opt/airflow/dags/7_da_weather/7_da_temps.py
[2023-08-07T05:26:36.371+0000] {processor.py:826} INFO - Processing file /opt/airflow/dags/7_da_weather/7_da_temps.py for tasks to queue
[2023-08-07T05:26:36.372+0000] {logging_mixin.py:150} INFO - [2023-08-07T05:26:36.372+0000] {dagbag.py:541} INFO - Filling up the DagBag from /opt/airflow/dags/7_da_weather/7_da_temps.py
[2023-08-07T05:26:36.681+0000] {processor.py:836} INFO - DAG(s) dict_keys(['7_da_temps']) retrieved from /opt/airflow/dags/7_da_weather/7_da_temps.py
[2023-08-07T05:26:36.696+0000] {logging_mixin.py:150} INFO - [2023-08-07T05:26:36.696+0000] {dag.py:2742} INFO - Sync 1 DAGs
[2023-08-07T05:26:36.706+0000] {logging_mixin.py:150} INFO - [2023-08-07T05:26:36.706+0000] {dag.py:3504} INFO - Setting next_dagrun for 7_da_temps to 2023-08-07T05:24:49.057537+00:00, run_after=2023-08-08T05:24:49.057537+00:00
[2023-08-07T05:26:36.714+0000] {processor.py:179} INFO - Processing /opt/airflow/dags/7_da_weather/7_da_temps.py took 0.352 seconds
[2023-08-07T05:27:06.976+0000] {processor.py:157} INFO - Started process (PID=10358) to work on /opt/airflow/dags/7_da_weather/7_da_temps.py
[2023-08-07T05:27:06.977+0000] {processor.py:826} INFO - Processing file /opt/airflow/dags/7_da_weather/7_da_temps.py for tasks to queue
[2023-08-07T05:27:06.979+0000] {logging_mixin.py:150} INFO - [2023-08-07T05:27:06.978+0000] {dagbag.py:541} INFO - Filling up the DagBag from /opt/airflow/dags/7_da_weather/7_da_temps.py
[2023-08-07T05:27:07.324+0000] {processor.py:836} INFO - DAG(s) dict_keys(['7_da_temps']) retrieved from /opt/airflow/dags/7_da_weather/7_da_temps.py
[2023-08-07T05:27:07.340+0000] {logging_mixin.py:150} INFO - [2023-08-07T05:27:07.339+0000] {dag.py:2742} INFO - Sync 1 DAGs
[2023-08-07T05:27:07.350+0000] {logging_mixin.py:150} INFO - [2023-08-07T05:27:07.350+0000] {dag.py:3504} INFO - Setting next_dagrun for 7_da_temps to 2023-08-07T05:24:49.057537+00:00, run_after=2023-08-08T05:24:49.057537+00:00
[2023-08-07T05:27:07.359+0000] {processor.py:179} INFO - Processing /opt/airflow/dags/7_da_weather/7_da_temps.py took 0.387 seconds
[2023-08-07T05:27:37.605+0000] {processor.py:157} INFO - Started process (PID=10371) to work on /opt/airflow/dags/7_da_weather/7_da_temps.py
[2023-08-07T05:27:37.606+0000] {processor.py:826} INFO - Processing file /opt/airflow/dags/7_da_weather/7_da_temps.py for tasks to queue
[2023-08-07T05:27:37.607+0000] {logging_mixin.py:150} INFO - [2023-08-07T05:27:37.607+0000] {dagbag.py:541} INFO - Filling up the DagBag from /opt/airflow/dags/7_da_weather/7_da_temps.py
[2023-08-07T05:27:38.082+0000] {processor.py:836} INFO - DAG(s) dict_keys(['7_da_temps']) retrieved from /opt/airflow/dags/7_da_weather/7_da_temps.py
[2023-08-07T05:27:38.099+0000] {logging_mixin.py:150} INFO - [2023-08-07T05:27:38.099+0000] {dag.py:2742} INFO - Sync 1 DAGs
[2023-08-07T05:27:38.112+0000] {logging_mixin.py:150} INFO - [2023-08-07T05:27:38.111+0000] {dag.py:3504} INFO - Setting next_dagrun for 7_da_temps to 2023-08-07T05:24:49.057537+00:00, run_after=2023-08-08T05:24:49.057537+00:00
[2023-08-07T05:27:38.121+0000] {processor.py:179} INFO - Processing /opt/airflow/dags/7_da_weather/7_da_temps.py took 0.518 seconds
[2023-08-07T05:28:08.433+0000] {processor.py:157} INFO - Started process (PID=10385) to work on /opt/airflow/dags/7_da_weather/7_da_temps.py
[2023-08-07T05:28:08.435+0000] {processor.py:826} INFO - Processing file /opt/airflow/dags/7_da_weather/7_da_temps.py for tasks to queue
[2023-08-07T05:28:08.436+0000] {logging_mixin.py:150} INFO - [2023-08-07T05:28:08.436+0000] {dagbag.py:541} INFO - Filling up the DagBag from /opt/airflow/dags/7_da_weather/7_da_temps.py
[2023-08-07T05:28:08.753+0000] {processor.py:836} INFO - DAG(s) dict_keys(['7_da_temps']) retrieved from /opt/airflow/dags/7_da_weather/7_da_temps.py
[2023-08-07T05:28:08.769+0000] {logging_mixin.py:150} INFO - [2023-08-07T05:28:08.769+0000] {dag.py:2742} INFO - Sync 1 DAGs
[2023-08-07T05:28:08.778+0000] {logging_mixin.py:150} INFO - [2023-08-07T05:28:08.778+0000] {dag.py:3504} INFO - Setting next_dagrun for 7_da_temps to 2023-08-07T05:24:49.057537+00:00, run_after=2023-08-08T05:24:49.057537+00:00
[2023-08-07T05:28:08.786+0000] {processor.py:179} INFO - Processing /opt/airflow/dags/7_da_weather/7_da_temps.py took 0.359 seconds
[2023-08-07T05:28:39.078+0000] {processor.py:157} INFO - Started process (PID=10398) to work on /opt/airflow/dags/7_da_weather/7_da_temps.py
[2023-08-07T05:28:39.080+0000] {processor.py:826} INFO - Processing file /opt/airflow/dags/7_da_weather/7_da_temps.py for tasks to queue
[2023-08-07T05:28:39.082+0000] {logging_mixin.py:150} INFO - [2023-08-07T05:28:39.081+0000] {dagbag.py:541} INFO - Filling up the DagBag from /opt/airflow/dags/7_da_weather/7_da_temps.py
[2023-08-07T05:28:39.608+0000] {processor.py:836} INFO - DAG(s) dict_keys(['7_da_temps']) retrieved from /opt/airflow/dags/7_da_weather/7_da_temps.py
[2023-08-07T05:28:39.653+0000] {logging_mixin.py:150} INFO - [2023-08-07T05:28:39.652+0000] {dag.py:2742} INFO - Sync 1 DAGs
[2023-08-07T05:28:39.680+0000] {logging_mixin.py:150} INFO - [2023-08-07T05:28:39.680+0000] {dag.py:3504} INFO - Setting next_dagrun for 7_da_temps to 2023-08-07T05:24:49.057537+00:00, run_after=2023-08-08T05:24:49.057537+00:00
[2023-08-07T05:28:39.693+0000] {processor.py:179} INFO - Processing /opt/airflow/dags/7_da_weather/7_da_temps.py took 0.622 seconds
[2023-08-07T05:29:09.906+0000] {processor.py:157} INFO - Started process (PID=10418) to work on /opt/airflow/dags/7_da_weather/7_da_temps.py
[2023-08-07T05:29:09.908+0000] {processor.py:826} INFO - Processing file /opt/airflow/dags/7_da_weather/7_da_temps.py for tasks to queue
[2023-08-07T05:29:09.909+0000] {logging_mixin.py:150} INFO - [2023-08-07T05:29:09.908+0000] {dagbag.py:541} INFO - Filling up the DagBag from /opt/airflow/dags/7_da_weather/7_da_temps.py
[2023-08-07T05:29:10.188+0000] {processor.py:836} INFO - DAG(s) dict_keys(['7_da_temps']) retrieved from /opt/airflow/dags/7_da_weather/7_da_temps.py
[2023-08-07T05:29:10.203+0000] {logging_mixin.py:150} INFO - [2023-08-07T05:29:10.203+0000] {dag.py:2742} INFO - Sync 1 DAGs
[2023-08-07T05:29:10.213+0000] {logging_mixin.py:150} INFO - [2023-08-07T05:29:10.213+0000] {dag.py:3504} INFO - Setting next_dagrun for 7_da_temps to 2023-08-07T05:24:49.057537+00:00, run_after=2023-08-08T05:24:49.057537+00:00
[2023-08-07T05:29:10.221+0000] {processor.py:179} INFO - Processing /opt/airflow/dags/7_da_weather/7_da_temps.py took 0.318 seconds
[2023-08-07T05:29:40.521+0000] {processor.py:157} INFO - Started process (PID=10431) to work on /opt/airflow/dags/7_da_weather/7_da_temps.py
[2023-08-07T05:29:40.523+0000] {processor.py:826} INFO - Processing file /opt/airflow/dags/7_da_weather/7_da_temps.py for tasks to queue
[2023-08-07T05:29:40.525+0000] {logging_mixin.py:150} INFO - [2023-08-07T05:29:40.524+0000] {dagbag.py:541} INFO - Filling up the DagBag from /opt/airflow/dags/7_da_weather/7_da_temps.py
[2023-08-07T05:29:40.901+0000] {processor.py:836} INFO - DAG(s) dict_keys(['7_da_temps']) retrieved from /opt/airflow/dags/7_da_weather/7_da_temps.py
[2023-08-07T05:29:40.919+0000] {logging_mixin.py:150} INFO - [2023-08-07T05:29:40.919+0000] {dag.py:2742} INFO - Sync 1 DAGs
[2023-08-07T05:29:40.930+0000] {logging_mixin.py:150} INFO - [2023-08-07T05:29:40.930+0000] {dag.py:3504} INFO - Setting next_dagrun for 7_da_temps to 2023-08-07T05:24:49.057537+00:00, run_after=2023-08-08T05:24:49.057537+00:00
[2023-08-07T05:29:40.939+0000] {processor.py:179} INFO - Processing /opt/airflow/dags/7_da_weather/7_da_temps.py took 0.424 seconds
[2023-08-07T05:30:11.311+0000] {processor.py:157} INFO - Started process (PID=10444) to work on /opt/airflow/dags/7_da_weather/7_da_temps.py
[2023-08-07T05:30:11.313+0000] {processor.py:826} INFO - Processing file /opt/airflow/dags/7_da_weather/7_da_temps.py for tasks to queue
[2023-08-07T05:30:11.315+0000] {logging_mixin.py:150} INFO - [2023-08-07T05:30:11.314+0000] {dagbag.py:541} INFO - Filling up the DagBag from /opt/airflow/dags/7_da_weather/7_da_temps.py
[2023-08-07T05:30:11.581+0000] {processor.py:836} INFO - DAG(s) dict_keys(['7_da_temps']) retrieved from /opt/airflow/dags/7_da_weather/7_da_temps.py
[2023-08-07T05:30:11.595+0000] {logging_mixin.py:150} INFO - [2023-08-07T05:30:11.594+0000] {dag.py:2742} INFO - Sync 1 DAGs
[2023-08-07T05:30:11.603+0000] {logging_mixin.py:150} INFO - [2023-08-07T05:30:11.603+0000] {dag.py:3504} INFO - Setting next_dagrun for 7_da_temps to 2023-08-07T05:24:49.057537+00:00, run_after=2023-08-08T05:24:49.057537+00:00
[2023-08-07T05:30:11.611+0000] {processor.py:179} INFO - Processing /opt/airflow/dags/7_da_weather/7_da_temps.py took 0.305 seconds
[2023-08-07T05:30:41.938+0000] {processor.py:157} INFO - Started process (PID=10457) to work on /opt/airflow/dags/7_da_weather/7_da_temps.py
[2023-08-07T05:30:41.941+0000] {processor.py:826} INFO - Processing file /opt/airflow/dags/7_da_weather/7_da_temps.py for tasks to queue
[2023-08-07T05:30:41.943+0000] {logging_mixin.py:150} INFO - [2023-08-07T05:30:41.943+0000] {dagbag.py:541} INFO - Filling up the DagBag from /opt/airflow/dags/7_da_weather/7_da_temps.py
[2023-08-07T05:30:42.235+0000] {processor.py:836} INFO - DAG(s) dict_keys(['7_da_temps']) retrieved from /opt/airflow/dags/7_da_weather/7_da_temps.py
[2023-08-07T05:30:42.251+0000] {logging_mixin.py:150} INFO - [2023-08-07T05:30:42.251+0000] {dag.py:2742} INFO - Sync 1 DAGs
[2023-08-07T05:30:42.260+0000] {logging_mixin.py:150} INFO - [2023-08-07T05:30:42.260+0000] {dag.py:3504} INFO - Setting next_dagrun for 7_da_temps to 2023-08-07T05:24:49.057537+00:00, run_after=2023-08-08T05:24:49.057537+00:00
[2023-08-07T05:30:42.267+0000] {processor.py:179} INFO - Processing /opt/airflow/dags/7_da_weather/7_da_temps.py took 0.335 seconds
[2023-08-07T05:31:12.580+0000] {processor.py:157} INFO - Started process (PID=10470) to work on /opt/airflow/dags/7_da_weather/7_da_temps.py
[2023-08-07T05:31:12.584+0000] {processor.py:826} INFO - Processing file /opt/airflow/dags/7_da_weather/7_da_temps.py for tasks to queue
[2023-08-07T05:31:12.586+0000] {logging_mixin.py:150} INFO - [2023-08-07T05:31:12.585+0000] {dagbag.py:541} INFO - Filling up the DagBag from /opt/airflow/dags/7_da_weather/7_da_temps.py
[2023-08-07T05:31:12.897+0000] {processor.py:836} INFO - DAG(s) dict_keys(['7_da_temps']) retrieved from /opt/airflow/dags/7_da_weather/7_da_temps.py
[2023-08-07T05:31:12.915+0000] {logging_mixin.py:150} INFO - [2023-08-07T05:31:12.915+0000] {dag.py:2742} INFO - Sync 1 DAGs
[2023-08-07T05:31:12.926+0000] {logging_mixin.py:150} INFO - [2023-08-07T05:31:12.926+0000] {dag.py:3504} INFO - Setting next_dagrun for 7_da_temps to 2023-08-07T05:24:49.057537+00:00, run_after=2023-08-08T05:24:49.057537+00:00
[2023-08-07T05:31:12.934+0000] {processor.py:179} INFO - Processing /opt/airflow/dags/7_da_weather/7_da_temps.py took 0.363 seconds
[2023-08-07T05:31:43.237+0000] {processor.py:157} INFO - Started process (PID=10483) to work on /opt/airflow/dags/7_da_weather/7_da_temps.py
[2023-08-07T05:31:43.241+0000] {processor.py:826} INFO - Processing file /opt/airflow/dags/7_da_weather/7_da_temps.py for tasks to queue
[2023-08-07T05:31:43.243+0000] {logging_mixin.py:150} INFO - [2023-08-07T05:31:43.242+0000] {dagbag.py:541} INFO - Filling up the DagBag from /opt/airflow/dags/7_da_weather/7_da_temps.py
[2023-08-07T05:31:43.590+0000] {processor.py:836} INFO - DAG(s) dict_keys(['7_da_temps']) retrieved from /opt/airflow/dags/7_da_weather/7_da_temps.py
[2023-08-07T05:31:43.605+0000] {logging_mixin.py:150} INFO - [2023-08-07T05:31:43.605+0000] {dag.py:2742} INFO - Sync 1 DAGs
[2023-08-07T05:31:43.615+0000] {logging_mixin.py:150} INFO - [2023-08-07T05:31:43.614+0000] {dag.py:3504} INFO - Setting next_dagrun for 7_da_temps to 2023-08-07T05:24:49.057537+00:00, run_after=2023-08-08T05:24:49.057537+00:00
[2023-08-07T05:31:43.622+0000] {processor.py:179} INFO - Processing /opt/airflow/dags/7_da_weather/7_da_temps.py took 0.391 seconds
[2023-08-07T05:32:13.933+0000] {processor.py:157} INFO - Started process (PID=10496) to work on /opt/airflow/dags/7_da_weather/7_da_temps.py
[2023-08-07T05:32:13.936+0000] {processor.py:826} INFO - Processing file /opt/airflow/dags/7_da_weather/7_da_temps.py for tasks to queue
[2023-08-07T05:32:13.938+0000] {logging_mixin.py:150} INFO - [2023-08-07T05:32:13.937+0000] {dagbag.py:541} INFO - Filling up the DagBag from /opt/airflow/dags/7_da_weather/7_da_temps.py
[2023-08-07T05:32:14.213+0000] {processor.py:836} INFO - DAG(s) dict_keys(['7_da_temps']) retrieved from /opt/airflow/dags/7_da_weather/7_da_temps.py
[2023-08-07T05:32:14.226+0000] {logging_mixin.py:150} INFO - [2023-08-07T05:32:14.226+0000] {dag.py:2742} INFO - Sync 1 DAGs
[2023-08-07T05:32:14.235+0000] {logging_mixin.py:150} INFO - [2023-08-07T05:32:14.235+0000] {dag.py:3504} INFO - Setting next_dagrun for 7_da_temps to 2023-08-07T05:24:49.057537+00:00, run_after=2023-08-08T05:24:49.057537+00:00
[2023-08-07T05:32:14.242+0000] {processor.py:179} INFO - Processing /opt/airflow/dags/7_da_weather/7_da_temps.py took 0.316 seconds
[2023-08-07T05:32:44.538+0000] {processor.py:157} INFO - Started process (PID=10509) to work on /opt/airflow/dags/7_da_weather/7_da_temps.py
[2023-08-07T05:32:44.540+0000] {processor.py:826} INFO - Processing file /opt/airflow/dags/7_da_weather/7_da_temps.py for tasks to queue
[2023-08-07T05:32:44.542+0000] {logging_mixin.py:150} INFO - [2023-08-07T05:32:44.541+0000] {dagbag.py:541} INFO - Filling up the DagBag from /opt/airflow/dags/7_da_weather/7_da_temps.py
[2023-08-07T05:32:44.842+0000] {processor.py:836} INFO - DAG(s) dict_keys(['7_da_temps']) retrieved from /opt/airflow/dags/7_da_weather/7_da_temps.py
[2023-08-07T05:32:44.858+0000] {logging_mixin.py:150} INFO - [2023-08-07T05:32:44.858+0000] {dag.py:2742} INFO - Sync 1 DAGs
[2023-08-07T05:32:44.868+0000] {logging_mixin.py:150} INFO - [2023-08-07T05:32:44.868+0000] {dag.py:3504} INFO - Setting next_dagrun for 7_da_temps to 2023-08-07T05:24:49.057537+00:00, run_after=2023-08-08T05:24:49.057537+00:00
[2023-08-07T05:32:44.876+0000] {processor.py:179} INFO - Processing /opt/airflow/dags/7_da_weather/7_da_temps.py took 0.345 seconds
[2023-08-07T05:33:15.169+0000] {processor.py:157} INFO - Started process (PID=10522) to work on /opt/airflow/dags/7_da_weather/7_da_temps.py
[2023-08-07T05:33:15.172+0000] {processor.py:826} INFO - Processing file /opt/airflow/dags/7_da_weather/7_da_temps.py for tasks to queue
[2023-08-07T05:33:15.174+0000] {logging_mixin.py:150} INFO - [2023-08-07T05:33:15.173+0000] {dagbag.py:541} INFO - Filling up the DagBag from /opt/airflow/dags/7_da_weather/7_da_temps.py
[2023-08-07T05:33:15.477+0000] {processor.py:836} INFO - DAG(s) dict_keys(['7_da_temps']) retrieved from /opt/airflow/dags/7_da_weather/7_da_temps.py
[2023-08-07T05:33:15.493+0000] {logging_mixin.py:150} INFO - [2023-08-07T05:33:15.493+0000] {dag.py:2742} INFO - Sync 1 DAGs
[2023-08-07T05:33:15.504+0000] {logging_mixin.py:150} INFO - [2023-08-07T05:33:15.504+0000] {dag.py:3504} INFO - Setting next_dagrun for 7_da_temps to 2023-08-07T05:24:49.057537+00:00, run_after=2023-08-08T05:24:49.057537+00:00
[2023-08-07T05:33:15.513+0000] {processor.py:179} INFO - Processing /opt/airflow/dags/7_da_weather/7_da_temps.py took 0.351 seconds
[2023-08-07T05:33:45.850+0000] {processor.py:157} INFO - Started process (PID=10534) to work on /opt/airflow/dags/7_da_weather/7_da_temps.py
[2023-08-07T05:33:45.852+0000] {processor.py:826} INFO - Processing file /opt/airflow/dags/7_da_weather/7_da_temps.py for tasks to queue
[2023-08-07T05:33:45.854+0000] {logging_mixin.py:150} INFO - [2023-08-07T05:33:45.853+0000] {dagbag.py:541} INFO - Filling up the DagBag from /opt/airflow/dags/7_da_weather/7_da_temps.py
[2023-08-07T05:33:46.141+0000] {processor.py:836} INFO - DAG(s) dict_keys(['7_da_temps']) retrieved from /opt/airflow/dags/7_da_weather/7_da_temps.py
[2023-08-07T05:33:46.155+0000] {logging_mixin.py:150} INFO - [2023-08-07T05:33:46.155+0000] {dag.py:2742} INFO - Sync 1 DAGs
[2023-08-07T05:33:46.165+0000] {logging_mixin.py:150} INFO - [2023-08-07T05:33:46.165+0000] {dag.py:3504} INFO - Setting next_dagrun for 7_da_temps to 2023-08-07T05:24:49.057537+00:00, run_after=2023-08-08T05:24:49.057537+00:00
[2023-08-07T05:33:46.172+0000] {processor.py:179} INFO - Processing /opt/airflow/dags/7_da_weather/7_da_temps.py took 0.330 seconds
[2023-08-07T05:34:16.468+0000] {processor.py:157} INFO - Started process (PID=10547) to work on /opt/airflow/dags/7_da_weather/7_da_temps.py
[2023-08-07T05:34:16.471+0000] {processor.py:826} INFO - Processing file /opt/airflow/dags/7_da_weather/7_da_temps.py for tasks to queue
[2023-08-07T05:34:16.473+0000] {logging_mixin.py:150} INFO - [2023-08-07T05:34:16.472+0000] {dagbag.py:541} INFO - Filling up the DagBag from /opt/airflow/dags/7_da_weather/7_da_temps.py
[2023-08-07T05:34:16.809+0000] {processor.py:836} INFO - DAG(s) dict_keys(['7_da_temps']) retrieved from /opt/airflow/dags/7_da_weather/7_da_temps.py
[2023-08-07T05:34:16.824+0000] {logging_mixin.py:150} INFO - [2023-08-07T05:34:16.824+0000] {dag.py:2742} INFO - Sync 1 DAGs
[2023-08-07T05:34:16.833+0000] {logging_mixin.py:150} INFO - [2023-08-07T05:34:16.833+0000] {dag.py:3504} INFO - Setting next_dagrun for 7_da_temps to 2023-08-07T05:24:49.057537+00:00, run_after=2023-08-08T05:24:49.057537+00:00
[2023-08-07T05:34:16.840+0000] {processor.py:179} INFO - Processing /opt/airflow/dags/7_da_weather/7_da_temps.py took 0.378 seconds
[2023-08-07T05:34:47.103+0000] {processor.py:157} INFO - Started process (PID=10560) to work on /opt/airflow/dags/7_da_weather/7_da_temps.py
[2023-08-07T05:34:47.104+0000] {processor.py:826} INFO - Processing file /opt/airflow/dags/7_da_weather/7_da_temps.py for tasks to queue
[2023-08-07T05:34:47.105+0000] {logging_mixin.py:150} INFO - [2023-08-07T05:34:47.105+0000] {dagbag.py:541} INFO - Filling up the DagBag from /opt/airflow/dags/7_da_weather/7_da_temps.py
[2023-08-07T05:34:47.385+0000] {processor.py:836} INFO - DAG(s) dict_keys(['7_da_temps']) retrieved from /opt/airflow/dags/7_da_weather/7_da_temps.py
[2023-08-07T05:34:47.401+0000] {logging_mixin.py:150} INFO - [2023-08-07T05:34:47.401+0000] {dag.py:2742} INFO - Sync 1 DAGs
[2023-08-07T05:34:47.411+0000] {logging_mixin.py:150} INFO - [2023-08-07T05:34:47.411+0000] {dag.py:3504} INFO - Setting next_dagrun for 7_da_temps to 2023-08-07T05:24:49.057537+00:00, run_after=2023-08-08T05:24:49.057537+00:00
[2023-08-07T05:34:47.418+0000] {processor.py:179} INFO - Processing /opt/airflow/dags/7_da_weather/7_da_temps.py took 0.318 seconds
[2023-08-07T05:35:17.744+0000] {processor.py:157} INFO - Started process (PID=10574) to work on /opt/airflow/dags/7_da_weather/7_da_temps.py
[2023-08-07T05:35:17.747+0000] {processor.py:826} INFO - Processing file /opt/airflow/dags/7_da_weather/7_da_temps.py for tasks to queue
[2023-08-07T05:35:17.749+0000] {logging_mixin.py:150} INFO - [2023-08-07T05:35:17.748+0000] {dagbag.py:541} INFO - Filling up the DagBag from /opt/airflow/dags/7_da_weather/7_da_temps.py
[2023-08-07T05:35:18.053+0000] {processor.py:836} INFO - DAG(s) dict_keys(['7_da_temps']) retrieved from /opt/airflow/dags/7_da_weather/7_da_temps.py
[2023-08-07T05:35:18.069+0000] {logging_mixin.py:150} INFO - [2023-08-07T05:35:18.069+0000] {dag.py:2742} INFO - Sync 1 DAGs
[2023-08-07T05:35:18.078+0000] {logging_mixin.py:150} INFO - [2023-08-07T05:35:18.078+0000] {dag.py:3504} INFO - Setting next_dagrun for 7_da_temps to 2023-08-07T05:24:49.057537+00:00, run_after=2023-08-08T05:24:49.057537+00:00
[2023-08-07T05:35:18.085+0000] {processor.py:179} INFO - Processing /opt/airflow/dags/7_da_weather/7_da_temps.py took 0.348 seconds
[2023-08-07T05:35:48.389+0000] {processor.py:157} INFO - Started process (PID=10587) to work on /opt/airflow/dags/7_da_weather/7_da_temps.py
[2023-08-07T05:35:48.392+0000] {processor.py:826} INFO - Processing file /opt/airflow/dags/7_da_weather/7_da_temps.py for tasks to queue
[2023-08-07T05:35:48.393+0000] {logging_mixin.py:150} INFO - [2023-08-07T05:35:48.393+0000] {dagbag.py:541} INFO - Filling up the DagBag from /opt/airflow/dags/7_da_weather/7_da_temps.py
[2023-08-07T05:35:48.709+0000] {processor.py:836} INFO - DAG(s) dict_keys(['7_da_temps']) retrieved from /opt/airflow/dags/7_da_weather/7_da_temps.py
[2023-08-07T05:35:48.726+0000] {logging_mixin.py:150} INFO - [2023-08-07T05:35:48.725+0000] {dag.py:2742} INFO - Sync 1 DAGs
[2023-08-07T05:35:48.736+0000] {logging_mixin.py:150} INFO - [2023-08-07T05:35:48.736+0000] {dag.py:3504} INFO - Setting next_dagrun for 7_da_temps to 2023-08-07T05:24:49.057537+00:00, run_after=2023-08-08T05:24:49.057537+00:00
[2023-08-07T05:35:48.745+0000] {processor.py:179} INFO - Processing /opt/airflow/dags/7_da_weather/7_da_temps.py took 0.360 seconds
[2023-08-07T05:36:19.042+0000] {processor.py:157} INFO - Started process (PID=10600) to work on /opt/airflow/dags/7_da_weather/7_da_temps.py
[2023-08-07T05:36:19.044+0000] {processor.py:826} INFO - Processing file /opt/airflow/dags/7_da_weather/7_da_temps.py for tasks to queue
[2023-08-07T05:36:19.046+0000] {logging_mixin.py:150} INFO - [2023-08-07T05:36:19.045+0000] {dagbag.py:541} INFO - Filling up the DagBag from /opt/airflow/dags/7_da_weather/7_da_temps.py
[2023-08-07T05:36:19.361+0000] {processor.py:836} INFO - DAG(s) dict_keys(['7_da_temps']) retrieved from /opt/airflow/dags/7_da_weather/7_da_temps.py
[2023-08-07T05:36:19.377+0000] {logging_mixin.py:150} INFO - [2023-08-07T05:36:19.377+0000] {dag.py:2742} INFO - Sync 1 DAGs
[2023-08-07T05:36:19.387+0000] {logging_mixin.py:150} INFO - [2023-08-07T05:36:19.387+0000] {dag.py:3504} INFO - Setting next_dagrun for 7_da_temps to 2023-08-07T05:24:49.057537+00:00, run_after=2023-08-08T05:24:49.057537+00:00
[2023-08-07T05:36:19.395+0000] {processor.py:179} INFO - Processing /opt/airflow/dags/7_da_weather/7_da_temps.py took 0.359 seconds
[2023-08-07T05:36:49.703+0000] {processor.py:157} INFO - Started process (PID=10613) to work on /opt/airflow/dags/7_da_weather/7_da_temps.py
[2023-08-07T05:36:49.706+0000] {processor.py:826} INFO - Processing file /opt/airflow/dags/7_da_weather/7_da_temps.py for tasks to queue
[2023-08-07T05:36:49.709+0000] {logging_mixin.py:150} INFO - [2023-08-07T05:36:49.708+0000] {dagbag.py:541} INFO - Filling up the DagBag from /opt/airflow/dags/7_da_weather/7_da_temps.py
[2023-08-07T05:36:50.013+0000] {processor.py:836} INFO - DAG(s) dict_keys(['7_da_temps']) retrieved from /opt/airflow/dags/7_da_weather/7_da_temps.py
[2023-08-07T05:36:50.028+0000] {logging_mixin.py:150} INFO - [2023-08-07T05:36:50.028+0000] {dag.py:2742} INFO - Sync 1 DAGs
[2023-08-07T05:36:50.038+0000] {logging_mixin.py:150} INFO - [2023-08-07T05:36:50.038+0000] {dag.py:3504} INFO - Setting next_dagrun for 7_da_temps to 2023-08-07T05:24:49.057537+00:00, run_after=2023-08-08T05:24:49.057537+00:00
[2023-08-07T05:36:50.046+0000] {processor.py:179} INFO - Processing /opt/airflow/dags/7_da_weather/7_da_temps.py took 0.349 seconds
[2023-08-07T05:37:20.339+0000] {processor.py:157} INFO - Started process (PID=10626) to work on /opt/airflow/dags/7_da_weather/7_da_temps.py
[2023-08-07T05:37:20.342+0000] {processor.py:826} INFO - Processing file /opt/airflow/dags/7_da_weather/7_da_temps.py for tasks to queue
[2023-08-07T05:37:20.344+0000] {logging_mixin.py:150} INFO - [2023-08-07T05:37:20.343+0000] {dagbag.py:541} INFO - Filling up the DagBag from /opt/airflow/dags/7_da_weather/7_da_temps.py
[2023-08-07T05:37:20.747+0000] {processor.py:836} INFO - DAG(s) dict_keys(['7_da_temps']) retrieved from /opt/airflow/dags/7_da_weather/7_da_temps.py
[2023-08-07T05:37:20.765+0000] {logging_mixin.py:150} INFO - [2023-08-07T05:37:20.765+0000] {dag.py:2742} INFO - Sync 1 DAGs
[2023-08-07T05:37:20.776+0000] {logging_mixin.py:150} INFO - [2023-08-07T05:37:20.776+0000] {dag.py:3504} INFO - Setting next_dagrun for 7_da_temps to 2023-08-07T05:24:49.057537+00:00, run_after=2023-08-08T05:24:49.057537+00:00
[2023-08-07T05:37:20.784+0000] {processor.py:179} INFO - Processing /opt/airflow/dags/7_da_weather/7_da_temps.py took 0.449 seconds
[2023-08-07T05:37:51.068+0000] {processor.py:157} INFO - Started process (PID=10639) to work on /opt/airflow/dags/7_da_weather/7_da_temps.py
[2023-08-07T05:37:51.072+0000] {processor.py:826} INFO - Processing file /opt/airflow/dags/7_da_weather/7_da_temps.py for tasks to queue
[2023-08-07T05:37:51.074+0000] {logging_mixin.py:150} INFO - [2023-08-07T05:37:51.073+0000] {dagbag.py:541} INFO - Filling up the DagBag from /opt/airflow/dags/7_da_weather/7_da_temps.py
[2023-08-07T05:37:51.351+0000] {processor.py:836} INFO - DAG(s) dict_keys(['7_da_temps']) retrieved from /opt/airflow/dags/7_da_weather/7_da_temps.py
[2023-08-07T05:37:51.367+0000] {logging_mixin.py:150} INFO - [2023-08-07T05:37:51.367+0000] {dag.py:2742} INFO - Sync 1 DAGs
[2023-08-07T05:37:51.377+0000] {logging_mixin.py:150} INFO - [2023-08-07T05:37:51.377+0000] {dag.py:3504} INFO - Setting next_dagrun for 7_da_temps to 2023-08-07T05:24:49.057537+00:00, run_after=2023-08-08T05:24:49.057537+00:00
[2023-08-07T05:37:51.384+0000] {processor.py:179} INFO - Processing /opt/airflow/dags/7_da_weather/7_da_temps.py took 0.322 seconds
[2023-08-07T05:38:21.693+0000] {processor.py:157} INFO - Started process (PID=10652) to work on /opt/airflow/dags/7_da_weather/7_da_temps.py
[2023-08-07T05:38:21.697+0000] {processor.py:826} INFO - Processing file /opt/airflow/dags/7_da_weather/7_da_temps.py for tasks to queue
[2023-08-07T05:38:21.699+0000] {logging_mixin.py:150} INFO - [2023-08-07T05:38:21.698+0000] {dagbag.py:541} INFO - Filling up the DagBag from /opt/airflow/dags/7_da_weather/7_da_temps.py
[2023-08-07T05:38:21.996+0000] {processor.py:836} INFO - DAG(s) dict_keys(['7_da_temps']) retrieved from /opt/airflow/dags/7_da_weather/7_da_temps.py
[2023-08-07T05:38:22.011+0000] {logging_mixin.py:150} INFO - [2023-08-07T05:38:22.010+0000] {dag.py:2742} INFO - Sync 1 DAGs
[2023-08-07T05:38:22.020+0000] {logging_mixin.py:150} INFO - [2023-08-07T05:38:22.020+0000] {dag.py:3504} INFO - Setting next_dagrun for 7_da_temps to 2023-08-07T05:24:49.057537+00:00, run_after=2023-08-08T05:24:49.057537+00:00
[2023-08-07T05:38:22.027+0000] {processor.py:179} INFO - Processing /opt/airflow/dags/7_da_weather/7_da_temps.py took 0.341 seconds
[2023-08-07T05:38:52.327+0000] {processor.py:157} INFO - Started process (PID=10665) to work on /opt/airflow/dags/7_da_weather/7_da_temps.py
[2023-08-07T05:38:52.330+0000] {processor.py:826} INFO - Processing file /opt/airflow/dags/7_da_weather/7_da_temps.py for tasks to queue
[2023-08-07T05:38:52.331+0000] {logging_mixin.py:150} INFO - [2023-08-07T05:38:52.330+0000] {dagbag.py:541} INFO - Filling up the DagBag from /opt/airflow/dags/7_da_weather/7_da_temps.py
[2023-08-07T05:38:52.641+0000] {processor.py:836} INFO - DAG(s) dict_keys(['7_da_temps']) retrieved from /opt/airflow/dags/7_da_weather/7_da_temps.py
[2023-08-07T05:38:52.655+0000] {logging_mixin.py:150} INFO - [2023-08-07T05:38:52.654+0000] {dag.py:2742} INFO - Sync 1 DAGs
[2023-08-07T05:38:52.663+0000] {logging_mixin.py:150} INFO - [2023-08-07T05:38:52.663+0000] {dag.py:3504} INFO - Setting next_dagrun for 7_da_temps to 2023-08-07T05:24:49.057537+00:00, run_after=2023-08-08T05:24:49.057537+00:00
[2023-08-07T05:38:52.670+0000] {processor.py:179} INFO - Processing /opt/airflow/dags/7_da_weather/7_da_temps.py took 0.348 seconds
[2023-08-07T05:39:22.959+0000] {processor.py:157} INFO - Started process (PID=10678) to work on /opt/airflow/dags/7_da_weather/7_da_temps.py
[2023-08-07T05:39:22.960+0000] {processor.py:826} INFO - Processing file /opt/airflow/dags/7_da_weather/7_da_temps.py for tasks to queue
[2023-08-07T05:39:22.962+0000] {logging_mixin.py:150} INFO - [2023-08-07T05:39:22.962+0000] {dagbag.py:541} INFO - Filling up the DagBag from /opt/airflow/dags/7_da_weather/7_da_temps.py
[2023-08-07T05:39:23.279+0000] {processor.py:836} INFO - DAG(s) dict_keys(['7_da_temps']) retrieved from /opt/airflow/dags/7_da_weather/7_da_temps.py
[2023-08-07T05:39:23.296+0000] {logging_mixin.py:150} INFO - [2023-08-07T05:39:23.296+0000] {dag.py:2742} INFO - Sync 1 DAGs
[2023-08-07T05:39:23.308+0000] {logging_mixin.py:150} INFO - [2023-08-07T05:39:23.308+0000] {dag.py:3504} INFO - Setting next_dagrun for 7_da_temps to 2023-08-07T05:24:49.057537+00:00, run_after=2023-08-08T05:24:49.057537+00:00
[2023-08-07T05:39:23.316+0000] {processor.py:179} INFO - Processing /opt/airflow/dags/7_da_weather/7_da_temps.py took 0.360 seconds
[2023-08-07T05:39:53.634+0000] {processor.py:157} INFO - Started process (PID=10691) to work on /opt/airflow/dags/7_da_weather/7_da_temps.py
[2023-08-07T05:39:53.635+0000] {processor.py:826} INFO - Processing file /opt/airflow/dags/7_da_weather/7_da_temps.py for tasks to queue
[2023-08-07T05:39:53.637+0000] {logging_mixin.py:150} INFO - [2023-08-07T05:39:53.637+0000] {dagbag.py:541} INFO - Filling up the DagBag from /opt/airflow/dags/7_da_weather/7_da_temps.py
[2023-08-07T05:39:53.917+0000] {processor.py:836} INFO - DAG(s) dict_keys(['7_da_temps']) retrieved from /opt/airflow/dags/7_da_weather/7_da_temps.py
[2023-08-07T05:39:53.930+0000] {logging_mixin.py:150} INFO - [2023-08-07T05:39:53.930+0000] {dag.py:2742} INFO - Sync 1 DAGs
[2023-08-07T05:39:53.939+0000] {logging_mixin.py:150} INFO - [2023-08-07T05:39:53.939+0000] {dag.py:3504} INFO - Setting next_dagrun for 7_da_temps to 2023-08-07T05:24:49.057537+00:00, run_after=2023-08-08T05:24:49.057537+00:00
[2023-08-07T05:39:53.946+0000] {processor.py:179} INFO - Processing /opt/airflow/dags/7_da_weather/7_da_temps.py took 0.319 seconds
[2023-08-07T05:40:24.267+0000] {processor.py:157} INFO - Started process (PID=10704) to work on /opt/airflow/dags/7_da_weather/7_da_temps.py
[2023-08-07T05:40:24.270+0000] {processor.py:826} INFO - Processing file /opt/airflow/dags/7_da_weather/7_da_temps.py for tasks to queue
[2023-08-07T05:40:24.271+0000] {logging_mixin.py:150} INFO - [2023-08-07T05:40:24.271+0000] {dagbag.py:541} INFO - Filling up the DagBag from /opt/airflow/dags/7_da_weather/7_da_temps.py
[2023-08-07T05:40:24.543+0000] {processor.py:836} INFO - DAG(s) dict_keys(['7_da_temps']) retrieved from /opt/airflow/dags/7_da_weather/7_da_temps.py
[2023-08-07T05:40:24.558+0000] {logging_mixin.py:150} INFO - [2023-08-07T05:40:24.557+0000] {dag.py:2742} INFO - Sync 1 DAGs
[2023-08-07T05:40:24.566+0000] {logging_mixin.py:150} INFO - [2023-08-07T05:40:24.566+0000] {dag.py:3504} INFO - Setting next_dagrun for 7_da_temps to 2023-08-07T05:24:49.057537+00:00, run_after=2023-08-08T05:24:49.057537+00:00
[2023-08-07T05:40:24.573+0000] {processor.py:179} INFO - Processing /opt/airflow/dags/7_da_weather/7_da_temps.py took 0.311 seconds
[2023-08-07T05:40:54.855+0000] {processor.py:157} INFO - Started process (PID=10718) to work on /opt/airflow/dags/7_da_weather/7_da_temps.py
[2023-08-07T05:40:54.857+0000] {processor.py:826} INFO - Processing file /opt/airflow/dags/7_da_weather/7_da_temps.py for tasks to queue
[2023-08-07T05:40:54.858+0000] {logging_mixin.py:150} INFO - [2023-08-07T05:40:54.857+0000] {dagbag.py:541} INFO - Filling up the DagBag from /opt/airflow/dags/7_da_weather/7_da_temps.py
[2023-08-07T05:40:55.189+0000] {processor.py:836} INFO - DAG(s) dict_keys(['7_da_temps']) retrieved from /opt/airflow/dags/7_da_weather/7_da_temps.py
[2023-08-07T05:40:55.205+0000] {logging_mixin.py:150} INFO - [2023-08-07T05:40:55.204+0000] {dag.py:2742} INFO - Sync 1 DAGs
[2023-08-07T05:40:55.214+0000] {logging_mixin.py:150} INFO - [2023-08-07T05:40:55.214+0000] {dag.py:3504} INFO - Setting next_dagrun for 7_da_temps to 2023-08-07T05:24:49.057537+00:00, run_after=2023-08-08T05:24:49.057537+00:00
[2023-08-07T05:40:55.222+0000] {processor.py:179} INFO - Processing /opt/airflow/dags/7_da_weather/7_da_temps.py took 0.370 seconds
[2023-08-07T05:41:25.512+0000] {processor.py:157} INFO - Started process (PID=10731) to work on /opt/airflow/dags/7_da_weather/7_da_temps.py
[2023-08-07T05:41:25.513+0000] {processor.py:826} INFO - Processing file /opt/airflow/dags/7_da_weather/7_da_temps.py for tasks to queue
[2023-08-07T05:41:25.514+0000] {logging_mixin.py:150} INFO - [2023-08-07T05:41:25.514+0000] {dagbag.py:541} INFO - Filling up the DagBag from /opt/airflow/dags/7_da_weather/7_da_temps.py
[2023-08-07T05:41:25.862+0000] {processor.py:836} INFO - DAG(s) dict_keys(['7_da_temps']) retrieved from /opt/airflow/dags/7_da_weather/7_da_temps.py
[2023-08-07T05:41:25.883+0000] {logging_mixin.py:150} INFO - [2023-08-07T05:41:25.882+0000] {dag.py:2742} INFO - Sync 1 DAGs
[2023-08-07T05:41:25.893+0000] {logging_mixin.py:150} INFO - [2023-08-07T05:41:25.893+0000] {dag.py:3504} INFO - Setting next_dagrun for 7_da_temps to 2023-08-07T05:24:49.057537+00:00, run_after=2023-08-08T05:24:49.057537+00:00
[2023-08-07T05:41:25.901+0000] {processor.py:179} INFO - Processing /opt/airflow/dags/7_da_weather/7_da_temps.py took 0.391 seconds
[2023-08-07T05:41:56.152+0000] {processor.py:157} INFO - Started process (PID=10744) to work on /opt/airflow/dags/7_da_weather/7_da_temps.py
[2023-08-07T05:41:56.153+0000] {processor.py:826} INFO - Processing file /opt/airflow/dags/7_da_weather/7_da_temps.py for tasks to queue
[2023-08-07T05:41:56.154+0000] {logging_mixin.py:150} INFO - [2023-08-07T05:41:56.154+0000] {dagbag.py:541} INFO - Filling up the DagBag from /opt/airflow/dags/7_da_weather/7_da_temps.py
[2023-08-07T05:41:56.510+0000] {processor.py:836} INFO - DAG(s) dict_keys(['7_da_temps']) retrieved from /opt/airflow/dags/7_da_weather/7_da_temps.py
[2023-08-07T05:41:56.528+0000] {logging_mixin.py:150} INFO - [2023-08-07T05:41:56.527+0000] {dag.py:2742} INFO - Sync 1 DAGs
[2023-08-07T05:41:56.542+0000] {logging_mixin.py:150} INFO - [2023-08-07T05:41:56.541+0000] {dag.py:3504} INFO - Setting next_dagrun for 7_da_temps to 2023-08-07T05:24:49.057537+00:00, run_after=2023-08-08T05:24:49.057537+00:00
[2023-08-07T05:41:56.549+0000] {processor.py:179} INFO - Processing /opt/airflow/dags/7_da_weather/7_da_temps.py took 0.401 seconds
[2023-08-07T05:42:26.810+0000] {processor.py:157} INFO - Started process (PID=10757) to work on /opt/airflow/dags/7_da_weather/7_da_temps.py
[2023-08-07T05:42:26.811+0000] {processor.py:826} INFO - Processing file /opt/airflow/dags/7_da_weather/7_da_temps.py for tasks to queue
[2023-08-07T05:42:26.813+0000] {logging_mixin.py:150} INFO - [2023-08-07T05:42:26.813+0000] {dagbag.py:541} INFO - Filling up the DagBag from /opt/airflow/dags/7_da_weather/7_da_temps.py
[2023-08-07T05:42:27.216+0000] {processor.py:836} INFO - DAG(s) dict_keys(['7_da_temps']) retrieved from /opt/airflow/dags/7_da_weather/7_da_temps.py
[2023-08-07T05:42:27.231+0000] {logging_mixin.py:150} INFO - [2023-08-07T05:42:27.231+0000] {dag.py:2742} INFO - Sync 1 DAGs
[2023-08-07T05:42:27.241+0000] {logging_mixin.py:150} INFO - [2023-08-07T05:42:27.241+0000] {dag.py:3504} INFO - Setting next_dagrun for 7_da_temps to 2023-08-07T05:24:49.057537+00:00, run_after=2023-08-08T05:24:49.057537+00:00
[2023-08-07T05:42:27.249+0000] {processor.py:179} INFO - Processing /opt/airflow/dags/7_da_weather/7_da_temps.py took 0.443 seconds
[2023-08-07T05:42:57.537+0000] {processor.py:157} INFO - Started process (PID=10770) to work on /opt/airflow/dags/7_da_weather/7_da_temps.py
[2023-08-07T05:42:57.540+0000] {processor.py:826} INFO - Processing file /opt/airflow/dags/7_da_weather/7_da_temps.py for tasks to queue
[2023-08-07T05:42:57.541+0000] {logging_mixin.py:150} INFO - [2023-08-07T05:42:57.541+0000] {dagbag.py:541} INFO - Filling up the DagBag from /opt/airflow/dags/7_da_weather/7_da_temps.py
[2023-08-07T05:42:57.900+0000] {processor.py:836} INFO - DAG(s) dict_keys(['7_da_temps']) retrieved from /opt/airflow/dags/7_da_weather/7_da_temps.py
[2023-08-07T05:42:57.915+0000] {logging_mixin.py:150} INFO - [2023-08-07T05:42:57.914+0000] {dag.py:2742} INFO - Sync 1 DAGs
[2023-08-07T05:42:57.925+0000] {logging_mixin.py:150} INFO - [2023-08-07T05:42:57.925+0000] {dag.py:3504} INFO - Setting next_dagrun for 7_da_temps to 2023-08-07T05:24:49.057537+00:00, run_after=2023-08-08T05:24:49.057537+00:00
[2023-08-07T05:42:57.933+0000] {processor.py:179} INFO - Processing /opt/airflow/dags/7_da_weather/7_da_temps.py took 0.400 seconds
[2023-08-07T05:43:28.226+0000] {processor.py:157} INFO - Started process (PID=10783) to work on /opt/airflow/dags/7_da_weather/7_da_temps.py
[2023-08-07T05:43:28.229+0000] {processor.py:826} INFO - Processing file /opt/airflow/dags/7_da_weather/7_da_temps.py for tasks to queue
[2023-08-07T05:43:28.231+0000] {logging_mixin.py:150} INFO - [2023-08-07T05:43:28.230+0000] {dagbag.py:541} INFO - Filling up the DagBag from /opt/airflow/dags/7_da_weather/7_da_temps.py
[2023-08-07T05:43:28.571+0000] {processor.py:836} INFO - DAG(s) dict_keys(['7_da_temps']) retrieved from /opt/airflow/dags/7_da_weather/7_da_temps.py
[2023-08-07T05:43:28.586+0000] {logging_mixin.py:150} INFO - [2023-08-07T05:43:28.586+0000] {dag.py:2742} INFO - Sync 1 DAGs
[2023-08-07T05:43:28.596+0000] {logging_mixin.py:150} INFO - [2023-08-07T05:43:28.596+0000] {dag.py:3504} INFO - Setting next_dagrun for 7_da_temps to 2023-08-07T05:24:49.057537+00:00, run_after=2023-08-08T05:24:49.057537+00:00
[2023-08-07T05:43:28.604+0000] {processor.py:179} INFO - Processing /opt/airflow/dags/7_da_weather/7_da_temps.py took 0.384 seconds
[2023-08-07T05:43:58.908+0000] {processor.py:157} INFO - Started process (PID=10796) to work on /opt/airflow/dags/7_da_weather/7_da_temps.py
[2023-08-07T05:43:58.910+0000] {processor.py:826} INFO - Processing file /opt/airflow/dags/7_da_weather/7_da_temps.py for tasks to queue
[2023-08-07T05:43:58.911+0000] {logging_mixin.py:150} INFO - [2023-08-07T05:43:58.911+0000] {dagbag.py:541} INFO - Filling up the DagBag from /opt/airflow/dags/7_da_weather/7_da_temps.py
[2023-08-07T05:43:59.237+0000] {processor.py:836} INFO - DAG(s) dict_keys(['7_da_temps']) retrieved from /opt/airflow/dags/7_da_weather/7_da_temps.py
[2023-08-07T05:43:59.252+0000] {logging_mixin.py:150} INFO - [2023-08-07T05:43:59.252+0000] {dag.py:2742} INFO - Sync 1 DAGs
[2023-08-07T05:43:59.261+0000] {logging_mixin.py:150} INFO - [2023-08-07T05:43:59.261+0000] {dag.py:3504} INFO - Setting next_dagrun for 7_da_temps to 2023-08-07T05:24:49.057537+00:00, run_after=2023-08-08T05:24:49.057537+00:00
[2023-08-07T05:43:59.269+0000] {processor.py:179} INFO - Processing /opt/airflow/dags/7_da_weather/7_da_temps.py took 0.367 seconds
[2023-08-07T05:44:29.566+0000] {processor.py:157} INFO - Started process (PID=10809) to work on /opt/airflow/dags/7_da_weather/7_da_temps.py
[2023-08-07T05:44:29.568+0000] {processor.py:826} INFO - Processing file /opt/airflow/dags/7_da_weather/7_da_temps.py for tasks to queue
[2023-08-07T05:44:29.571+0000] {logging_mixin.py:150} INFO - [2023-08-07T05:44:29.570+0000] {dagbag.py:541} INFO - Filling up the DagBag from /opt/airflow/dags/7_da_weather/7_da_temps.py
[2023-08-07T05:44:29.842+0000] {processor.py:836} INFO - DAG(s) dict_keys(['7_da_temps']) retrieved from /opt/airflow/dags/7_da_weather/7_da_temps.py
[2023-08-07T05:44:29.857+0000] {logging_mixin.py:150} INFO - [2023-08-07T05:44:29.856+0000] {dag.py:2742} INFO - Sync 1 DAGs
[2023-08-07T05:44:29.865+0000] {logging_mixin.py:150} INFO - [2023-08-07T05:44:29.865+0000] {dag.py:3504} INFO - Setting next_dagrun for 7_da_temps to 2023-08-07T05:24:49.057537+00:00, run_after=2023-08-08T05:24:49.057537+00:00
[2023-08-07T05:44:29.872+0000] {processor.py:179} INFO - Processing /opt/airflow/dags/7_da_weather/7_da_temps.py took 0.313 seconds
[2023-08-07T05:45:00.162+0000] {processor.py:157} INFO - Started process (PID=10822) to work on /opt/airflow/dags/7_da_weather/7_da_temps.py
[2023-08-07T05:45:00.164+0000] {processor.py:826} INFO - Processing file /opt/airflow/dags/7_da_weather/7_da_temps.py for tasks to queue
[2023-08-07T05:45:00.165+0000] {logging_mixin.py:150} INFO - [2023-08-07T05:45:00.165+0000] {dagbag.py:541} INFO - Filling up the DagBag from /opt/airflow/dags/7_da_weather/7_da_temps.py
[2023-08-07T05:45:00.488+0000] {processor.py:836} INFO - DAG(s) dict_keys(['7_da_temps']) retrieved from /opt/airflow/dags/7_da_weather/7_da_temps.py
[2023-08-07T05:45:00.503+0000] {logging_mixin.py:150} INFO - [2023-08-07T05:45:00.503+0000] {dag.py:2742} INFO - Sync 1 DAGs
[2023-08-07T05:45:00.514+0000] {logging_mixin.py:150} INFO - [2023-08-07T05:45:00.514+0000] {dag.py:3504} INFO - Setting next_dagrun for 7_da_temps to 2023-08-07T05:24:49.057537+00:00, run_after=2023-08-08T05:24:49.057537+00:00
[2023-08-07T05:45:00.523+0000] {processor.py:179} INFO - Processing /opt/airflow/dags/7_da_weather/7_da_temps.py took 0.366 seconds
[2023-08-07T05:45:30.838+0000] {processor.py:157} INFO - Started process (PID=10835) to work on /opt/airflow/dags/7_da_weather/7_da_temps.py
[2023-08-07T05:45:30.841+0000] {processor.py:826} INFO - Processing file /opt/airflow/dags/7_da_weather/7_da_temps.py for tasks to queue
[2023-08-07T05:45:30.843+0000] {logging_mixin.py:150} INFO - [2023-08-07T05:45:30.842+0000] {dagbag.py:541} INFO - Filling up the DagBag from /opt/airflow/dags/7_da_weather/7_da_temps.py
[2023-08-07T05:45:31.173+0000] {processor.py:836} INFO - DAG(s) dict_keys(['7_da_temps']) retrieved from /opt/airflow/dags/7_da_weather/7_da_temps.py
[2023-08-07T05:45:31.187+0000] {logging_mixin.py:150} INFO - [2023-08-07T05:45:31.187+0000] {dag.py:2742} INFO - Sync 1 DAGs
[2023-08-07T05:45:31.197+0000] {logging_mixin.py:150} INFO - [2023-08-07T05:45:31.197+0000] {dag.py:3504} INFO - Setting next_dagrun for 7_da_temps to 2023-08-07T05:24:49.057537+00:00, run_after=2023-08-08T05:24:49.057537+00:00
[2023-08-07T05:45:31.205+0000] {processor.py:179} INFO - Processing /opt/airflow/dags/7_da_weather/7_da_temps.py took 0.372 seconds
[2023-08-07T05:46:01.535+0000] {processor.py:157} INFO - Started process (PID=10848) to work on /opt/airflow/dags/7_da_weather/7_da_temps.py
[2023-08-07T05:46:01.538+0000] {processor.py:826} INFO - Processing file /opt/airflow/dags/7_da_weather/7_da_temps.py for tasks to queue
[2023-08-07T05:46:01.540+0000] {logging_mixin.py:150} INFO - [2023-08-07T05:46:01.540+0000] {dagbag.py:541} INFO - Filling up the DagBag from /opt/airflow/dags/7_da_weather/7_da_temps.py
[2023-08-07T05:46:01.917+0000] {processor.py:836} INFO - DAG(s) dict_keys(['7_da_temps']) retrieved from /opt/airflow/dags/7_da_weather/7_da_temps.py
[2023-08-07T05:46:01.932+0000] {logging_mixin.py:150} INFO - [2023-08-07T05:46:01.932+0000] {dag.py:2742} INFO - Sync 1 DAGs
[2023-08-07T05:46:01.943+0000] {logging_mixin.py:150} INFO - [2023-08-07T05:46:01.943+0000] {dag.py:3504} INFO - Setting next_dagrun for 7_da_temps to 2023-08-07T05:24:49.057537+00:00, run_after=2023-08-08T05:24:49.057537+00:00
[2023-08-07T05:46:01.951+0000] {processor.py:179} INFO - Processing /opt/airflow/dags/7_da_weather/7_da_temps.py took 0.424 seconds
[2023-08-07T05:46:32.265+0000] {processor.py:157} INFO - Started process (PID=10861) to work on /opt/airflow/dags/7_da_weather/7_da_temps.py
[2023-08-07T05:46:32.268+0000] {processor.py:826} INFO - Processing file /opt/airflow/dags/7_da_weather/7_da_temps.py for tasks to queue
[2023-08-07T05:46:32.270+0000] {logging_mixin.py:150} INFO - [2023-08-07T05:46:32.269+0000] {dagbag.py:541} INFO - Filling up the DagBag from /opt/airflow/dags/7_da_weather/7_da_temps.py
[2023-08-07T05:46:32.639+0000] {processor.py:836} INFO - DAG(s) dict_keys(['7_da_temps']) retrieved from /opt/airflow/dags/7_da_weather/7_da_temps.py
[2023-08-07T05:46:32.656+0000] {logging_mixin.py:150} INFO - [2023-08-07T05:46:32.656+0000] {dag.py:2742} INFO - Sync 1 DAGs
[2023-08-07T05:46:32.667+0000] {logging_mixin.py:150} INFO - [2023-08-07T05:46:32.667+0000] {dag.py:3504} INFO - Setting next_dagrun for 7_da_temps to 2023-08-07T05:24:49.057537+00:00, run_after=2023-08-08T05:24:49.057537+00:00
[2023-08-07T05:46:32.675+0000] {processor.py:179} INFO - Processing /opt/airflow/dags/7_da_weather/7_da_temps.py took 0.418 seconds
[2023-08-07T05:47:02.971+0000] {processor.py:157} INFO - Started process (PID=10874) to work on /opt/airflow/dags/7_da_weather/7_da_temps.py
[2023-08-07T05:47:02.974+0000] {processor.py:826} INFO - Processing file /opt/airflow/dags/7_da_weather/7_da_temps.py for tasks to queue
[2023-08-07T05:47:02.976+0000] {logging_mixin.py:150} INFO - [2023-08-07T05:47:02.975+0000] {dagbag.py:541} INFO - Filling up the DagBag from /opt/airflow/dags/7_da_weather/7_da_temps.py
[2023-08-07T05:47:03.322+0000] {processor.py:836} INFO - DAG(s) dict_keys(['7_da_temps']) retrieved from /opt/airflow/dags/7_da_weather/7_da_temps.py
[2023-08-07T05:47:03.339+0000] {logging_mixin.py:150} INFO - [2023-08-07T05:47:03.338+0000] {dag.py:2742} INFO - Sync 1 DAGs
[2023-08-07T05:47:03.350+0000] {logging_mixin.py:150} INFO - [2023-08-07T05:47:03.350+0000] {dag.py:3504} INFO - Setting next_dagrun for 7_da_temps to 2023-08-07T05:24:49.057537+00:00, run_after=2023-08-08T05:24:49.057537+00:00
[2023-08-07T05:47:03.357+0000] {processor.py:179} INFO - Processing /opt/airflow/dags/7_da_weather/7_da_temps.py took 0.394 seconds
[2023-08-07T05:47:33.650+0000] {processor.py:157} INFO - Started process (PID=10887) to work on /opt/airflow/dags/7_da_weather/7_da_temps.py
[2023-08-07T05:47:33.652+0000] {processor.py:826} INFO - Processing file /opt/airflow/dags/7_da_weather/7_da_temps.py for tasks to queue
[2023-08-07T05:47:33.654+0000] {logging_mixin.py:150} INFO - [2023-08-07T05:47:33.653+0000] {dagbag.py:541} INFO - Filling up the DagBag from /opt/airflow/dags/7_da_weather/7_da_temps.py
[2023-08-07T05:47:33.981+0000] {processor.py:836} INFO - DAG(s) dict_keys(['7_da_temps']) retrieved from /opt/airflow/dags/7_da_weather/7_da_temps.py
[2023-08-07T05:47:33.996+0000] {logging_mixin.py:150} INFO - [2023-08-07T05:47:33.996+0000] {dag.py:2742} INFO - Sync 1 DAGs
[2023-08-07T05:47:34.005+0000] {logging_mixin.py:150} INFO - [2023-08-07T05:47:34.005+0000] {dag.py:3504} INFO - Setting next_dagrun for 7_da_temps to 2023-08-07T05:24:49.057537+00:00, run_after=2023-08-08T05:24:49.057537+00:00
[2023-08-07T05:47:34.013+0000] {processor.py:179} INFO - Processing /opt/airflow/dags/7_da_weather/7_da_temps.py took 0.369 seconds
[2023-08-07T05:48:04.319+0000] {processor.py:157} INFO - Started process (PID=10900) to work on /opt/airflow/dags/7_da_weather/7_da_temps.py
[2023-08-07T05:48:04.320+0000] {processor.py:826} INFO - Processing file /opt/airflow/dags/7_da_weather/7_da_temps.py for tasks to queue
[2023-08-07T05:48:04.322+0000] {logging_mixin.py:150} INFO - [2023-08-07T05:48:04.322+0000] {dagbag.py:541} INFO - Filling up the DagBag from /opt/airflow/dags/7_da_weather/7_da_temps.py
[2023-08-07T05:48:04.651+0000] {processor.py:836} INFO - DAG(s) dict_keys(['7_da_temps']) retrieved from /opt/airflow/dags/7_da_weather/7_da_temps.py
[2023-08-07T05:48:04.667+0000] {logging_mixin.py:150} INFO - [2023-08-07T05:48:04.667+0000] {dag.py:2742} INFO - Sync 1 DAGs
[2023-08-07T05:48:04.679+0000] {logging_mixin.py:150} INFO - [2023-08-07T05:48:04.679+0000] {dag.py:3504} INFO - Setting next_dagrun for 7_da_temps to 2023-08-07T05:24:49.057537+00:00, run_after=2023-08-08T05:24:49.057537+00:00
[2023-08-07T05:48:04.689+0000] {processor.py:179} INFO - Processing /opt/airflow/dags/7_da_weather/7_da_temps.py took 0.377 seconds
[2023-08-07T05:48:34.962+0000] {processor.py:157} INFO - Started process (PID=10913) to work on /opt/airflow/dags/7_da_weather/7_da_temps.py
[2023-08-07T05:48:34.963+0000] {processor.py:826} INFO - Processing file /opt/airflow/dags/7_da_weather/7_da_temps.py for tasks to queue
[2023-08-07T05:48:34.965+0000] {logging_mixin.py:150} INFO - [2023-08-07T05:48:34.965+0000] {dagbag.py:541} INFO - Filling up the DagBag from /opt/airflow/dags/7_da_weather/7_da_temps.py
[2023-08-07T05:48:35.338+0000] {processor.py:836} INFO - DAG(s) dict_keys(['7_da_temps']) retrieved from /opt/airflow/dags/7_da_weather/7_da_temps.py
[2023-08-07T05:48:35.352+0000] {logging_mixin.py:150} INFO - [2023-08-07T05:48:35.352+0000] {dag.py:2742} INFO - Sync 1 DAGs
[2023-08-07T05:48:35.361+0000] {logging_mixin.py:150} INFO - [2023-08-07T05:48:35.361+0000] {dag.py:3504} INFO - Setting next_dagrun for 7_da_temps to 2023-08-07T05:24:49.057537+00:00, run_after=2023-08-08T05:24:49.057537+00:00
[2023-08-07T05:48:35.367+0000] {processor.py:179} INFO - Processing /opt/airflow/dags/7_da_weather/7_da_temps.py took 0.411 seconds
[2023-08-07T05:49:05.670+0000] {processor.py:157} INFO - Started process (PID=10926) to work on /opt/airflow/dags/7_da_weather/7_da_temps.py
[2023-08-07T05:49:05.672+0000] {processor.py:826} INFO - Processing file /opt/airflow/dags/7_da_weather/7_da_temps.py for tasks to queue
[2023-08-07T05:49:05.674+0000] {logging_mixin.py:150} INFO - [2023-08-07T05:49:05.673+0000] {dagbag.py:541} INFO - Filling up the DagBag from /opt/airflow/dags/7_da_weather/7_da_temps.py
[2023-08-07T05:49:05.990+0000] {processor.py:836} INFO - DAG(s) dict_keys(['7_da_temps']) retrieved from /opt/airflow/dags/7_da_weather/7_da_temps.py
[2023-08-07T05:49:06.004+0000] {logging_mixin.py:150} INFO - [2023-08-07T05:49:06.003+0000] {dag.py:2742} INFO - Sync 1 DAGs
[2023-08-07T05:49:06.013+0000] {logging_mixin.py:150} INFO - [2023-08-07T05:49:06.013+0000] {dag.py:3504} INFO - Setting next_dagrun for 7_da_temps to 2023-08-07T05:24:49.057537+00:00, run_after=2023-08-08T05:24:49.057537+00:00
[2023-08-07T05:49:06.020+0000] {processor.py:179} INFO - Processing /opt/airflow/dags/7_da_weather/7_da_temps.py took 0.357 seconds
[2023-08-07T05:49:36.300+0000] {processor.py:157} INFO - Started process (PID=10939) to work on /opt/airflow/dags/7_da_weather/7_da_temps.py
[2023-08-07T05:49:36.302+0000] {processor.py:826} INFO - Processing file /opt/airflow/dags/7_da_weather/7_da_temps.py for tasks to queue
[2023-08-07T05:49:36.303+0000] {logging_mixin.py:150} INFO - [2023-08-07T05:49:36.303+0000] {dagbag.py:541} INFO - Filling up the DagBag from /opt/airflow/dags/7_da_weather/7_da_temps.py
[2023-08-07T05:49:36.595+0000] {processor.py:836} INFO - DAG(s) dict_keys(['7_da_temps']) retrieved from /opt/airflow/dags/7_da_weather/7_da_temps.py
[2023-08-07T05:49:36.611+0000] {logging_mixin.py:150} INFO - [2023-08-07T05:49:36.611+0000] {dag.py:2742} INFO - Sync 1 DAGs
[2023-08-07T05:49:36.621+0000] {logging_mixin.py:150} INFO - [2023-08-07T05:49:36.621+0000] {dag.py:3504} INFO - Setting next_dagrun for 7_da_temps to 2023-08-07T05:24:49.057537+00:00, run_after=2023-08-08T05:24:49.057537+00:00
[2023-08-07T05:49:36.628+0000] {processor.py:179} INFO - Processing /opt/airflow/dags/7_da_weather/7_da_temps.py took 0.334 seconds
[2023-08-07T05:50:06.977+0000] {processor.py:157} INFO - Started process (PID=10952) to work on /opt/airflow/dags/7_da_weather/7_da_temps.py
[2023-08-07T05:50:06.980+0000] {processor.py:826} INFO - Processing file /opt/airflow/dags/7_da_weather/7_da_temps.py for tasks to queue
[2023-08-07T05:50:06.982+0000] {logging_mixin.py:150} INFO - [2023-08-07T05:50:06.981+0000] {dagbag.py:541} INFO - Filling up the DagBag from /opt/airflow/dags/7_da_weather/7_da_temps.py
[2023-08-07T05:50:07.277+0000] {processor.py:836} INFO - DAG(s) dict_keys(['7_da_temps']) retrieved from /opt/airflow/dags/7_da_weather/7_da_temps.py
[2023-08-07T05:50:07.292+0000] {logging_mixin.py:150} INFO - [2023-08-07T05:50:07.292+0000] {dag.py:2742} INFO - Sync 1 DAGs
[2023-08-07T05:50:07.301+0000] {logging_mixin.py:150} INFO - [2023-08-07T05:50:07.300+0000] {dag.py:3504} INFO - Setting next_dagrun for 7_da_temps to 2023-08-07T05:24:49.057537+00:00, run_after=2023-08-08T05:24:49.057537+00:00
[2023-08-07T05:50:07.308+0000] {processor.py:179} INFO - Processing /opt/airflow/dags/7_da_weather/7_da_temps.py took 0.338 seconds
[2023-08-07T05:50:37.595+0000] {processor.py:157} INFO - Started process (PID=10965) to work on /opt/airflow/dags/7_da_weather/7_da_temps.py
[2023-08-07T05:50:37.598+0000] {processor.py:826} INFO - Processing file /opt/airflow/dags/7_da_weather/7_da_temps.py for tasks to queue
[2023-08-07T05:50:37.600+0000] {logging_mixin.py:150} INFO - [2023-08-07T05:50:37.599+0000] {dagbag.py:541} INFO - Filling up the DagBag from /opt/airflow/dags/7_da_weather/7_da_temps.py
[2023-08-07T05:50:37.913+0000] {processor.py:836} INFO - DAG(s) dict_keys(['7_da_temps']) retrieved from /opt/airflow/dags/7_da_weather/7_da_temps.py
[2023-08-07T05:50:37.928+0000] {logging_mixin.py:150} INFO - [2023-08-07T05:50:37.927+0000] {dag.py:2742} INFO - Sync 1 DAGs
[2023-08-07T05:50:37.937+0000] {logging_mixin.py:150} INFO - [2023-08-07T05:50:37.937+0000] {dag.py:3504} INFO - Setting next_dagrun for 7_da_temps to 2023-08-07T05:24:49.057537+00:00, run_after=2023-08-08T05:24:49.057537+00:00
[2023-08-07T05:50:37.944+0000] {processor.py:179} INFO - Processing /opt/airflow/dags/7_da_weather/7_da_temps.py took 0.356 seconds
[2023-08-07T05:51:08.245+0000] {processor.py:157} INFO - Started process (PID=10978) to work on /opt/airflow/dags/7_da_weather/7_da_temps.py
[2023-08-07T05:51:08.248+0000] {processor.py:826} INFO - Processing file /opt/airflow/dags/7_da_weather/7_da_temps.py for tasks to queue
[2023-08-07T05:51:08.249+0000] {logging_mixin.py:150} INFO - [2023-08-07T05:51:08.249+0000] {dagbag.py:541} INFO - Filling up the DagBag from /opt/airflow/dags/7_da_weather/7_da_temps.py
[2023-08-07T05:51:08.540+0000] {processor.py:836} INFO - DAG(s) dict_keys(['7_da_temps']) retrieved from /opt/airflow/dags/7_da_weather/7_da_temps.py
[2023-08-07T05:51:08.554+0000] {logging_mixin.py:150} INFO - [2023-08-07T05:51:08.554+0000] {dag.py:2742} INFO - Sync 1 DAGs
[2023-08-07T05:51:08.563+0000] {logging_mixin.py:150} INFO - [2023-08-07T05:51:08.563+0000] {dag.py:3504} INFO - Setting next_dagrun for 7_da_temps to 2023-08-07T05:24:49.057537+00:00, run_after=2023-08-08T05:24:49.057537+00:00
[2023-08-07T05:51:08.571+0000] {processor.py:179} INFO - Processing /opt/airflow/dags/7_da_weather/7_da_temps.py took 0.333 seconds
[2023-08-07T05:51:38.882+0000] {processor.py:157} INFO - Started process (PID=10991) to work on /opt/airflow/dags/7_da_weather/7_da_temps.py
[2023-08-07T05:51:38.884+0000] {processor.py:826} INFO - Processing file /opt/airflow/dags/7_da_weather/7_da_temps.py for tasks to queue
[2023-08-07T05:51:38.886+0000] {logging_mixin.py:150} INFO - [2023-08-07T05:51:38.885+0000] {dagbag.py:541} INFO - Filling up the DagBag from /opt/airflow/dags/7_da_weather/7_da_temps.py
[2023-08-07T05:51:39.160+0000] {processor.py:836} INFO - DAG(s) dict_keys(['7_da_temps']) retrieved from /opt/airflow/dags/7_da_weather/7_da_temps.py
[2023-08-07T05:51:39.174+0000] {logging_mixin.py:150} INFO - [2023-08-07T05:51:39.174+0000] {dag.py:2742} INFO - Sync 1 DAGs
[2023-08-07T05:51:39.183+0000] {logging_mixin.py:150} INFO - [2023-08-07T05:51:39.183+0000] {dag.py:3504} INFO - Setting next_dagrun for 7_da_temps to 2023-08-07T05:24:49.057537+00:00, run_after=2023-08-08T05:24:49.057537+00:00
[2023-08-07T05:51:39.191+0000] {processor.py:179} INFO - Processing /opt/airflow/dags/7_da_weather/7_da_temps.py took 0.315 seconds
[2023-08-07T05:52:09.448+0000] {processor.py:157} INFO - Started process (PID=11004) to work on /opt/airflow/dags/7_da_weather/7_da_temps.py
[2023-08-07T05:52:09.452+0000] {processor.py:826} INFO - Processing file /opt/airflow/dags/7_da_weather/7_da_temps.py for tasks to queue
[2023-08-07T05:52:09.454+0000] {logging_mixin.py:150} INFO - [2023-08-07T05:52:09.453+0000] {dagbag.py:541} INFO - Filling up the DagBag from /opt/airflow/dags/7_da_weather/7_da_temps.py
[2023-08-07T05:52:09.722+0000] {processor.py:836} INFO - DAG(s) dict_keys(['7_da_temps']) retrieved from /opt/airflow/dags/7_da_weather/7_da_temps.py
[2023-08-07T05:52:09.736+0000] {logging_mixin.py:150} INFO - [2023-08-07T05:52:09.736+0000] {dag.py:2742} INFO - Sync 1 DAGs
[2023-08-07T05:52:09.745+0000] {logging_mixin.py:150} INFO - [2023-08-07T05:52:09.745+0000] {dag.py:3504} INFO - Setting next_dagrun for 7_da_temps to 2023-08-07T05:24:49.057537+00:00, run_after=2023-08-08T05:24:49.057537+00:00
[2023-08-07T05:52:09.752+0000] {processor.py:179} INFO - Processing /opt/airflow/dags/7_da_weather/7_da_temps.py took 0.310 seconds
[2023-08-07T05:52:40.070+0000] {processor.py:157} INFO - Started process (PID=11017) to work on /opt/airflow/dags/7_da_weather/7_da_temps.py
[2023-08-07T05:52:40.073+0000] {processor.py:826} INFO - Processing file /opt/airflow/dags/7_da_weather/7_da_temps.py for tasks to queue
[2023-08-07T05:52:40.075+0000] {logging_mixin.py:150} INFO - [2023-08-07T05:52:40.074+0000] {dagbag.py:541} INFO - Filling up the DagBag from /opt/airflow/dags/7_da_weather/7_da_temps.py
[2023-08-07T05:52:40.362+0000] {processor.py:836} INFO - DAG(s) dict_keys(['7_da_temps']) retrieved from /opt/airflow/dags/7_da_weather/7_da_temps.py
[2023-08-07T05:52:40.377+0000] {logging_mixin.py:150} INFO - [2023-08-07T05:52:40.377+0000] {dag.py:2742} INFO - Sync 1 DAGs
[2023-08-07T05:52:40.386+0000] {logging_mixin.py:150} INFO - [2023-08-07T05:52:40.386+0000] {dag.py:3504} INFO - Setting next_dagrun for 7_da_temps to 2023-08-07T05:24:49.057537+00:00, run_after=2023-08-08T05:24:49.057537+00:00
[2023-08-07T05:52:40.394+0000] {processor.py:179} INFO - Processing /opt/airflow/dags/7_da_weather/7_da_temps.py took 0.331 seconds
[2023-08-07T05:53:10.677+0000] {processor.py:157} INFO - Started process (PID=11030) to work on /opt/airflow/dags/7_da_weather/7_da_temps.py
[2023-08-07T05:53:10.679+0000] {processor.py:826} INFO - Processing file /opt/airflow/dags/7_da_weather/7_da_temps.py for tasks to queue
[2023-08-07T05:53:10.680+0000] {logging_mixin.py:150} INFO - [2023-08-07T05:53:10.679+0000] {dagbag.py:541} INFO - Filling up the DagBag from /opt/airflow/dags/7_da_weather/7_da_temps.py
[2023-08-07T05:53:11.025+0000] {processor.py:836} INFO - DAG(s) dict_keys(['7_da_temps']) retrieved from /opt/airflow/dags/7_da_weather/7_da_temps.py
[2023-08-07T05:53:11.042+0000] {logging_mixin.py:150} INFO - [2023-08-07T05:53:11.041+0000] {dag.py:2742} INFO - Sync 1 DAGs
[2023-08-07T05:53:11.051+0000] {logging_mixin.py:150} INFO - [2023-08-07T05:53:11.051+0000] {dag.py:3504} INFO - Setting next_dagrun for 7_da_temps to 2023-08-07T05:24:49.057537+00:00, run_after=2023-08-08T05:24:49.057537+00:00
[2023-08-07T05:53:11.059+0000] {processor.py:179} INFO - Processing /opt/airflow/dags/7_da_weather/7_da_temps.py took 0.388 seconds
[2023-08-07T05:53:41.339+0000] {processor.py:157} INFO - Started process (PID=11043) to work on /opt/airflow/dags/7_da_weather/7_da_temps.py
[2023-08-07T05:53:41.341+0000] {processor.py:826} INFO - Processing file /opt/airflow/dags/7_da_weather/7_da_temps.py for tasks to queue
[2023-08-07T05:53:41.342+0000] {logging_mixin.py:150} INFO - [2023-08-07T05:53:41.342+0000] {dagbag.py:541} INFO - Filling up the DagBag from /opt/airflow/dags/7_da_weather/7_da_temps.py
[2023-08-07T05:53:41.639+0000] {processor.py:836} INFO - DAG(s) dict_keys(['7_da_temps']) retrieved from /opt/airflow/dags/7_da_weather/7_da_temps.py
[2023-08-07T05:53:41.653+0000] {logging_mixin.py:150} INFO - [2023-08-07T05:53:41.653+0000] {dag.py:2742} INFO - Sync 1 DAGs
[2023-08-07T05:53:41.663+0000] {logging_mixin.py:150} INFO - [2023-08-07T05:53:41.663+0000] {dag.py:3504} INFO - Setting next_dagrun for 7_da_temps to 2023-08-07T05:24:49.057537+00:00, run_after=2023-08-08T05:24:49.057537+00:00
[2023-08-07T05:53:41.671+0000] {processor.py:179} INFO - Processing /opt/airflow/dags/7_da_weather/7_da_temps.py took 0.339 seconds
[2023-08-07T05:54:11.975+0000] {processor.py:157} INFO - Started process (PID=11056) to work on /opt/airflow/dags/7_da_weather/7_da_temps.py
[2023-08-07T05:54:11.977+0000] {processor.py:826} INFO - Processing file /opt/airflow/dags/7_da_weather/7_da_temps.py for tasks to queue
[2023-08-07T05:54:11.978+0000] {logging_mixin.py:150} INFO - [2023-08-07T05:54:11.978+0000] {dagbag.py:541} INFO - Filling up the DagBag from /opt/airflow/dags/7_da_weather/7_da_temps.py
[2023-08-07T05:54:12.293+0000] {processor.py:836} INFO - DAG(s) dict_keys(['7_da_temps']) retrieved from /opt/airflow/dags/7_da_weather/7_da_temps.py
[2023-08-07T05:54:12.308+0000] {logging_mixin.py:150} INFO - [2023-08-07T05:54:12.308+0000] {dag.py:2742} INFO - Sync 1 DAGs
[2023-08-07T05:54:12.318+0000] {logging_mixin.py:150} INFO - [2023-08-07T05:54:12.318+0000] {dag.py:3504} INFO - Setting next_dagrun for 7_da_temps to 2023-08-07T05:24:49.057537+00:00, run_after=2023-08-08T05:24:49.057537+00:00
[2023-08-07T05:54:12.326+0000] {processor.py:179} INFO - Processing /opt/airflow/dags/7_da_weather/7_da_temps.py took 0.356 seconds
[2023-08-07T05:54:42.592+0000] {processor.py:157} INFO - Started process (PID=11069) to work on /opt/airflow/dags/7_da_weather/7_da_temps.py
[2023-08-07T05:54:42.593+0000] {processor.py:826} INFO - Processing file /opt/airflow/dags/7_da_weather/7_da_temps.py for tasks to queue
[2023-08-07T05:54:42.594+0000] {logging_mixin.py:150} INFO - [2023-08-07T05:54:42.594+0000] {dagbag.py:541} INFO - Filling up the DagBag from /opt/airflow/dags/7_da_weather/7_da_temps.py
[2023-08-07T05:54:42.902+0000] {processor.py:836} INFO - DAG(s) dict_keys(['7_da_temps']) retrieved from /opt/airflow/dags/7_da_weather/7_da_temps.py
[2023-08-07T05:54:42.918+0000] {logging_mixin.py:150} INFO - [2023-08-07T05:54:42.918+0000] {dag.py:2742} INFO - Sync 1 DAGs
[2023-08-07T05:54:42.930+0000] {logging_mixin.py:150} INFO - [2023-08-07T05:54:42.930+0000] {dag.py:3504} INFO - Setting next_dagrun for 7_da_temps to 2023-08-07T05:24:49.057537+00:00, run_after=2023-08-08T05:24:49.057537+00:00
[2023-08-07T05:54:42.938+0000] {processor.py:179} INFO - Processing /opt/airflow/dags/7_da_weather/7_da_temps.py took 0.350 seconds
[2023-08-07T05:55:13.245+0000] {processor.py:157} INFO - Started process (PID=11082) to work on /opt/airflow/dags/7_da_weather/7_da_temps.py
[2023-08-07T05:55:13.247+0000] {processor.py:826} INFO - Processing file /opt/airflow/dags/7_da_weather/7_da_temps.py for tasks to queue
[2023-08-07T05:55:13.249+0000] {logging_mixin.py:150} INFO - [2023-08-07T05:55:13.248+0000] {dagbag.py:541} INFO - Filling up the DagBag from /opt/airflow/dags/7_da_weather/7_da_temps.py
[2023-08-07T05:55:13.564+0000] {processor.py:836} INFO - DAG(s) dict_keys(['7_da_temps']) retrieved from /opt/airflow/dags/7_da_weather/7_da_temps.py
[2023-08-07T05:55:13.580+0000] {logging_mixin.py:150} INFO - [2023-08-07T05:55:13.580+0000] {dag.py:2742} INFO - Sync 1 DAGs
[2023-08-07T05:55:13.590+0000] {logging_mixin.py:150} INFO - [2023-08-07T05:55:13.590+0000] {dag.py:3504} INFO - Setting next_dagrun for 7_da_temps to 2023-08-07T05:24:49.057537+00:00, run_after=2023-08-08T05:24:49.057537+00:00
[2023-08-07T05:55:13.599+0000] {processor.py:179} INFO - Processing /opt/airflow/dags/7_da_weather/7_da_temps.py took 0.357 seconds
[2023-08-07T05:55:43.872+0000] {processor.py:157} INFO - Started process (PID=11095) to work on /opt/airflow/dags/7_da_weather/7_da_temps.py
[2023-08-07T05:55:43.874+0000] {processor.py:826} INFO - Processing file /opt/airflow/dags/7_da_weather/7_da_temps.py for tasks to queue
[2023-08-07T05:55:43.875+0000] {logging_mixin.py:150} INFO - [2023-08-07T05:55:43.875+0000] {dagbag.py:541} INFO - Filling up the DagBag from /opt/airflow/dags/7_da_weather/7_da_temps.py
[2023-08-07T05:55:44.576+0000] {processor.py:836} INFO - DAG(s) dict_keys(['7_da_temps']) retrieved from /opt/airflow/dags/7_da_weather/7_da_temps.py
[2023-08-07T05:55:44.616+0000] {logging_mixin.py:150} INFO - [2023-08-07T05:55:44.616+0000] {dag.py:2742} INFO - Sync 1 DAGs
[2023-08-07T05:55:44.632+0000] {logging_mixin.py:150} INFO - [2023-08-07T05:55:44.632+0000] {dag.py:3504} INFO - Setting next_dagrun for 7_da_temps to 2023-08-07T05:24:49.057537+00:00, run_after=2023-08-08T05:24:49.057537+00:00
[2023-08-07T05:55:44.666+0000] {processor.py:179} INFO - Processing /opt/airflow/dags/7_da_weather/7_da_temps.py took 0.797 seconds
[2023-08-07T05:56:14.941+0000] {processor.py:157} INFO - Started process (PID=11114) to work on /opt/airflow/dags/7_da_weather/7_da_temps.py
[2023-08-07T05:56:14.943+0000] {processor.py:826} INFO - Processing file /opt/airflow/dags/7_da_weather/7_da_temps.py for tasks to queue
[2023-08-07T05:56:14.944+0000] {logging_mixin.py:150} INFO - [2023-08-07T05:56:14.943+0000] {dagbag.py:541} INFO - Filling up the DagBag from /opt/airflow/dags/7_da_weather/7_da_temps.py
[2023-08-07T05:56:15.339+0000] {processor.py:836} INFO - DAG(s) dict_keys(['7_da_temps']) retrieved from /opt/airflow/dags/7_da_weather/7_da_temps.py
[2023-08-07T05:56:15.366+0000] {logging_mixin.py:150} INFO - [2023-08-07T05:56:15.365+0000] {dag.py:2742} INFO - Sync 1 DAGs
[2023-08-07T05:56:15.380+0000] {logging_mixin.py:150} INFO - [2023-08-07T05:56:15.380+0000] {dag.py:3504} INFO - Setting next_dagrun for 7_da_temps to 2023-08-07T05:24:49.057537+00:00, run_after=2023-08-08T05:24:49.057537+00:00
[2023-08-07T05:56:15.389+0000] {processor.py:179} INFO - Processing /opt/airflow/dags/7_da_weather/7_da_temps.py took 0.453 seconds
