[2023-08-23T18:21:13.459+0000] {taskinstance.py:1103} INFO - Dependencies all met for dep_context=non-requeueable deps ti=<TaskInstance: 7_da_temps.hit_open_meteo scheduled__2023-08-22T18:20:43.635818+00:00 [queued]>
[2023-08-23T18:21:13.465+0000] {taskinstance.py:1103} INFO - Dependencies all met for dep_context=requeueable deps ti=<TaskInstance: 7_da_temps.hit_open_meteo scheduled__2023-08-22T18:20:43.635818+00:00 [queued]>
[2023-08-23T18:21:13.465+0000] {taskinstance.py:1308} INFO - Starting attempt 1 of 1
[2023-08-23T18:21:13.478+0000] {taskinstance.py:1327} INFO - Executing <Task(PythonOperator): hit_open_meteo> on 2023-08-22 18:20:43.635818+00:00
[2023-08-23T18:21:13.486+0000] {standard_task_runner.py:57} INFO - Started process 84707 to run task
[2023-08-23T18:21:13.491+0000] {standard_task_runner.py:84} INFO - Running: ['***', 'tasks', 'run', '7_da_temps', 'hit_open_meteo', 'scheduled__2023-08-22T18:20:43.635818+00:00', '--job-id', '99', '--raw', '--subdir', 'DAGS_FOLDER/7_da_weather/7_da_temps.py', '--cfg-path', '/tmp/tmpts7c15mr']
[2023-08-23T18:21:13.497+0000] {standard_task_runner.py:85} INFO - Job 99: Subtask hit_open_meteo
[2023-08-23T18:21:13.537+0000] {task_command.py:410} INFO - Running <TaskInstance: 7_da_temps.hit_open_meteo scheduled__2023-08-22T18:20:43.635818+00:00 [running]> on host 199121aa9c86
[2023-08-23T18:21:13.769+0000] {taskinstance.py:1545} INFO - Exporting env vars: AIRFLOW_CTX_DAG_OWNER='scott' AIRFLOW_CTX_DAG_ID='7_da_temps' AIRFLOW_CTX_TASK_ID='hit_open_meteo' AIRFLOW_CTX_EXECUTION_DATE='2023-08-22T18:20:43.635818+00:00' AIRFLOW_CTX_TRY_NUMBER='1' AIRFLOW_CTX_DAG_RUN_ID='scheduled__2023-08-22T18:20:43.635818+00:00'
[2023-08-23T18:21:14.270+0000] {logging_mixin.py:150} INFO - <class 'dict'>
[2023-08-23T18:21:14.284+0000] {logging_mixin.py:150} INFO - time                         datetime64[ns]
temperature_2m                      float64
apparent_temperature                float64
cloudcover                            int64
precipitation_probability             int64
windspeed_10m                       float64
dtype: object
[2023-08-23T18:21:14.290+0000] {python.py:183} INFO - Done. Returned value was: None
[2023-08-23T18:21:14.298+0000] {taskinstance.py:1345} INFO - Marking task as SUCCESS. dag_id=7_da_temps, task_id=hit_open_meteo, execution_date=20230822T182043, start_date=20230823T182113, end_date=20230823T182114
[2023-08-23T18:21:14.338+0000] {local_task_job_runner.py:225} INFO - Task exited with return code 0
[2023-08-23T18:21:14.350+0000] {taskinstance.py:2653} INFO - 0 downstream tasks scheduled from follow-on schedule check
