[2023-08-05T04:09:24.083+0000] {processor.py:157} INFO - Started process (PID=53) to work on /home/airflow/.local/lib/python3.7/site-packages/airflow/example_dags/example_task_group.py
[2023-08-05T04:09:24.084+0000] {processor.py:826} INFO - Processing file /home/airflow/.local/lib/python3.7/site-packages/airflow/example_dags/example_task_group.py for tasks to queue
[2023-08-05T04:09:24.085+0000] {logging_mixin.py:150} INFO - [2023-08-05T04:09:24.085+0000] {dagbag.py:541} INFO - Filling up the DagBag from /home/airflow/.local/lib/python3.7/site-packages/airflow/example_dags/example_task_group.py
[2023-08-05T04:09:24.091+0000] {processor.py:836} INFO - DAG(s) dict_keys(['example_task_group']) retrieved from /home/airflow/.local/lib/python3.7/site-packages/airflow/example_dags/example_task_group.py
[2023-08-05T04:09:24.103+0000] {logging_mixin.py:150} INFO - [2023-08-05T04:09:24.103+0000] {dag.py:2742} INFO - Sync 1 DAGs
[2023-08-05T04:09:24.119+0000] {logging_mixin.py:150} INFO - [2023-08-05T04:09:24.118+0000] {dag.py:3508} INFO - Setting next_dagrun for example_task_group to 2023-08-04T04:09:24.118735+00:00, run_after=2023-08-05T04:09:24.118735+00:00
[2023-08-05T04:09:24.129+0000] {processor.py:179} INFO - Processing /home/airflow/.local/lib/python3.7/site-packages/airflow/example_dags/example_task_group.py took 0.049 seconds
[2023-08-05T04:09:54.697+0000] {processor.py:157} INFO - Started process (PID=111) to work on /home/airflow/.local/lib/python3.7/site-packages/airflow/example_dags/example_task_group.py
[2023-08-05T04:09:54.698+0000] {processor.py:826} INFO - Processing file /home/airflow/.local/lib/python3.7/site-packages/airflow/example_dags/example_task_group.py for tasks to queue
[2023-08-05T04:09:54.699+0000] {logging_mixin.py:150} INFO - [2023-08-05T04:09:54.698+0000] {dagbag.py:541} INFO - Filling up the DagBag from /home/airflow/.local/lib/python3.7/site-packages/airflow/example_dags/example_task_group.py
[2023-08-05T04:09:54.705+0000] {processor.py:836} INFO - DAG(s) dict_keys(['example_task_group']) retrieved from /home/airflow/.local/lib/python3.7/site-packages/airflow/example_dags/example_task_group.py
[2023-08-05T04:09:54.722+0000] {logging_mixin.py:150} INFO - [2023-08-05T04:09:54.722+0000] {dag.py:2742} INFO - Sync 1 DAGs
[2023-08-05T04:09:54.736+0000] {logging_mixin.py:150} INFO - [2023-08-05T04:09:54.736+0000] {dag.py:3508} INFO - Setting next_dagrun for example_task_group to 2023-08-04T04:09:54.736464+00:00, run_after=2023-08-05T04:09:54.736464+00:00
[2023-08-05T04:09:54.745+0000] {processor.py:179} INFO - Processing /home/airflow/.local/lib/python3.7/site-packages/airflow/example_dags/example_task_group.py took 0.051 seconds
[2023-08-05T04:10:24.913+0000] {processor.py:157} INFO - Started process (PID=169) to work on /home/airflow/.local/lib/python3.7/site-packages/airflow/example_dags/example_task_group.py
[2023-08-05T04:10:24.914+0000] {processor.py:826} INFO - Processing file /home/airflow/.local/lib/python3.7/site-packages/airflow/example_dags/example_task_group.py for tasks to queue
[2023-08-05T04:10:24.915+0000] {logging_mixin.py:150} INFO - [2023-08-05T04:10:24.915+0000] {dagbag.py:541} INFO - Filling up the DagBag from /home/airflow/.local/lib/python3.7/site-packages/airflow/example_dags/example_task_group.py
[2023-08-05T04:10:24.922+0000] {processor.py:836} INFO - DAG(s) dict_keys(['example_task_group']) retrieved from /home/airflow/.local/lib/python3.7/site-packages/airflow/example_dags/example_task_group.py
[2023-08-05T04:10:24.940+0000] {logging_mixin.py:150} INFO - [2023-08-05T04:10:24.940+0000] {dag.py:2742} INFO - Sync 1 DAGs
[2023-08-05T04:10:24.955+0000] {logging_mixin.py:150} INFO - [2023-08-05T04:10:24.955+0000] {dag.py:3508} INFO - Setting next_dagrun for example_task_group to 2023-08-04T04:10:24.954903+00:00, run_after=2023-08-05T04:10:24.954903+00:00
[2023-08-05T04:10:24.965+0000] {processor.py:179} INFO - Processing /home/airflow/.local/lib/python3.7/site-packages/airflow/example_dags/example_task_group.py took 0.054 seconds
[2023-08-05T04:10:55.113+0000] {processor.py:157} INFO - Started process (PID=227) to work on /home/airflow/.local/lib/python3.7/site-packages/airflow/example_dags/example_task_group.py
[2023-08-05T04:10:55.114+0000] {processor.py:826} INFO - Processing file /home/airflow/.local/lib/python3.7/site-packages/airflow/example_dags/example_task_group.py for tasks to queue
[2023-08-05T04:10:55.115+0000] {logging_mixin.py:150} INFO - [2023-08-05T04:10:55.115+0000] {dagbag.py:541} INFO - Filling up the DagBag from /home/airflow/.local/lib/python3.7/site-packages/airflow/example_dags/example_task_group.py
[2023-08-05T04:10:55.121+0000] {processor.py:836} INFO - DAG(s) dict_keys(['example_task_group']) retrieved from /home/airflow/.local/lib/python3.7/site-packages/airflow/example_dags/example_task_group.py
[2023-08-05T04:10:55.138+0000] {logging_mixin.py:150} INFO - [2023-08-05T04:10:55.138+0000] {dag.py:2742} INFO - Sync 1 DAGs
[2023-08-05T04:10:55.152+0000] {logging_mixin.py:150} INFO - [2023-08-05T04:10:55.152+0000] {dag.py:3508} INFO - Setting next_dagrun for example_task_group to 2023-08-04T04:10:55.152121+00:00, run_after=2023-08-05T04:10:55.152121+00:00
[2023-08-05T04:10:55.161+0000] {processor.py:179} INFO - Processing /home/airflow/.local/lib/python3.7/site-packages/airflow/example_dags/example_task_group.py took 0.050 seconds
[2023-08-05T04:11:25.342+0000] {processor.py:157} INFO - Started process (PID=285) to work on /home/airflow/.local/lib/python3.7/site-packages/airflow/example_dags/example_task_group.py
[2023-08-05T04:11:25.343+0000] {processor.py:826} INFO - Processing file /home/airflow/.local/lib/python3.7/site-packages/airflow/example_dags/example_task_group.py for tasks to queue
[2023-08-05T04:11:25.344+0000] {logging_mixin.py:150} INFO - [2023-08-05T04:11:25.344+0000] {dagbag.py:541} INFO - Filling up the DagBag from /home/airflow/.local/lib/python3.7/site-packages/airflow/example_dags/example_task_group.py
[2023-08-05T04:11:25.350+0000] {processor.py:836} INFO - DAG(s) dict_keys(['example_task_group']) retrieved from /home/airflow/.local/lib/python3.7/site-packages/airflow/example_dags/example_task_group.py
[2023-08-05T04:11:25.367+0000] {logging_mixin.py:150} INFO - [2023-08-05T04:11:25.367+0000] {dag.py:2742} INFO - Sync 1 DAGs
[2023-08-05T04:11:25.381+0000] {logging_mixin.py:150} INFO - [2023-08-05T04:11:25.381+0000] {dag.py:3508} INFO - Setting next_dagrun for example_task_group to 2023-08-04T04:11:25.381646+00:00, run_after=2023-08-05T04:11:25.381646+00:00
[2023-08-05T04:11:25.392+0000] {processor.py:179} INFO - Processing /home/airflow/.local/lib/python3.7/site-packages/airflow/example_dags/example_task_group.py took 0.053 seconds
[2023-08-05T04:11:55.526+0000] {processor.py:157} INFO - Started process (PID=343) to work on /home/airflow/.local/lib/python3.7/site-packages/airflow/example_dags/example_task_group.py
[2023-08-05T04:11:55.527+0000] {processor.py:826} INFO - Processing file /home/airflow/.local/lib/python3.7/site-packages/airflow/example_dags/example_task_group.py for tasks to queue
[2023-08-05T04:11:55.528+0000] {logging_mixin.py:150} INFO - [2023-08-05T04:11:55.528+0000] {dagbag.py:541} INFO - Filling up the DagBag from /home/airflow/.local/lib/python3.7/site-packages/airflow/example_dags/example_task_group.py
[2023-08-05T04:11:55.534+0000] {processor.py:836} INFO - DAG(s) dict_keys(['example_task_group']) retrieved from /home/airflow/.local/lib/python3.7/site-packages/airflow/example_dags/example_task_group.py
[2023-08-05T04:11:55.551+0000] {logging_mixin.py:150} INFO - [2023-08-05T04:11:55.551+0000] {dag.py:2742} INFO - Sync 1 DAGs
[2023-08-05T04:11:55.564+0000] {logging_mixin.py:150} INFO - [2023-08-05T04:11:55.564+0000] {dag.py:3508} INFO - Setting next_dagrun for example_task_group to 2023-08-04T04:11:55.564003+00:00, run_after=2023-08-05T04:11:55.564003+00:00
[2023-08-05T04:11:55.574+0000] {processor.py:179} INFO - Processing /home/airflow/.local/lib/python3.7/site-packages/airflow/example_dags/example_task_group.py took 0.051 seconds
[2023-08-05T04:12:25.800+0000] {processor.py:157} INFO - Started process (PID=401) to work on /home/airflow/.local/lib/python3.7/site-packages/airflow/example_dags/example_task_group.py
[2023-08-05T04:12:25.801+0000] {processor.py:826} INFO - Processing file /home/airflow/.local/lib/python3.7/site-packages/airflow/example_dags/example_task_group.py for tasks to queue
[2023-08-05T04:12:25.802+0000] {logging_mixin.py:150} INFO - [2023-08-05T04:12:25.802+0000] {dagbag.py:541} INFO - Filling up the DagBag from /home/airflow/.local/lib/python3.7/site-packages/airflow/example_dags/example_task_group.py
[2023-08-05T04:12:25.810+0000] {processor.py:836} INFO - DAG(s) dict_keys(['example_task_group']) retrieved from /home/airflow/.local/lib/python3.7/site-packages/airflow/example_dags/example_task_group.py
[2023-08-05T04:12:25.833+0000] {logging_mixin.py:150} INFO - [2023-08-05T04:12:25.833+0000] {dag.py:2742} INFO - Sync 1 DAGs
[2023-08-05T04:12:25.848+0000] {logging_mixin.py:150} INFO - [2023-08-05T04:12:25.848+0000] {dag.py:3508} INFO - Setting next_dagrun for example_task_group to 2023-08-04T04:12:25.847958+00:00, run_after=2023-08-05T04:12:25.847958+00:00
[2023-08-05T04:12:25.857+0000] {processor.py:179} INFO - Processing /home/airflow/.local/lib/python3.7/site-packages/airflow/example_dags/example_task_group.py took 0.060 seconds
[2023-08-05T04:12:56.008+0000] {processor.py:157} INFO - Started process (PID=459) to work on /home/airflow/.local/lib/python3.7/site-packages/airflow/example_dags/example_task_group.py
[2023-08-05T04:12:56.009+0000] {processor.py:826} INFO - Processing file /home/airflow/.local/lib/python3.7/site-packages/airflow/example_dags/example_task_group.py for tasks to queue
[2023-08-05T04:12:56.010+0000] {logging_mixin.py:150} INFO - [2023-08-05T04:12:56.010+0000] {dagbag.py:541} INFO - Filling up the DagBag from /home/airflow/.local/lib/python3.7/site-packages/airflow/example_dags/example_task_group.py
[2023-08-05T04:12:56.015+0000] {processor.py:836} INFO - DAG(s) dict_keys(['example_task_group']) retrieved from /home/airflow/.local/lib/python3.7/site-packages/airflow/example_dags/example_task_group.py
[2023-08-05T04:12:56.032+0000] {logging_mixin.py:150} INFO - [2023-08-05T04:12:56.032+0000] {dag.py:2742} INFO - Sync 1 DAGs
[2023-08-05T04:12:56.047+0000] {logging_mixin.py:150} INFO - [2023-08-05T04:12:56.047+0000] {dag.py:3508} INFO - Setting next_dagrun for example_task_group to 2023-08-04T04:12:56.047296+00:00, run_after=2023-08-05T04:12:56.047296+00:00
[2023-08-05T04:12:56.057+0000] {processor.py:179} INFO - Processing /home/airflow/.local/lib/python3.7/site-packages/airflow/example_dags/example_task_group.py took 0.052 seconds
[2023-08-05T04:13:26.229+0000] {processor.py:157} INFO - Started process (PID=529) to work on /home/airflow/.local/lib/python3.7/site-packages/airflow/example_dags/example_task_group.py
[2023-08-05T04:13:26.230+0000] {processor.py:826} INFO - Processing file /home/airflow/.local/lib/python3.7/site-packages/airflow/example_dags/example_task_group.py for tasks to queue
[2023-08-05T04:13:26.231+0000] {logging_mixin.py:150} INFO - [2023-08-05T04:13:26.230+0000] {dagbag.py:541} INFO - Filling up the DagBag from /home/airflow/.local/lib/python3.7/site-packages/airflow/example_dags/example_task_group.py
[2023-08-05T04:13:26.236+0000] {processor.py:836} INFO - DAG(s) dict_keys(['example_task_group']) retrieved from /home/airflow/.local/lib/python3.7/site-packages/airflow/example_dags/example_task_group.py
[2023-08-05T04:13:26.253+0000] {logging_mixin.py:150} INFO - [2023-08-05T04:13:26.253+0000] {dag.py:2742} INFO - Sync 1 DAGs
[2023-08-05T04:13:26.268+0000] {logging_mixin.py:150} INFO - [2023-08-05T04:13:26.267+0000] {dag.py:3508} INFO - Setting next_dagrun for example_task_group to 2023-08-04T04:13:26.267737+00:00, run_after=2023-08-05T04:13:26.267737+00:00
[2023-08-05T04:13:26.278+0000] {processor.py:179} INFO - Processing /home/airflow/.local/lib/python3.7/site-packages/airflow/example_dags/example_task_group.py took 0.052 seconds
