[2023-08-05T04:09:23.362+0000] {processor.py:157} INFO - Started process (PID=36) to work on /home/airflow/.local/lib/python3.7/site-packages/airflow/example_dags/example_params_ui_tutorial.py
[2023-08-05T04:09:23.363+0000] {processor.py:826} INFO - Processing file /home/airflow/.local/lib/python3.7/site-packages/airflow/example_dags/example_params_ui_tutorial.py for tasks to queue
[2023-08-05T04:09:23.364+0000] {logging_mixin.py:150} INFO - [2023-08-05T04:09:23.364+0000] {dagbag.py:541} INFO - Filling up the DagBag from /home/airflow/.local/lib/python3.7/site-packages/airflow/example_dags/example_params_ui_tutorial.py
[2023-08-05T04:09:23.390+0000] {processor.py:836} INFO - DAG(s) dict_keys(['example_params_ui_tutorial']) retrieved from /home/airflow/.local/lib/python3.7/site-packages/airflow/example_dags/example_params_ui_tutorial.py
[2023-08-05T04:09:23.400+0000] {logging_mixin.py:150} INFO - [2023-08-05T04:09:23.400+0000] {dag.py:2742} INFO - Sync 1 DAGs
[2023-08-05T04:09:23.415+0000] {logging_mixin.py:150} INFO - [2023-08-05T04:09:23.415+0000] {dag.py:3508} INFO - Setting next_dagrun for example_params_ui_tutorial to None, run_after=None
[2023-08-05T04:09:23.424+0000] {processor.py:179} INFO - Processing /home/airflow/.local/lib/python3.7/site-packages/airflow/example_dags/example_params_ui_tutorial.py took 0.065 seconds
[2023-08-05T04:09:54.062+0000] {processor.py:157} INFO - Started process (PID=94) to work on /home/airflow/.local/lib/python3.7/site-packages/airflow/example_dags/example_params_ui_tutorial.py
[2023-08-05T04:09:54.063+0000] {processor.py:826} INFO - Processing file /home/airflow/.local/lib/python3.7/site-packages/airflow/example_dags/example_params_ui_tutorial.py for tasks to queue
[2023-08-05T04:09:54.064+0000] {logging_mixin.py:150} INFO - [2023-08-05T04:09:54.064+0000] {dagbag.py:541} INFO - Filling up the DagBag from /home/airflow/.local/lib/python3.7/site-packages/airflow/example_dags/example_params_ui_tutorial.py
[2023-08-05T04:09:54.088+0000] {processor.py:836} INFO - DAG(s) dict_keys(['example_params_ui_tutorial']) retrieved from /home/airflow/.local/lib/python3.7/site-packages/airflow/example_dags/example_params_ui_tutorial.py
[2023-08-05T04:09:54.122+0000] {logging_mixin.py:150} INFO - [2023-08-05T04:09:54.122+0000] {dag.py:2742} INFO - Sync 1 DAGs
[2023-08-05T04:09:54.136+0000] {logging_mixin.py:150} INFO - [2023-08-05T04:09:54.136+0000] {dag.py:3508} INFO - Setting next_dagrun for example_params_ui_tutorial to None, run_after=None
[2023-08-05T04:09:54.145+0000] {processor.py:179} INFO - Processing /home/airflow/.local/lib/python3.7/site-packages/airflow/example_dags/example_params_ui_tutorial.py took 0.085 seconds
[2023-08-05T04:10:24.230+0000] {processor.py:157} INFO - Started process (PID=152) to work on /home/airflow/.local/lib/python3.7/site-packages/airflow/example_dags/example_params_ui_tutorial.py
[2023-08-05T04:10:24.231+0000] {processor.py:826} INFO - Processing file /home/airflow/.local/lib/python3.7/site-packages/airflow/example_dags/example_params_ui_tutorial.py for tasks to queue
[2023-08-05T04:10:24.232+0000] {logging_mixin.py:150} INFO - [2023-08-05T04:10:24.232+0000] {dagbag.py:541} INFO - Filling up the DagBag from /home/airflow/.local/lib/python3.7/site-packages/airflow/example_dags/example_params_ui_tutorial.py
[2023-08-05T04:10:24.256+0000] {processor.py:836} INFO - DAG(s) dict_keys(['example_params_ui_tutorial']) retrieved from /home/airflow/.local/lib/python3.7/site-packages/airflow/example_dags/example_params_ui_tutorial.py
[2023-08-05T04:10:24.293+0000] {logging_mixin.py:150} INFO - [2023-08-05T04:10:24.293+0000] {dag.py:2742} INFO - Sync 1 DAGs
[2023-08-05T04:10:24.310+0000] {logging_mixin.py:150} INFO - [2023-08-05T04:10:24.310+0000] {dag.py:3508} INFO - Setting next_dagrun for example_params_ui_tutorial to None, run_after=None
[2023-08-05T04:10:24.321+0000] {processor.py:179} INFO - Processing /home/airflow/.local/lib/python3.7/site-packages/airflow/example_dags/example_params_ui_tutorial.py took 0.096 seconds
[2023-08-05T04:10:54.484+0000] {processor.py:157} INFO - Started process (PID=210) to work on /home/airflow/.local/lib/python3.7/site-packages/airflow/example_dags/example_params_ui_tutorial.py
[2023-08-05T04:10:54.485+0000] {processor.py:826} INFO - Processing file /home/airflow/.local/lib/python3.7/site-packages/airflow/example_dags/example_params_ui_tutorial.py for tasks to queue
[2023-08-05T04:10:54.486+0000] {logging_mixin.py:150} INFO - [2023-08-05T04:10:54.486+0000] {dagbag.py:541} INFO - Filling up the DagBag from /home/airflow/.local/lib/python3.7/site-packages/airflow/example_dags/example_params_ui_tutorial.py
[2023-08-05T04:10:54.508+0000] {processor.py:836} INFO - DAG(s) dict_keys(['example_params_ui_tutorial']) retrieved from /home/airflow/.local/lib/python3.7/site-packages/airflow/example_dags/example_params_ui_tutorial.py
[2023-08-05T04:10:54.541+0000] {logging_mixin.py:150} INFO - [2023-08-05T04:10:54.541+0000] {dag.py:2742} INFO - Sync 1 DAGs
[2023-08-05T04:10:54.554+0000] {logging_mixin.py:150} INFO - [2023-08-05T04:10:54.554+0000] {dag.py:3508} INFO - Setting next_dagrun for example_params_ui_tutorial to None, run_after=None
[2023-08-05T04:10:54.564+0000] {processor.py:179} INFO - Processing /home/airflow/.local/lib/python3.7/site-packages/airflow/example_dags/example_params_ui_tutorial.py took 0.082 seconds
[2023-08-05T04:11:24.706+0000] {processor.py:157} INFO - Started process (PID=268) to work on /home/airflow/.local/lib/python3.7/site-packages/airflow/example_dags/example_params_ui_tutorial.py
[2023-08-05T04:11:24.707+0000] {processor.py:826} INFO - Processing file /home/airflow/.local/lib/python3.7/site-packages/airflow/example_dags/example_params_ui_tutorial.py for tasks to queue
[2023-08-05T04:11:24.708+0000] {logging_mixin.py:150} INFO - [2023-08-05T04:11:24.708+0000] {dagbag.py:541} INFO - Filling up the DagBag from /home/airflow/.local/lib/python3.7/site-packages/airflow/example_dags/example_params_ui_tutorial.py
[2023-08-05T04:11:24.733+0000] {processor.py:836} INFO - DAG(s) dict_keys(['example_params_ui_tutorial']) retrieved from /home/airflow/.local/lib/python3.7/site-packages/airflow/example_dags/example_params_ui_tutorial.py
[2023-08-05T04:11:24.767+0000] {logging_mixin.py:150} INFO - [2023-08-05T04:11:24.767+0000] {dag.py:2742} INFO - Sync 1 DAGs
[2023-08-05T04:11:24.784+0000] {logging_mixin.py:150} INFO - [2023-08-05T04:11:24.784+0000] {dag.py:3508} INFO - Setting next_dagrun for example_params_ui_tutorial to None, run_after=None
[2023-08-05T04:11:24.794+0000] {processor.py:179} INFO - Processing /home/airflow/.local/lib/python3.7/site-packages/airflow/example_dags/example_params_ui_tutorial.py took 0.090 seconds
[2023-08-05T04:11:54.928+0000] {processor.py:157} INFO - Started process (PID=326) to work on /home/airflow/.local/lib/python3.7/site-packages/airflow/example_dags/example_params_ui_tutorial.py
[2023-08-05T04:11:54.929+0000] {processor.py:826} INFO - Processing file /home/airflow/.local/lib/python3.7/site-packages/airflow/example_dags/example_params_ui_tutorial.py for tasks to queue
[2023-08-05T04:11:54.930+0000] {logging_mixin.py:150} INFO - [2023-08-05T04:11:54.929+0000] {dagbag.py:541} INFO - Filling up the DagBag from /home/airflow/.local/lib/python3.7/site-packages/airflow/example_dags/example_params_ui_tutorial.py
[2023-08-05T04:11:54.953+0000] {processor.py:836} INFO - DAG(s) dict_keys(['example_params_ui_tutorial']) retrieved from /home/airflow/.local/lib/python3.7/site-packages/airflow/example_dags/example_params_ui_tutorial.py
[2023-08-05T04:11:54.985+0000] {logging_mixin.py:150} INFO - [2023-08-05T04:11:54.985+0000] {dag.py:2742} INFO - Sync 1 DAGs
[2023-08-05T04:11:54.998+0000] {logging_mixin.py:150} INFO - [2023-08-05T04:11:54.997+0000] {dag.py:3508} INFO - Setting next_dagrun for example_params_ui_tutorial to None, run_after=None
[2023-08-05T04:11:55.008+0000] {processor.py:179} INFO - Processing /home/airflow/.local/lib/python3.7/site-packages/airflow/example_dags/example_params_ui_tutorial.py took 0.083 seconds
[2023-08-05T04:12:25.114+0000] {processor.py:157} INFO - Started process (PID=384) to work on /home/airflow/.local/lib/python3.7/site-packages/airflow/example_dags/example_params_ui_tutorial.py
[2023-08-05T04:12:25.116+0000] {processor.py:826} INFO - Processing file /home/airflow/.local/lib/python3.7/site-packages/airflow/example_dags/example_params_ui_tutorial.py for tasks to queue
[2023-08-05T04:12:25.116+0000] {logging_mixin.py:150} INFO - [2023-08-05T04:12:25.116+0000] {dagbag.py:541} INFO - Filling up the DagBag from /home/airflow/.local/lib/python3.7/site-packages/airflow/example_dags/example_params_ui_tutorial.py
[2023-08-05T04:12:25.141+0000] {processor.py:836} INFO - DAG(s) dict_keys(['example_params_ui_tutorial']) retrieved from /home/airflow/.local/lib/python3.7/site-packages/airflow/example_dags/example_params_ui_tutorial.py
[2023-08-05T04:12:25.208+0000] {logging_mixin.py:150} INFO - [2023-08-05T04:12:25.207+0000] {dag.py:2742} INFO - Sync 1 DAGs
[2023-08-05T04:12:25.225+0000] {logging_mixin.py:150} INFO - [2023-08-05T04:12:25.225+0000] {dag.py:3508} INFO - Setting next_dagrun for example_params_ui_tutorial to None, run_after=None
[2023-08-05T04:12:25.236+0000] {processor.py:179} INFO - Processing /home/airflow/.local/lib/python3.7/site-packages/airflow/example_dags/example_params_ui_tutorial.py took 0.125 seconds
[2023-08-05T04:12:55.404+0000] {processor.py:157} INFO - Started process (PID=442) to work on /home/airflow/.local/lib/python3.7/site-packages/airflow/example_dags/example_params_ui_tutorial.py
[2023-08-05T04:12:55.406+0000] {processor.py:826} INFO - Processing file /home/airflow/.local/lib/python3.7/site-packages/airflow/example_dags/example_params_ui_tutorial.py for tasks to queue
[2023-08-05T04:12:55.406+0000] {logging_mixin.py:150} INFO - [2023-08-05T04:12:55.406+0000] {dagbag.py:541} INFO - Filling up the DagBag from /home/airflow/.local/lib/python3.7/site-packages/airflow/example_dags/example_params_ui_tutorial.py
[2023-08-05T04:12:55.429+0000] {processor.py:836} INFO - DAG(s) dict_keys(['example_params_ui_tutorial']) retrieved from /home/airflow/.local/lib/python3.7/site-packages/airflow/example_dags/example_params_ui_tutorial.py
[2023-08-05T04:12:55.462+0000] {logging_mixin.py:150} INFO - [2023-08-05T04:12:55.462+0000] {dag.py:2742} INFO - Sync 1 DAGs
[2023-08-05T04:12:55.477+0000] {logging_mixin.py:150} INFO - [2023-08-05T04:12:55.477+0000] {dag.py:3508} INFO - Setting next_dagrun for example_params_ui_tutorial to None, run_after=None
[2023-08-05T04:12:55.487+0000] {processor.py:179} INFO - Processing /home/airflow/.local/lib/python3.7/site-packages/airflow/example_dags/example_params_ui_tutorial.py took 0.085 seconds
[2023-08-05T04:13:25.569+0000] {processor.py:157} INFO - Started process (PID=512) to work on /home/airflow/.local/lib/python3.7/site-packages/airflow/example_dags/example_params_ui_tutorial.py
[2023-08-05T04:13:25.571+0000] {processor.py:826} INFO - Processing file /home/airflow/.local/lib/python3.7/site-packages/airflow/example_dags/example_params_ui_tutorial.py for tasks to queue
[2023-08-05T04:13:25.571+0000] {logging_mixin.py:150} INFO - [2023-08-05T04:13:25.571+0000] {dagbag.py:541} INFO - Filling up the DagBag from /home/airflow/.local/lib/python3.7/site-packages/airflow/example_dags/example_params_ui_tutorial.py
[2023-08-05T04:13:25.594+0000] {processor.py:836} INFO - DAG(s) dict_keys(['example_params_ui_tutorial']) retrieved from /home/airflow/.local/lib/python3.7/site-packages/airflow/example_dags/example_params_ui_tutorial.py
[2023-08-05T04:13:25.629+0000] {logging_mixin.py:150} INFO - [2023-08-05T04:13:25.628+0000] {dag.py:2742} INFO - Sync 1 DAGs
[2023-08-05T04:13:25.643+0000] {logging_mixin.py:150} INFO - [2023-08-05T04:13:25.643+0000] {dag.py:3508} INFO - Setting next_dagrun for example_params_ui_tutorial to None, run_after=None
[2023-08-05T04:13:25.652+0000] {processor.py:179} INFO - Processing /home/airflow/.local/lib/python3.7/site-packages/airflow/example_dags/example_params_ui_tutorial.py took 0.085 seconds
[2023-08-05T04:13:56.206+0000] {processor.py:157} INFO - Started process (PID=570) to work on /home/airflow/.local/lib/python3.7/site-packages/airflow/example_dags/example_params_ui_tutorial.py
[2023-08-05T04:13:56.208+0000] {processor.py:826} INFO - Processing file /home/airflow/.local/lib/python3.7/site-packages/airflow/example_dags/example_params_ui_tutorial.py for tasks to queue
[2023-08-05T04:13:56.209+0000] {logging_mixin.py:150} INFO - [2023-08-05T04:13:56.209+0000] {dagbag.py:541} INFO - Filling up the DagBag from /home/airflow/.local/lib/python3.7/site-packages/airflow/example_dags/example_params_ui_tutorial.py
[2023-08-05T04:13:56.288+0000] {processor.py:836} INFO - DAG(s) dict_keys(['example_params_ui_tutorial']) retrieved from /home/airflow/.local/lib/python3.7/site-packages/airflow/example_dags/example_params_ui_tutorial.py
[2023-08-05T04:13:56.383+0000] {logging_mixin.py:150} INFO - [2023-08-05T04:13:56.383+0000] {dag.py:2742} INFO - Sync 1 DAGs
[2023-08-05T04:13:56.420+0000] {logging_mixin.py:150} INFO - [2023-08-05T04:13:56.420+0000] {dag.py:3508} INFO - Setting next_dagrun for example_params_ui_tutorial to None, run_after=None
[2023-08-05T04:13:56.446+0000] {processor.py:179} INFO - Processing /home/airflow/.local/lib/python3.7/site-packages/airflow/example_dags/example_params_ui_tutorial.py took 0.244 seconds
