[2023-08-05T04:09:25.575+0000] {processor.py:157} INFO - Started process (PID=72) to work on /home/airflow/.local/lib/python3.7/site-packages/airflow/example_dags/example_sensors.py
[2023-08-05T04:09:25.577+0000] {processor.py:826} INFO - Processing file /home/airflow/.local/lib/python3.7/site-packages/airflow/example_dags/example_sensors.py for tasks to queue
[2023-08-05T04:09:25.586+0000] {logging_mixin.py:150} INFO - [2023-08-05T04:09:25.586+0000] {dagbag.py:541} INFO - Filling up the DagBag from /home/airflow/.local/lib/python3.7/site-packages/airflow/example_dags/example_sensors.py
[2023-08-05T04:09:25.599+0000] {processor.py:836} INFO - DAG(s) dict_keys(['example_sensors']) retrieved from /home/airflow/.local/lib/python3.7/site-packages/airflow/example_dags/example_sensors.py
[2023-08-05T04:09:25.614+0000] {logging_mixin.py:150} INFO - [2023-08-05T04:09:25.613+0000] {dag.py:2742} INFO - Sync 1 DAGs
[2023-08-05T04:09:25.633+0000] {logging_mixin.py:150} INFO - [2023-08-05T04:09:25.633+0000] {dag.py:3508} INFO - Setting next_dagrun for example_sensors to None, run_after=None
[2023-08-05T04:09:25.646+0000] {processor.py:179} INFO - Processing /home/airflow/.local/lib/python3.7/site-packages/airflow/example_dags/example_sensors.py took 0.080 seconds
[2023-08-05T04:09:56.527+0000] {processor.py:157} INFO - Started process (PID=130) to work on /home/airflow/.local/lib/python3.7/site-packages/airflow/example_dags/example_sensors.py
[2023-08-05T04:09:56.528+0000] {processor.py:826} INFO - Processing file /home/airflow/.local/lib/python3.7/site-packages/airflow/example_dags/example_sensors.py for tasks to queue
[2023-08-05T04:09:56.529+0000] {logging_mixin.py:150} INFO - [2023-08-05T04:09:56.529+0000] {dagbag.py:541} INFO - Filling up the DagBag from /home/airflow/.local/lib/python3.7/site-packages/airflow/example_dags/example_sensors.py
[2023-08-05T04:09:56.535+0000] {processor.py:836} INFO - DAG(s) dict_keys(['example_sensors']) retrieved from /home/airflow/.local/lib/python3.7/site-packages/airflow/example_dags/example_sensors.py
[2023-08-05T04:09:56.554+0000] {logging_mixin.py:150} INFO - [2023-08-05T04:09:56.554+0000] {dag.py:2742} INFO - Sync 1 DAGs
[2023-08-05T04:09:56.568+0000] {logging_mixin.py:150} INFO - [2023-08-05T04:09:56.568+0000] {dag.py:3508} INFO - Setting next_dagrun for example_sensors to None, run_after=None
[2023-08-05T04:09:56.577+0000] {processor.py:179} INFO - Processing /home/airflow/.local/lib/python3.7/site-packages/airflow/example_dags/example_sensors.py took 0.052 seconds
[2023-08-05T04:10:26.818+0000] {processor.py:157} INFO - Started process (PID=188) to work on /home/airflow/.local/lib/python3.7/site-packages/airflow/example_dags/example_sensors.py
[2023-08-05T04:10:26.819+0000] {processor.py:826} INFO - Processing file /home/airflow/.local/lib/python3.7/site-packages/airflow/example_dags/example_sensors.py for tasks to queue
[2023-08-05T04:10:26.820+0000] {logging_mixin.py:150} INFO - [2023-08-05T04:10:26.820+0000] {dagbag.py:541} INFO - Filling up the DagBag from /home/airflow/.local/lib/python3.7/site-packages/airflow/example_dags/example_sensors.py
[2023-08-05T04:10:26.827+0000] {processor.py:836} INFO - DAG(s) dict_keys(['example_sensors']) retrieved from /home/airflow/.local/lib/python3.7/site-packages/airflow/example_dags/example_sensors.py
[2023-08-05T04:10:26.846+0000] {logging_mixin.py:150} INFO - [2023-08-05T04:10:26.846+0000] {dag.py:2742} INFO - Sync 1 DAGs
[2023-08-05T04:10:26.861+0000] {logging_mixin.py:150} INFO - [2023-08-05T04:10:26.861+0000] {dag.py:3508} INFO - Setting next_dagrun for example_sensors to None, run_after=None
[2023-08-05T04:10:26.870+0000] {processor.py:179} INFO - Processing /home/airflow/.local/lib/python3.7/site-packages/airflow/example_dags/example_sensors.py took 0.054 seconds
[2023-08-05T04:10:56.946+0000] {processor.py:157} INFO - Started process (PID=246) to work on /home/airflow/.local/lib/python3.7/site-packages/airflow/example_dags/example_sensors.py
[2023-08-05T04:10:56.948+0000] {processor.py:826} INFO - Processing file /home/airflow/.local/lib/python3.7/site-packages/airflow/example_dags/example_sensors.py for tasks to queue
[2023-08-05T04:10:56.949+0000] {logging_mixin.py:150} INFO - [2023-08-05T04:10:56.949+0000] {dagbag.py:541} INFO - Filling up the DagBag from /home/airflow/.local/lib/python3.7/site-packages/airflow/example_dags/example_sensors.py
[2023-08-05T04:10:56.960+0000] {processor.py:836} INFO - DAG(s) dict_keys(['example_sensors']) retrieved from /home/airflow/.local/lib/python3.7/site-packages/airflow/example_dags/example_sensors.py
[2023-08-05T04:10:56.987+0000] {logging_mixin.py:150} INFO - [2023-08-05T04:10:56.987+0000] {dag.py:2742} INFO - Sync 1 DAGs
[2023-08-05T04:10:57.003+0000] {logging_mixin.py:150} INFO - [2023-08-05T04:10:57.003+0000] {dag.py:3508} INFO - Setting next_dagrun for example_sensors to None, run_after=None
[2023-08-05T04:10:57.015+0000] {processor.py:179} INFO - Processing /home/airflow/.local/lib/python3.7/site-packages/airflow/example_dags/example_sensors.py took 0.072 seconds
[2023-08-05T04:11:27.245+0000] {processor.py:157} INFO - Started process (PID=304) to work on /home/airflow/.local/lib/python3.7/site-packages/airflow/example_dags/example_sensors.py
[2023-08-05T04:11:27.246+0000] {processor.py:826} INFO - Processing file /home/airflow/.local/lib/python3.7/site-packages/airflow/example_dags/example_sensors.py for tasks to queue
[2023-08-05T04:11:27.247+0000] {logging_mixin.py:150} INFO - [2023-08-05T04:11:27.247+0000] {dagbag.py:541} INFO - Filling up the DagBag from /home/airflow/.local/lib/python3.7/site-packages/airflow/example_dags/example_sensors.py
[2023-08-05T04:11:27.253+0000] {processor.py:836} INFO - DAG(s) dict_keys(['example_sensors']) retrieved from /home/airflow/.local/lib/python3.7/site-packages/airflow/example_dags/example_sensors.py
[2023-08-05T04:11:27.272+0000] {logging_mixin.py:150} INFO - [2023-08-05T04:11:27.272+0000] {dag.py:2742} INFO - Sync 1 DAGs
[2023-08-05T04:11:27.285+0000] {logging_mixin.py:150} INFO - [2023-08-05T04:11:27.285+0000] {dag.py:3508} INFO - Setting next_dagrun for example_sensors to None, run_after=None
[2023-08-05T04:11:27.295+0000] {processor.py:179} INFO - Processing /home/airflow/.local/lib/python3.7/site-packages/airflow/example_dags/example_sensors.py took 0.052 seconds
[2023-08-05T04:11:57.444+0000] {processor.py:157} INFO - Started process (PID=362) to work on /home/airflow/.local/lib/python3.7/site-packages/airflow/example_dags/example_sensors.py
[2023-08-05T04:11:57.445+0000] {processor.py:826} INFO - Processing file /home/airflow/.local/lib/python3.7/site-packages/airflow/example_dags/example_sensors.py for tasks to queue
[2023-08-05T04:11:57.446+0000] {logging_mixin.py:150} INFO - [2023-08-05T04:11:57.445+0000] {dagbag.py:541} INFO - Filling up the DagBag from /home/airflow/.local/lib/python3.7/site-packages/airflow/example_dags/example_sensors.py
[2023-08-05T04:11:57.453+0000] {processor.py:836} INFO - DAG(s) dict_keys(['example_sensors']) retrieved from /home/airflow/.local/lib/python3.7/site-packages/airflow/example_dags/example_sensors.py
[2023-08-05T04:11:57.471+0000] {logging_mixin.py:150} INFO - [2023-08-05T04:11:57.471+0000] {dag.py:2742} INFO - Sync 1 DAGs
[2023-08-05T04:11:57.484+0000] {logging_mixin.py:150} INFO - [2023-08-05T04:11:57.483+0000] {dag.py:3508} INFO - Setting next_dagrun for example_sensors to None, run_after=None
[2023-08-05T04:11:57.493+0000] {processor.py:179} INFO - Processing /home/airflow/.local/lib/python3.7/site-packages/airflow/example_dags/example_sensors.py took 0.052 seconds
[2023-08-05T04:12:27.616+0000] {processor.py:157} INFO - Started process (PID=420) to work on /home/airflow/.local/lib/python3.7/site-packages/airflow/example_dags/example_sensors.py
[2023-08-05T04:12:27.617+0000] {processor.py:826} INFO - Processing file /home/airflow/.local/lib/python3.7/site-packages/airflow/example_dags/example_sensors.py for tasks to queue
[2023-08-05T04:12:27.618+0000] {logging_mixin.py:150} INFO - [2023-08-05T04:12:27.618+0000] {dagbag.py:541} INFO - Filling up the DagBag from /home/airflow/.local/lib/python3.7/site-packages/airflow/example_dags/example_sensors.py
[2023-08-05T04:12:27.627+0000] {processor.py:836} INFO - DAG(s) dict_keys(['example_sensors']) retrieved from /home/airflow/.local/lib/python3.7/site-packages/airflow/example_dags/example_sensors.py
[2023-08-05T04:12:27.655+0000] {logging_mixin.py:150} INFO - [2023-08-05T04:12:27.655+0000] {dag.py:2742} INFO - Sync 1 DAGs
[2023-08-05T04:12:27.671+0000] {logging_mixin.py:150} INFO - [2023-08-05T04:12:27.671+0000] {dag.py:3508} INFO - Setting next_dagrun for example_sensors to None, run_after=None
[2023-08-05T04:12:27.683+0000] {processor.py:179} INFO - Processing /home/airflow/.local/lib/python3.7/site-packages/airflow/example_dags/example_sensors.py took 0.070 seconds
[2023-08-05T04:12:57.810+0000] {processor.py:157} INFO - Started process (PID=478) to work on /home/airflow/.local/lib/python3.7/site-packages/airflow/example_dags/example_sensors.py
[2023-08-05T04:12:57.811+0000] {processor.py:826} INFO - Processing file /home/airflow/.local/lib/python3.7/site-packages/airflow/example_dags/example_sensors.py for tasks to queue
[2023-08-05T04:12:57.811+0000] {logging_mixin.py:150} INFO - [2023-08-05T04:12:57.811+0000] {dagbag.py:541} INFO - Filling up the DagBag from /home/airflow/.local/lib/python3.7/site-packages/airflow/example_dags/example_sensors.py
[2023-08-05T04:12:57.818+0000] {processor.py:836} INFO - DAG(s) dict_keys(['example_sensors']) retrieved from /home/airflow/.local/lib/python3.7/site-packages/airflow/example_dags/example_sensors.py
[2023-08-05T04:12:57.837+0000] {logging_mixin.py:150} INFO - [2023-08-05T04:12:57.837+0000] {dag.py:2742} INFO - Sync 1 DAGs
[2023-08-05T04:12:57.850+0000] {logging_mixin.py:150} INFO - [2023-08-05T04:12:57.850+0000] {dag.py:3508} INFO - Setting next_dagrun for example_sensors to None, run_after=None
[2023-08-05T04:12:57.860+0000] {processor.py:179} INFO - Processing /home/airflow/.local/lib/python3.7/site-packages/airflow/example_dags/example_sensors.py took 0.053 seconds
[2023-08-05T04:13:28.227+0000] {processor.py:157} INFO - Started process (PID=548) to work on /home/airflow/.local/lib/python3.7/site-packages/airflow/example_dags/example_sensors.py
[2023-08-05T04:13:28.229+0000] {processor.py:826} INFO - Processing file /home/airflow/.local/lib/python3.7/site-packages/airflow/example_dags/example_sensors.py for tasks to queue
[2023-08-05T04:13:28.230+0000] {logging_mixin.py:150} INFO - [2023-08-05T04:13:28.230+0000] {dagbag.py:541} INFO - Filling up the DagBag from /home/airflow/.local/lib/python3.7/site-packages/airflow/example_dags/example_sensors.py
[2023-08-05T04:13:28.239+0000] {processor.py:836} INFO - DAG(s) dict_keys(['example_sensors']) retrieved from /home/airflow/.local/lib/python3.7/site-packages/airflow/example_dags/example_sensors.py
[2023-08-05T04:13:28.263+0000] {logging_mixin.py:150} INFO - [2023-08-05T04:13:28.263+0000] {dag.py:2742} INFO - Sync 1 DAGs
[2023-08-05T04:13:28.281+0000] {logging_mixin.py:150} INFO - [2023-08-05T04:13:28.281+0000] {dag.py:3508} INFO - Setting next_dagrun for example_sensors to None, run_after=None
[2023-08-05T04:13:28.295+0000] {processor.py:179} INFO - Processing /home/airflow/.local/lib/python3.7/site-packages/airflow/example_dags/example_sensors.py took 0.070 seconds
