[2023-08-05T04:09:25.111+0000] {processor.py:157} INFO - Started process (PID=67) to work on /home/airflow/.local/lib/python3.7/site-packages/airflow/example_dags/example_external_task_marker_dag.py
[2023-08-05T04:09:25.113+0000] {processor.py:826} INFO - Processing file /home/airflow/.local/lib/python3.7/site-packages/airflow/example_dags/example_external_task_marker_dag.py for tasks to queue
[2023-08-05T04:09:25.114+0000] {logging_mixin.py:150} INFO - [2023-08-05T04:09:25.113+0000] {dagbag.py:541} INFO - Filling up the DagBag from /home/airflow/.local/lib/python3.7/site-packages/airflow/example_dags/example_external_task_marker_dag.py
[2023-08-05T04:09:25.122+0000] {processor.py:836} INFO - DAG(s) dict_keys(['example_external_task_marker_child', 'example_external_task_marker_parent']) retrieved from /home/airflow/.local/lib/python3.7/site-packages/airflow/example_dags/example_external_task_marker_dag.py
[2023-08-05T04:09:25.151+0000] {logging_mixin.py:150} INFO - [2023-08-05T04:09:25.151+0000] {dag.py:2742} INFO - Sync 2 DAGs
[2023-08-05T04:09:25.172+0000] {logging_mixin.py:150} INFO - [2023-08-05T04:09:25.172+0000] {dag.py:3508} INFO - Setting next_dagrun for example_external_task_marker_child to None, run_after=None
[2023-08-05T04:09:25.175+0000] {logging_mixin.py:150} INFO - [2023-08-05T04:09:25.175+0000] {dag.py:3508} INFO - Setting next_dagrun for example_external_task_marker_parent to None, run_after=None
[2023-08-05T04:09:25.186+0000] {processor.py:179} INFO - Processing /home/airflow/.local/lib/python3.7/site-packages/airflow/example_dags/example_external_task_marker_dag.py took 0.080 seconds
[2023-08-05T04:09:55.280+0000] {processor.py:157} INFO - Started process (PID=125) to work on /home/airflow/.local/lib/python3.7/site-packages/airflow/example_dags/example_external_task_marker_dag.py
[2023-08-05T04:09:55.281+0000] {processor.py:826} INFO - Processing file /home/airflow/.local/lib/python3.7/site-packages/airflow/example_dags/example_external_task_marker_dag.py for tasks to queue
[2023-08-05T04:09:55.282+0000] {logging_mixin.py:150} INFO - [2023-08-05T04:09:55.282+0000] {dagbag.py:541} INFO - Filling up the DagBag from /home/airflow/.local/lib/python3.7/site-packages/airflow/example_dags/example_external_task_marker_dag.py
[2023-08-05T04:09:55.286+0000] {processor.py:836} INFO - DAG(s) dict_keys(['example_external_task_marker_parent', 'example_external_task_marker_child']) retrieved from /home/airflow/.local/lib/python3.7/site-packages/airflow/example_dags/example_external_task_marker_dag.py
[2023-08-05T04:09:55.304+0000] {logging_mixin.py:150} INFO - [2023-08-05T04:09:55.304+0000] {dag.py:2742} INFO - Sync 2 DAGs
[2023-08-05T04:09:55.318+0000] {logging_mixin.py:150} INFO - [2023-08-05T04:09:55.318+0000] {dag.py:3508} INFO - Setting next_dagrun for example_external_task_marker_child to None, run_after=None
[2023-08-05T04:09:55.320+0000] {logging_mixin.py:150} INFO - [2023-08-05T04:09:55.320+0000] {dag.py:3508} INFO - Setting next_dagrun for example_external_task_marker_parent to None, run_after=None
[2023-08-05T04:09:55.328+0000] {processor.py:179} INFO - Processing /home/airflow/.local/lib/python3.7/site-packages/airflow/example_dags/example_external_task_marker_dag.py took 0.051 seconds
[2023-08-05T04:10:25.562+0000] {processor.py:157} INFO - Started process (PID=183) to work on /home/airflow/.local/lib/python3.7/site-packages/airflow/example_dags/example_external_task_marker_dag.py
[2023-08-05T04:10:25.563+0000] {processor.py:826} INFO - Processing file /home/airflow/.local/lib/python3.7/site-packages/airflow/example_dags/example_external_task_marker_dag.py for tasks to queue
[2023-08-05T04:10:25.564+0000] {logging_mixin.py:150} INFO - [2023-08-05T04:10:25.564+0000] {dagbag.py:541} INFO - Filling up the DagBag from /home/airflow/.local/lib/python3.7/site-packages/airflow/example_dags/example_external_task_marker_dag.py
[2023-08-05T04:10:25.568+0000] {processor.py:836} INFO - DAG(s) dict_keys(['example_external_task_marker_parent', 'example_external_task_marker_child']) retrieved from /home/airflow/.local/lib/python3.7/site-packages/airflow/example_dags/example_external_task_marker_dag.py
[2023-08-05T04:10:25.587+0000] {logging_mixin.py:150} INFO - [2023-08-05T04:10:25.587+0000] {dag.py:2742} INFO - Sync 2 DAGs
[2023-08-05T04:10:25.601+0000] {logging_mixin.py:150} INFO - [2023-08-05T04:10:25.601+0000] {dag.py:3508} INFO - Setting next_dagrun for example_external_task_marker_child to None, run_after=None
[2023-08-05T04:10:25.603+0000] {logging_mixin.py:150} INFO - [2023-08-05T04:10:25.603+0000] {dag.py:3508} INFO - Setting next_dagrun for example_external_task_marker_parent to None, run_after=None
[2023-08-05T04:10:25.611+0000] {processor.py:179} INFO - Processing /home/airflow/.local/lib/python3.7/site-packages/airflow/example_dags/example_external_task_marker_dag.py took 0.051 seconds
[2023-08-05T04:10:55.636+0000] {processor.py:157} INFO - Started process (PID=241) to work on /home/airflow/.local/lib/python3.7/site-packages/airflow/example_dags/example_external_task_marker_dag.py
[2023-08-05T04:10:55.637+0000] {processor.py:826} INFO - Processing file /home/airflow/.local/lib/python3.7/site-packages/airflow/example_dags/example_external_task_marker_dag.py for tasks to queue
[2023-08-05T04:10:55.637+0000] {logging_mixin.py:150} INFO - [2023-08-05T04:10:55.637+0000] {dagbag.py:541} INFO - Filling up the DagBag from /home/airflow/.local/lib/python3.7/site-packages/airflow/example_dags/example_external_task_marker_dag.py
[2023-08-05T04:10:55.642+0000] {processor.py:836} INFO - DAG(s) dict_keys(['example_external_task_marker_parent', 'example_external_task_marker_child']) retrieved from /home/airflow/.local/lib/python3.7/site-packages/airflow/example_dags/example_external_task_marker_dag.py
[2023-08-05T04:10:55.661+0000] {logging_mixin.py:150} INFO - [2023-08-05T04:10:55.661+0000] {dag.py:2742} INFO - Sync 2 DAGs
[2023-08-05T04:10:55.674+0000] {logging_mixin.py:150} INFO - [2023-08-05T04:10:55.674+0000] {dag.py:3508} INFO - Setting next_dagrun for example_external_task_marker_child to None, run_after=None
[2023-08-05T04:10:55.676+0000] {logging_mixin.py:150} INFO - [2023-08-05T04:10:55.676+0000] {dag.py:3508} INFO - Setting next_dagrun for example_external_task_marker_parent to None, run_after=None
[2023-08-05T04:10:55.685+0000] {processor.py:179} INFO - Processing /home/airflow/.local/lib/python3.7/site-packages/airflow/example_dags/example_external_task_marker_dag.py took 0.052 seconds
[2023-08-05T04:11:25.870+0000] {processor.py:157} INFO - Started process (PID=298) to work on /home/airflow/.local/lib/python3.7/site-packages/airflow/example_dags/example_external_task_marker_dag.py
[2023-08-05T04:11:25.871+0000] {processor.py:826} INFO - Processing file /home/airflow/.local/lib/python3.7/site-packages/airflow/example_dags/example_external_task_marker_dag.py for tasks to queue
[2023-08-05T04:11:25.872+0000] {logging_mixin.py:150} INFO - [2023-08-05T04:11:25.872+0000] {dagbag.py:541} INFO - Filling up the DagBag from /home/airflow/.local/lib/python3.7/site-packages/airflow/example_dags/example_external_task_marker_dag.py
[2023-08-05T04:11:25.876+0000] {processor.py:836} INFO - DAG(s) dict_keys(['example_external_task_marker_child', 'example_external_task_marker_parent']) retrieved from /home/airflow/.local/lib/python3.7/site-packages/airflow/example_dags/example_external_task_marker_dag.py
[2023-08-05T04:11:25.896+0000] {logging_mixin.py:150} INFO - [2023-08-05T04:11:25.896+0000] {dag.py:2742} INFO - Sync 2 DAGs
[2023-08-05T04:11:25.912+0000] {logging_mixin.py:150} INFO - [2023-08-05T04:11:25.912+0000] {dag.py:3508} INFO - Setting next_dagrun for example_external_task_marker_child to None, run_after=None
[2023-08-05T04:11:25.914+0000] {logging_mixin.py:150} INFO - [2023-08-05T04:11:25.914+0000] {dag.py:3508} INFO - Setting next_dagrun for example_external_task_marker_parent to None, run_after=None
[2023-08-05T04:11:25.923+0000] {processor.py:179} INFO - Processing /home/airflow/.local/lib/python3.7/site-packages/airflow/example_dags/example_external_task_marker_dag.py took 0.056 seconds
[2023-08-05T04:11:55.980+0000] {processor.py:157} INFO - Started process (PID=356) to work on /home/airflow/.local/lib/python3.7/site-packages/airflow/example_dags/example_external_task_marker_dag.py
[2023-08-05T04:11:55.982+0000] {processor.py:826} INFO - Processing file /home/airflow/.local/lib/python3.7/site-packages/airflow/example_dags/example_external_task_marker_dag.py for tasks to queue
[2023-08-05T04:11:55.983+0000] {logging_mixin.py:150} INFO - [2023-08-05T04:11:55.982+0000] {dagbag.py:541} INFO - Filling up the DagBag from /home/airflow/.local/lib/python3.7/site-packages/airflow/example_dags/example_external_task_marker_dag.py
[2023-08-05T04:11:55.987+0000] {processor.py:836} INFO - DAG(s) dict_keys(['example_external_task_marker_child', 'example_external_task_marker_parent']) retrieved from /home/airflow/.local/lib/python3.7/site-packages/airflow/example_dags/example_external_task_marker_dag.py
[2023-08-05T04:11:56.006+0000] {logging_mixin.py:150} INFO - [2023-08-05T04:11:56.006+0000] {dag.py:2742} INFO - Sync 2 DAGs
[2023-08-05T04:11:56.020+0000] {logging_mixin.py:150} INFO - [2023-08-05T04:11:56.020+0000] {dag.py:3508} INFO - Setting next_dagrun for example_external_task_marker_child to None, run_after=None
[2023-08-05T04:11:56.022+0000] {logging_mixin.py:150} INFO - [2023-08-05T04:11:56.022+0000] {dag.py:3508} INFO - Setting next_dagrun for example_external_task_marker_parent to None, run_after=None
[2023-08-05T04:11:56.030+0000] {processor.py:179} INFO - Processing /home/airflow/.local/lib/python3.7/site-packages/airflow/example_dags/example_external_task_marker_dag.py took 0.052 seconds
[2023-08-05T04:12:26.319+0000] {processor.py:157} INFO - Started process (PID=414) to work on /home/airflow/.local/lib/python3.7/site-packages/airflow/example_dags/example_external_task_marker_dag.py
[2023-08-05T04:12:26.320+0000] {processor.py:826} INFO - Processing file /home/airflow/.local/lib/python3.7/site-packages/airflow/example_dags/example_external_task_marker_dag.py for tasks to queue
[2023-08-05T04:12:26.320+0000] {logging_mixin.py:150} INFO - [2023-08-05T04:12:26.320+0000] {dagbag.py:541} INFO - Filling up the DagBag from /home/airflow/.local/lib/python3.7/site-packages/airflow/example_dags/example_external_task_marker_dag.py
[2023-08-05T04:12:26.325+0000] {processor.py:836} INFO - DAG(s) dict_keys(['example_external_task_marker_child', 'example_external_task_marker_parent']) retrieved from /home/airflow/.local/lib/python3.7/site-packages/airflow/example_dags/example_external_task_marker_dag.py
[2023-08-05T04:12:26.343+0000] {logging_mixin.py:150} INFO - [2023-08-05T04:12:26.343+0000] {dag.py:2742} INFO - Sync 2 DAGs
[2023-08-05T04:12:26.357+0000] {logging_mixin.py:150} INFO - [2023-08-05T04:12:26.357+0000] {dag.py:3508} INFO - Setting next_dagrun for example_external_task_marker_child to None, run_after=None
[2023-08-05T04:12:26.360+0000] {logging_mixin.py:150} INFO - [2023-08-05T04:12:26.360+0000] {dag.py:3508} INFO - Setting next_dagrun for example_external_task_marker_parent to None, run_after=None
[2023-08-05T04:12:26.369+0000] {processor.py:179} INFO - Processing /home/airflow/.local/lib/python3.7/site-packages/airflow/example_dags/example_external_task_marker_dag.py took 0.053 seconds
[2023-08-05T04:12:56.455+0000] {processor.py:157} INFO - Started process (PID=472) to work on /home/airflow/.local/lib/python3.7/site-packages/airflow/example_dags/example_external_task_marker_dag.py
[2023-08-05T04:12:56.456+0000] {processor.py:826} INFO - Processing file /home/airflow/.local/lib/python3.7/site-packages/airflow/example_dags/example_external_task_marker_dag.py for tasks to queue
[2023-08-05T04:12:56.457+0000] {logging_mixin.py:150} INFO - [2023-08-05T04:12:56.457+0000] {dagbag.py:541} INFO - Filling up the DagBag from /home/airflow/.local/lib/python3.7/site-packages/airflow/example_dags/example_external_task_marker_dag.py
[2023-08-05T04:12:56.462+0000] {processor.py:836} INFO - DAG(s) dict_keys(['example_external_task_marker_parent', 'example_external_task_marker_child']) retrieved from /home/airflow/.local/lib/python3.7/site-packages/airflow/example_dags/example_external_task_marker_dag.py
[2023-08-05T04:12:56.480+0000] {logging_mixin.py:150} INFO - [2023-08-05T04:12:56.480+0000] {dag.py:2742} INFO - Sync 2 DAGs
[2023-08-05T04:12:56.494+0000] {logging_mixin.py:150} INFO - [2023-08-05T04:12:56.494+0000] {dag.py:3508} INFO - Setting next_dagrun for example_external_task_marker_child to None, run_after=None
[2023-08-05T04:12:56.496+0000] {logging_mixin.py:150} INFO - [2023-08-05T04:12:56.496+0000] {dag.py:3508} INFO - Setting next_dagrun for example_external_task_marker_parent to None, run_after=None
[2023-08-05T04:12:56.505+0000] {processor.py:179} INFO - Processing /home/airflow/.local/lib/python3.7/site-packages/airflow/example_dags/example_external_task_marker_dag.py took 0.052 seconds
[2023-08-05T04:13:26.786+0000] {processor.py:157} INFO - Started process (PID=542) to work on /home/airflow/.local/lib/python3.7/site-packages/airflow/example_dags/example_external_task_marker_dag.py
[2023-08-05T04:13:26.787+0000] {processor.py:826} INFO - Processing file /home/airflow/.local/lib/python3.7/site-packages/airflow/example_dags/example_external_task_marker_dag.py for tasks to queue
[2023-08-05T04:13:26.788+0000] {logging_mixin.py:150} INFO - [2023-08-05T04:13:26.788+0000] {dagbag.py:541} INFO - Filling up the DagBag from /home/airflow/.local/lib/python3.7/site-packages/airflow/example_dags/example_external_task_marker_dag.py
[2023-08-05T04:13:26.792+0000] {processor.py:836} INFO - DAG(s) dict_keys(['example_external_task_marker_parent', 'example_external_task_marker_child']) retrieved from /home/airflow/.local/lib/python3.7/site-packages/airflow/example_dags/example_external_task_marker_dag.py
[2023-08-05T04:13:26.812+0000] {logging_mixin.py:150} INFO - [2023-08-05T04:13:26.812+0000] {dag.py:2742} INFO - Sync 2 DAGs
[2023-08-05T04:13:26.826+0000] {logging_mixin.py:150} INFO - [2023-08-05T04:13:26.826+0000] {dag.py:3508} INFO - Setting next_dagrun for example_external_task_marker_child to None, run_after=None
[2023-08-05T04:13:26.828+0000] {logging_mixin.py:150} INFO - [2023-08-05T04:13:26.828+0000] {dag.py:3508} INFO - Setting next_dagrun for example_external_task_marker_parent to None, run_after=None
[2023-08-05T04:13:26.837+0000] {processor.py:179} INFO - Processing /home/airflow/.local/lib/python3.7/site-packages/airflow/example_dags/example_external_task_marker_dag.py took 0.053 seconds
