[2023-08-05T04:09:23.700+0000] {processor.py:157} INFO - Started process (PID=44) to work on /home/airflow/.local/lib/python3.7/site-packages/airflow/example_dags/example_branch_python_dop_operator_3.py
[2023-08-05T04:09:23.701+0000] {processor.py:826} INFO - Processing file /home/airflow/.local/lib/python3.7/site-packages/airflow/example_dags/example_branch_python_dop_operator_3.py for tasks to queue
[2023-08-05T04:09:23.702+0000] {logging_mixin.py:150} INFO - [2023-08-05T04:09:23.702+0000] {dagbag.py:541} INFO - Filling up the DagBag from /home/airflow/.local/lib/python3.7/site-packages/airflow/example_dags/example_branch_python_dop_operator_3.py
[2023-08-05T04:09:23.710+0000] {processor.py:836} INFO - DAG(s) dict_keys(['example_branch_dop_operator_v3']) retrieved from /home/airflow/.local/lib/python3.7/site-packages/airflow/example_dags/example_branch_python_dop_operator_3.py
[2023-08-05T04:09:23.722+0000] {logging_mixin.py:150} INFO - [2023-08-05T04:09:23.721+0000] {dag.py:2742} INFO - Sync 1 DAGs
[2023-08-05T04:09:23.748+0000] {logging_mixin.py:150} INFO - [2023-08-05T04:09:23.748+0000] {dag.py:3508} INFO - Setting next_dagrun for example_branch_dop_operator_v3 to 2023-08-05T04:08:00+00:00, run_after=2023-08-05T04:09:00+00:00
[2023-08-05T04:09:23.782+0000] {processor.py:179} INFO - Processing /home/airflow/.local/lib/python3.7/site-packages/airflow/example_dags/example_branch_python_dop_operator_3.py took 0.084 seconds
[2023-08-05T04:09:54.366+0000] {processor.py:157} INFO - Started process (PID=102) to work on /home/airflow/.local/lib/python3.7/site-packages/airflow/example_dags/example_branch_python_dop_operator_3.py
[2023-08-05T04:09:54.367+0000] {processor.py:826} INFO - Processing file /home/airflow/.local/lib/python3.7/site-packages/airflow/example_dags/example_branch_python_dop_operator_3.py for tasks to queue
[2023-08-05T04:09:54.368+0000] {logging_mixin.py:150} INFO - [2023-08-05T04:09:54.368+0000] {dagbag.py:541} INFO - Filling up the DagBag from /home/airflow/.local/lib/python3.7/site-packages/airflow/example_dags/example_branch_python_dop_operator_3.py
[2023-08-05T04:09:54.374+0000] {processor.py:836} INFO - DAG(s) dict_keys(['example_branch_dop_operator_v3']) retrieved from /home/airflow/.local/lib/python3.7/site-packages/airflow/example_dags/example_branch_python_dop_operator_3.py
[2023-08-05T04:09:54.390+0000] {logging_mixin.py:150} INFO - [2023-08-05T04:09:54.390+0000] {dag.py:2742} INFO - Sync 1 DAGs
[2023-08-05T04:09:54.406+0000] {logging_mixin.py:150} INFO - [2023-08-05T04:09:54.406+0000] {dag.py:3508} INFO - Setting next_dagrun for example_branch_dop_operator_v3 to 2023-08-05T04:08:00+00:00, run_after=2023-08-05T04:09:00+00:00
[2023-08-05T04:09:54.416+0000] {processor.py:179} INFO - Processing /home/airflow/.local/lib/python3.7/site-packages/airflow/example_dags/example_branch_python_dop_operator_3.py took 0.052 seconds
[2023-08-05T04:10:24.564+0000] {processor.py:157} INFO - Started process (PID=160) to work on /home/airflow/.local/lib/python3.7/site-packages/airflow/example_dags/example_branch_python_dop_operator_3.py
[2023-08-05T04:10:24.565+0000] {processor.py:826} INFO - Processing file /home/airflow/.local/lib/python3.7/site-packages/airflow/example_dags/example_branch_python_dop_operator_3.py for tasks to queue
[2023-08-05T04:10:24.566+0000] {logging_mixin.py:150} INFO - [2023-08-05T04:10:24.566+0000] {dagbag.py:541} INFO - Filling up the DagBag from /home/airflow/.local/lib/python3.7/site-packages/airflow/example_dags/example_branch_python_dop_operator_3.py
[2023-08-05T04:10:24.572+0000] {processor.py:836} INFO - DAG(s) dict_keys(['example_branch_dop_operator_v3']) retrieved from /home/airflow/.local/lib/python3.7/site-packages/airflow/example_dags/example_branch_python_dop_operator_3.py
[2023-08-05T04:10:24.591+0000] {logging_mixin.py:150} INFO - [2023-08-05T04:10:24.591+0000] {dag.py:2742} INFO - Sync 1 DAGs
[2023-08-05T04:10:24.607+0000] {logging_mixin.py:150} INFO - [2023-08-05T04:10:24.607+0000] {dag.py:3508} INFO - Setting next_dagrun for example_branch_dop_operator_v3 to 2023-08-05T04:09:00+00:00, run_after=2023-08-05T04:10:00+00:00
[2023-08-05T04:10:24.618+0000] {processor.py:179} INFO - Processing /home/airflow/.local/lib/python3.7/site-packages/airflow/example_dags/example_branch_python_dop_operator_3.py took 0.056 seconds
[2023-08-05T04:10:54.783+0000] {processor.py:157} INFO - Started process (PID=218) to work on /home/airflow/.local/lib/python3.7/site-packages/airflow/example_dags/example_branch_python_dop_operator_3.py
[2023-08-05T04:10:54.784+0000] {processor.py:826} INFO - Processing file /home/airflow/.local/lib/python3.7/site-packages/airflow/example_dags/example_branch_python_dop_operator_3.py for tasks to queue
[2023-08-05T04:10:54.784+0000] {logging_mixin.py:150} INFO - [2023-08-05T04:10:54.784+0000] {dagbag.py:541} INFO - Filling up the DagBag from /home/airflow/.local/lib/python3.7/site-packages/airflow/example_dags/example_branch_python_dop_operator_3.py
[2023-08-05T04:10:54.790+0000] {processor.py:836} INFO - DAG(s) dict_keys(['example_branch_dop_operator_v3']) retrieved from /home/airflow/.local/lib/python3.7/site-packages/airflow/example_dags/example_branch_python_dop_operator_3.py
[2023-08-05T04:10:54.807+0000] {logging_mixin.py:150} INFO - [2023-08-05T04:10:54.807+0000] {dag.py:2742} INFO - Sync 1 DAGs
[2023-08-05T04:10:54.823+0000] {logging_mixin.py:150} INFO - [2023-08-05T04:10:54.823+0000] {dag.py:3508} INFO - Setting next_dagrun for example_branch_dop_operator_v3 to 2023-08-05T04:09:00+00:00, run_after=2023-08-05T04:10:00+00:00
[2023-08-05T04:10:54.832+0000] {processor.py:179} INFO - Processing /home/airflow/.local/lib/python3.7/site-packages/airflow/example_dags/example_branch_python_dop_operator_3.py took 0.052 seconds
[2023-08-05T04:11:24.987+0000] {processor.py:157} INFO - Started process (PID=276) to work on /home/airflow/.local/lib/python3.7/site-packages/airflow/example_dags/example_branch_python_dop_operator_3.py
[2023-08-05T04:11:24.989+0000] {processor.py:826} INFO - Processing file /home/airflow/.local/lib/python3.7/site-packages/airflow/example_dags/example_branch_python_dop_operator_3.py for tasks to queue
[2023-08-05T04:11:24.990+0000] {logging_mixin.py:150} INFO - [2023-08-05T04:11:24.990+0000] {dagbag.py:541} INFO - Filling up the DagBag from /home/airflow/.local/lib/python3.7/site-packages/airflow/example_dags/example_branch_python_dop_operator_3.py
[2023-08-05T04:11:24.997+0000] {processor.py:836} INFO - DAG(s) dict_keys(['example_branch_dop_operator_v3']) retrieved from /home/airflow/.local/lib/python3.7/site-packages/airflow/example_dags/example_branch_python_dop_operator_3.py
[2023-08-05T04:11:25.015+0000] {logging_mixin.py:150} INFO - [2023-08-05T04:11:25.015+0000] {dag.py:2742} INFO - Sync 1 DAGs
[2023-08-05T04:11:25.031+0000] {logging_mixin.py:150} INFO - [2023-08-05T04:11:25.031+0000] {dag.py:3508} INFO - Setting next_dagrun for example_branch_dop_operator_v3 to 2023-08-05T04:10:00+00:00, run_after=2023-08-05T04:11:00+00:00
[2023-08-05T04:11:25.041+0000] {processor.py:179} INFO - Processing /home/airflow/.local/lib/python3.7/site-packages/airflow/example_dags/example_branch_python_dop_operator_3.py took 0.057 seconds
[2023-08-05T04:11:55.207+0000] {processor.py:157} INFO - Started process (PID=334) to work on /home/airflow/.local/lib/python3.7/site-packages/airflow/example_dags/example_branch_python_dop_operator_3.py
[2023-08-05T04:11:55.208+0000] {processor.py:826} INFO - Processing file /home/airflow/.local/lib/python3.7/site-packages/airflow/example_dags/example_branch_python_dop_operator_3.py for tasks to queue
[2023-08-05T04:11:55.209+0000] {logging_mixin.py:150} INFO - [2023-08-05T04:11:55.209+0000] {dagbag.py:541} INFO - Filling up the DagBag from /home/airflow/.local/lib/python3.7/site-packages/airflow/example_dags/example_branch_python_dop_operator_3.py
[2023-08-05T04:11:55.215+0000] {processor.py:836} INFO - DAG(s) dict_keys(['example_branch_dop_operator_v3']) retrieved from /home/airflow/.local/lib/python3.7/site-packages/airflow/example_dags/example_branch_python_dop_operator_3.py
[2023-08-05T04:11:55.232+0000] {logging_mixin.py:150} INFO - [2023-08-05T04:11:55.232+0000] {dag.py:2742} INFO - Sync 1 DAGs
[2023-08-05T04:11:55.248+0000] {logging_mixin.py:150} INFO - [2023-08-05T04:11:55.248+0000] {dag.py:3508} INFO - Setting next_dagrun for example_branch_dop_operator_v3 to 2023-08-05T04:10:00+00:00, run_after=2023-08-05T04:11:00+00:00
[2023-08-05T04:11:55.257+0000] {processor.py:179} INFO - Processing /home/airflow/.local/lib/python3.7/site-packages/airflow/example_dags/example_branch_python_dop_operator_3.py took 0.052 seconds
[2023-08-05T04:12:25.437+0000] {processor.py:157} INFO - Started process (PID=392) to work on /home/airflow/.local/lib/python3.7/site-packages/airflow/example_dags/example_branch_python_dop_operator_3.py
[2023-08-05T04:12:25.438+0000] {processor.py:826} INFO - Processing file /home/airflow/.local/lib/python3.7/site-packages/airflow/example_dags/example_branch_python_dop_operator_3.py for tasks to queue
[2023-08-05T04:12:25.438+0000] {logging_mixin.py:150} INFO - [2023-08-05T04:12:25.438+0000] {dagbag.py:541} INFO - Filling up the DagBag from /home/airflow/.local/lib/python3.7/site-packages/airflow/example_dags/example_branch_python_dop_operator_3.py
[2023-08-05T04:12:25.444+0000] {processor.py:836} INFO - DAG(s) dict_keys(['example_branch_dop_operator_v3']) retrieved from /home/airflow/.local/lib/python3.7/site-packages/airflow/example_dags/example_branch_python_dop_operator_3.py
[2023-08-05T04:12:25.468+0000] {logging_mixin.py:150} INFO - [2023-08-05T04:12:25.468+0000] {dag.py:2742} INFO - Sync 1 DAGs
[2023-08-05T04:12:25.488+0000] {logging_mixin.py:150} INFO - [2023-08-05T04:12:25.488+0000] {dag.py:3508} INFO - Setting next_dagrun for example_branch_dop_operator_v3 to 2023-08-05T04:11:00+00:00, run_after=2023-08-05T04:12:00+00:00
[2023-08-05T04:12:25.498+0000] {processor.py:179} INFO - Processing /home/airflow/.local/lib/python3.7/site-packages/airflow/example_dags/example_branch_python_dop_operator_3.py took 0.064 seconds
[2023-08-05T04:12:55.674+0000] {processor.py:157} INFO - Started process (PID=450) to work on /home/airflow/.local/lib/python3.7/site-packages/airflow/example_dags/example_branch_python_dop_operator_3.py
[2023-08-05T04:12:55.675+0000] {processor.py:826} INFO - Processing file /home/airflow/.local/lib/python3.7/site-packages/airflow/example_dags/example_branch_python_dop_operator_3.py for tasks to queue
[2023-08-05T04:12:55.676+0000] {logging_mixin.py:150} INFO - [2023-08-05T04:12:55.675+0000] {dagbag.py:541} INFO - Filling up the DagBag from /home/airflow/.local/lib/python3.7/site-packages/airflow/example_dags/example_branch_python_dop_operator_3.py
[2023-08-05T04:12:55.681+0000] {processor.py:836} INFO - DAG(s) dict_keys(['example_branch_dop_operator_v3']) retrieved from /home/airflow/.local/lib/python3.7/site-packages/airflow/example_dags/example_branch_python_dop_operator_3.py
[2023-08-05T04:12:55.697+0000] {logging_mixin.py:150} INFO - [2023-08-05T04:12:55.697+0000] {dag.py:2742} INFO - Sync 1 DAGs
[2023-08-05T04:12:55.712+0000] {logging_mixin.py:150} INFO - [2023-08-05T04:12:55.712+0000] {dag.py:3508} INFO - Setting next_dagrun for example_branch_dop_operator_v3 to 2023-08-05T04:11:00+00:00, run_after=2023-08-05T04:12:00+00:00
[2023-08-05T04:12:55.723+0000] {processor.py:179} INFO - Processing /home/airflow/.local/lib/python3.7/site-packages/airflow/example_dags/example_branch_python_dop_operator_3.py took 0.051 seconds
[2023-08-05T04:13:25.882+0000] {processor.py:157} INFO - Started process (PID=520) to work on /home/airflow/.local/lib/python3.7/site-packages/airflow/example_dags/example_branch_python_dop_operator_3.py
[2023-08-05T04:13:25.883+0000] {processor.py:826} INFO - Processing file /home/airflow/.local/lib/python3.7/site-packages/airflow/example_dags/example_branch_python_dop_operator_3.py for tasks to queue
[2023-08-05T04:13:25.884+0000] {logging_mixin.py:150} INFO - [2023-08-05T04:13:25.884+0000] {dagbag.py:541} INFO - Filling up the DagBag from /home/airflow/.local/lib/python3.7/site-packages/airflow/example_dags/example_branch_python_dop_operator_3.py
[2023-08-05T04:13:25.892+0000] {processor.py:836} INFO - DAG(s) dict_keys(['example_branch_dop_operator_v3']) retrieved from /home/airflow/.local/lib/python3.7/site-packages/airflow/example_dags/example_branch_python_dop_operator_3.py
[2023-08-05T04:13:25.913+0000] {logging_mixin.py:150} INFO - [2023-08-05T04:13:25.913+0000] {dag.py:2742} INFO - Sync 1 DAGs
[2023-08-05T04:13:25.930+0000] {logging_mixin.py:150} INFO - [2023-08-05T04:13:25.930+0000] {dag.py:3508} INFO - Setting next_dagrun for example_branch_dop_operator_v3 to 2023-08-05T04:12:00+00:00, run_after=2023-08-05T04:13:00+00:00
[2023-08-05T04:13:25.940+0000] {processor.py:179} INFO - Processing /home/airflow/.local/lib/python3.7/site-packages/airflow/example_dags/example_branch_python_dop_operator_3.py took 0.061 seconds
