[2023-08-05T04:09:23.627+0000] {processor.py:157} INFO - Started process (PID=42) to work on /home/airflow/.local/lib/python3.7/site-packages/airflow/example_dags/example_short_circuit_decorator.py
[2023-08-05T04:09:23.628+0000] {processor.py:826} INFO - Processing file /home/airflow/.local/lib/python3.7/site-packages/airflow/example_dags/example_short_circuit_decorator.py for tasks to queue
[2023-08-05T04:09:23.629+0000] {logging_mixin.py:150} INFO - [2023-08-05T04:09:23.629+0000] {dagbag.py:541} INFO - Filling up the DagBag from /home/airflow/.local/lib/python3.7/site-packages/airflow/example_dags/example_short_circuit_decorator.py
[2023-08-05T04:09:23.639+0000] {processor.py:836} INFO - DAG(s) dict_keys(['example_short_circuit_decorator']) retrieved from /home/airflow/.local/lib/python3.7/site-packages/airflow/example_dags/example_short_circuit_decorator.py
[2023-08-05T04:09:23.649+0000] {logging_mixin.py:150} INFO - [2023-08-05T04:09:23.649+0000] {dag.py:2742} INFO - Sync 1 DAGs
[2023-08-05T04:09:23.666+0000] {logging_mixin.py:150} INFO - [2023-08-05T04:09:23.665+0000] {dag.py:3508} INFO - Setting next_dagrun for example_short_circuit_decorator to 2023-08-04T04:09:23.665668+00:00, run_after=2023-08-05T04:09:23.665668+00:00
[2023-08-05T04:09:23.680+0000] {processor.py:179} INFO - Processing /home/airflow/.local/lib/python3.7/site-packages/airflow/example_dags/example_short_circuit_decorator.py took 0.056 seconds
[2023-08-05T04:09:54.296+0000] {processor.py:157} INFO - Started process (PID=100) to work on /home/airflow/.local/lib/python3.7/site-packages/airflow/example_dags/example_short_circuit_decorator.py
[2023-08-05T04:09:54.297+0000] {processor.py:826} INFO - Processing file /home/airflow/.local/lib/python3.7/site-packages/airflow/example_dags/example_short_circuit_decorator.py for tasks to queue
[2023-08-05T04:09:54.298+0000] {logging_mixin.py:150} INFO - [2023-08-05T04:09:54.298+0000] {dagbag.py:541} INFO - Filling up the DagBag from /home/airflow/.local/lib/python3.7/site-packages/airflow/example_dags/example_short_circuit_decorator.py
[2023-08-05T04:09:54.305+0000] {processor.py:836} INFO - DAG(s) dict_keys(['example_short_circuit_decorator']) retrieved from /home/airflow/.local/lib/python3.7/site-packages/airflow/example_dags/example_short_circuit_decorator.py
[2023-08-05T04:09:54.323+0000] {logging_mixin.py:150} INFO - [2023-08-05T04:09:54.323+0000] {dag.py:2742} INFO - Sync 1 DAGs
[2023-08-05T04:09:54.337+0000] {logging_mixin.py:150} INFO - [2023-08-05T04:09:54.337+0000] {dag.py:3508} INFO - Setting next_dagrun for example_short_circuit_decorator to 2023-08-04T04:09:54.337512+00:00, run_after=2023-08-05T04:09:54.337512+00:00
[2023-08-05T04:09:54.347+0000] {processor.py:179} INFO - Processing /home/airflow/.local/lib/python3.7/site-packages/airflow/example_dags/example_short_circuit_decorator.py took 0.053 seconds
[2023-08-05T04:10:24.492+0000] {processor.py:157} INFO - Started process (PID=158) to work on /home/airflow/.local/lib/python3.7/site-packages/airflow/example_dags/example_short_circuit_decorator.py
[2023-08-05T04:10:24.493+0000] {processor.py:826} INFO - Processing file /home/airflow/.local/lib/python3.7/site-packages/airflow/example_dags/example_short_circuit_decorator.py for tasks to queue
[2023-08-05T04:10:24.494+0000] {logging_mixin.py:150} INFO - [2023-08-05T04:10:24.494+0000] {dagbag.py:541} INFO - Filling up the DagBag from /home/airflow/.local/lib/python3.7/site-packages/airflow/example_dags/example_short_circuit_decorator.py
[2023-08-05T04:10:24.501+0000] {processor.py:836} INFO - DAG(s) dict_keys(['example_short_circuit_decorator']) retrieved from /home/airflow/.local/lib/python3.7/site-packages/airflow/example_dags/example_short_circuit_decorator.py
[2023-08-05T04:10:24.520+0000] {logging_mixin.py:150} INFO - [2023-08-05T04:10:24.520+0000] {dag.py:2742} INFO - Sync 1 DAGs
[2023-08-05T04:10:24.535+0000] {logging_mixin.py:150} INFO - [2023-08-05T04:10:24.534+0000] {dag.py:3508} INFO - Setting next_dagrun for example_short_circuit_decorator to 2023-08-04T04:10:24.534711+00:00, run_after=2023-08-05T04:10:24.534711+00:00
[2023-08-05T04:10:24.545+0000] {processor.py:179} INFO - Processing /home/airflow/.local/lib/python3.7/site-packages/airflow/example_dags/example_short_circuit_decorator.py took 0.055 seconds
[2023-08-05T04:10:54.715+0000] {processor.py:157} INFO - Started process (PID=216) to work on /home/airflow/.local/lib/python3.7/site-packages/airflow/example_dags/example_short_circuit_decorator.py
[2023-08-05T04:10:54.716+0000] {processor.py:826} INFO - Processing file /home/airflow/.local/lib/python3.7/site-packages/airflow/example_dags/example_short_circuit_decorator.py for tasks to queue
[2023-08-05T04:10:54.717+0000] {logging_mixin.py:150} INFO - [2023-08-05T04:10:54.717+0000] {dagbag.py:541} INFO - Filling up the DagBag from /home/airflow/.local/lib/python3.7/site-packages/airflow/example_dags/example_short_circuit_decorator.py
[2023-08-05T04:10:54.723+0000] {processor.py:836} INFO - DAG(s) dict_keys(['example_short_circuit_decorator']) retrieved from /home/airflow/.local/lib/python3.7/site-packages/airflow/example_dags/example_short_circuit_decorator.py
[2023-08-05T04:10:54.741+0000] {logging_mixin.py:150} INFO - [2023-08-05T04:10:54.741+0000] {dag.py:2742} INFO - Sync 1 DAGs
[2023-08-05T04:10:54.755+0000] {logging_mixin.py:150} INFO - [2023-08-05T04:10:54.755+0000] {dag.py:3508} INFO - Setting next_dagrun for example_short_circuit_decorator to 2023-08-04T04:10:54.755186+00:00, run_after=2023-08-05T04:10:54.755186+00:00
[2023-08-05T04:10:54.764+0000] {processor.py:179} INFO - Processing /home/airflow/.local/lib/python3.7/site-packages/airflow/example_dags/example_short_circuit_decorator.py took 0.052 seconds
[2023-08-05T04:11:24.913+0000] {processor.py:157} INFO - Started process (PID=274) to work on /home/airflow/.local/lib/python3.7/site-packages/airflow/example_dags/example_short_circuit_decorator.py
[2023-08-05T04:11:24.914+0000] {processor.py:826} INFO - Processing file /home/airflow/.local/lib/python3.7/site-packages/airflow/example_dags/example_short_circuit_decorator.py for tasks to queue
[2023-08-05T04:11:24.915+0000] {logging_mixin.py:150} INFO - [2023-08-05T04:11:24.914+0000] {dagbag.py:541} INFO - Filling up the DagBag from /home/airflow/.local/lib/python3.7/site-packages/airflow/example_dags/example_short_circuit_decorator.py
[2023-08-05T04:11:24.921+0000] {processor.py:836} INFO - DAG(s) dict_keys(['example_short_circuit_decorator']) retrieved from /home/airflow/.local/lib/python3.7/site-packages/airflow/example_dags/example_short_circuit_decorator.py
[2023-08-05T04:11:24.939+0000] {logging_mixin.py:150} INFO - [2023-08-05T04:11:24.939+0000] {dag.py:2742} INFO - Sync 1 DAGs
[2023-08-05T04:11:24.953+0000] {logging_mixin.py:150} INFO - [2023-08-05T04:11:24.953+0000] {dag.py:3508} INFO - Setting next_dagrun for example_short_circuit_decorator to 2023-08-04T04:11:24.953548+00:00, run_after=2023-08-05T04:11:24.953548+00:00
[2023-08-05T04:11:24.964+0000] {processor.py:179} INFO - Processing /home/airflow/.local/lib/python3.7/site-packages/airflow/example_dags/example_short_circuit_decorator.py took 0.054 seconds
[2023-08-05T04:11:55.139+0000] {processor.py:157} INFO - Started process (PID=332) to work on /home/airflow/.local/lib/python3.7/site-packages/airflow/example_dags/example_short_circuit_decorator.py
[2023-08-05T04:11:55.141+0000] {processor.py:826} INFO - Processing file /home/airflow/.local/lib/python3.7/site-packages/airflow/example_dags/example_short_circuit_decorator.py for tasks to queue
[2023-08-05T04:11:55.141+0000] {logging_mixin.py:150} INFO - [2023-08-05T04:11:55.141+0000] {dagbag.py:541} INFO - Filling up the DagBag from /home/airflow/.local/lib/python3.7/site-packages/airflow/example_dags/example_short_circuit_decorator.py
[2023-08-05T04:11:55.148+0000] {processor.py:836} INFO - DAG(s) dict_keys(['example_short_circuit_decorator']) retrieved from /home/airflow/.local/lib/python3.7/site-packages/airflow/example_dags/example_short_circuit_decorator.py
[2023-08-05T04:11:55.166+0000] {logging_mixin.py:150} INFO - [2023-08-05T04:11:55.166+0000] {dag.py:2742} INFO - Sync 1 DAGs
[2023-08-05T04:11:55.180+0000] {logging_mixin.py:150} INFO - [2023-08-05T04:11:55.180+0000] {dag.py:3508} INFO - Setting next_dagrun for example_short_circuit_decorator to 2023-08-04T04:11:55.180142+00:00, run_after=2023-08-05T04:11:55.180142+00:00
[2023-08-05T04:11:55.189+0000] {processor.py:179} INFO - Processing /home/airflow/.local/lib/python3.7/site-packages/airflow/example_dags/example_short_circuit_decorator.py took 0.052 seconds
[2023-08-05T04:12:25.364+0000] {processor.py:157} INFO - Started process (PID=390) to work on /home/airflow/.local/lib/python3.7/site-packages/airflow/example_dags/example_short_circuit_decorator.py
[2023-08-05T04:12:25.365+0000] {processor.py:826} INFO - Processing file /home/airflow/.local/lib/python3.7/site-packages/airflow/example_dags/example_short_circuit_decorator.py for tasks to queue
[2023-08-05T04:12:25.366+0000] {logging_mixin.py:150} INFO - [2023-08-05T04:12:25.366+0000] {dagbag.py:541} INFO - Filling up the DagBag from /home/airflow/.local/lib/python3.7/site-packages/airflow/example_dags/example_short_circuit_decorator.py
[2023-08-05T04:12:25.372+0000] {processor.py:836} INFO - DAG(s) dict_keys(['example_short_circuit_decorator']) retrieved from /home/airflow/.local/lib/python3.7/site-packages/airflow/example_dags/example_short_circuit_decorator.py
[2023-08-05T04:12:25.393+0000] {logging_mixin.py:150} INFO - [2023-08-05T04:12:25.393+0000] {dag.py:2742} INFO - Sync 1 DAGs
[2023-08-05T04:12:25.408+0000] {logging_mixin.py:150} INFO - [2023-08-05T04:12:25.408+0000] {dag.py:3508} INFO - Setting next_dagrun for example_short_circuit_decorator to 2023-08-04T04:12:25.408454+00:00, run_after=2023-08-05T04:12:25.408454+00:00
[2023-08-05T04:12:25.418+0000] {processor.py:179} INFO - Processing /home/airflow/.local/lib/python3.7/site-packages/airflow/example_dags/example_short_circuit_decorator.py took 0.056 seconds
[2023-08-05T04:12:55.603+0000] {processor.py:157} INFO - Started process (PID=448) to work on /home/airflow/.local/lib/python3.7/site-packages/airflow/example_dags/example_short_circuit_decorator.py
[2023-08-05T04:12:55.604+0000] {processor.py:826} INFO - Processing file /home/airflow/.local/lib/python3.7/site-packages/airflow/example_dags/example_short_circuit_decorator.py for tasks to queue
[2023-08-05T04:12:55.605+0000] {logging_mixin.py:150} INFO - [2023-08-05T04:12:55.605+0000] {dagbag.py:541} INFO - Filling up the DagBag from /home/airflow/.local/lib/python3.7/site-packages/airflow/example_dags/example_short_circuit_decorator.py
[2023-08-05T04:12:55.611+0000] {processor.py:836} INFO - DAG(s) dict_keys(['example_short_circuit_decorator']) retrieved from /home/airflow/.local/lib/python3.7/site-packages/airflow/example_dags/example_short_circuit_decorator.py
[2023-08-05T04:12:55.629+0000] {logging_mixin.py:150} INFO - [2023-08-05T04:12:55.629+0000] {dag.py:2742} INFO - Sync 1 DAGs
[2023-08-05T04:12:55.646+0000] {logging_mixin.py:150} INFO - [2023-08-05T04:12:55.646+0000] {dag.py:3508} INFO - Setting next_dagrun for example_short_circuit_decorator to 2023-08-04T04:12:55.646631+00:00, run_after=2023-08-05T04:12:55.646631+00:00
[2023-08-05T04:12:55.656+0000] {processor.py:179} INFO - Processing /home/airflow/.local/lib/python3.7/site-packages/airflow/example_dags/example_short_circuit_decorator.py took 0.055 seconds
[2023-08-05T04:13:25.809+0000] {processor.py:157} INFO - Started process (PID=518) to work on /home/airflow/.local/lib/python3.7/site-packages/airflow/example_dags/example_short_circuit_decorator.py
[2023-08-05T04:13:25.810+0000] {processor.py:826} INFO - Processing file /home/airflow/.local/lib/python3.7/site-packages/airflow/example_dags/example_short_circuit_decorator.py for tasks to queue
[2023-08-05T04:13:25.811+0000] {logging_mixin.py:150} INFO - [2023-08-05T04:13:25.811+0000] {dagbag.py:541} INFO - Filling up the DagBag from /home/airflow/.local/lib/python3.7/site-packages/airflow/example_dags/example_short_circuit_decorator.py
[2023-08-05T04:13:25.818+0000] {processor.py:836} INFO - DAG(s) dict_keys(['example_short_circuit_decorator']) retrieved from /home/airflow/.local/lib/python3.7/site-packages/airflow/example_dags/example_short_circuit_decorator.py
[2023-08-05T04:13:25.838+0000] {logging_mixin.py:150} INFO - [2023-08-05T04:13:25.838+0000] {dag.py:2742} INFO - Sync 1 DAGs
[2023-08-05T04:13:25.853+0000] {logging_mixin.py:150} INFO - [2023-08-05T04:13:25.853+0000] {dag.py:3508} INFO - Setting next_dagrun for example_short_circuit_decorator to 2023-08-04T04:13:25.853476+00:00, run_after=2023-08-05T04:13:25.853476+00:00
[2023-08-05T04:13:25.863+0000] {processor.py:179} INFO - Processing /home/airflow/.local/lib/python3.7/site-packages/airflow/example_dags/example_short_circuit_decorator.py took 0.056 seconds
