[2023-08-05T04:09:24.101+0000] {processor.py:157} INFO - Started process (PID=54) to work on /home/airflow/.local/lib/python3.7/site-packages/airflow/example_dags/example_dynamic_task_mapping_with_no_taskflow_operators.py
[2023-08-05T04:09:24.103+0000] {processor.py:826} INFO - Processing file /home/airflow/.local/lib/python3.7/site-packages/airflow/example_dags/example_dynamic_task_mapping_with_no_taskflow_operators.py for tasks to queue
[2023-08-05T04:09:24.104+0000] {logging_mixin.py:150} INFO - [2023-08-05T04:09:24.104+0000] {dagbag.py:541} INFO - Filling up the DagBag from /home/airflow/.local/lib/python3.7/site-packages/airflow/example_dags/example_dynamic_task_mapping_with_no_taskflow_operators.py
[2023-08-05T04:09:24.109+0000] {processor.py:836} INFO - DAG(s) dict_keys(['example_dynamic_task_mapping_with_no_taskflow_operators']) retrieved from /home/airflow/.local/lib/python3.7/site-packages/airflow/example_dags/example_dynamic_task_mapping_with_no_taskflow_operators.py
[2023-08-05T04:09:24.120+0000] {logging_mixin.py:150} INFO - [2023-08-05T04:09:24.119+0000] {dag.py:2742} INFO - Sync 1 DAGs
[2023-08-05T04:09:24.136+0000] {logging_mixin.py:150} INFO - [2023-08-05T04:09:24.136+0000] {dag.py:3508} INFO - Setting next_dagrun for example_dynamic_task_mapping_with_no_taskflow_operators to 2023-08-04T04:09:24.136054+00:00, run_after=2023-08-05T04:09:24.136054+00:00
[2023-08-05T04:09:24.148+0000] {processor.py:179} INFO - Processing /home/airflow/.local/lib/python3.7/site-packages/airflow/example_dags/example_dynamic_task_mapping_with_no_taskflow_operators.py took 0.049 seconds
[2023-08-05T04:09:54.717+0000] {processor.py:157} INFO - Started process (PID=112) to work on /home/airflow/.local/lib/python3.7/site-packages/airflow/example_dags/example_dynamic_task_mapping_with_no_taskflow_operators.py
[2023-08-05T04:09:54.718+0000] {processor.py:826} INFO - Processing file /home/airflow/.local/lib/python3.7/site-packages/airflow/example_dags/example_dynamic_task_mapping_with_no_taskflow_operators.py for tasks to queue
[2023-08-05T04:09:54.719+0000] {logging_mixin.py:150} INFO - [2023-08-05T04:09:54.719+0000] {dagbag.py:541} INFO - Filling up the DagBag from /home/airflow/.local/lib/python3.7/site-packages/airflow/example_dags/example_dynamic_task_mapping_with_no_taskflow_operators.py
[2023-08-05T04:09:54.725+0000] {processor.py:836} INFO - DAG(s) dict_keys(['example_dynamic_task_mapping_with_no_taskflow_operators']) retrieved from /home/airflow/.local/lib/python3.7/site-packages/airflow/example_dags/example_dynamic_task_mapping_with_no_taskflow_operators.py
[2023-08-05T04:09:54.740+0000] {logging_mixin.py:150} INFO - [2023-08-05T04:09:54.740+0000] {dag.py:2742} INFO - Sync 1 DAGs
[2023-08-05T04:09:54.754+0000] {logging_mixin.py:150} INFO - [2023-08-05T04:09:54.754+0000] {dag.py:3508} INFO - Setting next_dagrun for example_dynamic_task_mapping_with_no_taskflow_operators to 2023-08-04T04:09:54.754545+00:00, run_after=2023-08-05T04:09:54.754545+00:00
[2023-08-05T04:09:54.763+0000] {processor.py:179} INFO - Processing /home/airflow/.local/lib/python3.7/site-packages/airflow/example_dags/example_dynamic_task_mapping_with_no_taskflow_operators.py took 0.049 seconds
[2023-08-05T04:10:24.939+0000] {processor.py:157} INFO - Started process (PID=170) to work on /home/airflow/.local/lib/python3.7/site-packages/airflow/example_dags/example_dynamic_task_mapping_with_no_taskflow_operators.py
[2023-08-05T04:10:24.940+0000] {processor.py:826} INFO - Processing file /home/airflow/.local/lib/python3.7/site-packages/airflow/example_dags/example_dynamic_task_mapping_with_no_taskflow_operators.py for tasks to queue
[2023-08-05T04:10:24.941+0000] {logging_mixin.py:150} INFO - [2023-08-05T04:10:24.941+0000] {dagbag.py:541} INFO - Filling up the DagBag from /home/airflow/.local/lib/python3.7/site-packages/airflow/example_dags/example_dynamic_task_mapping_with_no_taskflow_operators.py
[2023-08-05T04:10:24.947+0000] {processor.py:836} INFO - DAG(s) dict_keys(['example_dynamic_task_mapping_with_no_taskflow_operators']) retrieved from /home/airflow/.local/lib/python3.7/site-packages/airflow/example_dags/example_dynamic_task_mapping_with_no_taskflow_operators.py
[2023-08-05T04:10:24.963+0000] {logging_mixin.py:150} INFO - [2023-08-05T04:10:24.963+0000] {dag.py:2742} INFO - Sync 1 DAGs
[2023-08-05T04:10:24.978+0000] {logging_mixin.py:150} INFO - [2023-08-05T04:10:24.978+0000] {dag.py:3508} INFO - Setting next_dagrun for example_dynamic_task_mapping_with_no_taskflow_operators to 2023-08-04T04:10:24.978306+00:00, run_after=2023-08-05T04:10:24.978306+00:00
[2023-08-05T04:10:24.990+0000] {processor.py:179} INFO - Processing /home/airflow/.local/lib/python3.7/site-packages/airflow/example_dags/example_dynamic_task_mapping_with_no_taskflow_operators.py took 0.054 seconds
[2023-08-05T04:10:55.140+0000] {processor.py:157} INFO - Started process (PID=228) to work on /home/airflow/.local/lib/python3.7/site-packages/airflow/example_dags/example_dynamic_task_mapping_with_no_taskflow_operators.py
[2023-08-05T04:10:55.141+0000] {processor.py:826} INFO - Processing file /home/airflow/.local/lib/python3.7/site-packages/airflow/example_dags/example_dynamic_task_mapping_with_no_taskflow_operators.py for tasks to queue
[2023-08-05T04:10:55.142+0000] {logging_mixin.py:150} INFO - [2023-08-05T04:10:55.142+0000] {dagbag.py:541} INFO - Filling up the DagBag from /home/airflow/.local/lib/python3.7/site-packages/airflow/example_dags/example_dynamic_task_mapping_with_no_taskflow_operators.py
[2023-08-05T04:10:55.148+0000] {processor.py:836} INFO - DAG(s) dict_keys(['example_dynamic_task_mapping_with_no_taskflow_operators']) retrieved from /home/airflow/.local/lib/python3.7/site-packages/airflow/example_dags/example_dynamic_task_mapping_with_no_taskflow_operators.py
[2023-08-05T04:10:55.163+0000] {logging_mixin.py:150} INFO - [2023-08-05T04:10:55.163+0000] {dag.py:2742} INFO - Sync 1 DAGs
[2023-08-05T04:10:55.177+0000] {logging_mixin.py:150} INFO - [2023-08-05T04:10:55.177+0000] {dag.py:3508} INFO - Setting next_dagrun for example_dynamic_task_mapping_with_no_taskflow_operators to 2023-08-04T04:10:55.177563+00:00, run_after=2023-08-05T04:10:55.177563+00:00
[2023-08-05T04:10:55.186+0000] {processor.py:179} INFO - Processing /home/airflow/.local/lib/python3.7/site-packages/airflow/example_dags/example_dynamic_task_mapping_with_no_taskflow_operators.py took 0.048 seconds
[2023-08-05T04:11:25.361+0000] {processor.py:157} INFO - Started process (PID=286) to work on /home/airflow/.local/lib/python3.7/site-packages/airflow/example_dags/example_dynamic_task_mapping_with_no_taskflow_operators.py
[2023-08-05T04:11:25.362+0000] {processor.py:826} INFO - Processing file /home/airflow/.local/lib/python3.7/site-packages/airflow/example_dags/example_dynamic_task_mapping_with_no_taskflow_operators.py for tasks to queue
[2023-08-05T04:11:25.363+0000] {logging_mixin.py:150} INFO - [2023-08-05T04:11:25.363+0000] {dagbag.py:541} INFO - Filling up the DagBag from /home/airflow/.local/lib/python3.7/site-packages/airflow/example_dags/example_dynamic_task_mapping_with_no_taskflow_operators.py
[2023-08-05T04:11:25.368+0000] {processor.py:836} INFO - DAG(s) dict_keys(['example_dynamic_task_mapping_with_no_taskflow_operators']) retrieved from /home/airflow/.local/lib/python3.7/site-packages/airflow/example_dags/example_dynamic_task_mapping_with_no_taskflow_operators.py
[2023-08-05T04:11:25.384+0000] {logging_mixin.py:150} INFO - [2023-08-05T04:11:25.384+0000] {dag.py:2742} INFO - Sync 1 DAGs
[2023-08-05T04:11:25.399+0000] {logging_mixin.py:150} INFO - [2023-08-05T04:11:25.399+0000] {dag.py:3508} INFO - Setting next_dagrun for example_dynamic_task_mapping_with_no_taskflow_operators to 2023-08-04T04:11:25.398987+00:00, run_after=2023-08-05T04:11:25.398987+00:00
[2023-08-05T04:11:25.409+0000] {processor.py:179} INFO - Processing /home/airflow/.local/lib/python3.7/site-packages/airflow/example_dags/example_dynamic_task_mapping_with_no_taskflow_operators.py took 0.050 seconds
[2023-08-05T04:11:55.554+0000] {processor.py:157} INFO - Started process (PID=344) to work on /home/airflow/.local/lib/python3.7/site-packages/airflow/example_dags/example_dynamic_task_mapping_with_no_taskflow_operators.py
[2023-08-05T04:11:55.555+0000] {processor.py:826} INFO - Processing file /home/airflow/.local/lib/python3.7/site-packages/airflow/example_dags/example_dynamic_task_mapping_with_no_taskflow_operators.py for tasks to queue
[2023-08-05T04:11:55.556+0000] {logging_mixin.py:150} INFO - [2023-08-05T04:11:55.556+0000] {dagbag.py:541} INFO - Filling up the DagBag from /home/airflow/.local/lib/python3.7/site-packages/airflow/example_dags/example_dynamic_task_mapping_with_no_taskflow_operators.py
[2023-08-05T04:11:55.561+0000] {processor.py:836} INFO - DAG(s) dict_keys(['example_dynamic_task_mapping_with_no_taskflow_operators']) retrieved from /home/airflow/.local/lib/python3.7/site-packages/airflow/example_dags/example_dynamic_task_mapping_with_no_taskflow_operators.py
[2023-08-05T04:11:55.578+0000] {logging_mixin.py:150} INFO - [2023-08-05T04:11:55.578+0000] {dag.py:2742} INFO - Sync 1 DAGs
[2023-08-05T04:11:55.592+0000] {logging_mixin.py:150} INFO - [2023-08-05T04:11:55.592+0000] {dag.py:3508} INFO - Setting next_dagrun for example_dynamic_task_mapping_with_no_taskflow_operators to 2023-08-04T04:11:55.592295+00:00, run_after=2023-08-05T04:11:55.592295+00:00
[2023-08-05T04:11:55.601+0000] {processor.py:179} INFO - Processing /home/airflow/.local/lib/python3.7/site-packages/airflow/example_dags/example_dynamic_task_mapping_with_no_taskflow_operators.py took 0.050 seconds
[2023-08-05T04:12:25.827+0000] {processor.py:157} INFO - Started process (PID=402) to work on /home/airflow/.local/lib/python3.7/site-packages/airflow/example_dags/example_dynamic_task_mapping_with_no_taskflow_operators.py
[2023-08-05T04:12:25.828+0000] {processor.py:826} INFO - Processing file /home/airflow/.local/lib/python3.7/site-packages/airflow/example_dags/example_dynamic_task_mapping_with_no_taskflow_operators.py for tasks to queue
[2023-08-05T04:12:25.829+0000] {logging_mixin.py:150} INFO - [2023-08-05T04:12:25.829+0000] {dagbag.py:541} INFO - Filling up the DagBag from /home/airflow/.local/lib/python3.7/site-packages/airflow/example_dags/example_dynamic_task_mapping_with_no_taskflow_operators.py
[2023-08-05T04:12:25.834+0000] {processor.py:836} INFO - DAG(s) dict_keys(['example_dynamic_task_mapping_with_no_taskflow_operators']) retrieved from /home/airflow/.local/lib/python3.7/site-packages/airflow/example_dags/example_dynamic_task_mapping_with_no_taskflow_operators.py
[2023-08-05T04:12:25.849+0000] {logging_mixin.py:150} INFO - [2023-08-05T04:12:25.849+0000] {dag.py:2742} INFO - Sync 1 DAGs
[2023-08-05T04:12:25.863+0000] {logging_mixin.py:150} INFO - [2023-08-05T04:12:25.863+0000] {dag.py:3508} INFO - Setting next_dagrun for example_dynamic_task_mapping_with_no_taskflow_operators to 2023-08-04T04:12:25.863562+00:00, run_after=2023-08-05T04:12:25.863562+00:00
[2023-08-05T04:12:25.873+0000] {processor.py:179} INFO - Processing /home/airflow/.local/lib/python3.7/site-packages/airflow/example_dags/example_dynamic_task_mapping_with_no_taskflow_operators.py took 0.049 seconds
[2023-08-05T04:12:56.042+0000] {processor.py:157} INFO - Started process (PID=460) to work on /home/airflow/.local/lib/python3.7/site-packages/airflow/example_dags/example_dynamic_task_mapping_with_no_taskflow_operators.py
[2023-08-05T04:12:56.043+0000] {processor.py:826} INFO - Processing file /home/airflow/.local/lib/python3.7/site-packages/airflow/example_dags/example_dynamic_task_mapping_with_no_taskflow_operators.py for tasks to queue
[2023-08-05T04:12:56.044+0000] {logging_mixin.py:150} INFO - [2023-08-05T04:12:56.044+0000] {dagbag.py:541} INFO - Filling up the DagBag from /home/airflow/.local/lib/python3.7/site-packages/airflow/example_dags/example_dynamic_task_mapping_with_no_taskflow_operators.py
[2023-08-05T04:12:56.049+0000] {processor.py:836} INFO - DAG(s) dict_keys(['example_dynamic_task_mapping_with_no_taskflow_operators']) retrieved from /home/airflow/.local/lib/python3.7/site-packages/airflow/example_dags/example_dynamic_task_mapping_with_no_taskflow_operators.py
[2023-08-05T04:12:56.066+0000] {logging_mixin.py:150} INFO - [2023-08-05T04:12:56.066+0000] {dag.py:2742} INFO - Sync 1 DAGs
[2023-08-05T04:12:56.081+0000] {logging_mixin.py:150} INFO - [2023-08-05T04:12:56.081+0000] {dag.py:3508} INFO - Setting next_dagrun for example_dynamic_task_mapping_with_no_taskflow_operators to 2023-08-04T04:12:56.081152+00:00, run_after=2023-08-05T04:12:56.081152+00:00
[2023-08-05T04:12:56.090+0000] {processor.py:179} INFO - Processing /home/airflow/.local/lib/python3.7/site-packages/airflow/example_dags/example_dynamic_task_mapping_with_no_taskflow_operators.py took 0.051 seconds
[2023-08-05T04:13:26.247+0000] {processor.py:157} INFO - Started process (PID=530) to work on /home/airflow/.local/lib/python3.7/site-packages/airflow/example_dags/example_dynamic_task_mapping_with_no_taskflow_operators.py
[2023-08-05T04:13:26.248+0000] {processor.py:826} INFO - Processing file /home/airflow/.local/lib/python3.7/site-packages/airflow/example_dags/example_dynamic_task_mapping_with_no_taskflow_operators.py for tasks to queue
[2023-08-05T04:13:26.249+0000] {logging_mixin.py:150} INFO - [2023-08-05T04:13:26.248+0000] {dagbag.py:541} INFO - Filling up the DagBag from /home/airflow/.local/lib/python3.7/site-packages/airflow/example_dags/example_dynamic_task_mapping_with_no_taskflow_operators.py
[2023-08-05T04:13:26.254+0000] {processor.py:836} INFO - DAG(s) dict_keys(['example_dynamic_task_mapping_with_no_taskflow_operators']) retrieved from /home/airflow/.local/lib/python3.7/site-packages/airflow/example_dags/example_dynamic_task_mapping_with_no_taskflow_operators.py
[2023-08-05T04:13:26.270+0000] {logging_mixin.py:150} INFO - [2023-08-05T04:13:26.270+0000] {dag.py:2742} INFO - Sync 1 DAGs
[2023-08-05T04:13:26.285+0000] {logging_mixin.py:150} INFO - [2023-08-05T04:13:26.284+0000] {dag.py:3508} INFO - Setting next_dagrun for example_dynamic_task_mapping_with_no_taskflow_operators to 2023-08-04T04:13:26.284728+00:00, run_after=2023-08-05T04:13:26.284728+00:00
[2023-08-05T04:13:26.295+0000] {processor.py:179} INFO - Processing /home/airflow/.local/lib/python3.7/site-packages/airflow/example_dags/example_dynamic_task_mapping_with_no_taskflow_operators.py took 0.051 seconds
