[2023-08-05T04:09:23.613+0000] {processor.py:157} INFO - Started process (PID=41) to work on /home/airflow/.local/lib/python3.7/site-packages/airflow/example_dags/example_xcomargs.py
[2023-08-05T04:09:23.614+0000] {processor.py:826} INFO - Processing file /home/airflow/.local/lib/python3.7/site-packages/airflow/example_dags/example_xcomargs.py for tasks to queue
[2023-08-05T04:09:23.615+0000] {logging_mixin.py:150} INFO - [2023-08-05T04:09:23.615+0000] {dagbag.py:541} INFO - Filling up the DagBag from /home/airflow/.local/lib/python3.7/site-packages/airflow/example_dags/example_xcomargs.py
[2023-08-05T04:09:23.623+0000] {processor.py:836} INFO - DAG(s) dict_keys(['example_xcom_args_with_operators', 'example_xcom_args']) retrieved from /home/airflow/.local/lib/python3.7/site-packages/airflow/example_dags/example_xcomargs.py
[2023-08-05T04:09:23.635+0000] {logging_mixin.py:150} INFO - [2023-08-05T04:09:23.635+0000] {dag.py:2742} INFO - Sync 2 DAGs
[2023-08-05T04:09:23.651+0000] {logging_mixin.py:150} INFO - [2023-08-05T04:09:23.650+0000] {dag.py:3508} INFO - Setting next_dagrun for example_xcom_args to None, run_after=None
[2023-08-05T04:09:23.653+0000] {logging_mixin.py:150} INFO - [2023-08-05T04:09:23.653+0000] {dag.py:3508} INFO - Setting next_dagrun for example_xcom_args_with_operators to None, run_after=None
[2023-08-05T04:09:23.664+0000] {processor.py:179} INFO - Processing /home/airflow/.local/lib/python3.7/site-packages/airflow/example_dags/example_xcomargs.py took 0.054 seconds
[2023-08-05T04:09:54.267+0000] {processor.py:157} INFO - Started process (PID=99) to work on /home/airflow/.local/lib/python3.7/site-packages/airflow/example_dags/example_xcomargs.py
[2023-08-05T04:09:54.268+0000] {processor.py:826} INFO - Processing file /home/airflow/.local/lib/python3.7/site-packages/airflow/example_dags/example_xcomargs.py for tasks to queue
[2023-08-05T04:09:54.269+0000] {logging_mixin.py:150} INFO - [2023-08-05T04:09:54.269+0000] {dagbag.py:541} INFO - Filling up the DagBag from /home/airflow/.local/lib/python3.7/site-packages/airflow/example_dags/example_xcomargs.py
[2023-08-05T04:09:54.275+0000] {processor.py:836} INFO - DAG(s) dict_keys(['example_xcom_args', 'example_xcom_args_with_operators']) retrieved from /home/airflow/.local/lib/python3.7/site-packages/airflow/example_dags/example_xcomargs.py
[2023-08-05T04:09:54.293+0000] {logging_mixin.py:150} INFO - [2023-08-05T04:09:54.293+0000] {dag.py:2742} INFO - Sync 2 DAGs
[2023-08-05T04:09:54.307+0000] {logging_mixin.py:150} INFO - [2023-08-05T04:09:54.307+0000] {dag.py:3508} INFO - Setting next_dagrun for example_xcom_args to None, run_after=None
[2023-08-05T04:09:54.309+0000] {logging_mixin.py:150} INFO - [2023-08-05T04:09:54.309+0000] {dag.py:3508} INFO - Setting next_dagrun for example_xcom_args_with_operators to None, run_after=None
[2023-08-05T04:09:54.318+0000] {processor.py:179} INFO - Processing /home/airflow/.local/lib/python3.7/site-packages/airflow/example_dags/example_xcomargs.py took 0.053 seconds
[2023-08-05T04:10:24.457+0000] {processor.py:157} INFO - Started process (PID=157) to work on /home/airflow/.local/lib/python3.7/site-packages/airflow/example_dags/example_xcomargs.py
[2023-08-05T04:10:24.458+0000] {processor.py:826} INFO - Processing file /home/airflow/.local/lib/python3.7/site-packages/airflow/example_dags/example_xcomargs.py for tasks to queue
[2023-08-05T04:10:24.459+0000] {logging_mixin.py:150} INFO - [2023-08-05T04:10:24.459+0000] {dagbag.py:541} INFO - Filling up the DagBag from /home/airflow/.local/lib/python3.7/site-packages/airflow/example_dags/example_xcomargs.py
[2023-08-05T04:10:24.465+0000] {processor.py:836} INFO - DAG(s) dict_keys(['example_xcom_args_with_operators', 'example_xcom_args']) retrieved from /home/airflow/.local/lib/python3.7/site-packages/airflow/example_dags/example_xcomargs.py
[2023-08-05T04:10:24.485+0000] {logging_mixin.py:150} INFO - [2023-08-05T04:10:24.485+0000] {dag.py:2742} INFO - Sync 2 DAGs
[2023-08-05T04:10:24.500+0000] {logging_mixin.py:150} INFO - [2023-08-05T04:10:24.500+0000] {dag.py:3508} INFO - Setting next_dagrun for example_xcom_args to None, run_after=None
[2023-08-05T04:10:24.503+0000] {logging_mixin.py:150} INFO - [2023-08-05T04:10:24.503+0000] {dag.py:3508} INFO - Setting next_dagrun for example_xcom_args_with_operators to None, run_after=None
[2023-08-05T04:10:24.512+0000] {processor.py:179} INFO - Processing /home/airflow/.local/lib/python3.7/site-packages/airflow/example_dags/example_xcomargs.py took 0.057 seconds
[2023-08-05T04:10:54.680+0000] {processor.py:157} INFO - Started process (PID=215) to work on /home/airflow/.local/lib/python3.7/site-packages/airflow/example_dags/example_xcomargs.py
[2023-08-05T04:10:54.681+0000] {processor.py:826} INFO - Processing file /home/airflow/.local/lib/python3.7/site-packages/airflow/example_dags/example_xcomargs.py for tasks to queue
[2023-08-05T04:10:54.682+0000] {logging_mixin.py:150} INFO - [2023-08-05T04:10:54.682+0000] {dagbag.py:541} INFO - Filling up the DagBag from /home/airflow/.local/lib/python3.7/site-packages/airflow/example_dags/example_xcomargs.py
[2023-08-05T04:10:54.688+0000] {processor.py:836} INFO - DAG(s) dict_keys(['example_xcom_args', 'example_xcom_args_with_operators']) retrieved from /home/airflow/.local/lib/python3.7/site-packages/airflow/example_dags/example_xcomargs.py
[2023-08-05T04:10:54.707+0000] {logging_mixin.py:150} INFO - [2023-08-05T04:10:54.707+0000] {dag.py:2742} INFO - Sync 2 DAGs
[2023-08-05T04:10:54.721+0000] {logging_mixin.py:150} INFO - [2023-08-05T04:10:54.721+0000] {dag.py:3508} INFO - Setting next_dagrun for example_xcom_args to None, run_after=None
[2023-08-05T04:10:54.723+0000] {logging_mixin.py:150} INFO - [2023-08-05T04:10:54.723+0000] {dag.py:3508} INFO - Setting next_dagrun for example_xcom_args_with_operators to None, run_after=None
[2023-08-05T04:10:54.731+0000] {processor.py:179} INFO - Processing /home/airflow/.local/lib/python3.7/site-packages/airflow/example_dags/example_xcomargs.py took 0.053 seconds
[2023-08-05T04:11:24.888+0000] {processor.py:157} INFO - Started process (PID=273) to work on /home/airflow/.local/lib/python3.7/site-packages/airflow/example_dags/example_xcomargs.py
[2023-08-05T04:11:24.889+0000] {processor.py:826} INFO - Processing file /home/airflow/.local/lib/python3.7/site-packages/airflow/example_dags/example_xcomargs.py for tasks to queue
[2023-08-05T04:11:24.890+0000] {logging_mixin.py:150} INFO - [2023-08-05T04:11:24.889+0000] {dagbag.py:541} INFO - Filling up the DagBag from /home/airflow/.local/lib/python3.7/site-packages/airflow/example_dags/example_xcomargs.py
[2023-08-05T04:11:24.895+0000] {processor.py:836} INFO - DAG(s) dict_keys(['example_xcom_args_with_operators', 'example_xcom_args']) retrieved from /home/airflow/.local/lib/python3.7/site-packages/airflow/example_dags/example_xcomargs.py
[2023-08-05T04:11:24.914+0000] {logging_mixin.py:150} INFO - [2023-08-05T04:11:24.914+0000] {dag.py:2742} INFO - Sync 2 DAGs
[2023-08-05T04:11:24.928+0000] {logging_mixin.py:150} INFO - [2023-08-05T04:11:24.927+0000] {dag.py:3508} INFO - Setting next_dagrun for example_xcom_args to None, run_after=None
[2023-08-05T04:11:24.930+0000] {logging_mixin.py:150} INFO - [2023-08-05T04:11:24.930+0000] {dag.py:3508} INFO - Setting next_dagrun for example_xcom_args_with_operators to None, run_after=None
[2023-08-05T04:11:24.939+0000] {processor.py:179} INFO - Processing /home/airflow/.local/lib/python3.7/site-packages/airflow/example_dags/example_xcomargs.py took 0.054 seconds
[2023-08-05T04:11:55.099+0000] {processor.py:157} INFO - Started process (PID=331) to work on /home/airflow/.local/lib/python3.7/site-packages/airflow/example_dags/example_xcomargs.py
[2023-08-05T04:11:55.100+0000] {processor.py:826} INFO - Processing file /home/airflow/.local/lib/python3.7/site-packages/airflow/example_dags/example_xcomargs.py for tasks to queue
[2023-08-05T04:11:55.101+0000] {logging_mixin.py:150} INFO - [2023-08-05T04:11:55.101+0000] {dagbag.py:541} INFO - Filling up the DagBag from /home/airflow/.local/lib/python3.7/site-packages/airflow/example_dags/example_xcomargs.py
[2023-08-05T04:11:55.106+0000] {processor.py:836} INFO - DAG(s) dict_keys(['example_xcom_args', 'example_xcom_args_with_operators']) retrieved from /home/airflow/.local/lib/python3.7/site-packages/airflow/example_dags/example_xcomargs.py
[2023-08-05T04:11:55.125+0000] {logging_mixin.py:150} INFO - [2023-08-05T04:11:55.125+0000] {dag.py:2742} INFO - Sync 2 DAGs
[2023-08-05T04:11:55.140+0000] {logging_mixin.py:150} INFO - [2023-08-05T04:11:55.140+0000] {dag.py:3508} INFO - Setting next_dagrun for example_xcom_args to None, run_after=None
[2023-08-05T04:11:55.142+0000] {logging_mixin.py:150} INFO - [2023-08-05T04:11:55.142+0000] {dag.py:3508} INFO - Setting next_dagrun for example_xcom_args_with_operators to None, run_after=None
[2023-08-05T04:11:55.151+0000] {processor.py:179} INFO - Processing /home/airflow/.local/lib/python3.7/site-packages/airflow/example_dags/example_xcomargs.py took 0.054 seconds
[2023-08-05T04:12:25.332+0000] {processor.py:157} INFO - Started process (PID=389) to work on /home/airflow/.local/lib/python3.7/site-packages/airflow/example_dags/example_xcomargs.py
[2023-08-05T04:12:25.333+0000] {processor.py:826} INFO - Processing file /home/airflow/.local/lib/python3.7/site-packages/airflow/example_dags/example_xcomargs.py for tasks to queue
[2023-08-05T04:12:25.334+0000] {logging_mixin.py:150} INFO - [2023-08-05T04:12:25.334+0000] {dagbag.py:541} INFO - Filling up the DagBag from /home/airflow/.local/lib/python3.7/site-packages/airflow/example_dags/example_xcomargs.py
[2023-08-05T04:12:25.340+0000] {processor.py:836} INFO - DAG(s) dict_keys(['example_xcom_args_with_operators', 'example_xcom_args']) retrieved from /home/airflow/.local/lib/python3.7/site-packages/airflow/example_dags/example_xcomargs.py
[2023-08-05T04:12:25.359+0000] {logging_mixin.py:150} INFO - [2023-08-05T04:12:25.359+0000] {dag.py:2742} INFO - Sync 2 DAGs
[2023-08-05T04:12:25.375+0000] {logging_mixin.py:150} INFO - [2023-08-05T04:12:25.375+0000] {dag.py:3508} INFO - Setting next_dagrun for example_xcom_args to None, run_after=None
[2023-08-05T04:12:25.377+0000] {logging_mixin.py:150} INFO - [2023-08-05T04:12:25.377+0000] {dag.py:3508} INFO - Setting next_dagrun for example_xcom_args_with_operators to None, run_after=None
[2023-08-05T04:12:25.387+0000] {processor.py:179} INFO - Processing /home/airflow/.local/lib/python3.7/site-packages/airflow/example_dags/example_xcomargs.py took 0.057 seconds
[2023-08-05T04:12:55.579+0000] {processor.py:157} INFO - Started process (PID=447) to work on /home/airflow/.local/lib/python3.7/site-packages/airflow/example_dags/example_xcomargs.py
[2023-08-05T04:12:55.580+0000] {processor.py:826} INFO - Processing file /home/airflow/.local/lib/python3.7/site-packages/airflow/example_dags/example_xcomargs.py for tasks to queue
[2023-08-05T04:12:55.581+0000] {logging_mixin.py:150} INFO - [2023-08-05T04:12:55.581+0000] {dagbag.py:541} INFO - Filling up the DagBag from /home/airflow/.local/lib/python3.7/site-packages/airflow/example_dags/example_xcomargs.py
[2023-08-05T04:12:55.586+0000] {processor.py:836} INFO - DAG(s) dict_keys(['example_xcom_args_with_operators', 'example_xcom_args']) retrieved from /home/airflow/.local/lib/python3.7/site-packages/airflow/example_dags/example_xcomargs.py
[2023-08-05T04:12:55.605+0000] {logging_mixin.py:150} INFO - [2023-08-05T04:12:55.604+0000] {dag.py:2742} INFO - Sync 2 DAGs
[2023-08-05T04:12:55.618+0000] {logging_mixin.py:150} INFO - [2023-08-05T04:12:55.618+0000] {dag.py:3508} INFO - Setting next_dagrun for example_xcom_args to None, run_after=None
[2023-08-05T04:12:55.620+0000] {logging_mixin.py:150} INFO - [2023-08-05T04:12:55.620+0000] {dag.py:3508} INFO - Setting next_dagrun for example_xcom_args_with_operators to None, run_after=None
[2023-08-05T04:12:55.629+0000] {processor.py:179} INFO - Processing /home/airflow/.local/lib/python3.7/site-packages/airflow/example_dags/example_xcomargs.py took 0.052 seconds
[2023-08-05T04:13:25.777+0000] {processor.py:157} INFO - Started process (PID=517) to work on /home/airflow/.local/lib/python3.7/site-packages/airflow/example_dags/example_xcomargs.py
[2023-08-05T04:13:25.778+0000] {processor.py:826} INFO - Processing file /home/airflow/.local/lib/python3.7/site-packages/airflow/example_dags/example_xcomargs.py for tasks to queue
[2023-08-05T04:13:25.780+0000] {logging_mixin.py:150} INFO - [2023-08-05T04:13:25.779+0000] {dagbag.py:541} INFO - Filling up the DagBag from /home/airflow/.local/lib/python3.7/site-packages/airflow/example_dags/example_xcomargs.py
[2023-08-05T04:13:25.786+0000] {processor.py:836} INFO - DAG(s) dict_keys(['example_xcom_args_with_operators', 'example_xcom_args']) retrieved from /home/airflow/.local/lib/python3.7/site-packages/airflow/example_dags/example_xcomargs.py
[2023-08-05T04:13:25.805+0000] {logging_mixin.py:150} INFO - [2023-08-05T04:13:25.805+0000] {dag.py:2742} INFO - Sync 2 DAGs
[2023-08-05T04:13:25.820+0000] {logging_mixin.py:150} INFO - [2023-08-05T04:13:25.820+0000] {dag.py:3508} INFO - Setting next_dagrun for example_xcom_args to None, run_after=None
[2023-08-05T04:13:25.822+0000] {logging_mixin.py:150} INFO - [2023-08-05T04:13:25.822+0000] {dag.py:3508} INFO - Setting next_dagrun for example_xcom_args_with_operators to None, run_after=None
[2023-08-05T04:13:25.831+0000] {processor.py:179} INFO - Processing /home/airflow/.local/lib/python3.7/site-packages/airflow/example_dags/example_xcomargs.py took 0.056 seconds
