[2023-08-05T04:09:25.203+0000] {processor.py:157} INFO - Started process (PID=68) to work on /home/airflow/.local/lib/python3.7/site-packages/airflow/example_dags/example_kubernetes_executor.py
[2023-08-05T04:09:25.204+0000] {processor.py:826} INFO - Processing file /home/airflow/.local/lib/python3.7/site-packages/airflow/example_dags/example_kubernetes_executor.py for tasks to queue
[2023-08-05T04:09:25.206+0000] {logging_mixin.py:150} INFO - [2023-08-05T04:09:25.205+0000] {dagbag.py:541} INFO - Filling up the DagBag from /home/airflow/.local/lib/python3.7/site-packages/airflow/example_dags/example_kubernetes_executor.py
[2023-08-05T04:09:25.450+0000] {processor.py:836} INFO - DAG(s) dict_keys(['example_kubernetes_executor']) retrieved from /home/airflow/.local/lib/python3.7/site-packages/airflow/example_dags/example_kubernetes_executor.py
[2023-08-05T04:09:25.475+0000] {logging_mixin.py:150} INFO - [2023-08-05T04:09:25.475+0000] {dag.py:2742} INFO - Sync 1 DAGs
[2023-08-05T04:09:25.501+0000] {logging_mixin.py:150} INFO - [2023-08-05T04:09:25.501+0000] {dag.py:3508} INFO - Setting next_dagrun for example_kubernetes_executor to None, run_after=None
[2023-08-05T04:09:25.523+0000] {processor.py:179} INFO - Processing /home/airflow/.local/lib/python3.7/site-packages/airflow/example_dags/example_kubernetes_executor.py took 0.323 seconds
[2023-08-05T04:09:56.380+0000] {processor.py:157} INFO - Started process (PID=127) to work on /home/airflow/.local/lib/python3.7/site-packages/airflow/example_dags/example_kubernetes_executor.py
[2023-08-05T04:09:56.383+0000] {processor.py:826} INFO - Processing file /home/airflow/.local/lib/python3.7/site-packages/airflow/example_dags/example_kubernetes_executor.py for tasks to queue
[2023-08-05T04:09:56.384+0000] {logging_mixin.py:150} INFO - [2023-08-05T04:09:56.384+0000] {dagbag.py:541} INFO - Filling up the DagBag from /home/airflow/.local/lib/python3.7/site-packages/airflow/example_dags/example_kubernetes_executor.py
[2023-08-05T04:09:56.501+0000] {processor.py:836} INFO - DAG(s) dict_keys(['example_kubernetes_executor']) retrieved from /home/airflow/.local/lib/python3.7/site-packages/airflow/example_dags/example_kubernetes_executor.py
[2023-08-05T04:09:56.527+0000] {logging_mixin.py:150} INFO - [2023-08-05T04:09:56.527+0000] {dag.py:2742} INFO - Sync 1 DAGs
[2023-08-05T04:09:56.540+0000] {logging_mixin.py:150} INFO - [2023-08-05T04:09:56.540+0000] {dag.py:3508} INFO - Setting next_dagrun for example_kubernetes_executor to None, run_after=None
[2023-08-05T04:09:56.549+0000] {processor.py:179} INFO - Processing /home/airflow/.local/lib/python3.7/site-packages/airflow/example_dags/example_kubernetes_executor.py took 0.174 seconds
[2023-08-05T04:10:26.642+0000] {processor.py:157} INFO - Started process (PID=185) to work on /home/airflow/.local/lib/python3.7/site-packages/airflow/example_dags/example_kubernetes_executor.py
[2023-08-05T04:10:26.644+0000] {processor.py:826} INFO - Processing file /home/airflow/.local/lib/python3.7/site-packages/airflow/example_dags/example_kubernetes_executor.py for tasks to queue
[2023-08-05T04:10:26.646+0000] {logging_mixin.py:150} INFO - [2023-08-05T04:10:26.646+0000] {dagbag.py:541} INFO - Filling up the DagBag from /home/airflow/.local/lib/python3.7/site-packages/airflow/example_dags/example_kubernetes_executor.py
[2023-08-05T04:10:26.780+0000] {processor.py:836} INFO - DAG(s) dict_keys(['example_kubernetes_executor']) retrieved from /home/airflow/.local/lib/python3.7/site-packages/airflow/example_dags/example_kubernetes_executor.py
[2023-08-05T04:10:26.806+0000] {logging_mixin.py:150} INFO - [2023-08-05T04:10:26.805+0000] {dag.py:2742} INFO - Sync 1 DAGs
[2023-08-05T04:10:26.820+0000] {logging_mixin.py:150} INFO - [2023-08-05T04:10:26.820+0000] {dag.py:3508} INFO - Setting next_dagrun for example_kubernetes_executor to None, run_after=None
[2023-08-05T04:10:26.829+0000] {processor.py:179} INFO - Processing /home/airflow/.local/lib/python3.7/site-packages/airflow/example_dags/example_kubernetes_executor.py took 0.195 seconds
[2023-08-05T04:10:56.856+0000] {processor.py:157} INFO - Started process (PID=244) to work on /home/airflow/.local/lib/python3.7/site-packages/airflow/example_dags/example_kubernetes_executor.py
[2023-08-05T04:10:56.857+0000] {processor.py:826} INFO - Processing file /home/airflow/.local/lib/python3.7/site-packages/airflow/example_dags/example_kubernetes_executor.py for tasks to queue
[2023-08-05T04:10:56.858+0000] {logging_mixin.py:150} INFO - [2023-08-05T04:10:56.858+0000] {dagbag.py:541} INFO - Filling up the DagBag from /home/airflow/.local/lib/python3.7/site-packages/airflow/example_dags/example_kubernetes_executor.py
[2023-08-05T04:10:56.995+0000] {processor.py:836} INFO - DAG(s) dict_keys(['example_kubernetes_executor']) retrieved from /home/airflow/.local/lib/python3.7/site-packages/airflow/example_dags/example_kubernetes_executor.py
[2023-08-05T04:10:57.022+0000] {logging_mixin.py:150} INFO - [2023-08-05T04:10:57.022+0000] {dag.py:2742} INFO - Sync 1 DAGs
[2023-08-05T04:10:57.037+0000] {logging_mixin.py:150} INFO - [2023-08-05T04:10:57.036+0000] {dag.py:3508} INFO - Setting next_dagrun for example_kubernetes_executor to None, run_after=None
[2023-08-05T04:10:57.046+0000] {processor.py:179} INFO - Processing /home/airflow/.local/lib/python3.7/site-packages/airflow/example_dags/example_kubernetes_executor.py took 0.193 seconds
[2023-08-05T04:11:27.077+0000] {processor.py:157} INFO - Started process (PID=303) to work on /home/airflow/.local/lib/python3.7/site-packages/airflow/example_dags/example_kubernetes_executor.py
[2023-08-05T04:11:27.078+0000] {processor.py:826} INFO - Processing file /home/airflow/.local/lib/python3.7/site-packages/airflow/example_dags/example_kubernetes_executor.py for tasks to queue
[2023-08-05T04:11:27.079+0000] {logging_mixin.py:150} INFO - [2023-08-05T04:11:27.079+0000] {dagbag.py:541} INFO - Filling up the DagBag from /home/airflow/.local/lib/python3.7/site-packages/airflow/example_dags/example_kubernetes_executor.py
[2023-08-05T04:11:27.174+0000] {processor.py:836} INFO - DAG(s) dict_keys(['example_kubernetes_executor']) retrieved from /home/airflow/.local/lib/python3.7/site-packages/airflow/example_dags/example_kubernetes_executor.py
[2023-08-05T04:11:27.199+0000] {logging_mixin.py:150} INFO - [2023-08-05T04:11:27.199+0000] {dag.py:2742} INFO - Sync 1 DAGs
[2023-08-05T04:11:27.212+0000] {logging_mixin.py:150} INFO - [2023-08-05T04:11:27.212+0000] {dag.py:3508} INFO - Setting next_dagrun for example_kubernetes_executor to None, run_after=None
[2023-08-05T04:11:27.222+0000] {processor.py:179} INFO - Processing /home/airflow/.local/lib/python3.7/site-packages/airflow/example_dags/example_kubernetes_executor.py took 0.148 seconds
[2023-08-05T04:11:57.274+0000] {processor.py:157} INFO - Started process (PID=361) to work on /home/airflow/.local/lib/python3.7/site-packages/airflow/example_dags/example_kubernetes_executor.py
[2023-08-05T04:11:57.275+0000] {processor.py:826} INFO - Processing file /home/airflow/.local/lib/python3.7/site-packages/airflow/example_dags/example_kubernetes_executor.py for tasks to queue
[2023-08-05T04:11:57.276+0000] {logging_mixin.py:150} INFO - [2023-08-05T04:11:57.276+0000] {dagbag.py:541} INFO - Filling up the DagBag from /home/airflow/.local/lib/python3.7/site-packages/airflow/example_dags/example_kubernetes_executor.py
[2023-08-05T04:11:57.372+0000] {processor.py:836} INFO - DAG(s) dict_keys(['example_kubernetes_executor']) retrieved from /home/airflow/.local/lib/python3.7/site-packages/airflow/example_dags/example_kubernetes_executor.py
[2023-08-05T04:11:57.396+0000] {logging_mixin.py:150} INFO - [2023-08-05T04:11:57.396+0000] {dag.py:2742} INFO - Sync 1 DAGs
[2023-08-05T04:11:57.410+0000] {logging_mixin.py:150} INFO - [2023-08-05T04:11:57.410+0000] {dag.py:3508} INFO - Setting next_dagrun for example_kubernetes_executor to None, run_after=None
[2023-08-05T04:11:57.419+0000] {processor.py:179} INFO - Processing /home/airflow/.local/lib/python3.7/site-packages/airflow/example_dags/example_kubernetes_executor.py took 0.148 seconds
[2023-08-05T04:12:27.559+0000] {processor.py:157} INFO - Started process (PID=419) to work on /home/airflow/.local/lib/python3.7/site-packages/airflow/example_dags/example_kubernetes_executor.py
[2023-08-05T04:12:27.560+0000] {processor.py:826} INFO - Processing file /home/airflow/.local/lib/python3.7/site-packages/airflow/example_dags/example_kubernetes_executor.py for tasks to queue
[2023-08-05T04:12:27.562+0000] {logging_mixin.py:150} INFO - [2023-08-05T04:12:27.561+0000] {dagbag.py:541} INFO - Filling up the DagBag from /home/airflow/.local/lib/python3.7/site-packages/airflow/example_dags/example_kubernetes_executor.py
[2023-08-05T04:12:27.688+0000] {processor.py:836} INFO - DAG(s) dict_keys(['example_kubernetes_executor']) retrieved from /home/airflow/.local/lib/python3.7/site-packages/airflow/example_dags/example_kubernetes_executor.py
[2023-08-05T04:12:27.715+0000] {logging_mixin.py:150} INFO - [2023-08-05T04:12:27.715+0000] {dag.py:2742} INFO - Sync 1 DAGs
[2023-08-05T04:12:27.729+0000] {logging_mixin.py:150} INFO - [2023-08-05T04:12:27.728+0000] {dag.py:3508} INFO - Setting next_dagrun for example_kubernetes_executor to None, run_after=None
[2023-08-05T04:12:27.739+0000] {processor.py:179} INFO - Processing /home/airflow/.local/lib/python3.7/site-packages/airflow/example_dags/example_kubernetes_executor.py took 0.182 seconds
[2023-08-05T04:12:57.807+0000] {processor.py:157} INFO - Started process (PID=477) to work on /home/airflow/.local/lib/python3.7/site-packages/airflow/example_dags/example_kubernetes_executor.py
[2023-08-05T04:12:57.808+0000] {processor.py:826} INFO - Processing file /home/airflow/.local/lib/python3.7/site-packages/airflow/example_dags/example_kubernetes_executor.py for tasks to queue
[2023-08-05T04:12:57.808+0000] {logging_mixin.py:150} INFO - [2023-08-05T04:12:57.808+0000] {dagbag.py:541} INFO - Filling up the DagBag from /home/airflow/.local/lib/python3.7/site-packages/airflow/example_dags/example_kubernetes_executor.py
[2023-08-05T04:12:57.910+0000] {processor.py:836} INFO - DAG(s) dict_keys(['example_kubernetes_executor']) retrieved from /home/airflow/.local/lib/python3.7/site-packages/airflow/example_dags/example_kubernetes_executor.py
[2023-08-05T04:12:57.936+0000] {logging_mixin.py:150} INFO - [2023-08-05T04:12:57.936+0000] {dag.py:2742} INFO - Sync 1 DAGs
[2023-08-05T04:12:57.952+0000] {logging_mixin.py:150} INFO - [2023-08-05T04:12:57.952+0000] {dag.py:3508} INFO - Setting next_dagrun for example_kubernetes_executor to None, run_after=None
[2023-08-05T04:12:57.963+0000] {processor.py:179} INFO - Processing /home/airflow/.local/lib/python3.7/site-packages/airflow/example_dags/example_kubernetes_executor.py took 0.159 seconds
[2023-08-05T04:13:28.207+0000] {processor.py:157} INFO - Started process (PID=547) to work on /home/airflow/.local/lib/python3.7/site-packages/airflow/example_dags/example_kubernetes_executor.py
[2023-08-05T04:13:28.208+0000] {processor.py:826} INFO - Processing file /home/airflow/.local/lib/python3.7/site-packages/airflow/example_dags/example_kubernetes_executor.py for tasks to queue
[2023-08-05T04:13:28.209+0000] {logging_mixin.py:150} INFO - [2023-08-05T04:13:28.209+0000] {dagbag.py:541} INFO - Filling up the DagBag from /home/airflow/.local/lib/python3.7/site-packages/airflow/example_dags/example_kubernetes_executor.py
[2023-08-05T04:13:28.374+0000] {processor.py:836} INFO - DAG(s) dict_keys(['example_kubernetes_executor']) retrieved from /home/airflow/.local/lib/python3.7/site-packages/airflow/example_dags/example_kubernetes_executor.py
[2023-08-05T04:13:28.426+0000] {logging_mixin.py:150} INFO - [2023-08-05T04:13:28.426+0000] {dag.py:2742} INFO - Sync 1 DAGs
[2023-08-05T04:13:28.441+0000] {logging_mixin.py:150} INFO - [2023-08-05T04:13:28.441+0000] {dag.py:3508} INFO - Setting next_dagrun for example_kubernetes_executor to None, run_after=None
[2023-08-05T04:13:28.453+0000] {processor.py:179} INFO - Processing /home/airflow/.local/lib/python3.7/site-packages/airflow/example_dags/example_kubernetes_executor.py took 0.250 seconds
