[2023-08-05T04:09:24.525+0000] {processor.py:157} INFO - Started process (PID=60) to work on /home/airflow/.local/lib/python3.7/site-packages/airflow/example_dags/example_latest_only.py
[2023-08-05T04:09:24.526+0000] {processor.py:826} INFO - Processing file /home/airflow/.local/lib/python3.7/site-packages/airflow/example_dags/example_latest_only.py for tasks to queue
[2023-08-05T04:09:24.527+0000] {logging_mixin.py:150} INFO - [2023-08-05T04:09:24.527+0000] {dagbag.py:541} INFO - Filling up the DagBag from /home/airflow/.local/lib/python3.7/site-packages/airflow/example_dags/example_latest_only.py
[2023-08-05T04:09:24.536+0000] {processor.py:836} INFO - DAG(s) dict_keys(['latest_only']) retrieved from /home/airflow/.local/lib/python3.7/site-packages/airflow/example_dags/example_latest_only.py
[2023-08-05T04:09:24.553+0000] {logging_mixin.py:150} INFO - [2023-08-05T04:09:24.552+0000] {dag.py:2742} INFO - Sync 1 DAGs
[2023-08-05T04:09:24.577+0000] {logging_mixin.py:150} INFO - [2023-08-05T04:09:24.577+0000] {dag.py:3508} INFO - Setting next_dagrun for latest_only to 2023-08-05T00:09:24.577420+00:00, run_after=2023-08-05T04:09:24.577420+00:00
[2023-08-05T04:09:24.635+0000] {processor.py:179} INFO - Processing /home/airflow/.local/lib/python3.7/site-packages/airflow/example_dags/example_latest_only.py took 0.114 seconds
[2023-08-05T04:09:54.945+0000] {processor.py:157} INFO - Started process (PID=117) to work on /home/airflow/.local/lib/python3.7/site-packages/airflow/example_dags/example_latest_only.py
[2023-08-05T04:09:54.946+0000] {processor.py:826} INFO - Processing file /home/airflow/.local/lib/python3.7/site-packages/airflow/example_dags/example_latest_only.py for tasks to queue
[2023-08-05T04:09:54.947+0000] {logging_mixin.py:150} INFO - [2023-08-05T04:09:54.947+0000] {dagbag.py:541} INFO - Filling up the DagBag from /home/airflow/.local/lib/python3.7/site-packages/airflow/example_dags/example_latest_only.py
[2023-08-05T04:09:54.952+0000] {processor.py:836} INFO - DAG(s) dict_keys(['latest_only']) retrieved from /home/airflow/.local/lib/python3.7/site-packages/airflow/example_dags/example_latest_only.py
[2023-08-05T04:09:54.968+0000] {logging_mixin.py:150} INFO - [2023-08-05T04:09:54.968+0000] {dag.py:2742} INFO - Sync 1 DAGs
[2023-08-05T04:09:54.983+0000] {logging_mixin.py:150} INFO - [2023-08-05T04:09:54.983+0000] {dag.py:3508} INFO - Setting next_dagrun for latest_only to 2023-08-05T00:09:54.983065+00:00, run_after=2023-08-05T04:09:54.983065+00:00
[2023-08-05T04:09:54.992+0000] {processor.py:179} INFO - Processing /home/airflow/.local/lib/python3.7/site-packages/airflow/example_dags/example_latest_only.py took 0.050 seconds
[2023-08-05T04:10:25.245+0000] {processor.py:157} INFO - Started process (PID=175) to work on /home/airflow/.local/lib/python3.7/site-packages/airflow/example_dags/example_latest_only.py
[2023-08-05T04:10:25.246+0000] {processor.py:826} INFO - Processing file /home/airflow/.local/lib/python3.7/site-packages/airflow/example_dags/example_latest_only.py for tasks to queue
[2023-08-05T04:10:25.246+0000] {logging_mixin.py:150} INFO - [2023-08-05T04:10:25.246+0000] {dagbag.py:541} INFO - Filling up the DagBag from /home/airflow/.local/lib/python3.7/site-packages/airflow/example_dags/example_latest_only.py
[2023-08-05T04:10:25.251+0000] {processor.py:836} INFO - DAG(s) dict_keys(['latest_only']) retrieved from /home/airflow/.local/lib/python3.7/site-packages/airflow/example_dags/example_latest_only.py
[2023-08-05T04:10:25.269+0000] {logging_mixin.py:150} INFO - [2023-08-05T04:10:25.269+0000] {dag.py:2742} INFO - Sync 1 DAGs
[2023-08-05T04:10:25.283+0000] {logging_mixin.py:150} INFO - [2023-08-05T04:10:25.283+0000] {dag.py:3508} INFO - Setting next_dagrun for latest_only to 2023-08-05T00:10:25.283208+00:00, run_after=2023-08-05T04:10:25.283208+00:00
[2023-08-05T04:10:25.293+0000] {processor.py:179} INFO - Processing /home/airflow/.local/lib/python3.7/site-packages/airflow/example_dags/example_latest_only.py took 0.051 seconds
[2023-08-05T04:10:55.363+0000] {processor.py:157} INFO - Started process (PID=233) to work on /home/airflow/.local/lib/python3.7/site-packages/airflow/example_dags/example_latest_only.py
[2023-08-05T04:10:55.365+0000] {processor.py:826} INFO - Processing file /home/airflow/.local/lib/python3.7/site-packages/airflow/example_dags/example_latest_only.py for tasks to queue
[2023-08-05T04:10:55.365+0000] {logging_mixin.py:150} INFO - [2023-08-05T04:10:55.365+0000] {dagbag.py:541} INFO - Filling up the DagBag from /home/airflow/.local/lib/python3.7/site-packages/airflow/example_dags/example_latest_only.py
[2023-08-05T04:10:55.370+0000] {processor.py:836} INFO - DAG(s) dict_keys(['latest_only']) retrieved from /home/airflow/.local/lib/python3.7/site-packages/airflow/example_dags/example_latest_only.py
[2023-08-05T04:10:55.386+0000] {logging_mixin.py:150} INFO - [2023-08-05T04:10:55.386+0000] {dag.py:2742} INFO - Sync 1 DAGs
[2023-08-05T04:10:55.399+0000] {logging_mixin.py:150} INFO - [2023-08-05T04:10:55.399+0000] {dag.py:3508} INFO - Setting next_dagrun for latest_only to 2023-08-05T00:10:55.398951+00:00, run_after=2023-08-05T04:10:55.398951+00:00
[2023-08-05T04:10:55.409+0000] {processor.py:179} INFO - Processing /home/airflow/.local/lib/python3.7/site-packages/airflow/example_dags/example_latest_only.py took 0.048 seconds
[2023-08-05T04:11:25.596+0000] {processor.py:157} INFO - Started process (PID=291) to work on /home/airflow/.local/lib/python3.7/site-packages/airflow/example_dags/example_latest_only.py
[2023-08-05T04:11:25.597+0000] {processor.py:826} INFO - Processing file /home/airflow/.local/lib/python3.7/site-packages/airflow/example_dags/example_latest_only.py for tasks to queue
[2023-08-05T04:11:25.598+0000] {logging_mixin.py:150} INFO - [2023-08-05T04:11:25.598+0000] {dagbag.py:541} INFO - Filling up the DagBag from /home/airflow/.local/lib/python3.7/site-packages/airflow/example_dags/example_latest_only.py
[2023-08-05T04:11:25.604+0000] {processor.py:836} INFO - DAG(s) dict_keys(['latest_only']) retrieved from /home/airflow/.local/lib/python3.7/site-packages/airflow/example_dags/example_latest_only.py
[2023-08-05T04:11:25.621+0000] {logging_mixin.py:150} INFO - [2023-08-05T04:11:25.621+0000] {dag.py:2742} INFO - Sync 1 DAGs
[2023-08-05T04:11:25.634+0000] {logging_mixin.py:150} INFO - [2023-08-05T04:11:25.634+0000] {dag.py:3508} INFO - Setting next_dagrun for latest_only to 2023-08-05T00:11:25.634158+00:00, run_after=2023-08-05T04:11:25.634158+00:00
[2023-08-05T04:11:25.643+0000] {processor.py:179} INFO - Processing /home/airflow/.local/lib/python3.7/site-packages/airflow/example_dags/example_latest_only.py took 0.051 seconds
[2023-08-05T04:11:55.771+0000] {processor.py:157} INFO - Started process (PID=349) to work on /home/airflow/.local/lib/python3.7/site-packages/airflow/example_dags/example_latest_only.py
[2023-08-05T04:11:55.772+0000] {processor.py:826} INFO - Processing file /home/airflow/.local/lib/python3.7/site-packages/airflow/example_dags/example_latest_only.py for tasks to queue
[2023-08-05T04:11:55.773+0000] {logging_mixin.py:150} INFO - [2023-08-05T04:11:55.773+0000] {dagbag.py:541} INFO - Filling up the DagBag from /home/airflow/.local/lib/python3.7/site-packages/airflow/example_dags/example_latest_only.py
[2023-08-05T04:11:55.777+0000] {processor.py:836} INFO - DAG(s) dict_keys(['latest_only']) retrieved from /home/airflow/.local/lib/python3.7/site-packages/airflow/example_dags/example_latest_only.py
[2023-08-05T04:11:55.795+0000] {logging_mixin.py:150} INFO - [2023-08-05T04:11:55.795+0000] {dag.py:2742} INFO - Sync 1 DAGs
[2023-08-05T04:11:55.808+0000] {logging_mixin.py:150} INFO - [2023-08-05T04:11:55.808+0000] {dag.py:3508} INFO - Setting next_dagrun for latest_only to 2023-08-05T00:11:55.808599+00:00, run_after=2023-08-05T04:11:55.808599+00:00
[2023-08-05T04:11:55.818+0000] {processor.py:179} INFO - Processing /home/airflow/.local/lib/python3.7/site-packages/airflow/example_dags/example_latest_only.py took 0.050 seconds
[2023-08-05T04:12:26.058+0000] {processor.py:157} INFO - Started process (PID=407) to work on /home/airflow/.local/lib/python3.7/site-packages/airflow/example_dags/example_latest_only.py
[2023-08-05T04:12:26.059+0000] {processor.py:826} INFO - Processing file /home/airflow/.local/lib/python3.7/site-packages/airflow/example_dags/example_latest_only.py for tasks to queue
[2023-08-05T04:12:26.060+0000] {logging_mixin.py:150} INFO - [2023-08-05T04:12:26.060+0000] {dagbag.py:541} INFO - Filling up the DagBag from /home/airflow/.local/lib/python3.7/site-packages/airflow/example_dags/example_latest_only.py
[2023-08-05T04:12:26.064+0000] {processor.py:836} INFO - DAG(s) dict_keys(['latest_only']) retrieved from /home/airflow/.local/lib/python3.7/site-packages/airflow/example_dags/example_latest_only.py
[2023-08-05T04:12:26.079+0000] {logging_mixin.py:150} INFO - [2023-08-05T04:12:26.079+0000] {dag.py:2742} INFO - Sync 1 DAGs
[2023-08-05T04:12:26.093+0000] {logging_mixin.py:150} INFO - [2023-08-05T04:12:26.093+0000] {dag.py:3508} INFO - Setting next_dagrun for latest_only to 2023-08-05T00:12:26.093049+00:00, run_after=2023-08-05T04:12:26.093049+00:00
[2023-08-05T04:12:26.103+0000] {processor.py:179} INFO - Processing /home/airflow/.local/lib/python3.7/site-packages/airflow/example_dags/example_latest_only.py took 0.047 seconds
[2023-08-05T04:12:56.259+0000] {processor.py:157} INFO - Started process (PID=465) to work on /home/airflow/.local/lib/python3.7/site-packages/airflow/example_dags/example_latest_only.py
[2023-08-05T04:12:56.260+0000] {processor.py:826} INFO - Processing file /home/airflow/.local/lib/python3.7/site-packages/airflow/example_dags/example_latest_only.py for tasks to queue
[2023-08-05T04:12:56.261+0000] {logging_mixin.py:150} INFO - [2023-08-05T04:12:56.260+0000] {dagbag.py:541} INFO - Filling up the DagBag from /home/airflow/.local/lib/python3.7/site-packages/airflow/example_dags/example_latest_only.py
[2023-08-05T04:12:56.265+0000] {processor.py:836} INFO - DAG(s) dict_keys(['latest_only']) retrieved from /home/airflow/.local/lib/python3.7/site-packages/airflow/example_dags/example_latest_only.py
[2023-08-05T04:12:56.282+0000] {logging_mixin.py:150} INFO - [2023-08-05T04:12:56.282+0000] {dag.py:2742} INFO - Sync 1 DAGs
[2023-08-05T04:12:56.296+0000] {logging_mixin.py:150} INFO - [2023-08-05T04:12:56.296+0000] {dag.py:3508} INFO - Setting next_dagrun for latest_only to 2023-08-05T00:12:56.295831+00:00, run_after=2023-08-05T04:12:56.295831+00:00
[2023-08-05T04:12:56.306+0000] {processor.py:179} INFO - Processing /home/airflow/.local/lib/python3.7/site-packages/airflow/example_dags/example_latest_only.py took 0.050 seconds
[2023-08-05T04:13:26.544+0000] {processor.py:157} INFO - Started process (PID=535) to work on /home/airflow/.local/lib/python3.7/site-packages/airflow/example_dags/example_latest_only.py
[2023-08-05T04:13:26.545+0000] {processor.py:826} INFO - Processing file /home/airflow/.local/lib/python3.7/site-packages/airflow/example_dags/example_latest_only.py for tasks to queue
[2023-08-05T04:13:26.546+0000] {logging_mixin.py:150} INFO - [2023-08-05T04:13:26.546+0000] {dagbag.py:541} INFO - Filling up the DagBag from /home/airflow/.local/lib/python3.7/site-packages/airflow/example_dags/example_latest_only.py
[2023-08-05T04:13:26.551+0000] {processor.py:836} INFO - DAG(s) dict_keys(['latest_only']) retrieved from /home/airflow/.local/lib/python3.7/site-packages/airflow/example_dags/example_latest_only.py
[2023-08-05T04:13:26.569+0000] {logging_mixin.py:150} INFO - [2023-08-05T04:13:26.568+0000] {dag.py:2742} INFO - Sync 1 DAGs
[2023-08-05T04:13:26.584+0000] {logging_mixin.py:150} INFO - [2023-08-05T04:13:26.584+0000] {dag.py:3508} INFO - Setting next_dagrun for latest_only to 2023-08-05T00:13:26.583969+00:00, run_after=2023-08-05T04:13:26.583969+00:00
[2023-08-05T04:13:26.595+0000] {processor.py:179} INFO - Processing /home/airflow/.local/lib/python3.7/site-packages/airflow/example_dags/example_latest_only.py took 0.053 seconds
