[2023-08-05T04:09:23.291+0000] {processor.py:157} INFO - Started process (PID=35) to work on /home/airflow/.local/lib/python3.7/site-packages/airflow/example_dags/example_nested_branch_dag.py
[2023-08-05T04:09:23.292+0000] {processor.py:826} INFO - Processing file /home/airflow/.local/lib/python3.7/site-packages/airflow/example_dags/example_nested_branch_dag.py for tasks to queue
[2023-08-05T04:09:23.293+0000] {logging_mixin.py:150} INFO - [2023-08-05T04:09:23.293+0000] {dagbag.py:541} INFO - Filling up the DagBag from /home/airflow/.local/lib/python3.7/site-packages/airflow/example_dags/example_nested_branch_dag.py
[2023-08-05T04:09:23.302+0000] {processor.py:836} INFO - DAG(s) dict_keys(['example_nested_branch_dag']) retrieved from /home/airflow/.local/lib/python3.7/site-packages/airflow/example_dags/example_nested_branch_dag.py
[2023-08-05T04:09:23.314+0000] {logging_mixin.py:150} INFO - [2023-08-05T04:09:23.314+0000] {dag.py:2742} INFO - Sync 1 DAGs
[2023-08-05T04:09:23.332+0000] {logging_mixin.py:150} INFO - [2023-08-05T04:09:23.332+0000] {dag.py:3508} INFO - Setting next_dagrun for example_nested_branch_dag to 2023-08-04T00:00:00+00:00, run_after=2023-08-05T00:00:00+00:00
[2023-08-05T04:09:23.343+0000] {processor.py:179} INFO - Processing /home/airflow/.local/lib/python3.7/site-packages/airflow/example_dags/example_nested_branch_dag.py took 0.054 seconds
[2023-08-05T04:09:54.058+0000] {processor.py:157} INFO - Started process (PID=93) to work on /home/airflow/.local/lib/python3.7/site-packages/airflow/example_dags/example_nested_branch_dag.py
[2023-08-05T04:09:54.059+0000] {processor.py:826} INFO - Processing file /home/airflow/.local/lib/python3.7/site-packages/airflow/example_dags/example_nested_branch_dag.py for tasks to queue
[2023-08-05T04:09:54.060+0000] {logging_mixin.py:150} INFO - [2023-08-05T04:09:54.060+0000] {dagbag.py:541} INFO - Filling up the DagBag from /home/airflow/.local/lib/python3.7/site-packages/airflow/example_dags/example_nested_branch_dag.py
[2023-08-05T04:09:54.067+0000] {processor.py:836} INFO - DAG(s) dict_keys(['example_nested_branch_dag']) retrieved from /home/airflow/.local/lib/python3.7/site-packages/airflow/example_dags/example_nested_branch_dag.py
[2023-08-05T04:09:54.085+0000] {logging_mixin.py:150} INFO - [2023-08-05T04:09:54.085+0000] {dag.py:2742} INFO - Sync 1 DAGs
[2023-08-05T04:09:54.100+0000] {logging_mixin.py:150} INFO - [2023-08-05T04:09:54.100+0000] {dag.py:3508} INFO - Setting next_dagrun for example_nested_branch_dag to 2023-08-04T00:00:00+00:00, run_after=2023-08-05T00:00:00+00:00
[2023-08-05T04:09:54.110+0000] {processor.py:179} INFO - Processing /home/airflow/.local/lib/python3.7/site-packages/airflow/example_dags/example_nested_branch_dag.py took 0.055 seconds
[2023-08-05T04:10:24.226+0000] {processor.py:157} INFO - Started process (PID=151) to work on /home/airflow/.local/lib/python3.7/site-packages/airflow/example_dags/example_nested_branch_dag.py
[2023-08-05T04:10:24.227+0000] {processor.py:826} INFO - Processing file /home/airflow/.local/lib/python3.7/site-packages/airflow/example_dags/example_nested_branch_dag.py for tasks to queue
[2023-08-05T04:10:24.229+0000] {logging_mixin.py:150} INFO - [2023-08-05T04:10:24.228+0000] {dagbag.py:541} INFO - Filling up the DagBag from /home/airflow/.local/lib/python3.7/site-packages/airflow/example_dags/example_nested_branch_dag.py
[2023-08-05T04:10:24.238+0000] {processor.py:836} INFO - DAG(s) dict_keys(['example_nested_branch_dag']) retrieved from /home/airflow/.local/lib/python3.7/site-packages/airflow/example_dags/example_nested_branch_dag.py
[2023-08-05T04:10:24.257+0000] {logging_mixin.py:150} INFO - [2023-08-05T04:10:24.257+0000] {dag.py:2742} INFO - Sync 1 DAGs
[2023-08-05T04:10:24.272+0000] {logging_mixin.py:150} INFO - [2023-08-05T04:10:24.272+0000] {dag.py:3508} INFO - Setting next_dagrun for example_nested_branch_dag to 2023-08-04T00:00:00+00:00, run_after=2023-08-05T00:00:00+00:00
[2023-08-05T04:10:24.283+0000] {processor.py:179} INFO - Processing /home/airflow/.local/lib/python3.7/site-packages/airflow/example_dags/example_nested_branch_dag.py took 0.064 seconds
[2023-08-05T04:10:54.478+0000] {processor.py:157} INFO - Started process (PID=209) to work on /home/airflow/.local/lib/python3.7/site-packages/airflow/example_dags/example_nested_branch_dag.py
[2023-08-05T04:10:54.479+0000] {processor.py:826} INFO - Processing file /home/airflow/.local/lib/python3.7/site-packages/airflow/example_dags/example_nested_branch_dag.py for tasks to queue
[2023-08-05T04:10:54.481+0000] {logging_mixin.py:150} INFO - [2023-08-05T04:10:54.480+0000] {dagbag.py:541} INFO - Filling up the DagBag from /home/airflow/.local/lib/python3.7/site-packages/airflow/example_dags/example_nested_branch_dag.py
[2023-08-05T04:10:54.487+0000] {processor.py:836} INFO - DAG(s) dict_keys(['example_nested_branch_dag']) retrieved from /home/airflow/.local/lib/python3.7/site-packages/airflow/example_dags/example_nested_branch_dag.py
[2023-08-05T04:10:54.504+0000] {logging_mixin.py:150} INFO - [2023-08-05T04:10:54.504+0000] {dag.py:2742} INFO - Sync 1 DAGs
[2023-08-05T04:10:54.518+0000] {logging_mixin.py:150} INFO - [2023-08-05T04:10:54.518+0000] {dag.py:3508} INFO - Setting next_dagrun for example_nested_branch_dag to 2023-08-04T00:00:00+00:00, run_after=2023-08-05T00:00:00+00:00
[2023-08-05T04:10:54.528+0000] {processor.py:179} INFO - Processing /home/airflow/.local/lib/python3.7/site-packages/airflow/example_dags/example_nested_branch_dag.py took 0.052 seconds
[2023-08-05T04:11:24.637+0000] {processor.py:157} INFO - Started process (PID=267) to work on /home/airflow/.local/lib/python3.7/site-packages/airflow/example_dags/example_nested_branch_dag.py
[2023-08-05T04:11:24.638+0000] {processor.py:826} INFO - Processing file /home/airflow/.local/lib/python3.7/site-packages/airflow/example_dags/example_nested_branch_dag.py for tasks to queue
[2023-08-05T04:11:24.639+0000] {logging_mixin.py:150} INFO - [2023-08-05T04:11:24.638+0000] {dagbag.py:541} INFO - Filling up the DagBag from /home/airflow/.local/lib/python3.7/site-packages/airflow/example_dags/example_nested_branch_dag.py
[2023-08-05T04:11:24.645+0000] {processor.py:836} INFO - DAG(s) dict_keys(['example_nested_branch_dag']) retrieved from /home/airflow/.local/lib/python3.7/site-packages/airflow/example_dags/example_nested_branch_dag.py
[2023-08-05T04:11:24.663+0000] {logging_mixin.py:150} INFO - [2023-08-05T04:11:24.663+0000] {dag.py:2742} INFO - Sync 1 DAGs
[2023-08-05T04:11:24.677+0000] {logging_mixin.py:150} INFO - [2023-08-05T04:11:24.677+0000] {dag.py:3508} INFO - Setting next_dagrun for example_nested_branch_dag to 2023-08-04T00:00:00+00:00, run_after=2023-08-05T00:00:00+00:00
[2023-08-05T04:11:24.687+0000] {processor.py:179} INFO - Processing /home/airflow/.local/lib/python3.7/site-packages/airflow/example_dags/example_nested_branch_dag.py took 0.053 seconds
[2023-08-05T04:11:54.860+0000] {processor.py:157} INFO - Started process (PID=325) to work on /home/airflow/.local/lib/python3.7/site-packages/airflow/example_dags/example_nested_branch_dag.py
[2023-08-05T04:11:54.861+0000] {processor.py:826} INFO - Processing file /home/airflow/.local/lib/python3.7/site-packages/airflow/example_dags/example_nested_branch_dag.py for tasks to queue
[2023-08-05T04:11:54.862+0000] {logging_mixin.py:150} INFO - [2023-08-05T04:11:54.862+0000] {dagbag.py:541} INFO - Filling up the DagBag from /home/airflow/.local/lib/python3.7/site-packages/airflow/example_dags/example_nested_branch_dag.py
[2023-08-05T04:11:54.868+0000] {processor.py:836} INFO - DAG(s) dict_keys(['example_nested_branch_dag']) retrieved from /home/airflow/.local/lib/python3.7/site-packages/airflow/example_dags/example_nested_branch_dag.py
[2023-08-05T04:11:54.885+0000] {logging_mixin.py:150} INFO - [2023-08-05T04:11:54.885+0000] {dag.py:2742} INFO - Sync 1 DAGs
[2023-08-05T04:11:54.899+0000] {logging_mixin.py:150} INFO - [2023-08-05T04:11:54.899+0000] {dag.py:3508} INFO - Setting next_dagrun for example_nested_branch_dag to 2023-08-04T00:00:00+00:00, run_after=2023-08-05T00:00:00+00:00
[2023-08-05T04:11:54.908+0000] {processor.py:179} INFO - Processing /home/airflow/.local/lib/python3.7/site-packages/airflow/example_dags/example_nested_branch_dag.py took 0.051 seconds
[2023-08-05T04:12:25.040+0000] {processor.py:157} INFO - Started process (PID=383) to work on /home/airflow/.local/lib/python3.7/site-packages/airflow/example_dags/example_nested_branch_dag.py
[2023-08-05T04:12:25.041+0000] {processor.py:826} INFO - Processing file /home/airflow/.local/lib/python3.7/site-packages/airflow/example_dags/example_nested_branch_dag.py for tasks to queue
[2023-08-05T04:12:25.042+0000] {logging_mixin.py:150} INFO - [2023-08-05T04:12:25.042+0000] {dagbag.py:541} INFO - Filling up the DagBag from /home/airflow/.local/lib/python3.7/site-packages/airflow/example_dags/example_nested_branch_dag.py
[2023-08-05T04:12:25.049+0000] {processor.py:836} INFO - DAG(s) dict_keys(['example_nested_branch_dag']) retrieved from /home/airflow/.local/lib/python3.7/site-packages/airflow/example_dags/example_nested_branch_dag.py
[2023-08-05T04:12:25.068+0000] {logging_mixin.py:150} INFO - [2023-08-05T04:12:25.068+0000] {dag.py:2742} INFO - Sync 1 DAGs
[2023-08-05T04:12:25.084+0000] {logging_mixin.py:150} INFO - [2023-08-05T04:12:25.084+0000] {dag.py:3508} INFO - Setting next_dagrun for example_nested_branch_dag to 2023-08-04T00:00:00+00:00, run_after=2023-08-05T00:00:00+00:00
[2023-08-05T04:12:25.094+0000] {processor.py:179} INFO - Processing /home/airflow/.local/lib/python3.7/site-packages/airflow/example_dags/example_nested_branch_dag.py took 0.057 seconds
[2023-08-05T04:12:55.338+0000] {processor.py:157} INFO - Started process (PID=441) to work on /home/airflow/.local/lib/python3.7/site-packages/airflow/example_dags/example_nested_branch_dag.py
[2023-08-05T04:12:55.339+0000] {processor.py:826} INFO - Processing file /home/airflow/.local/lib/python3.7/site-packages/airflow/example_dags/example_nested_branch_dag.py for tasks to queue
[2023-08-05T04:12:55.340+0000] {logging_mixin.py:150} INFO - [2023-08-05T04:12:55.340+0000] {dagbag.py:541} INFO - Filling up the DagBag from /home/airflow/.local/lib/python3.7/site-packages/airflow/example_dags/example_nested_branch_dag.py
[2023-08-05T04:12:55.346+0000] {processor.py:836} INFO - DAG(s) dict_keys(['example_nested_branch_dag']) retrieved from /home/airflow/.local/lib/python3.7/site-packages/airflow/example_dags/example_nested_branch_dag.py
[2023-08-05T04:12:55.363+0000] {logging_mixin.py:150} INFO - [2023-08-05T04:12:55.363+0000] {dag.py:2742} INFO - Sync 1 DAGs
[2023-08-05T04:12:55.377+0000] {logging_mixin.py:150} INFO - [2023-08-05T04:12:55.377+0000] {dag.py:3508} INFO - Setting next_dagrun for example_nested_branch_dag to 2023-08-04T00:00:00+00:00, run_after=2023-08-05T00:00:00+00:00
[2023-08-05T04:12:55.386+0000] {processor.py:179} INFO - Processing /home/airflow/.local/lib/python3.7/site-packages/airflow/example_dags/example_nested_branch_dag.py took 0.051 seconds
[2023-08-05T04:13:25.564+0000] {processor.py:157} INFO - Started process (PID=511) to work on /home/airflow/.local/lib/python3.7/site-packages/airflow/example_dags/example_nested_branch_dag.py
[2023-08-05T04:13:25.565+0000] {processor.py:826} INFO - Processing file /home/airflow/.local/lib/python3.7/site-packages/airflow/example_dags/example_nested_branch_dag.py for tasks to queue
[2023-08-05T04:13:25.566+0000] {logging_mixin.py:150} INFO - [2023-08-05T04:13:25.566+0000] {dagbag.py:541} INFO - Filling up the DagBag from /home/airflow/.local/lib/python3.7/site-packages/airflow/example_dags/example_nested_branch_dag.py
[2023-08-05T04:13:25.573+0000] {processor.py:836} INFO - DAG(s) dict_keys(['example_nested_branch_dag']) retrieved from /home/airflow/.local/lib/python3.7/site-packages/airflow/example_dags/example_nested_branch_dag.py
[2023-08-05T04:13:25.591+0000] {logging_mixin.py:150} INFO - [2023-08-05T04:13:25.590+0000] {dag.py:2742} INFO - Sync 1 DAGs
[2023-08-05T04:13:25.606+0000] {logging_mixin.py:150} INFO - [2023-08-05T04:13:25.606+0000] {dag.py:3508} INFO - Setting next_dagrun for example_nested_branch_dag to 2023-08-04T00:00:00+00:00, run_after=2023-08-05T00:00:00+00:00
[2023-08-05T04:13:25.617+0000] {processor.py:179} INFO - Processing /home/airflow/.local/lib/python3.7/site-packages/airflow/example_dags/example_nested_branch_dag.py took 0.055 seconds
[2023-08-05T04:13:56.191+0000] {processor.py:157} INFO - Started process (PID=569) to work on /home/airflow/.local/lib/python3.7/site-packages/airflow/example_dags/example_nested_branch_dag.py
[2023-08-05T04:13:56.193+0000] {processor.py:826} INFO - Processing file /home/airflow/.local/lib/python3.7/site-packages/airflow/example_dags/example_nested_branch_dag.py for tasks to queue
[2023-08-05T04:13:56.194+0000] {logging_mixin.py:150} INFO - [2023-08-05T04:13:56.194+0000] {dagbag.py:541} INFO - Filling up the DagBag from /home/airflow/.local/lib/python3.7/site-packages/airflow/example_dags/example_nested_branch_dag.py
[2023-08-05T04:13:56.206+0000] {processor.py:836} INFO - DAG(s) dict_keys(['example_nested_branch_dag']) retrieved from /home/airflow/.local/lib/python3.7/site-packages/airflow/example_dags/example_nested_branch_dag.py
[2023-08-05T04:13:56.277+0000] {logging_mixin.py:150} INFO - [2023-08-05T04:13:56.277+0000] {dag.py:2742} INFO - Sync 1 DAGs
[2023-08-05T04:13:56.310+0000] {logging_mixin.py:150} INFO - [2023-08-05T04:13:56.310+0000] {dag.py:3508} INFO - Setting next_dagrun for example_nested_branch_dag to 2023-08-04T00:00:00+00:00, run_after=2023-08-05T00:00:00+00:00
[2023-08-05T04:13:56.335+0000] {processor.py:179} INFO - Processing /home/airflow/.local/lib/python3.7/site-packages/airflow/example_dags/example_nested_branch_dag.py took 0.148 seconds
