[2023-08-05T04:09:23.853+0000] {processor.py:157} INFO - Started process (PID=47) to work on /home/airflow/.local/lib/python3.7/site-packages/airflow/example_dags/example_complex.py
[2023-08-05T04:09:23.856+0000] {processor.py:826} INFO - Processing file /home/airflow/.local/lib/python3.7/site-packages/airflow/example_dags/example_complex.py for tasks to queue
[2023-08-05T04:09:23.856+0000] {logging_mixin.py:150} INFO - [2023-08-05T04:09:23.856+0000] {dagbag.py:541} INFO - Filling up the DagBag from /home/airflow/.local/lib/python3.7/site-packages/airflow/example_dags/example_complex.py
[2023-08-05T04:09:23.866+0000] {processor.py:836} INFO - DAG(s) dict_keys(['example_complex']) retrieved from /home/airflow/.local/lib/python3.7/site-packages/airflow/example_dags/example_complex.py
[2023-08-05T04:09:23.877+0000] {logging_mixin.py:150} INFO - [2023-08-05T04:09:23.877+0000] {dag.py:2742} INFO - Sync 1 DAGs
[2023-08-05T04:09:23.895+0000] {logging_mixin.py:150} INFO - [2023-08-05T04:09:23.894+0000] {dag.py:3508} INFO - Setting next_dagrun for example_complex to None, run_after=None
[2023-08-05T04:09:23.909+0000] {processor.py:179} INFO - Processing /home/airflow/.local/lib/python3.7/site-packages/airflow/example_dags/example_complex.py took 0.060 seconds
[2023-08-05T04:09:54.478+0000] {processor.py:157} INFO - Started process (PID=105) to work on /home/airflow/.local/lib/python3.7/site-packages/airflow/example_dags/example_complex.py
[2023-08-05T04:09:54.479+0000] {processor.py:826} INFO - Processing file /home/airflow/.local/lib/python3.7/site-packages/airflow/example_dags/example_complex.py for tasks to queue
[2023-08-05T04:09:54.480+0000] {logging_mixin.py:150} INFO - [2023-08-05T04:09:54.480+0000] {dagbag.py:541} INFO - Filling up the DagBag from /home/airflow/.local/lib/python3.7/site-packages/airflow/example_dags/example_complex.py
[2023-08-05T04:09:54.487+0000] {processor.py:836} INFO - DAG(s) dict_keys(['example_complex']) retrieved from /home/airflow/.local/lib/python3.7/site-packages/airflow/example_dags/example_complex.py
[2023-08-05T04:09:54.509+0000] {logging_mixin.py:150} INFO - [2023-08-05T04:09:54.509+0000] {dag.py:2742} INFO - Sync 1 DAGs
[2023-08-05T04:09:54.523+0000] {logging_mixin.py:150} INFO - [2023-08-05T04:09:54.523+0000] {dag.py:3508} INFO - Setting next_dagrun for example_complex to None, run_after=None
[2023-08-05T04:09:54.533+0000] {processor.py:179} INFO - Processing /home/airflow/.local/lib/python3.7/site-packages/airflow/example_dags/example_complex.py took 0.058 seconds
[2023-08-05T04:10:24.681+0000] {processor.py:157} INFO - Started process (PID=163) to work on /home/airflow/.local/lib/python3.7/site-packages/airflow/example_dags/example_complex.py
[2023-08-05T04:10:24.682+0000] {processor.py:826} INFO - Processing file /home/airflow/.local/lib/python3.7/site-packages/airflow/example_dags/example_complex.py for tasks to queue
[2023-08-05T04:10:24.683+0000] {logging_mixin.py:150} INFO - [2023-08-05T04:10:24.683+0000] {dagbag.py:541} INFO - Filling up the DagBag from /home/airflow/.local/lib/python3.7/site-packages/airflow/example_dags/example_complex.py
[2023-08-05T04:10:24.690+0000] {processor.py:836} INFO - DAG(s) dict_keys(['example_complex']) retrieved from /home/airflow/.local/lib/python3.7/site-packages/airflow/example_dags/example_complex.py
[2023-08-05T04:10:24.713+0000] {logging_mixin.py:150} INFO - [2023-08-05T04:10:24.713+0000] {dag.py:2742} INFO - Sync 1 DAGs
[2023-08-05T04:10:24.728+0000] {logging_mixin.py:150} INFO - [2023-08-05T04:10:24.728+0000] {dag.py:3508} INFO - Setting next_dagrun for example_complex to None, run_after=None
[2023-08-05T04:10:24.738+0000] {processor.py:179} INFO - Processing /home/airflow/.local/lib/python3.7/site-packages/airflow/example_dags/example_complex.py took 0.060 seconds
[2023-08-05T04:10:54.893+0000] {processor.py:157} INFO - Started process (PID=221) to work on /home/airflow/.local/lib/python3.7/site-packages/airflow/example_dags/example_complex.py
[2023-08-05T04:10:54.894+0000] {processor.py:826} INFO - Processing file /home/airflow/.local/lib/python3.7/site-packages/airflow/example_dags/example_complex.py for tasks to queue
[2023-08-05T04:10:54.896+0000] {logging_mixin.py:150} INFO - [2023-08-05T04:10:54.895+0000] {dagbag.py:541} INFO - Filling up the DagBag from /home/airflow/.local/lib/python3.7/site-packages/airflow/example_dags/example_complex.py
[2023-08-05T04:10:54.902+0000] {processor.py:836} INFO - DAG(s) dict_keys(['example_complex']) retrieved from /home/airflow/.local/lib/python3.7/site-packages/airflow/example_dags/example_complex.py
[2023-08-05T04:10:54.925+0000] {logging_mixin.py:150} INFO - [2023-08-05T04:10:54.925+0000] {dag.py:2742} INFO - Sync 1 DAGs
[2023-08-05T04:10:54.939+0000] {logging_mixin.py:150} INFO - [2023-08-05T04:10:54.939+0000] {dag.py:3508} INFO - Setting next_dagrun for example_complex to None, run_after=None
[2023-08-05T04:10:54.948+0000] {processor.py:179} INFO - Processing /home/airflow/.local/lib/python3.7/site-packages/airflow/example_dags/example_complex.py took 0.057 seconds
[2023-08-05T04:11:25.110+0000] {processor.py:157} INFO - Started process (PID=279) to work on /home/airflow/.local/lib/python3.7/site-packages/airflow/example_dags/example_complex.py
[2023-08-05T04:11:25.112+0000] {processor.py:826} INFO - Processing file /home/airflow/.local/lib/python3.7/site-packages/airflow/example_dags/example_complex.py for tasks to queue
[2023-08-05T04:11:25.112+0000] {logging_mixin.py:150} INFO - [2023-08-05T04:11:25.112+0000] {dagbag.py:541} INFO - Filling up the DagBag from /home/airflow/.local/lib/python3.7/site-packages/airflow/example_dags/example_complex.py
[2023-08-05T04:11:25.120+0000] {processor.py:836} INFO - DAG(s) dict_keys(['example_complex']) retrieved from /home/airflow/.local/lib/python3.7/site-packages/airflow/example_dags/example_complex.py
[2023-08-05T04:11:25.143+0000] {logging_mixin.py:150} INFO - [2023-08-05T04:11:25.142+0000] {dag.py:2742} INFO - Sync 1 DAGs
[2023-08-05T04:11:25.157+0000] {logging_mixin.py:150} INFO - [2023-08-05T04:11:25.157+0000] {dag.py:3508} INFO - Setting next_dagrun for example_complex to None, run_after=None
[2023-08-05T04:11:25.167+0000] {processor.py:179} INFO - Processing /home/airflow/.local/lib/python3.7/site-packages/airflow/example_dags/example_complex.py took 0.060 seconds
[2023-08-05T04:11:55.309+0000] {processor.py:157} INFO - Started process (PID=337) to work on /home/airflow/.local/lib/python3.7/site-packages/airflow/example_dags/example_complex.py
[2023-08-05T04:11:55.310+0000] {processor.py:826} INFO - Processing file /home/airflow/.local/lib/python3.7/site-packages/airflow/example_dags/example_complex.py for tasks to queue
[2023-08-05T04:11:55.311+0000] {logging_mixin.py:150} INFO - [2023-08-05T04:11:55.310+0000] {dagbag.py:541} INFO - Filling up the DagBag from /home/airflow/.local/lib/python3.7/site-packages/airflow/example_dags/example_complex.py
[2023-08-05T04:11:55.318+0000] {processor.py:836} INFO - DAG(s) dict_keys(['example_complex']) retrieved from /home/airflow/.local/lib/python3.7/site-packages/airflow/example_dags/example_complex.py
[2023-08-05T04:11:55.340+0000] {logging_mixin.py:150} INFO - [2023-08-05T04:11:55.340+0000] {dag.py:2742} INFO - Sync 1 DAGs
[2023-08-05T04:11:55.354+0000] {logging_mixin.py:150} INFO - [2023-08-05T04:11:55.354+0000] {dag.py:3508} INFO - Setting next_dagrun for example_complex to None, run_after=None
[2023-08-05T04:11:55.363+0000] {processor.py:179} INFO - Processing /home/airflow/.local/lib/python3.7/site-packages/airflow/example_dags/example_complex.py took 0.057 seconds
[2023-08-05T04:12:25.565+0000] {processor.py:157} INFO - Started process (PID=395) to work on /home/airflow/.local/lib/python3.7/site-packages/airflow/example_dags/example_complex.py
[2023-08-05T04:12:25.566+0000] {processor.py:826} INFO - Processing file /home/airflow/.local/lib/python3.7/site-packages/airflow/example_dags/example_complex.py for tasks to queue
[2023-08-05T04:12:25.567+0000] {logging_mixin.py:150} INFO - [2023-08-05T04:12:25.567+0000] {dagbag.py:541} INFO - Filling up the DagBag from /home/airflow/.local/lib/python3.7/site-packages/airflow/example_dags/example_complex.py
[2023-08-05T04:12:25.575+0000] {processor.py:836} INFO - DAG(s) dict_keys(['example_complex']) retrieved from /home/airflow/.local/lib/python3.7/site-packages/airflow/example_dags/example_complex.py
[2023-08-05T04:12:25.600+0000] {logging_mixin.py:150} INFO - [2023-08-05T04:12:25.600+0000] {dag.py:2742} INFO - Sync 1 DAGs
[2023-08-05T04:12:25.615+0000] {logging_mixin.py:150} INFO - [2023-08-05T04:12:25.615+0000] {dag.py:3508} INFO - Setting next_dagrun for example_complex to None, run_after=None
[2023-08-05T04:12:25.626+0000] {processor.py:179} INFO - Processing /home/airflow/.local/lib/python3.7/site-packages/airflow/example_dags/example_complex.py took 0.064 seconds
[2023-08-05T04:12:55.790+0000] {processor.py:157} INFO - Started process (PID=453) to work on /home/airflow/.local/lib/python3.7/site-packages/airflow/example_dags/example_complex.py
[2023-08-05T04:12:55.791+0000] {processor.py:826} INFO - Processing file /home/airflow/.local/lib/python3.7/site-packages/airflow/example_dags/example_complex.py for tasks to queue
[2023-08-05T04:12:55.792+0000] {logging_mixin.py:150} INFO - [2023-08-05T04:12:55.792+0000] {dagbag.py:541} INFO - Filling up the DagBag from /home/airflow/.local/lib/python3.7/site-packages/airflow/example_dags/example_complex.py
[2023-08-05T04:12:55.799+0000] {processor.py:836} INFO - DAG(s) dict_keys(['example_complex']) retrieved from /home/airflow/.local/lib/python3.7/site-packages/airflow/example_dags/example_complex.py
[2023-08-05T04:12:55.821+0000] {logging_mixin.py:150} INFO - [2023-08-05T04:12:55.821+0000] {dag.py:2742} INFO - Sync 1 DAGs
[2023-08-05T04:12:55.834+0000] {logging_mixin.py:150} INFO - [2023-08-05T04:12:55.834+0000] {dag.py:3508} INFO - Setting next_dagrun for example_complex to None, run_after=None
[2023-08-05T04:12:55.844+0000] {processor.py:179} INFO - Processing /home/airflow/.local/lib/python3.7/site-packages/airflow/example_dags/example_complex.py took 0.056 seconds
[2023-08-05T04:13:26.006+0000] {processor.py:157} INFO - Started process (PID=523) to work on /home/airflow/.local/lib/python3.7/site-packages/airflow/example_dags/example_complex.py
[2023-08-05T04:13:26.008+0000] {processor.py:826} INFO - Processing file /home/airflow/.local/lib/python3.7/site-packages/airflow/example_dags/example_complex.py for tasks to queue
[2023-08-05T04:13:26.009+0000] {logging_mixin.py:150} INFO - [2023-08-05T04:13:26.008+0000] {dagbag.py:541} INFO - Filling up the DagBag from /home/airflow/.local/lib/python3.7/site-packages/airflow/example_dags/example_complex.py
[2023-08-05T04:13:26.016+0000] {processor.py:836} INFO - DAG(s) dict_keys(['example_complex']) retrieved from /home/airflow/.local/lib/python3.7/site-packages/airflow/example_dags/example_complex.py
[2023-08-05T04:13:26.038+0000] {logging_mixin.py:150} INFO - [2023-08-05T04:13:26.038+0000] {dag.py:2742} INFO - Sync 1 DAGs
[2023-08-05T04:13:26.052+0000] {logging_mixin.py:150} INFO - [2023-08-05T04:13:26.052+0000] {dag.py:3508} INFO - Setting next_dagrun for example_complex to None, run_after=None
[2023-08-05T04:13:26.061+0000] {processor.py:179} INFO - Processing /home/airflow/.local/lib/python3.7/site-packages/airflow/example_dags/example_complex.py took 0.057 seconds
