[2023-08-05T04:09:24.031+0000] {processor.py:157} INFO - Started process (PID=52) to work on /home/airflow/.local/lib/python3.7/site-packages/airflow/example_dags/example_latest_only_with_trigger.py
[2023-08-05T04:09:24.032+0000] {processor.py:826} INFO - Processing file /home/airflow/.local/lib/python3.7/site-packages/airflow/example_dags/example_latest_only_with_trigger.py for tasks to queue
[2023-08-05T04:09:24.033+0000] {logging_mixin.py:150} INFO - [2023-08-05T04:09:24.033+0000] {dagbag.py:541} INFO - Filling up the DagBag from /home/airflow/.local/lib/python3.7/site-packages/airflow/example_dags/example_latest_only_with_trigger.py
[2023-08-05T04:09:24.041+0000] {processor.py:836} INFO - DAG(s) dict_keys(['latest_only_with_trigger']) retrieved from /home/airflow/.local/lib/python3.7/site-packages/airflow/example_dags/example_latest_only_with_trigger.py
[2023-08-05T04:09:24.053+0000] {logging_mixin.py:150} INFO - [2023-08-05T04:09:24.053+0000] {dag.py:2742} INFO - Sync 1 DAGs
[2023-08-05T04:09:24.069+0000] {logging_mixin.py:150} INFO - [2023-08-05T04:09:24.069+0000] {dag.py:3508} INFO - Setting next_dagrun for latest_only_with_trigger to 2023-08-05T00:09:24.069303+00:00, run_after=2023-08-05T04:09:24.069303+00:00
[2023-08-05T04:09:24.081+0000] {processor.py:179} INFO - Processing /home/airflow/.local/lib/python3.7/site-packages/airflow/example_dags/example_latest_only_with_trigger.py took 0.054 seconds
[2023-08-05T04:09:54.651+0000] {processor.py:157} INFO - Started process (PID=110) to work on /home/airflow/.local/lib/python3.7/site-packages/airflow/example_dags/example_latest_only_with_trigger.py
[2023-08-05T04:09:54.652+0000] {processor.py:826} INFO - Processing file /home/airflow/.local/lib/python3.7/site-packages/airflow/example_dags/example_latest_only_with_trigger.py for tasks to queue
[2023-08-05T04:09:54.653+0000] {logging_mixin.py:150} INFO - [2023-08-05T04:09:54.653+0000] {dagbag.py:541} INFO - Filling up the DagBag from /home/airflow/.local/lib/python3.7/site-packages/airflow/example_dags/example_latest_only_with_trigger.py
[2023-08-05T04:09:54.658+0000] {processor.py:836} INFO - DAG(s) dict_keys(['latest_only_with_trigger']) retrieved from /home/airflow/.local/lib/python3.7/site-packages/airflow/example_dags/example_latest_only_with_trigger.py
[2023-08-05T04:09:54.674+0000] {logging_mixin.py:150} INFO - [2023-08-05T04:09:54.674+0000] {dag.py:2742} INFO - Sync 1 DAGs
[2023-08-05T04:09:54.688+0000] {logging_mixin.py:150} INFO - [2023-08-05T04:09:54.688+0000] {dag.py:3508} INFO - Setting next_dagrun for latest_only_with_trigger to 2023-08-05T00:09:54.688119+00:00, run_after=2023-08-05T04:09:54.688119+00:00
[2023-08-05T04:09:54.698+0000] {processor.py:179} INFO - Processing /home/airflow/.local/lib/python3.7/site-packages/airflow/example_dags/example_latest_only_with_trigger.py took 0.049 seconds
[2023-08-05T04:10:24.871+0000] {processor.py:157} INFO - Started process (PID=168) to work on /home/airflow/.local/lib/python3.7/site-packages/airflow/example_dags/example_latest_only_with_trigger.py
[2023-08-05T04:10:24.872+0000] {processor.py:826} INFO - Processing file /home/airflow/.local/lib/python3.7/site-packages/airflow/example_dags/example_latest_only_with_trigger.py for tasks to queue
[2023-08-05T04:10:24.872+0000] {logging_mixin.py:150} INFO - [2023-08-05T04:10:24.872+0000] {dagbag.py:541} INFO - Filling up the DagBag from /home/airflow/.local/lib/python3.7/site-packages/airflow/example_dags/example_latest_only_with_trigger.py
[2023-08-05T04:10:24.877+0000] {processor.py:836} INFO - DAG(s) dict_keys(['latest_only_with_trigger']) retrieved from /home/airflow/.local/lib/python3.7/site-packages/airflow/example_dags/example_latest_only_with_trigger.py
[2023-08-05T04:10:24.894+0000] {logging_mixin.py:150} INFO - [2023-08-05T04:10:24.894+0000] {dag.py:2742} INFO - Sync 1 DAGs
[2023-08-05T04:10:24.909+0000] {logging_mixin.py:150} INFO - [2023-08-05T04:10:24.908+0000] {dag.py:3508} INFO - Setting next_dagrun for latest_only_with_trigger to 2023-08-05T00:10:24.908701+00:00, run_after=2023-08-05T04:10:24.908701+00:00
[2023-08-05T04:10:24.919+0000] {processor.py:179} INFO - Processing /home/airflow/.local/lib/python3.7/site-packages/airflow/example_dags/example_latest_only_with_trigger.py took 0.051 seconds
[2023-08-05T04:10:55.075+0000] {processor.py:157} INFO - Started process (PID=226) to work on /home/airflow/.local/lib/python3.7/site-packages/airflow/example_dags/example_latest_only_with_trigger.py
[2023-08-05T04:10:55.076+0000] {processor.py:826} INFO - Processing file /home/airflow/.local/lib/python3.7/site-packages/airflow/example_dags/example_latest_only_with_trigger.py for tasks to queue
[2023-08-05T04:10:55.077+0000] {logging_mixin.py:150} INFO - [2023-08-05T04:10:55.076+0000] {dagbag.py:541} INFO - Filling up the DagBag from /home/airflow/.local/lib/python3.7/site-packages/airflow/example_dags/example_latest_only_with_trigger.py
[2023-08-05T04:10:55.081+0000] {processor.py:836} INFO - DAG(s) dict_keys(['latest_only_with_trigger']) retrieved from /home/airflow/.local/lib/python3.7/site-packages/airflow/example_dags/example_latest_only_with_trigger.py
[2023-08-05T04:10:55.098+0000] {logging_mixin.py:150} INFO - [2023-08-05T04:10:55.098+0000] {dag.py:2742} INFO - Sync 1 DAGs
[2023-08-05T04:10:55.113+0000] {logging_mixin.py:150} INFO - [2023-08-05T04:10:55.113+0000] {dag.py:3508} INFO - Setting next_dagrun for latest_only_with_trigger to 2023-08-05T00:10:55.112935+00:00, run_after=2023-08-05T04:10:55.112935+00:00
[2023-08-05T04:10:55.122+0000] {processor.py:179} INFO - Processing /home/airflow/.local/lib/python3.7/site-packages/airflow/example_dags/example_latest_only_with_trigger.py took 0.050 seconds
[2023-08-05T04:11:25.292+0000] {processor.py:157} INFO - Started process (PID=284) to work on /home/airflow/.local/lib/python3.7/site-packages/airflow/example_dags/example_latest_only_with_trigger.py
[2023-08-05T04:11:25.293+0000] {processor.py:826} INFO - Processing file /home/airflow/.local/lib/python3.7/site-packages/airflow/example_dags/example_latest_only_with_trigger.py for tasks to queue
[2023-08-05T04:11:25.294+0000] {logging_mixin.py:150} INFO - [2023-08-05T04:11:25.294+0000] {dagbag.py:541} INFO - Filling up the DagBag from /home/airflow/.local/lib/python3.7/site-packages/airflow/example_dags/example_latest_only_with_trigger.py
[2023-08-05T04:11:25.298+0000] {processor.py:836} INFO - DAG(s) dict_keys(['latest_only_with_trigger']) retrieved from /home/airflow/.local/lib/python3.7/site-packages/airflow/example_dags/example_latest_only_with_trigger.py
[2023-08-05T04:11:25.315+0000] {logging_mixin.py:150} INFO - [2023-08-05T04:11:25.315+0000] {dag.py:2742} INFO - Sync 1 DAGs
[2023-08-05T04:11:25.330+0000] {logging_mixin.py:150} INFO - [2023-08-05T04:11:25.330+0000] {dag.py:3508} INFO - Setting next_dagrun for latest_only_with_trigger to 2023-08-05T00:11:25.330289+00:00, run_after=2023-08-05T04:11:25.330289+00:00
[2023-08-05T04:11:25.341+0000] {processor.py:179} INFO - Processing /home/airflow/.local/lib/python3.7/site-packages/airflow/example_dags/example_latest_only_with_trigger.py took 0.051 seconds
[2023-08-05T04:11:55.490+0000] {processor.py:157} INFO - Started process (PID=342) to work on /home/airflow/.local/lib/python3.7/site-packages/airflow/example_dags/example_latest_only_with_trigger.py
[2023-08-05T04:11:55.491+0000] {processor.py:826} INFO - Processing file /home/airflow/.local/lib/python3.7/site-packages/airflow/example_dags/example_latest_only_with_trigger.py for tasks to queue
[2023-08-05T04:11:55.491+0000] {logging_mixin.py:150} INFO - [2023-08-05T04:11:55.491+0000] {dagbag.py:541} INFO - Filling up the DagBag from /home/airflow/.local/lib/python3.7/site-packages/airflow/example_dags/example_latest_only_with_trigger.py
[2023-08-05T04:11:55.496+0000] {processor.py:836} INFO - DAG(s) dict_keys(['latest_only_with_trigger']) retrieved from /home/airflow/.local/lib/python3.7/site-packages/airflow/example_dags/example_latest_only_with_trigger.py
[2023-08-05T04:11:55.512+0000] {logging_mixin.py:150} INFO - [2023-08-05T04:11:55.512+0000] {dag.py:2742} INFO - Sync 1 DAGs
[2023-08-05T04:11:55.526+0000] {logging_mixin.py:150} INFO - [2023-08-05T04:11:55.526+0000] {dag.py:3508} INFO - Setting next_dagrun for latest_only_with_trigger to 2023-08-05T00:11:55.526255+00:00, run_after=2023-08-05T04:11:55.526255+00:00
[2023-08-05T04:11:55.536+0000] {processor.py:179} INFO - Processing /home/airflow/.local/lib/python3.7/site-packages/airflow/example_dags/example_latest_only_with_trigger.py took 0.048 seconds
[2023-08-05T04:12:25.752+0000] {processor.py:157} INFO - Started process (PID=400) to work on /home/airflow/.local/lib/python3.7/site-packages/airflow/example_dags/example_latest_only_with_trigger.py
[2023-08-05T04:12:25.754+0000] {processor.py:826} INFO - Processing file /home/airflow/.local/lib/python3.7/site-packages/airflow/example_dags/example_latest_only_with_trigger.py for tasks to queue
[2023-08-05T04:12:25.754+0000] {logging_mixin.py:150} INFO - [2023-08-05T04:12:25.754+0000] {dagbag.py:541} INFO - Filling up the DagBag from /home/airflow/.local/lib/python3.7/site-packages/airflow/example_dags/example_latest_only_with_trigger.py
[2023-08-05T04:12:25.759+0000] {processor.py:836} INFO - DAG(s) dict_keys(['latest_only_with_trigger']) retrieved from /home/airflow/.local/lib/python3.7/site-packages/airflow/example_dags/example_latest_only_with_trigger.py
[2023-08-05T04:12:25.776+0000] {logging_mixin.py:150} INFO - [2023-08-05T04:12:25.776+0000] {dag.py:2742} INFO - Sync 1 DAGs
[2023-08-05T04:12:25.790+0000] {logging_mixin.py:150} INFO - [2023-08-05T04:12:25.789+0000] {dag.py:3508} INFO - Setting next_dagrun for latest_only_with_trigger to 2023-08-05T00:12:25.789804+00:00, run_after=2023-08-05T04:12:25.789804+00:00
[2023-08-05T04:12:25.799+0000] {processor.py:179} INFO - Processing /home/airflow/.local/lib/python3.7/site-packages/airflow/example_dags/example_latest_only_with_trigger.py took 0.049 seconds
[2023-08-05T04:12:55.976+0000] {processor.py:157} INFO - Started process (PID=458) to work on /home/airflow/.local/lib/python3.7/site-packages/airflow/example_dags/example_latest_only_with_trigger.py
[2023-08-05T04:12:55.977+0000] {processor.py:826} INFO - Processing file /home/airflow/.local/lib/python3.7/site-packages/airflow/example_dags/example_latest_only_with_trigger.py for tasks to queue
[2023-08-05T04:12:55.978+0000] {logging_mixin.py:150} INFO - [2023-08-05T04:12:55.978+0000] {dagbag.py:541} INFO - Filling up the DagBag from /home/airflow/.local/lib/python3.7/site-packages/airflow/example_dags/example_latest_only_with_trigger.py
[2023-08-05T04:12:55.982+0000] {processor.py:836} INFO - DAG(s) dict_keys(['latest_only_with_trigger']) retrieved from /home/airflow/.local/lib/python3.7/site-packages/airflow/example_dags/example_latest_only_with_trigger.py
[2023-08-05T04:12:55.999+0000] {logging_mixin.py:150} INFO - [2023-08-05T04:12:55.999+0000] {dag.py:2742} INFO - Sync 1 DAGs
[2023-08-05T04:12:56.014+0000] {logging_mixin.py:150} INFO - [2023-08-05T04:12:56.014+0000] {dag.py:3508} INFO - Setting next_dagrun for latest_only_with_trigger to 2023-08-05T00:12:56.013820+00:00, run_after=2023-08-05T04:12:56.013820+00:00
[2023-08-05T04:12:56.023+0000] {processor.py:179} INFO - Processing /home/airflow/.local/lib/python3.7/site-packages/airflow/example_dags/example_latest_only_with_trigger.py took 0.050 seconds
[2023-08-05T04:13:26.180+0000] {processor.py:157} INFO - Started process (PID=528) to work on /home/airflow/.local/lib/python3.7/site-packages/airflow/example_dags/example_latest_only_with_trigger.py
[2023-08-05T04:13:26.181+0000] {processor.py:826} INFO - Processing file /home/airflow/.local/lib/python3.7/site-packages/airflow/example_dags/example_latest_only_with_trigger.py for tasks to queue
[2023-08-05T04:13:26.182+0000] {logging_mixin.py:150} INFO - [2023-08-05T04:13:26.182+0000] {dagbag.py:541} INFO - Filling up the DagBag from /home/airflow/.local/lib/python3.7/site-packages/airflow/example_dags/example_latest_only_with_trigger.py
[2023-08-05T04:13:26.187+0000] {processor.py:836} INFO - DAG(s) dict_keys(['latest_only_with_trigger']) retrieved from /home/airflow/.local/lib/python3.7/site-packages/airflow/example_dags/example_latest_only_with_trigger.py
[2023-08-05T04:13:26.204+0000] {logging_mixin.py:150} INFO - [2023-08-05T04:13:26.204+0000] {dag.py:2742} INFO - Sync 1 DAGs
[2023-08-05T04:13:26.217+0000] {logging_mixin.py:150} INFO - [2023-08-05T04:13:26.217+0000] {dag.py:3508} INFO - Setting next_dagrun for latest_only_with_trigger to 2023-08-05T00:13:26.217488+00:00, run_after=2023-08-05T04:13:26.217488+00:00
[2023-08-05T04:13:26.227+0000] {processor.py:179} INFO - Processing /home/airflow/.local/lib/python3.7/site-packages/airflow/example_dags/example_latest_only_with_trigger.py took 0.050 seconds
