[2023-08-05T04:09:23.278+0000] {processor.py:157} INFO - Started process (PID=34) to work on /home/airflow/.local/lib/python3.7/site-packages/airflow/example_dags/example_datasets.py
[2023-08-05T04:09:23.279+0000] {processor.py:826} INFO - Processing file /home/airflow/.local/lib/python3.7/site-packages/airflow/example_dags/example_datasets.py for tasks to queue
[2023-08-05T04:09:23.280+0000] {logging_mixin.py:150} INFO - [2023-08-05T04:09:23.280+0000] {dagbag.py:541} INFO - Filling up the DagBag from /home/airflow/.local/lib/python3.7/site-packages/airflow/example_dags/example_datasets.py
[2023-08-05T04:09:23.288+0000] {processor.py:836} INFO - DAG(s) dict_keys(['dataset_consumes_1', 'dataset_produces_1', 'dataset_consumes_1_and_2', 'dataset_produces_2', 'dataset_consumes_unknown_never_scheduled', 'dataset_consumes_1_never_scheduled']) retrieved from /home/airflow/.local/lib/python3.7/site-packages/airflow/example_dags/example_datasets.py
[2023-08-05T04:09:23.300+0000] {logging_mixin.py:150} INFO - [2023-08-05T04:09:23.300+0000] {dag.py:2742} INFO - Sync 6 DAGs
[2023-08-05T04:09:23.316+0000] {logging_mixin.py:150} INFO - [2023-08-05T04:09:23.316+0000] {dag.py:3508} INFO - Setting next_dagrun for dataset_consumes_1 to None, run_after=None
[2023-08-05T04:09:23.318+0000] {logging_mixin.py:150} INFO - [2023-08-05T04:09:23.318+0000] {dag.py:3508} INFO - Setting next_dagrun for dataset_consumes_1_and_2 to None, run_after=None
[2023-08-05T04:09:23.319+0000] {logging_mixin.py:150} INFO - [2023-08-05T04:09:23.319+0000] {dag.py:3508} INFO - Setting next_dagrun for dataset_consumes_1_never_scheduled to None, run_after=None
[2023-08-05T04:09:23.320+0000] {logging_mixin.py:150} INFO - [2023-08-05T04:09:23.320+0000] {dag.py:3508} INFO - Setting next_dagrun for dataset_consumes_unknown_never_scheduled to None, run_after=None
[2023-08-05T04:09:23.322+0000] {logging_mixin.py:150} INFO - [2023-08-05T04:09:23.322+0000] {dag.py:3508} INFO - Setting next_dagrun for dataset_produces_1 to 2023-08-04T00:00:00+00:00, run_after=2023-08-05T00:00:00+00:00
[2023-08-05T04:09:23.324+0000] {logging_mixin.py:150} INFO - [2023-08-05T04:09:23.324+0000] {dag.py:3508} INFO - Setting next_dagrun for dataset_produces_2 to None, run_after=None
[2023-08-05T04:09:23.343+0000] {processor.py:179} INFO - Processing /home/airflow/.local/lib/python3.7/site-packages/airflow/example_dags/example_datasets.py took 0.067 seconds
[2023-08-05T04:09:53.968+0000] {processor.py:157} INFO - Started process (PID=92) to work on /home/airflow/.local/lib/python3.7/site-packages/airflow/example_dags/example_datasets.py
[2023-08-05T04:09:53.969+0000] {processor.py:826} INFO - Processing file /home/airflow/.local/lib/python3.7/site-packages/airflow/example_dags/example_datasets.py for tasks to queue
[2023-08-05T04:09:53.970+0000] {logging_mixin.py:150} INFO - [2023-08-05T04:09:53.970+0000] {dagbag.py:541} INFO - Filling up the DagBag from /home/airflow/.local/lib/python3.7/site-packages/airflow/example_dags/example_datasets.py
[2023-08-05T04:09:53.977+0000] {processor.py:836} INFO - DAG(s) dict_keys(['dataset_produces_2', 'dataset_consumes_unknown_never_scheduled', 'dataset_consumes_1_and_2', 'dataset_consumes_1', 'dataset_consumes_1_never_scheduled', 'dataset_produces_1']) retrieved from /home/airflow/.local/lib/python3.7/site-packages/airflow/example_dags/example_datasets.py
[2023-08-05T04:09:54.001+0000] {logging_mixin.py:150} INFO - [2023-08-05T04:09:54.001+0000] {dag.py:2742} INFO - Sync 6 DAGs
[2023-08-05T04:09:54.016+0000] {logging_mixin.py:150} INFO - [2023-08-05T04:09:54.015+0000] {dag.py:3508} INFO - Setting next_dagrun for dataset_consumes_1 to None, run_after=None
[2023-08-05T04:09:54.018+0000] {logging_mixin.py:150} INFO - [2023-08-05T04:09:54.018+0000] {dag.py:3508} INFO - Setting next_dagrun for dataset_consumes_1_and_2 to None, run_after=None
[2023-08-05T04:09:54.019+0000] {logging_mixin.py:150} INFO - [2023-08-05T04:09:54.019+0000] {dag.py:3508} INFO - Setting next_dagrun for dataset_consumes_1_never_scheduled to None, run_after=None
[2023-08-05T04:09:54.020+0000] {logging_mixin.py:150} INFO - [2023-08-05T04:09:54.020+0000] {dag.py:3508} INFO - Setting next_dagrun for dataset_consumes_unknown_never_scheduled to None, run_after=None
[2023-08-05T04:09:54.022+0000] {logging_mixin.py:150} INFO - [2023-08-05T04:09:54.022+0000] {dag.py:3508} INFO - Setting next_dagrun for dataset_produces_1 to 2023-08-04T00:00:00+00:00, run_after=2023-08-05T00:00:00+00:00
[2023-08-05T04:09:54.023+0000] {logging_mixin.py:150} INFO - [2023-08-05T04:09:54.023+0000] {dag.py:3508} INFO - Setting next_dagrun for dataset_produces_2 to None, run_after=None
[2023-08-05T04:09:54.039+0000] {processor.py:179} INFO - Processing /home/airflow/.local/lib/python3.7/site-packages/airflow/example_dags/example_datasets.py took 0.073 seconds
[2023-08-05T04:10:24.108+0000] {processor.py:157} INFO - Started process (PID=150) to work on /home/airflow/.local/lib/python3.7/site-packages/airflow/example_dags/example_datasets.py
[2023-08-05T04:10:24.110+0000] {processor.py:826} INFO - Processing file /home/airflow/.local/lib/python3.7/site-packages/airflow/example_dags/example_datasets.py for tasks to queue
[2023-08-05T04:10:24.111+0000] {logging_mixin.py:150} INFO - [2023-08-05T04:10:24.111+0000] {dagbag.py:541} INFO - Filling up the DagBag from /home/airflow/.local/lib/python3.7/site-packages/airflow/example_dags/example_datasets.py
[2023-08-05T04:10:24.125+0000] {processor.py:836} INFO - DAG(s) dict_keys(['dataset_consumes_1', 'dataset_produces_2', 'dataset_consumes_1_and_2', 'dataset_consumes_1_never_scheduled', 'dataset_consumes_unknown_never_scheduled', 'dataset_produces_1']) retrieved from /home/airflow/.local/lib/python3.7/site-packages/airflow/example_dags/example_datasets.py
[2023-08-05T04:10:24.156+0000] {logging_mixin.py:150} INFO - [2023-08-05T04:10:24.155+0000] {dag.py:2742} INFO - Sync 6 DAGs
[2023-08-05T04:10:24.171+0000] {logging_mixin.py:150} INFO - [2023-08-05T04:10:24.171+0000] {dag.py:3508} INFO - Setting next_dagrun for dataset_consumes_1 to None, run_after=None
[2023-08-05T04:10:24.174+0000] {logging_mixin.py:150} INFO - [2023-08-05T04:10:24.174+0000] {dag.py:3508} INFO - Setting next_dagrun for dataset_consumes_1_and_2 to None, run_after=None
[2023-08-05T04:10:24.175+0000] {logging_mixin.py:150} INFO - [2023-08-05T04:10:24.175+0000] {dag.py:3508} INFO - Setting next_dagrun for dataset_consumes_1_never_scheduled to None, run_after=None
[2023-08-05T04:10:24.176+0000] {logging_mixin.py:150} INFO - [2023-08-05T04:10:24.176+0000] {dag.py:3508} INFO - Setting next_dagrun for dataset_consumes_unknown_never_scheduled to None, run_after=None
[2023-08-05T04:10:24.178+0000] {logging_mixin.py:150} INFO - [2023-08-05T04:10:24.178+0000] {dag.py:3508} INFO - Setting next_dagrun for dataset_produces_1 to 2023-08-04T00:00:00+00:00, run_after=2023-08-05T00:00:00+00:00
[2023-08-05T04:10:24.179+0000] {logging_mixin.py:150} INFO - [2023-08-05T04:10:24.179+0000] {dag.py:3508} INFO - Setting next_dagrun for dataset_produces_2 to None, run_after=None
[2023-08-05T04:10:24.198+0000] {processor.py:179} INFO - Processing /home/airflow/.local/lib/python3.7/site-packages/airflow/example_dags/example_datasets.py took 0.092 seconds
[2023-08-05T04:10:54.393+0000] {processor.py:157} INFO - Started process (PID=208) to work on /home/airflow/.local/lib/python3.7/site-packages/airflow/example_dags/example_datasets.py
[2023-08-05T04:10:54.394+0000] {processor.py:826} INFO - Processing file /home/airflow/.local/lib/python3.7/site-packages/airflow/example_dags/example_datasets.py for tasks to queue
[2023-08-05T04:10:54.395+0000] {logging_mixin.py:150} INFO - [2023-08-05T04:10:54.394+0000] {dagbag.py:541} INFO - Filling up the DagBag from /home/airflow/.local/lib/python3.7/site-packages/airflow/example_dags/example_datasets.py
[2023-08-05T04:10:54.401+0000] {processor.py:836} INFO - DAG(s) dict_keys(['dataset_consumes_1_never_scheduled', 'dataset_produces_1', 'dataset_consumes_unknown_never_scheduled', 'dataset_consumes_1_and_2', 'dataset_produces_2', 'dataset_consumes_1']) retrieved from /home/airflow/.local/lib/python3.7/site-packages/airflow/example_dags/example_datasets.py
[2023-08-05T04:10:54.424+0000] {logging_mixin.py:150} INFO - [2023-08-05T04:10:54.424+0000] {dag.py:2742} INFO - Sync 6 DAGs
[2023-08-05T04:10:54.438+0000] {logging_mixin.py:150} INFO - [2023-08-05T04:10:54.438+0000] {dag.py:3508} INFO - Setting next_dagrun for dataset_consumes_1 to None, run_after=None
[2023-08-05T04:10:54.440+0000] {logging_mixin.py:150} INFO - [2023-08-05T04:10:54.440+0000] {dag.py:3508} INFO - Setting next_dagrun for dataset_consumes_1_and_2 to None, run_after=None
[2023-08-05T04:10:54.441+0000] {logging_mixin.py:150} INFO - [2023-08-05T04:10:54.441+0000] {dag.py:3508} INFO - Setting next_dagrun for dataset_consumes_1_never_scheduled to None, run_after=None
[2023-08-05T04:10:54.442+0000] {logging_mixin.py:150} INFO - [2023-08-05T04:10:54.442+0000] {dag.py:3508} INFO - Setting next_dagrun for dataset_consumes_unknown_never_scheduled to None, run_after=None
[2023-08-05T04:10:54.443+0000] {logging_mixin.py:150} INFO - [2023-08-05T04:10:54.443+0000] {dag.py:3508} INFO - Setting next_dagrun for dataset_produces_1 to 2023-08-04T00:00:00+00:00, run_after=2023-08-05T00:00:00+00:00
[2023-08-05T04:10:54.444+0000] {logging_mixin.py:150} INFO - [2023-08-05T04:10:54.444+0000] {dag.py:3508} INFO - Setting next_dagrun for dataset_produces_2 to None, run_after=None
[2023-08-05T04:10:54.460+0000] {processor.py:179} INFO - Processing /home/airflow/.local/lib/python3.7/site-packages/airflow/example_dags/example_datasets.py took 0.070 seconds
[2023-08-05T04:11:24.549+0000] {processor.py:157} INFO - Started process (PID=266) to work on /home/airflow/.local/lib/python3.7/site-packages/airflow/example_dags/example_datasets.py
[2023-08-05T04:11:24.550+0000] {processor.py:826} INFO - Processing file /home/airflow/.local/lib/python3.7/site-packages/airflow/example_dags/example_datasets.py for tasks to queue
[2023-08-05T04:11:24.550+0000] {logging_mixin.py:150} INFO - [2023-08-05T04:11:24.550+0000] {dagbag.py:541} INFO - Filling up the DagBag from /home/airflow/.local/lib/python3.7/site-packages/airflow/example_dags/example_datasets.py
[2023-08-05T04:11:24.557+0000] {processor.py:836} INFO - DAG(s) dict_keys(['dataset_consumes_1', 'dataset_consumes_unknown_never_scheduled', 'dataset_produces_2', 'dataset_consumes_1_never_scheduled', 'dataset_produces_1', 'dataset_consumes_1_and_2']) retrieved from /home/airflow/.local/lib/python3.7/site-packages/airflow/example_dags/example_datasets.py
[2023-08-05T04:11:24.580+0000] {logging_mixin.py:150} INFO - [2023-08-05T04:11:24.580+0000] {dag.py:2742} INFO - Sync 6 DAGs
[2023-08-05T04:11:24.594+0000] {logging_mixin.py:150} INFO - [2023-08-05T04:11:24.594+0000] {dag.py:3508} INFO - Setting next_dagrun for dataset_consumes_1 to None, run_after=None
[2023-08-05T04:11:24.597+0000] {logging_mixin.py:150} INFO - [2023-08-05T04:11:24.597+0000] {dag.py:3508} INFO - Setting next_dagrun for dataset_consumes_1_and_2 to None, run_after=None
[2023-08-05T04:11:24.598+0000] {logging_mixin.py:150} INFO - [2023-08-05T04:11:24.598+0000] {dag.py:3508} INFO - Setting next_dagrun for dataset_consumes_1_never_scheduled to None, run_after=None
[2023-08-05T04:11:24.599+0000] {logging_mixin.py:150} INFO - [2023-08-05T04:11:24.599+0000] {dag.py:3508} INFO - Setting next_dagrun for dataset_consumes_unknown_never_scheduled to None, run_after=None
[2023-08-05T04:11:24.600+0000] {logging_mixin.py:150} INFO - [2023-08-05T04:11:24.600+0000] {dag.py:3508} INFO - Setting next_dagrun for dataset_produces_1 to 2023-08-04T00:00:00+00:00, run_after=2023-08-05T00:00:00+00:00
[2023-08-05T04:11:24.601+0000] {logging_mixin.py:150} INFO - [2023-08-05T04:11:24.601+0000] {dag.py:3508} INFO - Setting next_dagrun for dataset_produces_2 to None, run_after=None
[2023-08-05T04:11:24.617+0000] {processor.py:179} INFO - Processing /home/airflow/.local/lib/python3.7/site-packages/airflow/example_dags/example_datasets.py took 0.071 seconds
[2023-08-05T04:11:54.858+0000] {processor.py:157} INFO - Started process (PID=324) to work on /home/airflow/.local/lib/python3.7/site-packages/airflow/example_dags/example_datasets.py
[2023-08-05T04:11:54.859+0000] {processor.py:826} INFO - Processing file /home/airflow/.local/lib/python3.7/site-packages/airflow/example_dags/example_datasets.py for tasks to queue
[2023-08-05T04:11:54.860+0000] {logging_mixin.py:150} INFO - [2023-08-05T04:11:54.860+0000] {dagbag.py:541} INFO - Filling up the DagBag from /home/airflow/.local/lib/python3.7/site-packages/airflow/example_dags/example_datasets.py
[2023-08-05T04:11:54.866+0000] {processor.py:836} INFO - DAG(s) dict_keys(['dataset_produces_2', 'dataset_produces_1', 'dataset_consumes_1_never_scheduled', 'dataset_consumes_1', 'dataset_consumes_1_and_2', 'dataset_consumes_unknown_never_scheduled']) retrieved from /home/airflow/.local/lib/python3.7/site-packages/airflow/example_dags/example_datasets.py
[2023-08-05T04:11:54.891+0000] {logging_mixin.py:150} INFO - [2023-08-05T04:11:54.891+0000] {dag.py:2742} INFO - Sync 6 DAGs
[2023-08-05T04:11:54.904+0000] {logging_mixin.py:150} INFO - [2023-08-05T04:11:54.904+0000] {dag.py:3508} INFO - Setting next_dagrun for dataset_consumes_1 to None, run_after=None
[2023-08-05T04:11:54.906+0000] {logging_mixin.py:150} INFO - [2023-08-05T04:11:54.906+0000] {dag.py:3508} INFO - Setting next_dagrun for dataset_consumes_1_and_2 to None, run_after=None
[2023-08-05T04:11:54.907+0000] {logging_mixin.py:150} INFO - [2023-08-05T04:11:54.907+0000] {dag.py:3508} INFO - Setting next_dagrun for dataset_consumes_1_never_scheduled to None, run_after=None
[2023-08-05T04:11:54.908+0000] {logging_mixin.py:150} INFO - [2023-08-05T04:11:54.908+0000] {dag.py:3508} INFO - Setting next_dagrun for dataset_consumes_unknown_never_scheduled to None, run_after=None
[2023-08-05T04:11:54.910+0000] {logging_mixin.py:150} INFO - [2023-08-05T04:11:54.910+0000] {dag.py:3508} INFO - Setting next_dagrun for dataset_produces_1 to 2023-08-04T00:00:00+00:00, run_after=2023-08-05T00:00:00+00:00
[2023-08-05T04:11:54.911+0000] {logging_mixin.py:150} INFO - [2023-08-05T04:11:54.911+0000] {dag.py:3508} INFO - Setting next_dagrun for dataset_produces_2 to None, run_after=None
[2023-08-05T04:11:54.927+0000] {processor.py:179} INFO - Processing /home/airflow/.local/lib/python3.7/site-packages/airflow/example_dags/example_datasets.py took 0.072 seconds
[2023-08-05T04:12:24.951+0000] {processor.py:157} INFO - Started process (PID=382) to work on /home/airflow/.local/lib/python3.7/site-packages/airflow/example_dags/example_datasets.py
[2023-08-05T04:12:24.952+0000] {processor.py:826} INFO - Processing file /home/airflow/.local/lib/python3.7/site-packages/airflow/example_dags/example_datasets.py for tasks to queue
[2023-08-05T04:12:24.953+0000] {logging_mixin.py:150} INFO - [2023-08-05T04:12:24.953+0000] {dagbag.py:541} INFO - Filling up the DagBag from /home/airflow/.local/lib/python3.7/site-packages/airflow/example_dags/example_datasets.py
[2023-08-05T04:12:24.959+0000] {processor.py:836} INFO - DAG(s) dict_keys(['dataset_consumes_unknown_never_scheduled', 'dataset_produces_1', 'dataset_produces_2', 'dataset_consumes_1', 'dataset_consumes_1_and_2', 'dataset_consumes_1_never_scheduled']) retrieved from /home/airflow/.local/lib/python3.7/site-packages/airflow/example_dags/example_datasets.py
[2023-08-05T04:12:24.982+0000] {logging_mixin.py:150} INFO - [2023-08-05T04:12:24.982+0000] {dag.py:2742} INFO - Sync 6 DAGs
[2023-08-05T04:12:24.997+0000] {logging_mixin.py:150} INFO - [2023-08-05T04:12:24.997+0000] {dag.py:3508} INFO - Setting next_dagrun for dataset_consumes_1 to None, run_after=None
[2023-08-05T04:12:24.999+0000] {logging_mixin.py:150} INFO - [2023-08-05T04:12:24.999+0000] {dag.py:3508} INFO - Setting next_dagrun for dataset_consumes_1_and_2 to None, run_after=None
[2023-08-05T04:12:25.000+0000] {logging_mixin.py:150} INFO - [2023-08-05T04:12:25.000+0000] {dag.py:3508} INFO - Setting next_dagrun for dataset_consumes_1_never_scheduled to None, run_after=None
[2023-08-05T04:12:25.001+0000] {logging_mixin.py:150} INFO - [2023-08-05T04:12:25.001+0000] {dag.py:3508} INFO - Setting next_dagrun for dataset_consumes_unknown_never_scheduled to None, run_after=None
[2023-08-05T04:12:25.003+0000] {logging_mixin.py:150} INFO - [2023-08-05T04:12:25.003+0000] {dag.py:3508} INFO - Setting next_dagrun for dataset_produces_1 to 2023-08-04T00:00:00+00:00, run_after=2023-08-05T00:00:00+00:00
[2023-08-05T04:12:25.005+0000] {logging_mixin.py:150} INFO - [2023-08-05T04:12:25.004+0000] {dag.py:3508} INFO - Setting next_dagrun for dataset_produces_2 to None, run_after=None
[2023-08-05T04:12:25.021+0000] {processor.py:179} INFO - Processing /home/airflow/.local/lib/python3.7/site-packages/airflow/example_dags/example_datasets.py took 0.072 seconds
[2023-08-05T04:12:55.254+0000] {processor.py:157} INFO - Started process (PID=440) to work on /home/airflow/.local/lib/python3.7/site-packages/airflow/example_dags/example_datasets.py
[2023-08-05T04:12:55.255+0000] {processor.py:826} INFO - Processing file /home/airflow/.local/lib/python3.7/site-packages/airflow/example_dags/example_datasets.py for tasks to queue
[2023-08-05T04:12:55.256+0000] {logging_mixin.py:150} INFO - [2023-08-05T04:12:55.256+0000] {dagbag.py:541} INFO - Filling up the DagBag from /home/airflow/.local/lib/python3.7/site-packages/airflow/example_dags/example_datasets.py
[2023-08-05T04:12:55.262+0000] {processor.py:836} INFO - DAG(s) dict_keys(['dataset_produces_1', 'dataset_produces_2', 'dataset_consumes_1_and_2', 'dataset_consumes_unknown_never_scheduled', 'dataset_consumes_1', 'dataset_consumes_1_never_scheduled']) retrieved from /home/airflow/.local/lib/python3.7/site-packages/airflow/example_dags/example_datasets.py
[2023-08-05T04:12:55.284+0000] {logging_mixin.py:150} INFO - [2023-08-05T04:12:55.284+0000] {dag.py:2742} INFO - Sync 6 DAGs
[2023-08-05T04:12:55.298+0000] {logging_mixin.py:150} INFO - [2023-08-05T04:12:55.297+0000] {dag.py:3508} INFO - Setting next_dagrun for dataset_consumes_1 to None, run_after=None
[2023-08-05T04:12:55.300+0000] {logging_mixin.py:150} INFO - [2023-08-05T04:12:55.299+0000] {dag.py:3508} INFO - Setting next_dagrun for dataset_consumes_1_and_2 to None, run_after=None
[2023-08-05T04:12:55.300+0000] {logging_mixin.py:150} INFO - [2023-08-05T04:12:55.300+0000] {dag.py:3508} INFO - Setting next_dagrun for dataset_consumes_1_never_scheduled to None, run_after=None
[2023-08-05T04:12:55.301+0000] {logging_mixin.py:150} INFO - [2023-08-05T04:12:55.301+0000] {dag.py:3508} INFO - Setting next_dagrun for dataset_consumes_unknown_never_scheduled to None, run_after=None
[2023-08-05T04:12:55.303+0000] {logging_mixin.py:150} INFO - [2023-08-05T04:12:55.303+0000] {dag.py:3508} INFO - Setting next_dagrun for dataset_produces_1 to 2023-08-04T00:00:00+00:00, run_after=2023-08-05T00:00:00+00:00
[2023-08-05T04:12:55.304+0000] {logging_mixin.py:150} INFO - [2023-08-05T04:12:55.304+0000] {dag.py:3508} INFO - Setting next_dagrun for dataset_produces_2 to None, run_after=None
[2023-08-05T04:12:55.320+0000] {processor.py:179} INFO - Processing /home/airflow/.local/lib/python3.7/site-packages/airflow/example_dags/example_datasets.py took 0.068 seconds
[2023-08-05T04:13:25.469+0000] {processor.py:157} INFO - Started process (PID=510) to work on /home/airflow/.local/lib/python3.7/site-packages/airflow/example_dags/example_datasets.py
[2023-08-05T04:13:25.470+0000] {processor.py:826} INFO - Processing file /home/airflow/.local/lib/python3.7/site-packages/airflow/example_dags/example_datasets.py for tasks to queue
[2023-08-05T04:13:25.471+0000] {logging_mixin.py:150} INFO - [2023-08-05T04:13:25.471+0000] {dagbag.py:541} INFO - Filling up the DagBag from /home/airflow/.local/lib/python3.7/site-packages/airflow/example_dags/example_datasets.py
[2023-08-05T04:13:25.478+0000] {processor.py:836} INFO - DAG(s) dict_keys(['dataset_consumes_1_and_2', 'dataset_produces_2', 'dataset_produces_1', 'dataset_consumes_unknown_never_scheduled', 'dataset_consumes_1', 'dataset_consumes_1_never_scheduled']) retrieved from /home/airflow/.local/lib/python3.7/site-packages/airflow/example_dags/example_datasets.py
[2023-08-05T04:13:25.503+0000] {logging_mixin.py:150} INFO - [2023-08-05T04:13:25.503+0000] {dag.py:2742} INFO - Sync 6 DAGs
[2023-08-05T04:13:25.520+0000] {logging_mixin.py:150} INFO - [2023-08-05T04:13:25.520+0000] {dag.py:3508} INFO - Setting next_dagrun for dataset_consumes_1 to None, run_after=None
[2023-08-05T04:13:25.523+0000] {logging_mixin.py:150} INFO - [2023-08-05T04:13:25.522+0000] {dag.py:3508} INFO - Setting next_dagrun for dataset_consumes_1_and_2 to None, run_after=None
[2023-08-05T04:13:25.524+0000] {logging_mixin.py:150} INFO - [2023-08-05T04:13:25.524+0000] {dag.py:3508} INFO - Setting next_dagrun for dataset_consumes_1_never_scheduled to None, run_after=None
[2023-08-05T04:13:25.525+0000] {logging_mixin.py:150} INFO - [2023-08-05T04:13:25.525+0000] {dag.py:3508} INFO - Setting next_dagrun for dataset_consumes_unknown_never_scheduled to None, run_after=None
[2023-08-05T04:13:25.527+0000] {logging_mixin.py:150} INFO - [2023-08-05T04:13:25.527+0000] {dag.py:3508} INFO - Setting next_dagrun for dataset_produces_1 to 2023-08-04T00:00:00+00:00, run_after=2023-08-05T00:00:00+00:00
[2023-08-05T04:13:25.528+0000] {logging_mixin.py:150} INFO - [2023-08-05T04:13:25.527+0000] {dag.py:3508} INFO - Setting next_dagrun for dataset_produces_2 to None, run_after=None
[2023-08-05T04:13:25.544+0000] {processor.py:179} INFO - Processing /home/airflow/.local/lib/python3.7/site-packages/airflow/example_dags/example_datasets.py took 0.078 seconds
[2023-08-05T04:13:56.015+0000] {processor.py:157} INFO - Started process (PID=568) to work on /home/airflow/.local/lib/python3.7/site-packages/airflow/example_dags/example_datasets.py
[2023-08-05T04:13:56.019+0000] {processor.py:826} INFO - Processing file /home/airflow/.local/lib/python3.7/site-packages/airflow/example_dags/example_datasets.py for tasks to queue
[2023-08-05T04:13:56.021+0000] {logging_mixin.py:150} INFO - [2023-08-05T04:13:56.020+0000] {dagbag.py:541} INFO - Filling up the DagBag from /home/airflow/.local/lib/python3.7/site-packages/airflow/example_dags/example_datasets.py
[2023-08-05T04:13:56.034+0000] {processor.py:836} INFO - DAG(s) dict_keys(['dataset_produces_1', 'dataset_consumes_1_never_scheduled', 'dataset_consumes_1', 'dataset_consumes_1_and_2', 'dataset_consumes_unknown_never_scheduled', 'dataset_produces_2']) retrieved from /home/airflow/.local/lib/python3.7/site-packages/airflow/example_dags/example_datasets.py
[2023-08-05T04:13:56.077+0000] {logging_mixin.py:150} INFO - [2023-08-05T04:13:56.077+0000] {dag.py:2742} INFO - Sync 6 DAGs
[2023-08-05T04:13:56.104+0000] {logging_mixin.py:150} INFO - [2023-08-05T04:13:56.104+0000] {dag.py:3508} INFO - Setting next_dagrun for dataset_consumes_1 to None, run_after=None
[2023-08-05T04:13:56.108+0000] {logging_mixin.py:150} INFO - [2023-08-05T04:13:56.108+0000] {dag.py:3508} INFO - Setting next_dagrun for dataset_consumes_1_and_2 to None, run_after=None
[2023-08-05T04:13:56.111+0000] {logging_mixin.py:150} INFO - [2023-08-05T04:13:56.111+0000] {dag.py:3508} INFO - Setting next_dagrun for dataset_consumes_1_never_scheduled to None, run_after=None
[2023-08-05T04:13:56.115+0000] {logging_mixin.py:150} INFO - [2023-08-05T04:13:56.115+0000] {dag.py:3508} INFO - Setting next_dagrun for dataset_consumes_unknown_never_scheduled to None, run_after=None
[2023-08-05T04:13:56.118+0000] {logging_mixin.py:150} INFO - [2023-08-05T04:13:56.117+0000] {dag.py:3508} INFO - Setting next_dagrun for dataset_produces_1 to 2023-08-04T00:00:00+00:00, run_after=2023-08-05T00:00:00+00:00
[2023-08-05T04:13:56.120+0000] {logging_mixin.py:150} INFO - [2023-08-05T04:13:56.120+0000] {dag.py:3508} INFO - Setting next_dagrun for dataset_produces_2 to None, run_after=None
[2023-08-05T04:13:56.155+0000] {processor.py:179} INFO - Processing /home/airflow/.local/lib/python3.7/site-packages/airflow/example_dags/example_datasets.py took 0.146 seconds
