[2023-08-05T04:09:24.013+0000] {processor.py:157} INFO - Started process (PID=51) to work on /home/airflow/.local/lib/python3.7/site-packages/airflow/example_dags/example_short_circuit_operator.py
[2023-08-05T04:09:24.014+0000] {processor.py:826} INFO - Processing file /home/airflow/.local/lib/python3.7/site-packages/airflow/example_dags/example_short_circuit_operator.py for tasks to queue
[2023-08-05T04:09:24.015+0000] {logging_mixin.py:150} INFO - [2023-08-05T04:09:24.015+0000] {dagbag.py:541} INFO - Filling up the DagBag from /home/airflow/.local/lib/python3.7/site-packages/airflow/example_dags/example_short_circuit_operator.py
[2023-08-05T04:09:24.021+0000] {processor.py:836} INFO - DAG(s) dict_keys(['example_short_circuit_operator']) retrieved from /home/airflow/.local/lib/python3.7/site-packages/airflow/example_dags/example_short_circuit_operator.py
[2023-08-05T04:09:24.033+0000] {logging_mixin.py:150} INFO - [2023-08-05T04:09:24.033+0000] {dag.py:2742} INFO - Sync 1 DAGs
[2023-08-05T04:09:24.051+0000] {logging_mixin.py:150} INFO - [2023-08-05T04:09:24.050+0000] {dag.py:3508} INFO - Setting next_dagrun for example_short_circuit_operator to 2023-08-04T04:09:24.050774+00:00, run_after=2023-08-05T04:09:24.050774+00:00
[2023-08-05T04:09:24.062+0000] {processor.py:179} INFO - Processing /home/airflow/.local/lib/python3.7/site-packages/airflow/example_dags/example_short_circuit_operator.py took 0.053 seconds
[2023-08-05T04:09:54.629+0000] {processor.py:157} INFO - Started process (PID=109) to work on /home/airflow/.local/lib/python3.7/site-packages/airflow/example_dags/example_short_circuit_operator.py
[2023-08-05T04:09:54.630+0000] {processor.py:826} INFO - Processing file /home/airflow/.local/lib/python3.7/site-packages/airflow/example_dags/example_short_circuit_operator.py for tasks to queue
[2023-08-05T04:09:54.631+0000] {logging_mixin.py:150} INFO - [2023-08-05T04:09:54.631+0000] {dagbag.py:541} INFO - Filling up the DagBag from /home/airflow/.local/lib/python3.7/site-packages/airflow/example_dags/example_short_circuit_operator.py
[2023-08-05T04:09:54.637+0000] {processor.py:836} INFO - DAG(s) dict_keys(['example_short_circuit_operator']) retrieved from /home/airflow/.local/lib/python3.7/site-packages/airflow/example_dags/example_short_circuit_operator.py
[2023-08-05T04:09:54.655+0000] {logging_mixin.py:150} INFO - [2023-08-05T04:09:54.654+0000] {dag.py:2742} INFO - Sync 1 DAGs
[2023-08-05T04:09:54.668+0000] {logging_mixin.py:150} INFO - [2023-08-05T04:09:54.668+0000] {dag.py:3508} INFO - Setting next_dagrun for example_short_circuit_operator to 2023-08-04T04:09:54.668419+00:00, run_after=2023-08-05T04:09:54.668419+00:00
[2023-08-05T04:09:54.678+0000] {processor.py:179} INFO - Processing /home/airflow/.local/lib/python3.7/site-packages/airflow/example_dags/example_short_circuit_operator.py took 0.052 seconds
[2023-08-05T04:10:24.842+0000] {processor.py:157} INFO - Started process (PID=167) to work on /home/airflow/.local/lib/python3.7/site-packages/airflow/example_dags/example_short_circuit_operator.py
[2023-08-05T04:10:24.844+0000] {processor.py:826} INFO - Processing file /home/airflow/.local/lib/python3.7/site-packages/airflow/example_dags/example_short_circuit_operator.py for tasks to queue
[2023-08-05T04:10:24.845+0000] {logging_mixin.py:150} INFO - [2023-08-05T04:10:24.844+0000] {dagbag.py:541} INFO - Filling up the DagBag from /home/airflow/.local/lib/python3.7/site-packages/airflow/example_dags/example_short_circuit_operator.py
[2023-08-05T04:10:24.850+0000] {processor.py:836} INFO - DAG(s) dict_keys(['example_short_circuit_operator']) retrieved from /home/airflow/.local/lib/python3.7/site-packages/airflow/example_dags/example_short_circuit_operator.py
[2023-08-05T04:10:24.869+0000] {logging_mixin.py:150} INFO - [2023-08-05T04:10:24.869+0000] {dag.py:2742} INFO - Sync 1 DAGs
[2023-08-05T04:10:24.884+0000] {logging_mixin.py:150} INFO - [2023-08-05T04:10:24.884+0000] {dag.py:3508} INFO - Setting next_dagrun for example_short_circuit_operator to 2023-08-04T04:10:24.883782+00:00, run_after=2023-08-05T04:10:24.883782+00:00
[2023-08-05T04:10:24.894+0000] {processor.py:179} INFO - Processing /home/airflow/.local/lib/python3.7/site-packages/airflow/example_dags/example_short_circuit_operator.py took 0.055 seconds
[2023-08-05T04:10:55.045+0000] {processor.py:157} INFO - Started process (PID=225) to work on /home/airflow/.local/lib/python3.7/site-packages/airflow/example_dags/example_short_circuit_operator.py
[2023-08-05T04:10:55.046+0000] {processor.py:826} INFO - Processing file /home/airflow/.local/lib/python3.7/site-packages/airflow/example_dags/example_short_circuit_operator.py for tasks to queue
[2023-08-05T04:10:55.047+0000] {logging_mixin.py:150} INFO - [2023-08-05T04:10:55.047+0000] {dagbag.py:541} INFO - Filling up the DagBag from /home/airflow/.local/lib/python3.7/site-packages/airflow/example_dags/example_short_circuit_operator.py
[2023-08-05T04:10:55.053+0000] {processor.py:836} INFO - DAG(s) dict_keys(['example_short_circuit_operator']) retrieved from /home/airflow/.local/lib/python3.7/site-packages/airflow/example_dags/example_short_circuit_operator.py
[2023-08-05T04:10:55.071+0000] {logging_mixin.py:150} INFO - [2023-08-05T04:10:55.071+0000] {dag.py:2742} INFO - Sync 1 DAGs
[2023-08-05T04:10:55.084+0000] {logging_mixin.py:150} INFO - [2023-08-05T04:10:55.084+0000] {dag.py:3508} INFO - Setting next_dagrun for example_short_circuit_operator to 2023-08-04T04:10:55.084627+00:00, run_after=2023-08-05T04:10:55.084627+00:00
[2023-08-05T04:10:55.094+0000] {processor.py:179} INFO - Processing /home/airflow/.local/lib/python3.7/site-packages/airflow/example_dags/example_short_circuit_operator.py took 0.052 seconds
[2023-08-05T04:11:25.271+0000] {processor.py:157} INFO - Started process (PID=283) to work on /home/airflow/.local/lib/python3.7/site-packages/airflow/example_dags/example_short_circuit_operator.py
[2023-08-05T04:11:25.272+0000] {processor.py:826} INFO - Processing file /home/airflow/.local/lib/python3.7/site-packages/airflow/example_dags/example_short_circuit_operator.py for tasks to queue
[2023-08-05T04:11:25.273+0000] {logging_mixin.py:150} INFO - [2023-08-05T04:11:25.273+0000] {dagbag.py:541} INFO - Filling up the DagBag from /home/airflow/.local/lib/python3.7/site-packages/airflow/example_dags/example_short_circuit_operator.py
[2023-08-05T04:11:25.279+0000] {processor.py:836} INFO - DAG(s) dict_keys(['example_short_circuit_operator']) retrieved from /home/airflow/.local/lib/python3.7/site-packages/airflow/example_dags/example_short_circuit_operator.py
[2023-08-05T04:11:25.297+0000] {logging_mixin.py:150} INFO - [2023-08-05T04:11:25.296+0000] {dag.py:2742} INFO - Sync 1 DAGs
[2023-08-05T04:11:25.311+0000] {logging_mixin.py:150} INFO - [2023-08-05T04:11:25.311+0000] {dag.py:3508} INFO - Setting next_dagrun for example_short_circuit_operator to 2023-08-04T04:11:25.311374+00:00, run_after=2023-08-05T04:11:25.311374+00:00
[2023-08-05T04:11:25.321+0000] {processor.py:179} INFO - Processing /home/airflow/.local/lib/python3.7/site-packages/airflow/example_dags/example_short_circuit_operator.py took 0.053 seconds
[2023-08-05T04:11:55.459+0000] {processor.py:157} INFO - Started process (PID=341) to work on /home/airflow/.local/lib/python3.7/site-packages/airflow/example_dags/example_short_circuit_operator.py
[2023-08-05T04:11:55.460+0000] {processor.py:826} INFO - Processing file /home/airflow/.local/lib/python3.7/site-packages/airflow/example_dags/example_short_circuit_operator.py for tasks to queue
[2023-08-05T04:11:55.461+0000] {logging_mixin.py:150} INFO - [2023-08-05T04:11:55.461+0000] {dagbag.py:541} INFO - Filling up the DagBag from /home/airflow/.local/lib/python3.7/site-packages/airflow/example_dags/example_short_circuit_operator.py
[2023-08-05T04:11:55.467+0000] {processor.py:836} INFO - DAG(s) dict_keys(['example_short_circuit_operator']) retrieved from /home/airflow/.local/lib/python3.7/site-packages/airflow/example_dags/example_short_circuit_operator.py
[2023-08-05T04:11:55.484+0000] {logging_mixin.py:150} INFO - [2023-08-05T04:11:55.484+0000] {dag.py:2742} INFO - Sync 1 DAGs
[2023-08-05T04:11:55.498+0000] {logging_mixin.py:150} INFO - [2023-08-05T04:11:55.498+0000] {dag.py:3508} INFO - Setting next_dagrun for example_short_circuit_operator to 2023-08-04T04:11:55.497972+00:00, run_after=2023-08-05T04:11:55.497972+00:00
[2023-08-05T04:11:55.507+0000] {processor.py:179} INFO - Processing /home/airflow/.local/lib/python3.7/site-packages/airflow/example_dags/example_short_circuit_operator.py took 0.050 seconds
[2023-08-05T04:12:25.732+0000] {processor.py:157} INFO - Started process (PID=399) to work on /home/airflow/.local/lib/python3.7/site-packages/airflow/example_dags/example_short_circuit_operator.py
[2023-08-05T04:12:25.733+0000] {processor.py:826} INFO - Processing file /home/airflow/.local/lib/python3.7/site-packages/airflow/example_dags/example_short_circuit_operator.py for tasks to queue
[2023-08-05T04:12:25.734+0000] {logging_mixin.py:150} INFO - [2023-08-05T04:12:25.734+0000] {dagbag.py:541} INFO - Filling up the DagBag from /home/airflow/.local/lib/python3.7/site-packages/airflow/example_dags/example_short_circuit_operator.py
[2023-08-05T04:12:25.740+0000] {processor.py:836} INFO - DAG(s) dict_keys(['example_short_circuit_operator']) retrieved from /home/airflow/.local/lib/python3.7/site-packages/airflow/example_dags/example_short_circuit_operator.py
[2023-08-05T04:12:25.758+0000] {logging_mixin.py:150} INFO - [2023-08-05T04:12:25.758+0000] {dag.py:2742} INFO - Sync 1 DAGs
[2023-08-05T04:12:25.772+0000] {logging_mixin.py:150} INFO - [2023-08-05T04:12:25.772+0000] {dag.py:3508} INFO - Setting next_dagrun for example_short_circuit_operator to 2023-08-04T04:12:25.772143+00:00, run_after=2023-08-05T04:12:25.772143+00:00
[2023-08-05T04:12:25.782+0000] {processor.py:179} INFO - Processing /home/airflow/.local/lib/python3.7/site-packages/airflow/example_dags/example_short_circuit_operator.py took 0.052 seconds
[2023-08-05T04:12:55.940+0000] {processor.py:157} INFO - Started process (PID=457) to work on /home/airflow/.local/lib/python3.7/site-packages/airflow/example_dags/example_short_circuit_operator.py
[2023-08-05T04:12:55.941+0000] {processor.py:826} INFO - Processing file /home/airflow/.local/lib/python3.7/site-packages/airflow/example_dags/example_short_circuit_operator.py for tasks to queue
[2023-08-05T04:12:55.942+0000] {logging_mixin.py:150} INFO - [2023-08-05T04:12:55.942+0000] {dagbag.py:541} INFO - Filling up the DagBag from /home/airflow/.local/lib/python3.7/site-packages/airflow/example_dags/example_short_circuit_operator.py
[2023-08-05T04:12:55.947+0000] {processor.py:836} INFO - DAG(s) dict_keys(['example_short_circuit_operator']) retrieved from /home/airflow/.local/lib/python3.7/site-packages/airflow/example_dags/example_short_circuit_operator.py
[2023-08-05T04:12:55.965+0000] {logging_mixin.py:150} INFO - [2023-08-05T04:12:55.965+0000] {dag.py:2742} INFO - Sync 1 DAGs
[2023-08-05T04:12:55.980+0000] {logging_mixin.py:150} INFO - [2023-08-05T04:12:55.980+0000] {dag.py:3508} INFO - Setting next_dagrun for example_short_circuit_operator to 2023-08-04T04:12:55.980331+00:00, run_after=2023-08-05T04:12:55.980331+00:00
[2023-08-05T04:12:55.990+0000] {processor.py:179} INFO - Processing /home/airflow/.local/lib/python3.7/site-packages/airflow/example_dags/example_short_circuit_operator.py took 0.052 seconds
[2023-08-05T04:13:26.159+0000] {processor.py:157} INFO - Started process (PID=527) to work on /home/airflow/.local/lib/python3.7/site-packages/airflow/example_dags/example_short_circuit_operator.py
[2023-08-05T04:13:26.161+0000] {processor.py:826} INFO - Processing file /home/airflow/.local/lib/python3.7/site-packages/airflow/example_dags/example_short_circuit_operator.py for tasks to queue
[2023-08-05T04:13:26.161+0000] {logging_mixin.py:150} INFO - [2023-08-05T04:13:26.161+0000] {dagbag.py:541} INFO - Filling up the DagBag from /home/airflow/.local/lib/python3.7/site-packages/airflow/example_dags/example_short_circuit_operator.py
[2023-08-05T04:13:26.168+0000] {processor.py:836} INFO - DAG(s) dict_keys(['example_short_circuit_operator']) retrieved from /home/airflow/.local/lib/python3.7/site-packages/airflow/example_dags/example_short_circuit_operator.py
[2023-08-05T04:13:26.186+0000] {logging_mixin.py:150} INFO - [2023-08-05T04:13:26.186+0000] {dag.py:2742} INFO - Sync 1 DAGs
[2023-08-05T04:13:26.200+0000] {logging_mixin.py:150} INFO - [2023-08-05T04:13:26.200+0000] {dag.py:3508} INFO - Setting next_dagrun for example_short_circuit_operator to 2023-08-04T04:13:26.200059+00:00, run_after=2023-08-05T04:13:26.200059+00:00
[2023-08-05T04:13:26.209+0000] {processor.py:179} INFO - Processing /home/airflow/.local/lib/python3.7/site-packages/airflow/example_dags/example_short_circuit_operator.py took 0.052 seconds
