[2023-08-05T04:09:24.924+0000] {processor.py:157} INFO - Started process (PID=64) to work on /home/airflow/.local/lib/python3.7/site-packages/airflow/example_dags/example_python_operator.py
[2023-08-05T04:09:24.925+0000] {processor.py:826} INFO - Processing file /home/airflow/.local/lib/python3.7/site-packages/airflow/example_dags/example_python_operator.py for tasks to queue
[2023-08-05T04:09:24.927+0000] {logging_mixin.py:150} INFO - [2023-08-05T04:09:24.926+0000] {dagbag.py:541} INFO - Filling up the DagBag from /home/airflow/.local/lib/python3.7/site-packages/airflow/example_dags/example_python_operator.py
[2023-08-05T04:09:24.940+0000] {processor.py:836} INFO - DAG(s) dict_keys(['example_python_operator']) retrieved from /home/airflow/.local/lib/python3.7/site-packages/airflow/example_dags/example_python_operator.py
[2023-08-05T04:09:24.975+0000] {logging_mixin.py:150} INFO - [2023-08-05T04:09:24.975+0000] {dag.py:2742} INFO - Sync 1 DAGs
[2023-08-05T04:09:24.999+0000] {logging_mixin.py:150} INFO - [2023-08-05T04:09:24.999+0000] {dag.py:3508} INFO - Setting next_dagrun for example_python_operator to None, run_after=None
[2023-08-05T04:09:25.009+0000] {processor.py:179} INFO - Processing /home/airflow/.local/lib/python3.7/site-packages/airflow/example_dags/example_python_operator.py took 0.090 seconds
[2023-08-05T04:09:55.086+0000] {processor.py:157} INFO - Started process (PID=122) to work on /home/airflow/.local/lib/python3.7/site-packages/airflow/example_dags/example_python_operator.py
[2023-08-05T04:09:55.086+0000] {processor.py:826} INFO - Processing file /home/airflow/.local/lib/python3.7/site-packages/airflow/example_dags/example_python_operator.py for tasks to queue
[2023-08-05T04:09:55.087+0000] {logging_mixin.py:150} INFO - [2023-08-05T04:09:55.087+0000] {dagbag.py:541} INFO - Filling up the DagBag from /home/airflow/.local/lib/python3.7/site-packages/airflow/example_dags/example_python_operator.py
[2023-08-05T04:09:55.094+0000] {processor.py:836} INFO - DAG(s) dict_keys(['example_python_operator']) retrieved from /home/airflow/.local/lib/python3.7/site-packages/airflow/example_dags/example_python_operator.py
[2023-08-05T04:09:55.158+0000] {logging_mixin.py:150} INFO - [2023-08-05T04:09:55.157+0000] {dag.py:2742} INFO - Sync 1 DAGs
[2023-08-05T04:09:55.170+0000] {logging_mixin.py:150} INFO - [2023-08-05T04:09:55.170+0000] {dag.py:3508} INFO - Setting next_dagrun for example_python_operator to None, run_after=None
[2023-08-05T04:09:55.180+0000] {processor.py:179} INFO - Processing /home/airflow/.local/lib/python3.7/site-packages/airflow/example_dags/example_python_operator.py took 0.097 seconds
[2023-08-05T04:10:25.352+0000] {processor.py:157} INFO - Started process (PID=179) to work on /home/airflow/.local/lib/python3.7/site-packages/airflow/example_dags/example_python_operator.py
[2023-08-05T04:10:25.353+0000] {processor.py:826} INFO - Processing file /home/airflow/.local/lib/python3.7/site-packages/airflow/example_dags/example_python_operator.py for tasks to queue
[2023-08-05T04:10:25.354+0000] {logging_mixin.py:150} INFO - [2023-08-05T04:10:25.354+0000] {dagbag.py:541} INFO - Filling up the DagBag from /home/airflow/.local/lib/python3.7/site-packages/airflow/example_dags/example_python_operator.py
[2023-08-05T04:10:25.361+0000] {processor.py:836} INFO - DAG(s) dict_keys(['example_python_operator']) retrieved from /home/airflow/.local/lib/python3.7/site-packages/airflow/example_dags/example_python_operator.py
[2023-08-05T04:10:25.380+0000] {logging_mixin.py:150} INFO - [2023-08-05T04:10:25.380+0000] {dag.py:2742} INFO - Sync 1 DAGs
[2023-08-05T04:10:25.394+0000] {logging_mixin.py:150} INFO - [2023-08-05T04:10:25.394+0000] {dag.py:3508} INFO - Setting next_dagrun for example_python_operator to None, run_after=None
[2023-08-05T04:10:25.405+0000] {processor.py:179} INFO - Processing /home/airflow/.local/lib/python3.7/site-packages/airflow/example_dags/example_python_operator.py took 0.055 seconds
[2023-08-05T04:10:55.460+0000] {processor.py:157} INFO - Started process (PID=237) to work on /home/airflow/.local/lib/python3.7/site-packages/airflow/example_dags/example_python_operator.py
[2023-08-05T04:10:55.462+0000] {processor.py:826} INFO - Processing file /home/airflow/.local/lib/python3.7/site-packages/airflow/example_dags/example_python_operator.py for tasks to queue
[2023-08-05T04:10:55.463+0000] {logging_mixin.py:150} INFO - [2023-08-05T04:10:55.463+0000] {dagbag.py:541} INFO - Filling up the DagBag from /home/airflow/.local/lib/python3.7/site-packages/airflow/example_dags/example_python_operator.py
[2023-08-05T04:10:55.469+0000] {processor.py:836} INFO - DAG(s) dict_keys(['example_python_operator']) retrieved from /home/airflow/.local/lib/python3.7/site-packages/airflow/example_dags/example_python_operator.py
[2023-08-05T04:10:55.487+0000] {logging_mixin.py:150} INFO - [2023-08-05T04:10:55.487+0000] {dag.py:2742} INFO - Sync 1 DAGs
[2023-08-05T04:10:55.501+0000] {logging_mixin.py:150} INFO - [2023-08-05T04:10:55.501+0000] {dag.py:3508} INFO - Setting next_dagrun for example_python_operator to None, run_after=None
[2023-08-05T04:10:55.511+0000] {processor.py:179} INFO - Processing /home/airflow/.local/lib/python3.7/site-packages/airflow/example_dags/example_python_operator.py took 0.053 seconds
[2023-08-05T04:11:25.768+0000] {processor.py:157} INFO - Started process (PID=295) to work on /home/airflow/.local/lib/python3.7/site-packages/airflow/example_dags/example_python_operator.py
[2023-08-05T04:11:25.769+0000] {processor.py:826} INFO - Processing file /home/airflow/.local/lib/python3.7/site-packages/airflow/example_dags/example_python_operator.py for tasks to queue
[2023-08-05T04:11:25.770+0000] {logging_mixin.py:150} INFO - [2023-08-05T04:11:25.770+0000] {dagbag.py:541} INFO - Filling up the DagBag from /home/airflow/.local/lib/python3.7/site-packages/airflow/example_dags/example_python_operator.py
[2023-08-05T04:11:25.777+0000] {processor.py:836} INFO - DAG(s) dict_keys(['example_python_operator']) retrieved from /home/airflow/.local/lib/python3.7/site-packages/airflow/example_dags/example_python_operator.py
[2023-08-05T04:11:25.795+0000] {logging_mixin.py:150} INFO - [2023-08-05T04:11:25.795+0000] {dag.py:2742} INFO - Sync 1 DAGs
[2023-08-05T04:11:25.810+0000] {logging_mixin.py:150} INFO - [2023-08-05T04:11:25.810+0000] {dag.py:3508} INFO - Setting next_dagrun for example_python_operator to None, run_after=None
[2023-08-05T04:11:25.821+0000] {processor.py:179} INFO - Processing /home/airflow/.local/lib/python3.7/site-packages/airflow/example_dags/example_python_operator.py took 0.055 seconds
[2023-08-05T04:11:55.871+0000] {processor.py:157} INFO - Started process (PID=353) to work on /home/airflow/.local/lib/python3.7/site-packages/airflow/example_dags/example_python_operator.py
[2023-08-05T04:11:55.872+0000] {processor.py:826} INFO - Processing file /home/airflow/.local/lib/python3.7/site-packages/airflow/example_dags/example_python_operator.py for tasks to queue
[2023-08-05T04:11:55.873+0000] {logging_mixin.py:150} INFO - [2023-08-05T04:11:55.873+0000] {dagbag.py:541} INFO - Filling up the DagBag from /home/airflow/.local/lib/python3.7/site-packages/airflow/example_dags/example_python_operator.py
[2023-08-05T04:11:55.880+0000] {processor.py:836} INFO - DAG(s) dict_keys(['example_python_operator']) retrieved from /home/airflow/.local/lib/python3.7/site-packages/airflow/example_dags/example_python_operator.py
[2023-08-05T04:11:55.898+0000] {logging_mixin.py:150} INFO - [2023-08-05T04:11:55.898+0000] {dag.py:2742} INFO - Sync 1 DAGs
[2023-08-05T04:11:55.912+0000] {logging_mixin.py:150} INFO - [2023-08-05T04:11:55.912+0000] {dag.py:3508} INFO - Setting next_dagrun for example_python_operator to None, run_after=None
[2023-08-05T04:11:55.921+0000] {processor.py:179} INFO - Processing /home/airflow/.local/lib/python3.7/site-packages/airflow/example_dags/example_python_operator.py took 0.053 seconds
[2023-08-05T04:12:26.222+0000] {processor.py:157} INFO - Started process (PID=411) to work on /home/airflow/.local/lib/python3.7/site-packages/airflow/example_dags/example_python_operator.py
[2023-08-05T04:12:26.223+0000] {processor.py:826} INFO - Processing file /home/airflow/.local/lib/python3.7/site-packages/airflow/example_dags/example_python_operator.py for tasks to queue
[2023-08-05T04:12:26.224+0000] {logging_mixin.py:150} INFO - [2023-08-05T04:12:26.224+0000] {dagbag.py:541} INFO - Filling up the DagBag from /home/airflow/.local/lib/python3.7/site-packages/airflow/example_dags/example_python_operator.py
[2023-08-05T04:12:26.230+0000] {processor.py:836} INFO - DAG(s) dict_keys(['example_python_operator']) retrieved from /home/airflow/.local/lib/python3.7/site-packages/airflow/example_dags/example_python_operator.py
[2023-08-05T04:12:26.248+0000] {logging_mixin.py:150} INFO - [2023-08-05T04:12:26.248+0000] {dag.py:2742} INFO - Sync 1 DAGs
[2023-08-05T04:12:26.262+0000] {logging_mixin.py:150} INFO - [2023-08-05T04:12:26.262+0000] {dag.py:3508} INFO - Setting next_dagrun for example_python_operator to None, run_after=None
[2023-08-05T04:12:26.272+0000] {processor.py:179} INFO - Processing /home/airflow/.local/lib/python3.7/site-packages/airflow/example_dags/example_python_operator.py took 0.053 seconds
[2023-08-05T04:12:56.374+0000] {processor.py:157} INFO - Started process (PID=469) to work on /home/airflow/.local/lib/python3.7/site-packages/airflow/example_dags/example_python_operator.py
[2023-08-05T04:12:56.376+0000] {processor.py:826} INFO - Processing file /home/airflow/.local/lib/python3.7/site-packages/airflow/example_dags/example_python_operator.py for tasks to queue
[2023-08-05T04:12:56.376+0000] {logging_mixin.py:150} INFO - [2023-08-05T04:12:56.376+0000] {dagbag.py:541} INFO - Filling up the DagBag from /home/airflow/.local/lib/python3.7/site-packages/airflow/example_dags/example_python_operator.py
[2023-08-05T04:12:56.383+0000] {processor.py:836} INFO - DAG(s) dict_keys(['example_python_operator']) retrieved from /home/airflow/.local/lib/python3.7/site-packages/airflow/example_dags/example_python_operator.py
[2023-08-05T04:12:56.401+0000] {logging_mixin.py:150} INFO - [2023-08-05T04:12:56.401+0000] {dag.py:2742} INFO - Sync 1 DAGs
[2023-08-05T04:12:56.414+0000] {logging_mixin.py:150} INFO - [2023-08-05T04:12:56.414+0000] {dag.py:3508} INFO - Setting next_dagrun for example_python_operator to None, run_after=None
[2023-08-05T04:12:56.424+0000] {processor.py:179} INFO - Processing /home/airflow/.local/lib/python3.7/site-packages/airflow/example_dags/example_python_operator.py took 0.052 seconds
[2023-08-05T04:13:26.689+0000] {processor.py:157} INFO - Started process (PID=539) to work on /home/airflow/.local/lib/python3.7/site-packages/airflow/example_dags/example_python_operator.py
[2023-08-05T04:13:26.690+0000] {processor.py:826} INFO - Processing file /home/airflow/.local/lib/python3.7/site-packages/airflow/example_dags/example_python_operator.py for tasks to queue
[2023-08-05T04:13:26.691+0000] {logging_mixin.py:150} INFO - [2023-08-05T04:13:26.691+0000] {dagbag.py:541} INFO - Filling up the DagBag from /home/airflow/.local/lib/python3.7/site-packages/airflow/example_dags/example_python_operator.py
[2023-08-05T04:13:26.698+0000] {processor.py:836} INFO - DAG(s) dict_keys(['example_python_operator']) retrieved from /home/airflow/.local/lib/python3.7/site-packages/airflow/example_dags/example_python_operator.py
[2023-08-05T04:13:26.718+0000] {logging_mixin.py:150} INFO - [2023-08-05T04:13:26.718+0000] {dag.py:2742} INFO - Sync 1 DAGs
[2023-08-05T04:13:26.732+0000] {logging_mixin.py:150} INFO - [2023-08-05T04:13:26.732+0000] {dag.py:3508} INFO - Setting next_dagrun for example_python_operator to None, run_after=None
[2023-08-05T04:13:26.743+0000] {processor.py:179} INFO - Processing /home/airflow/.local/lib/python3.7/site-packages/airflow/example_dags/example_python_operator.py took 0.056 seconds
