[2023-08-05T04:09:23.537+0000] {processor.py:157} INFO - Started process (PID=39) to work on /home/airflow/.local/lib/python3.7/site-packages/airflow/example_dags/example_task_group_decorator.py
[2023-08-05T04:09:23.538+0000] {processor.py:826} INFO - Processing file /home/airflow/.local/lib/python3.7/site-packages/airflow/example_dags/example_task_group_decorator.py for tasks to queue
[2023-08-05T04:09:23.539+0000] {logging_mixin.py:150} INFO - [2023-08-05T04:09:23.539+0000] {dagbag.py:541} INFO - Filling up the DagBag from /home/airflow/.local/lib/python3.7/site-packages/airflow/example_dags/example_task_group_decorator.py
[2023-08-05T04:09:23.551+0000] {processor.py:836} INFO - DAG(s) dict_keys(['example_task_group_decorator']) retrieved from /home/airflow/.local/lib/python3.7/site-packages/airflow/example_dags/example_task_group_decorator.py
[2023-08-05T04:09:23.561+0000] {logging_mixin.py:150} INFO - [2023-08-05T04:09:23.561+0000] {dag.py:2742} INFO - Sync 1 DAGs
[2023-08-05T04:09:23.577+0000] {logging_mixin.py:150} INFO - [2023-08-05T04:09:23.577+0000] {dag.py:3508} INFO - Setting next_dagrun for example_task_group_decorator to 2023-08-04T04:09:23.576960+00:00, run_after=2023-08-05T04:09:23.576960+00:00
[2023-08-05T04:09:23.590+0000] {processor.py:179} INFO - Processing /home/airflow/.local/lib/python3.7/site-packages/airflow/example_dags/example_task_group_decorator.py took 0.056 seconds
[2023-08-05T04:09:54.194+0000] {processor.py:157} INFO - Started process (PID=97) to work on /home/airflow/.local/lib/python3.7/site-packages/airflow/example_dags/example_task_group_decorator.py
[2023-08-05T04:09:54.195+0000] {processor.py:826} INFO - Processing file /home/airflow/.local/lib/python3.7/site-packages/airflow/example_dags/example_task_group_decorator.py for tasks to queue
[2023-08-05T04:09:54.196+0000] {logging_mixin.py:150} INFO - [2023-08-05T04:09:54.195+0000] {dagbag.py:541} INFO - Filling up the DagBag from /home/airflow/.local/lib/python3.7/site-packages/airflow/example_dags/example_task_group_decorator.py
[2023-08-05T04:09:54.205+0000] {processor.py:836} INFO - DAG(s) dict_keys(['example_task_group_decorator']) retrieved from /home/airflow/.local/lib/python3.7/site-packages/airflow/example_dags/example_task_group_decorator.py
[2023-08-05T04:09:54.224+0000] {logging_mixin.py:150} INFO - [2023-08-05T04:09:54.224+0000] {dag.py:2742} INFO - Sync 1 DAGs
[2023-08-05T04:09:54.240+0000] {logging_mixin.py:150} INFO - [2023-08-05T04:09:54.240+0000] {dag.py:3508} INFO - Setting next_dagrun for example_task_group_decorator to 2023-08-04T04:09:54.240515+00:00, run_after=2023-08-05T04:09:54.240515+00:00
[2023-08-05T04:09:54.249+0000] {processor.py:179} INFO - Processing /home/airflow/.local/lib/python3.7/site-packages/airflow/example_dags/example_task_group_decorator.py took 0.058 seconds
[2023-08-05T04:10:24.374+0000] {processor.py:157} INFO - Started process (PID=155) to work on /home/airflow/.local/lib/python3.7/site-packages/airflow/example_dags/example_task_group_decorator.py
[2023-08-05T04:10:24.376+0000] {processor.py:826} INFO - Processing file /home/airflow/.local/lib/python3.7/site-packages/airflow/example_dags/example_task_group_decorator.py for tasks to queue
[2023-08-05T04:10:24.377+0000] {logging_mixin.py:150} INFO - [2023-08-05T04:10:24.376+0000] {dagbag.py:541} INFO - Filling up the DagBag from /home/airflow/.local/lib/python3.7/site-packages/airflow/example_dags/example_task_group_decorator.py
[2023-08-05T04:10:24.386+0000] {processor.py:836} INFO - DAG(s) dict_keys(['example_task_group_decorator']) retrieved from /home/airflow/.local/lib/python3.7/site-packages/airflow/example_dags/example_task_group_decorator.py
[2023-08-05T04:10:24.406+0000] {logging_mixin.py:150} INFO - [2023-08-05T04:10:24.406+0000] {dag.py:2742} INFO - Sync 1 DAGs
[2023-08-05T04:10:24.424+0000] {logging_mixin.py:150} INFO - [2023-08-05T04:10:24.424+0000] {dag.py:3508} INFO - Setting next_dagrun for example_task_group_decorator to 2023-08-04T04:10:24.423783+00:00, run_after=2023-08-05T04:10:24.423783+00:00
[2023-08-05T04:10:24.436+0000] {processor.py:179} INFO - Processing /home/airflow/.local/lib/python3.7/site-packages/airflow/example_dags/example_task_group_decorator.py took 0.064 seconds
[2023-08-05T04:10:54.610+0000] {processor.py:157} INFO - Started process (PID=213) to work on /home/airflow/.local/lib/python3.7/site-packages/airflow/example_dags/example_task_group_decorator.py
[2023-08-05T04:10:54.611+0000] {processor.py:826} INFO - Processing file /home/airflow/.local/lib/python3.7/site-packages/airflow/example_dags/example_task_group_decorator.py for tasks to queue
[2023-08-05T04:10:54.612+0000] {logging_mixin.py:150} INFO - [2023-08-05T04:10:54.612+0000] {dagbag.py:541} INFO - Filling up the DagBag from /home/airflow/.local/lib/python3.7/site-packages/airflow/example_dags/example_task_group_decorator.py
[2023-08-05T04:10:54.621+0000] {processor.py:836} INFO - DAG(s) dict_keys(['example_task_group_decorator']) retrieved from /home/airflow/.local/lib/python3.7/site-packages/airflow/example_dags/example_task_group_decorator.py
[2023-08-05T04:10:54.639+0000] {logging_mixin.py:150} INFO - [2023-08-05T04:10:54.639+0000] {dag.py:2742} INFO - Sync 1 DAGs
[2023-08-05T04:10:54.653+0000] {logging_mixin.py:150} INFO - [2023-08-05T04:10:54.653+0000] {dag.py:3508} INFO - Setting next_dagrun for example_task_group_decorator to 2023-08-04T04:10:54.652946+00:00, run_after=2023-08-05T04:10:54.652946+00:00
[2023-08-05T04:10:54.662+0000] {processor.py:179} INFO - Processing /home/airflow/.local/lib/python3.7/site-packages/airflow/example_dags/example_task_group_decorator.py took 0.055 seconds
[2023-08-05T04:11:24.813+0000] {processor.py:157} INFO - Started process (PID=271) to work on /home/airflow/.local/lib/python3.7/site-packages/airflow/example_dags/example_task_group_decorator.py
[2023-08-05T04:11:24.814+0000] {processor.py:826} INFO - Processing file /home/airflow/.local/lib/python3.7/site-packages/airflow/example_dags/example_task_group_decorator.py for tasks to queue
[2023-08-05T04:11:24.815+0000] {logging_mixin.py:150} INFO - [2023-08-05T04:11:24.815+0000] {dagbag.py:541} INFO - Filling up the DagBag from /home/airflow/.local/lib/python3.7/site-packages/airflow/example_dags/example_task_group_decorator.py
[2023-08-05T04:11:24.824+0000] {processor.py:836} INFO - DAG(s) dict_keys(['example_task_group_decorator']) retrieved from /home/airflow/.local/lib/python3.7/site-packages/airflow/example_dags/example_task_group_decorator.py
[2023-08-05T04:11:24.843+0000] {logging_mixin.py:150} INFO - [2023-08-05T04:11:24.843+0000] {dag.py:2742} INFO - Sync 1 DAGs
[2023-08-05T04:11:24.857+0000] {logging_mixin.py:150} INFO - [2023-08-05T04:11:24.857+0000] {dag.py:3508} INFO - Setting next_dagrun for example_task_group_decorator to 2023-08-04T04:11:24.857588+00:00, run_after=2023-08-05T04:11:24.857588+00:00
[2023-08-05T04:11:24.867+0000] {processor.py:179} INFO - Processing /home/airflow/.local/lib/python3.7/site-packages/airflow/example_dags/example_task_group_decorator.py took 0.057 seconds
[2023-08-05T04:11:55.028+0000] {processor.py:157} INFO - Started process (PID=329) to work on /home/airflow/.local/lib/python3.7/site-packages/airflow/example_dags/example_task_group_decorator.py
[2023-08-05T04:11:55.029+0000] {processor.py:826} INFO - Processing file /home/airflow/.local/lib/python3.7/site-packages/airflow/example_dags/example_task_group_decorator.py for tasks to queue
[2023-08-05T04:11:55.030+0000] {logging_mixin.py:150} INFO - [2023-08-05T04:11:55.030+0000] {dagbag.py:541} INFO - Filling up the DagBag from /home/airflow/.local/lib/python3.7/site-packages/airflow/example_dags/example_task_group_decorator.py
[2023-08-05T04:11:55.039+0000] {processor.py:836} INFO - DAG(s) dict_keys(['example_task_group_decorator']) retrieved from /home/airflow/.local/lib/python3.7/site-packages/airflow/example_dags/example_task_group_decorator.py
[2023-08-05T04:11:55.057+0000] {logging_mixin.py:150} INFO - [2023-08-05T04:11:55.057+0000] {dag.py:2742} INFO - Sync 1 DAGs
[2023-08-05T04:11:55.071+0000] {logging_mixin.py:150} INFO - [2023-08-05T04:11:55.071+0000] {dag.py:3508} INFO - Setting next_dagrun for example_task_group_decorator to 2023-08-04T04:11:55.071495+00:00, run_after=2023-08-05T04:11:55.071495+00:00
[2023-08-05T04:11:55.080+0000] {processor.py:179} INFO - Processing /home/airflow/.local/lib/python3.7/site-packages/airflow/example_dags/example_task_group_decorator.py took 0.054 seconds
[2023-08-05T04:12:25.257+0000] {processor.py:157} INFO - Started process (PID=387) to work on /home/airflow/.local/lib/python3.7/site-packages/airflow/example_dags/example_task_group_decorator.py
[2023-08-05T04:12:25.258+0000] {processor.py:826} INFO - Processing file /home/airflow/.local/lib/python3.7/site-packages/airflow/example_dags/example_task_group_decorator.py for tasks to queue
[2023-08-05T04:12:25.259+0000] {logging_mixin.py:150} INFO - [2023-08-05T04:12:25.258+0000] {dagbag.py:541} INFO - Filling up the DagBag from /home/airflow/.local/lib/python3.7/site-packages/airflow/example_dags/example_task_group_decorator.py
[2023-08-05T04:12:25.268+0000] {processor.py:836} INFO - DAG(s) dict_keys(['example_task_group_decorator']) retrieved from /home/airflow/.local/lib/python3.7/site-packages/airflow/example_dags/example_task_group_decorator.py
[2023-08-05T04:12:25.287+0000] {logging_mixin.py:150} INFO - [2023-08-05T04:12:25.287+0000] {dag.py:2742} INFO - Sync 1 DAGs
[2023-08-05T04:12:25.302+0000] {logging_mixin.py:150} INFO - [2023-08-05T04:12:25.302+0000] {dag.py:3508} INFO - Setting next_dagrun for example_task_group_decorator to 2023-08-04T04:12:25.302445+00:00, run_after=2023-08-05T04:12:25.302445+00:00
[2023-08-05T04:12:25.313+0000] {processor.py:179} INFO - Processing /home/airflow/.local/lib/python3.7/site-packages/airflow/example_dags/example_task_group_decorator.py took 0.059 seconds
[2023-08-05T04:12:55.505+0000] {processor.py:157} INFO - Started process (PID=445) to work on /home/airflow/.local/lib/python3.7/site-packages/airflow/example_dags/example_task_group_decorator.py
[2023-08-05T04:12:55.507+0000] {processor.py:826} INFO - Processing file /home/airflow/.local/lib/python3.7/site-packages/airflow/example_dags/example_task_group_decorator.py for tasks to queue
[2023-08-05T04:12:55.507+0000] {logging_mixin.py:150} INFO - [2023-08-05T04:12:55.507+0000] {dagbag.py:541} INFO - Filling up the DagBag from /home/airflow/.local/lib/python3.7/site-packages/airflow/example_dags/example_task_group_decorator.py
[2023-08-05T04:12:55.517+0000] {processor.py:836} INFO - DAG(s) dict_keys(['example_task_group_decorator']) retrieved from /home/airflow/.local/lib/python3.7/site-packages/airflow/example_dags/example_task_group_decorator.py
[2023-08-05T04:12:55.536+0000] {logging_mixin.py:150} INFO - [2023-08-05T04:12:55.536+0000] {dag.py:2742} INFO - Sync 1 DAGs
[2023-08-05T04:12:55.550+0000] {logging_mixin.py:150} INFO - [2023-08-05T04:12:55.550+0000] {dag.py:3508} INFO - Setting next_dagrun for example_task_group_decorator to 2023-08-04T04:12:55.550318+00:00, run_after=2023-08-05T04:12:55.550318+00:00
[2023-08-05T04:12:55.560+0000] {processor.py:179} INFO - Processing /home/airflow/.local/lib/python3.7/site-packages/airflow/example_dags/example_task_group_decorator.py took 0.057 seconds
[2023-08-05T04:13:25.703+0000] {processor.py:157} INFO - Started process (PID=515) to work on /home/airflow/.local/lib/python3.7/site-packages/airflow/example_dags/example_task_group_decorator.py
[2023-08-05T04:13:25.704+0000] {processor.py:826} INFO - Processing file /home/airflow/.local/lib/python3.7/site-packages/airflow/example_dags/example_task_group_decorator.py for tasks to queue
[2023-08-05T04:13:25.705+0000] {logging_mixin.py:150} INFO - [2023-08-05T04:13:25.705+0000] {dagbag.py:541} INFO - Filling up the DagBag from /home/airflow/.local/lib/python3.7/site-packages/airflow/example_dags/example_task_group_decorator.py
[2023-08-05T04:13:25.715+0000] {processor.py:836} INFO - DAG(s) dict_keys(['example_task_group_decorator']) retrieved from /home/airflow/.local/lib/python3.7/site-packages/airflow/example_dags/example_task_group_decorator.py
[2023-08-05T04:13:25.733+0000] {logging_mixin.py:150} INFO - [2023-08-05T04:13:25.733+0000] {dag.py:2742} INFO - Sync 1 DAGs
[2023-08-05T04:13:25.748+0000] {logging_mixin.py:150} INFO - [2023-08-05T04:13:25.748+0000] {dag.py:3508} INFO - Setting next_dagrun for example_task_group_decorator to 2023-08-04T04:13:25.748403+00:00, run_after=2023-08-05T04:13:25.748403+00:00
[2023-08-05T04:13:25.758+0000] {processor.py:179} INFO - Processing /home/airflow/.local/lib/python3.7/site-packages/airflow/example_dags/example_task_group_decorator.py took 0.058 seconds
[2023-08-05T04:13:56.538+0000] {processor.py:157} INFO - Started process (PID=573) to work on /home/airflow/.local/lib/python3.7/site-packages/airflow/example_dags/example_task_group_decorator.py
[2023-08-05T04:13:56.545+0000] {processor.py:826} INFO - Processing file /home/airflow/.local/lib/python3.7/site-packages/airflow/example_dags/example_task_group_decorator.py for tasks to queue
[2023-08-05T04:13:56.548+0000] {logging_mixin.py:150} INFO - [2023-08-05T04:13:56.548+0000] {dagbag.py:541} INFO - Filling up the DagBag from /home/airflow/.local/lib/python3.7/site-packages/airflow/example_dags/example_task_group_decorator.py
[2023-08-05T04:13:56.568+0000] {processor.py:836} INFO - DAG(s) dict_keys(['example_task_group_decorator']) retrieved from /home/airflow/.local/lib/python3.7/site-packages/airflow/example_dags/example_task_group_decorator.py
[2023-08-05T04:13:56.612+0000] {logging_mixin.py:150} INFO - [2023-08-05T04:13:56.612+0000] {dag.py:2742} INFO - Sync 1 DAGs
[2023-08-05T04:13:56.912+0000] {logging_mixin.py:150} INFO - [2023-08-05T04:13:56.912+0000] {process_utils.py:258} INFO - Waiting up to 5 seconds for processes to exit...
