[2023-08-05T04:09:24.227+0000] {processor.py:157} INFO - Started process (PID=57) to work on /home/airflow/.local/lib/python3.7/site-packages/airflow/example_dags/example_params_trigger_ui.py
[2023-08-05T04:09:24.228+0000] {processor.py:826} INFO - Processing file /home/airflow/.local/lib/python3.7/site-packages/airflow/example_dags/example_params_trigger_ui.py for tasks to queue
[2023-08-05T04:09:24.229+0000] {logging_mixin.py:150} INFO - [2023-08-05T04:09:24.229+0000] {dagbag.py:541} INFO - Filling up the DagBag from /home/airflow/.local/lib/python3.7/site-packages/airflow/example_dags/example_params_trigger_ui.py
[2023-08-05T04:09:24.244+0000] {processor.py:836} INFO - DAG(s) dict_keys(['example_params_trigger_ui']) retrieved from /home/airflow/.local/lib/python3.7/site-packages/airflow/example_dags/example_params_trigger_ui.py
[2023-08-05T04:09:24.256+0000] {logging_mixin.py:150} INFO - [2023-08-05T04:09:24.256+0000] {dag.py:2742} INFO - Sync 1 DAGs
[2023-08-05T04:09:24.274+0000] {logging_mixin.py:150} INFO - [2023-08-05T04:09:24.274+0000] {dag.py:3508} INFO - Setting next_dagrun for example_params_trigger_ui to None, run_after=None
[2023-08-05T04:09:24.289+0000] {processor.py:179} INFO - Processing /home/airflow/.local/lib/python3.7/site-packages/airflow/example_dags/example_params_trigger_ui.py took 0.066 seconds
[2023-08-05T04:09:54.783+0000] {processor.py:157} INFO - Started process (PID=114) to work on /home/airflow/.local/lib/python3.7/site-packages/airflow/example_dags/example_params_trigger_ui.py
[2023-08-05T04:09:54.784+0000] {processor.py:826} INFO - Processing file /home/airflow/.local/lib/python3.7/site-packages/airflow/example_dags/example_params_trigger_ui.py for tasks to queue
[2023-08-05T04:09:54.785+0000] {logging_mixin.py:150} INFO - [2023-08-05T04:09:54.785+0000] {dagbag.py:541} INFO - Filling up the DagBag from /home/airflow/.local/lib/python3.7/site-packages/airflow/example_dags/example_params_trigger_ui.py
[2023-08-05T04:09:54.798+0000] {processor.py:836} INFO - DAG(s) dict_keys(['example_params_trigger_ui']) retrieved from /home/airflow/.local/lib/python3.7/site-packages/airflow/example_dags/example_params_trigger_ui.py
[2023-08-05T04:09:54.840+0000] {logging_mixin.py:150} INFO - [2023-08-05T04:09:54.839+0000] {dag.py:2742} INFO - Sync 1 DAGs
[2023-08-05T04:09:54.853+0000] {logging_mixin.py:150} INFO - [2023-08-05T04:09:54.853+0000] {dag.py:3508} INFO - Setting next_dagrun for example_params_trigger_ui to None, run_after=None
[2023-08-05T04:09:54.863+0000] {processor.py:179} INFO - Processing /home/airflow/.local/lib/python3.7/site-packages/airflow/example_dags/example_params_trigger_ui.py took 0.082 seconds
[2023-08-05T04:10:25.011+0000] {processor.py:157} INFO - Started process (PID=172) to work on /home/airflow/.local/lib/python3.7/site-packages/airflow/example_dags/example_params_trigger_ui.py
[2023-08-05T04:10:25.013+0000] {processor.py:826} INFO - Processing file /home/airflow/.local/lib/python3.7/site-packages/airflow/example_dags/example_params_trigger_ui.py for tasks to queue
[2023-08-05T04:10:25.013+0000] {logging_mixin.py:150} INFO - [2023-08-05T04:10:25.013+0000] {dagbag.py:541} INFO - Filling up the DagBag from /home/airflow/.local/lib/python3.7/site-packages/airflow/example_dags/example_params_trigger_ui.py
[2023-08-05T04:10:25.028+0000] {processor.py:836} INFO - DAG(s) dict_keys(['example_params_trigger_ui']) retrieved from /home/airflow/.local/lib/python3.7/site-packages/airflow/example_dags/example_params_trigger_ui.py
[2023-08-05T04:10:25.071+0000] {logging_mixin.py:150} INFO - [2023-08-05T04:10:25.071+0000] {dag.py:2742} INFO - Sync 1 DAGs
[2023-08-05T04:10:25.085+0000] {logging_mixin.py:150} INFO - [2023-08-05T04:10:25.085+0000] {dag.py:3508} INFO - Setting next_dagrun for example_params_trigger_ui to None, run_after=None
[2023-08-05T04:10:25.095+0000] {processor.py:179} INFO - Processing /home/airflow/.local/lib/python3.7/site-packages/airflow/example_dags/example_params_trigger_ui.py took 0.086 seconds
[2023-08-05T04:10:55.206+0000] {processor.py:157} INFO - Started process (PID=230) to work on /home/airflow/.local/lib/python3.7/site-packages/airflow/example_dags/example_params_trigger_ui.py
[2023-08-05T04:10:55.207+0000] {processor.py:826} INFO - Processing file /home/airflow/.local/lib/python3.7/site-packages/airflow/example_dags/example_params_trigger_ui.py for tasks to queue
[2023-08-05T04:10:55.208+0000] {logging_mixin.py:150} INFO - [2023-08-05T04:10:55.208+0000] {dagbag.py:541} INFO - Filling up the DagBag from /home/airflow/.local/lib/python3.7/site-packages/airflow/example_dags/example_params_trigger_ui.py
[2023-08-05T04:10:55.221+0000] {processor.py:836} INFO - DAG(s) dict_keys(['example_params_trigger_ui']) retrieved from /home/airflow/.local/lib/python3.7/site-packages/airflow/example_dags/example_params_trigger_ui.py
[2023-08-05T04:10:55.265+0000] {logging_mixin.py:150} INFO - [2023-08-05T04:10:55.264+0000] {dag.py:2742} INFO - Sync 1 DAGs
[2023-08-05T04:10:55.278+0000] {logging_mixin.py:150} INFO - [2023-08-05T04:10:55.278+0000] {dag.py:3508} INFO - Setting next_dagrun for example_params_trigger_ui to None, run_after=None
[2023-08-05T04:10:55.288+0000] {processor.py:179} INFO - Processing /home/airflow/.local/lib/python3.7/site-packages/airflow/example_dags/example_params_trigger_ui.py took 0.085 seconds
[2023-08-05T04:11:25.429+0000] {processor.py:157} INFO - Started process (PID=288) to work on /home/airflow/.local/lib/python3.7/site-packages/airflow/example_dags/example_params_trigger_ui.py
[2023-08-05T04:11:25.430+0000] {processor.py:826} INFO - Processing file /home/airflow/.local/lib/python3.7/site-packages/airflow/example_dags/example_params_trigger_ui.py for tasks to queue
[2023-08-05T04:11:25.431+0000] {logging_mixin.py:150} INFO - [2023-08-05T04:11:25.430+0000] {dagbag.py:541} INFO - Filling up the DagBag from /home/airflow/.local/lib/python3.7/site-packages/airflow/example_dags/example_params_trigger_ui.py
[2023-08-05T04:11:25.444+0000] {processor.py:836} INFO - DAG(s) dict_keys(['example_params_trigger_ui']) retrieved from /home/airflow/.local/lib/python3.7/site-packages/airflow/example_dags/example_params_trigger_ui.py
[2023-08-05T04:11:25.488+0000] {logging_mixin.py:150} INFO - [2023-08-05T04:11:25.487+0000] {dag.py:2742} INFO - Sync 1 DAGs
[2023-08-05T04:11:25.501+0000] {logging_mixin.py:150} INFO - [2023-08-05T04:11:25.501+0000] {dag.py:3508} INFO - Setting next_dagrun for example_params_trigger_ui to None, run_after=None
[2023-08-05T04:11:25.511+0000] {processor.py:179} INFO - Processing /home/airflow/.local/lib/python3.7/site-packages/airflow/example_dags/example_params_trigger_ui.py took 0.085 seconds
[2023-08-05T04:11:55.619+0000] {processor.py:157} INFO - Started process (PID=346) to work on /home/airflow/.local/lib/python3.7/site-packages/airflow/example_dags/example_params_trigger_ui.py
[2023-08-05T04:11:55.620+0000] {processor.py:826} INFO - Processing file /home/airflow/.local/lib/python3.7/site-packages/airflow/example_dags/example_params_trigger_ui.py for tasks to queue
[2023-08-05T04:11:55.621+0000] {logging_mixin.py:150} INFO - [2023-08-05T04:11:55.621+0000] {dagbag.py:541} INFO - Filling up the DagBag from /home/airflow/.local/lib/python3.7/site-packages/airflow/example_dags/example_params_trigger_ui.py
[2023-08-05T04:11:55.634+0000] {processor.py:836} INFO - DAG(s) dict_keys(['example_params_trigger_ui']) retrieved from /home/airflow/.local/lib/python3.7/site-packages/airflow/example_dags/example_params_trigger_ui.py
[2023-08-05T04:11:55.676+0000] {logging_mixin.py:150} INFO - [2023-08-05T04:11:55.676+0000] {dag.py:2742} INFO - Sync 1 DAGs
[2023-08-05T04:11:55.690+0000] {logging_mixin.py:150} INFO - [2023-08-05T04:11:55.690+0000] {dag.py:3508} INFO - Setting next_dagrun for example_params_trigger_ui to None, run_after=None
[2023-08-05T04:11:55.699+0000] {processor.py:179} INFO - Processing /home/airflow/.local/lib/python3.7/site-packages/airflow/example_dags/example_params_trigger_ui.py took 0.082 seconds
[2023-08-05T04:12:25.892+0000] {processor.py:157} INFO - Started process (PID=404) to work on /home/airflow/.local/lib/python3.7/site-packages/airflow/example_dags/example_params_trigger_ui.py
[2023-08-05T04:12:25.893+0000] {processor.py:826} INFO - Processing file /home/airflow/.local/lib/python3.7/site-packages/airflow/example_dags/example_params_trigger_ui.py for tasks to queue
[2023-08-05T04:12:25.894+0000] {logging_mixin.py:150} INFO - [2023-08-05T04:12:25.893+0000] {dagbag.py:541} INFO - Filling up the DagBag from /home/airflow/.local/lib/python3.7/site-packages/airflow/example_dags/example_params_trigger_ui.py
[2023-08-05T04:12:25.906+0000] {processor.py:836} INFO - DAG(s) dict_keys(['example_params_trigger_ui']) retrieved from /home/airflow/.local/lib/python3.7/site-packages/airflow/example_dags/example_params_trigger_ui.py
[2023-08-05T04:12:25.950+0000] {logging_mixin.py:150} INFO - [2023-08-05T04:12:25.950+0000] {dag.py:2742} INFO - Sync 1 DAGs
[2023-08-05T04:12:25.963+0000] {logging_mixin.py:150} INFO - [2023-08-05T04:12:25.963+0000] {dag.py:3508} INFO - Setting next_dagrun for example_params_trigger_ui to None, run_after=None
[2023-08-05T04:12:25.973+0000] {processor.py:179} INFO - Processing /home/airflow/.local/lib/python3.7/site-packages/airflow/example_dags/example_params_trigger_ui.py took 0.084 seconds
[2023-08-05T04:12:56.109+0000] {processor.py:157} INFO - Started process (PID=462) to work on /home/airflow/.local/lib/python3.7/site-packages/airflow/example_dags/example_params_trigger_ui.py
[2023-08-05T04:12:56.110+0000] {processor.py:826} INFO - Processing file /home/airflow/.local/lib/python3.7/site-packages/airflow/example_dags/example_params_trigger_ui.py for tasks to queue
[2023-08-05T04:12:56.111+0000] {logging_mixin.py:150} INFO - [2023-08-05T04:12:56.110+0000] {dagbag.py:541} INFO - Filling up the DagBag from /home/airflow/.local/lib/python3.7/site-packages/airflow/example_dags/example_params_trigger_ui.py
[2023-08-05T04:12:56.123+0000] {processor.py:836} INFO - DAG(s) dict_keys(['example_params_trigger_ui']) retrieved from /home/airflow/.local/lib/python3.7/site-packages/airflow/example_dags/example_params_trigger_ui.py
[2023-08-05T04:12:56.165+0000] {logging_mixin.py:150} INFO - [2023-08-05T04:12:56.165+0000] {dag.py:2742} INFO - Sync 1 DAGs
[2023-08-05T04:12:56.178+0000] {logging_mixin.py:150} INFO - [2023-08-05T04:12:56.178+0000] {dag.py:3508} INFO - Setting next_dagrun for example_params_trigger_ui to None, run_after=None
[2023-08-05T04:12:56.188+0000] {processor.py:179} INFO - Processing /home/airflow/.local/lib/python3.7/site-packages/airflow/example_dags/example_params_trigger_ui.py took 0.082 seconds
[2023-08-05T04:13:26.316+0000] {processor.py:157} INFO - Started process (PID=532) to work on /home/airflow/.local/lib/python3.7/site-packages/airflow/example_dags/example_params_trigger_ui.py
[2023-08-05T04:13:26.317+0000] {processor.py:826} INFO - Processing file /home/airflow/.local/lib/python3.7/site-packages/airflow/example_dags/example_params_trigger_ui.py for tasks to queue
[2023-08-05T04:13:26.317+0000] {logging_mixin.py:150} INFO - [2023-08-05T04:13:26.317+0000] {dagbag.py:541} INFO - Filling up the DagBag from /home/airflow/.local/lib/python3.7/site-packages/airflow/example_dags/example_params_trigger_ui.py
[2023-08-05T04:13:26.331+0000] {processor.py:836} INFO - DAG(s) dict_keys(['example_params_trigger_ui']) retrieved from /home/airflow/.local/lib/python3.7/site-packages/airflow/example_dags/example_params_trigger_ui.py
[2023-08-05T04:13:26.374+0000] {logging_mixin.py:150} INFO - [2023-08-05T04:13:26.374+0000] {dag.py:2742} INFO - Sync 1 DAGs
[2023-08-05T04:13:26.388+0000] {logging_mixin.py:150} INFO - [2023-08-05T04:13:26.388+0000] {dag.py:3508} INFO - Setting next_dagrun for example_params_trigger_ui to None, run_after=None
[2023-08-05T04:13:26.398+0000] {processor.py:179} INFO - Processing /home/airflow/.local/lib/python3.7/site-packages/airflow/example_dags/example_params_trigger_ui.py took 0.086 seconds
