[2023-08-05T04:09:25.613+0000] {processor.py:157} INFO - Started process (PID=73) to work on /home/airflow/.local/lib/python3.7/site-packages/airflow/example_dags/example_skip_dag.py
[2023-08-05T04:09:25.615+0000] {processor.py:826} INFO - Processing file /home/airflow/.local/lib/python3.7/site-packages/airflow/example_dags/example_skip_dag.py for tasks to queue
[2023-08-05T04:09:25.616+0000] {logging_mixin.py:150} INFO - [2023-08-05T04:09:25.616+0000] {dagbag.py:541} INFO - Filling up the DagBag from /home/airflow/.local/lib/python3.7/site-packages/airflow/example_dags/example_skip_dag.py
[2023-08-05T04:09:25.629+0000] {processor.py:836} INFO - DAG(s) dict_keys(['example_skip_dag']) retrieved from /home/airflow/.local/lib/python3.7/site-packages/airflow/example_dags/example_skip_dag.py
[2023-08-05T04:09:25.647+0000] {logging_mixin.py:150} INFO - [2023-08-05T04:09:25.647+0000] {dag.py:2742} INFO - Sync 1 DAGs
[2023-08-05T04:09:25.674+0000] {logging_mixin.py:150} INFO - [2023-08-05T04:09:25.674+0000] {dag.py:3508} INFO - Setting next_dagrun for example_skip_dag to 2023-08-04T04:09:25.673766+00:00, run_after=2023-08-05T04:09:25.673766+00:00
[2023-08-05T04:09:25.687+0000] {processor.py:179} INFO - Processing /home/airflow/.local/lib/python3.7/site-packages/airflow/example_dags/example_skip_dag.py took 0.079 seconds
[2023-08-05T04:09:56.573+0000] {processor.py:157} INFO - Started process (PID=131) to work on /home/airflow/.local/lib/python3.7/site-packages/airflow/example_dags/example_skip_dag.py
[2023-08-05T04:09:56.574+0000] {processor.py:826} INFO - Processing file /home/airflow/.local/lib/python3.7/site-packages/airflow/example_dags/example_skip_dag.py for tasks to queue
[2023-08-05T04:09:56.575+0000] {logging_mixin.py:150} INFO - [2023-08-05T04:09:56.575+0000] {dagbag.py:541} INFO - Filling up the DagBag from /home/airflow/.local/lib/python3.7/site-packages/airflow/example_dags/example_skip_dag.py
[2023-08-05T04:09:56.581+0000] {processor.py:836} INFO - DAG(s) dict_keys(['example_skip_dag']) retrieved from /home/airflow/.local/lib/python3.7/site-packages/airflow/example_dags/example_skip_dag.py
[2023-08-05T04:09:56.598+0000] {logging_mixin.py:150} INFO - [2023-08-05T04:09:56.598+0000] {dag.py:2742} INFO - Sync 1 DAGs
[2023-08-05T04:09:56.612+0000] {logging_mixin.py:150} INFO - [2023-08-05T04:09:56.612+0000] {dag.py:3508} INFO - Setting next_dagrun for example_skip_dag to 2023-08-04T04:09:56.611999+00:00, run_after=2023-08-05T04:09:56.611999+00:00
[2023-08-05T04:09:56.622+0000] {processor.py:179} INFO - Processing /home/airflow/.local/lib/python3.7/site-packages/airflow/example_dags/example_skip_dag.py took 0.051 seconds
[2023-08-05T04:10:26.853+0000] {processor.py:157} INFO - Started process (PID=189) to work on /home/airflow/.local/lib/python3.7/site-packages/airflow/example_dags/example_skip_dag.py
[2023-08-05T04:10:26.855+0000] {processor.py:826} INFO - Processing file /home/airflow/.local/lib/python3.7/site-packages/airflow/example_dags/example_skip_dag.py for tasks to queue
[2023-08-05T04:10:26.855+0000] {logging_mixin.py:150} INFO - [2023-08-05T04:10:26.855+0000] {dagbag.py:541} INFO - Filling up the DagBag from /home/airflow/.local/lib/python3.7/site-packages/airflow/example_dags/example_skip_dag.py
[2023-08-05T04:10:26.860+0000] {processor.py:836} INFO - DAG(s) dict_keys(['example_skip_dag']) retrieved from /home/airflow/.local/lib/python3.7/site-packages/airflow/example_dags/example_skip_dag.py
[2023-08-05T04:10:26.878+0000] {logging_mixin.py:150} INFO - [2023-08-05T04:10:26.877+0000] {dag.py:2742} INFO - Sync 1 DAGs
[2023-08-05T04:10:26.892+0000] {logging_mixin.py:150} INFO - [2023-08-05T04:10:26.892+0000] {dag.py:3508} INFO - Setting next_dagrun for example_skip_dag to 2023-08-04T04:10:26.891952+00:00, run_after=2023-08-05T04:10:26.891952+00:00
[2023-08-05T04:10:26.901+0000] {processor.py:179} INFO - Processing /home/airflow/.local/lib/python3.7/site-packages/airflow/example_dags/example_skip_dag.py took 0.050 seconds
[2023-08-05T04:10:57.033+0000] {processor.py:157} INFO - Started process (PID=247) to work on /home/airflow/.local/lib/python3.7/site-packages/airflow/example_dags/example_skip_dag.py
[2023-08-05T04:10:57.035+0000] {processor.py:826} INFO - Processing file /home/airflow/.local/lib/python3.7/site-packages/airflow/example_dags/example_skip_dag.py for tasks to queue
[2023-08-05T04:10:57.036+0000] {logging_mixin.py:150} INFO - [2023-08-05T04:10:57.035+0000] {dagbag.py:541} INFO - Filling up the DagBag from /home/airflow/.local/lib/python3.7/site-packages/airflow/example_dags/example_skip_dag.py
[2023-08-05T04:10:57.041+0000] {processor.py:836} INFO - DAG(s) dict_keys(['example_skip_dag']) retrieved from /home/airflow/.local/lib/python3.7/site-packages/airflow/example_dags/example_skip_dag.py
[2023-08-05T04:10:57.059+0000] {logging_mixin.py:150} INFO - [2023-08-05T04:10:57.059+0000] {dag.py:2742} INFO - Sync 1 DAGs
[2023-08-05T04:10:57.073+0000] {logging_mixin.py:150} INFO - [2023-08-05T04:10:57.073+0000] {dag.py:3508} INFO - Setting next_dagrun for example_skip_dag to 2023-08-04T04:10:57.073187+00:00, run_after=2023-08-05T04:10:57.073187+00:00
[2023-08-05T04:10:57.083+0000] {processor.py:179} INFO - Processing /home/airflow/.local/lib/python3.7/site-packages/airflow/example_dags/example_skip_dag.py took 0.052 seconds
[2023-08-05T04:11:27.312+0000] {processor.py:157} INFO - Started process (PID=305) to work on /home/airflow/.local/lib/python3.7/site-packages/airflow/example_dags/example_skip_dag.py
[2023-08-05T04:11:27.313+0000] {processor.py:826} INFO - Processing file /home/airflow/.local/lib/python3.7/site-packages/airflow/example_dags/example_skip_dag.py for tasks to queue
[2023-08-05T04:11:27.314+0000] {logging_mixin.py:150} INFO - [2023-08-05T04:11:27.314+0000] {dagbag.py:541} INFO - Filling up the DagBag from /home/airflow/.local/lib/python3.7/site-packages/airflow/example_dags/example_skip_dag.py
[2023-08-05T04:11:27.319+0000] {processor.py:836} INFO - DAG(s) dict_keys(['example_skip_dag']) retrieved from /home/airflow/.local/lib/python3.7/site-packages/airflow/example_dags/example_skip_dag.py
[2023-08-05T04:11:27.337+0000] {logging_mixin.py:150} INFO - [2023-08-05T04:11:27.337+0000] {dag.py:2742} INFO - Sync 1 DAGs
[2023-08-05T04:11:27.351+0000] {logging_mixin.py:150} INFO - [2023-08-05T04:11:27.350+0000] {dag.py:3508} INFO - Setting next_dagrun for example_skip_dag to 2023-08-04T04:11:27.350779+00:00, run_after=2023-08-05T04:11:27.350779+00:00
[2023-08-05T04:11:27.359+0000] {processor.py:179} INFO - Processing /home/airflow/.local/lib/python3.7/site-packages/airflow/example_dags/example_skip_dag.py took 0.050 seconds
[2023-08-05T04:11:57.447+0000] {processor.py:157} INFO - Started process (PID=363) to work on /home/airflow/.local/lib/python3.7/site-packages/airflow/example_dags/example_skip_dag.py
[2023-08-05T04:11:57.448+0000] {processor.py:826} INFO - Processing file /home/airflow/.local/lib/python3.7/site-packages/airflow/example_dags/example_skip_dag.py for tasks to queue
[2023-08-05T04:11:57.449+0000] {logging_mixin.py:150} INFO - [2023-08-05T04:11:57.448+0000] {dagbag.py:541} INFO - Filling up the DagBag from /home/airflow/.local/lib/python3.7/site-packages/airflow/example_dags/example_skip_dag.py
[2023-08-05T04:11:57.454+0000] {processor.py:836} INFO - DAG(s) dict_keys(['example_skip_dag']) retrieved from /home/airflow/.local/lib/python3.7/site-packages/airflow/example_dags/example_skip_dag.py
[2023-08-05T04:11:57.470+0000] {logging_mixin.py:150} INFO - [2023-08-05T04:11:57.470+0000] {dag.py:2742} INFO - Sync 1 DAGs
[2023-08-05T04:11:57.484+0000] {logging_mixin.py:150} INFO - [2023-08-05T04:11:57.484+0000] {dag.py:3508} INFO - Setting next_dagrun for example_skip_dag to 2023-08-04T04:11:57.483832+00:00, run_after=2023-08-05T04:11:57.483832+00:00
[2023-08-05T04:11:57.494+0000] {processor.py:179} INFO - Processing /home/airflow/.local/lib/python3.7/site-packages/airflow/example_dags/example_skip_dag.py took 0.049 seconds
[2023-08-05T04:12:27.704+0000] {processor.py:157} INFO - Started process (PID=421) to work on /home/airflow/.local/lib/python3.7/site-packages/airflow/example_dags/example_skip_dag.py
[2023-08-05T04:12:27.705+0000] {processor.py:826} INFO - Processing file /home/airflow/.local/lib/python3.7/site-packages/airflow/example_dags/example_skip_dag.py for tasks to queue
[2023-08-05T04:12:27.706+0000] {logging_mixin.py:150} INFO - [2023-08-05T04:12:27.706+0000] {dagbag.py:541} INFO - Filling up the DagBag from /home/airflow/.local/lib/python3.7/site-packages/airflow/example_dags/example_skip_dag.py
[2023-08-05T04:12:27.711+0000] {processor.py:836} INFO - DAG(s) dict_keys(['example_skip_dag']) retrieved from /home/airflow/.local/lib/python3.7/site-packages/airflow/example_dags/example_skip_dag.py
[2023-08-05T04:12:27.730+0000] {logging_mixin.py:150} INFO - [2023-08-05T04:12:27.729+0000] {dag.py:2742} INFO - Sync 1 DAGs
[2023-08-05T04:12:27.743+0000] {logging_mixin.py:150} INFO - [2023-08-05T04:12:27.743+0000] {dag.py:3508} INFO - Setting next_dagrun for example_skip_dag to 2023-08-04T04:12:27.743349+00:00, run_after=2023-08-05T04:12:27.743349+00:00
[2023-08-05T04:12:27.753+0000] {processor.py:179} INFO - Processing /home/airflow/.local/lib/python3.7/site-packages/airflow/example_dags/example_skip_dag.py took 0.052 seconds
[2023-08-05T04:12:57.879+0000] {processor.py:157} INFO - Started process (PID=479) to work on /home/airflow/.local/lib/python3.7/site-packages/airflow/example_dags/example_skip_dag.py
[2023-08-05T04:12:57.880+0000] {processor.py:826} INFO - Processing file /home/airflow/.local/lib/python3.7/site-packages/airflow/example_dags/example_skip_dag.py for tasks to queue
[2023-08-05T04:12:57.881+0000] {logging_mixin.py:150} INFO - [2023-08-05T04:12:57.880+0000] {dagbag.py:541} INFO - Filling up the DagBag from /home/airflow/.local/lib/python3.7/site-packages/airflow/example_dags/example_skip_dag.py
[2023-08-05T04:12:57.886+0000] {processor.py:836} INFO - DAG(s) dict_keys(['example_skip_dag']) retrieved from /home/airflow/.local/lib/python3.7/site-packages/airflow/example_dags/example_skip_dag.py
[2023-08-05T04:12:57.902+0000] {logging_mixin.py:150} INFO - [2023-08-05T04:12:57.902+0000] {dag.py:2742} INFO - Sync 1 DAGs
[2023-08-05T04:12:57.916+0000] {logging_mixin.py:150} INFO - [2023-08-05T04:12:57.916+0000] {dag.py:3508} INFO - Setting next_dagrun for example_skip_dag to 2023-08-04T04:12:57.916716+00:00, run_after=2023-08-05T04:12:57.916716+00:00
[2023-08-05T04:12:57.927+0000] {processor.py:179} INFO - Processing /home/airflow/.local/lib/python3.7/site-packages/airflow/example_dags/example_skip_dag.py took 0.051 seconds
[2023-08-05T04:13:28.316+0000] {processor.py:157} INFO - Started process (PID=549) to work on /home/airflow/.local/lib/python3.7/site-packages/airflow/example_dags/example_skip_dag.py
[2023-08-05T04:13:28.318+0000] {processor.py:826} INFO - Processing file /home/airflow/.local/lib/python3.7/site-packages/airflow/example_dags/example_skip_dag.py for tasks to queue
[2023-08-05T04:13:28.318+0000] {logging_mixin.py:150} INFO - [2023-08-05T04:13:28.318+0000] {dagbag.py:541} INFO - Filling up the DagBag from /home/airflow/.local/lib/python3.7/site-packages/airflow/example_dags/example_skip_dag.py
[2023-08-05T04:13:28.324+0000] {processor.py:836} INFO - DAG(s) dict_keys(['example_skip_dag']) retrieved from /home/airflow/.local/lib/python3.7/site-packages/airflow/example_dags/example_skip_dag.py
[2023-08-05T04:13:28.381+0000] {logging_mixin.py:150} INFO - [2023-08-05T04:13:28.381+0000] {dag.py:2742} INFO - Sync 1 DAGs
[2023-08-05T04:13:28.416+0000] {logging_mixin.py:150} INFO - [2023-08-05T04:13:28.416+0000] {dag.py:3508} INFO - Setting next_dagrun for example_skip_dag to 2023-08-04T04:13:28.416178+00:00, run_after=2023-08-05T04:13:28.416178+00:00
[2023-08-05T04:13:28.429+0000] {processor.py:179} INFO - Processing /home/airflow/.local/lib/python3.7/site-packages/airflow/example_dags/example_skip_dag.py took 0.116 seconds
