[2023-08-05T04:09:24.782+0000] {processor.py:157} INFO - Started process (PID=62) to work on /home/airflow/.local/lib/python3.7/site-packages/airflow/example_dags/tutorial_dag.py
[2023-08-05T04:09:24.783+0000] {processor.py:826} INFO - Processing file /home/airflow/.local/lib/python3.7/site-packages/airflow/example_dags/tutorial_dag.py for tasks to queue
[2023-08-05T04:09:24.784+0000] {logging_mixin.py:150} INFO - [2023-08-05T04:09:24.783+0000] {dagbag.py:541} INFO - Filling up the DagBag from /home/airflow/.local/lib/python3.7/site-packages/airflow/example_dags/tutorial_dag.py
[2023-08-05T04:09:24.792+0000] {processor.py:836} INFO - DAG(s) dict_keys(['tutorial_dag']) retrieved from /home/airflow/.local/lib/python3.7/site-packages/airflow/example_dags/tutorial_dag.py
[2023-08-05T04:09:24.814+0000] {logging_mixin.py:150} INFO - [2023-08-05T04:09:24.814+0000] {dag.py:2742} INFO - Sync 1 DAGs
[2023-08-05T04:09:24.840+0000] {logging_mixin.py:150} INFO - [2023-08-05T04:09:24.840+0000] {dag.py:3508} INFO - Setting next_dagrun for tutorial_dag to None, run_after=None
[2023-08-05T04:09:24.858+0000] {processor.py:179} INFO - Processing /home/airflow/.local/lib/python3.7/site-packages/airflow/example_dags/tutorial_dag.py took 0.079 seconds
[2023-08-05T04:09:55.011+0000] {processor.py:157} INFO - Started process (PID=119) to work on /home/airflow/.local/lib/python3.7/site-packages/airflow/example_dags/tutorial_dag.py
[2023-08-05T04:09:55.012+0000] {processor.py:826} INFO - Processing file /home/airflow/.local/lib/python3.7/site-packages/airflow/example_dags/tutorial_dag.py for tasks to queue
[2023-08-05T04:09:55.013+0000] {logging_mixin.py:150} INFO - [2023-08-05T04:09:55.012+0000] {dagbag.py:541} INFO - Filling up the DagBag from /home/airflow/.local/lib/python3.7/site-packages/airflow/example_dags/tutorial_dag.py
[2023-08-05T04:09:55.017+0000] {processor.py:836} INFO - DAG(s) dict_keys(['tutorial_dag']) retrieved from /home/airflow/.local/lib/python3.7/site-packages/airflow/example_dags/tutorial_dag.py
[2023-08-05T04:09:55.034+0000] {logging_mixin.py:150} INFO - [2023-08-05T04:09:55.034+0000] {dag.py:2742} INFO - Sync 1 DAGs
[2023-08-05T04:09:55.047+0000] {logging_mixin.py:150} INFO - [2023-08-05T04:09:55.047+0000] {dag.py:3508} INFO - Setting next_dagrun for tutorial_dag to None, run_after=None
[2023-08-05T04:09:55.057+0000] {processor.py:179} INFO - Processing /home/airflow/.local/lib/python3.7/site-packages/airflow/example_dags/tutorial_dag.py took 0.048 seconds
[2023-08-05T04:10:25.312+0000] {processor.py:157} INFO - Started process (PID=177) to work on /home/airflow/.local/lib/python3.7/site-packages/airflow/example_dags/tutorial_dag.py
[2023-08-05T04:10:25.313+0000] {processor.py:826} INFO - Processing file /home/airflow/.local/lib/python3.7/site-packages/airflow/example_dags/tutorial_dag.py for tasks to queue
[2023-08-05T04:10:25.314+0000] {logging_mixin.py:150} INFO - [2023-08-05T04:10:25.314+0000] {dagbag.py:541} INFO - Filling up the DagBag from /home/airflow/.local/lib/python3.7/site-packages/airflow/example_dags/tutorial_dag.py
[2023-08-05T04:10:25.318+0000] {processor.py:836} INFO - DAG(s) dict_keys(['tutorial_dag']) retrieved from /home/airflow/.local/lib/python3.7/site-packages/airflow/example_dags/tutorial_dag.py
[2023-08-05T04:10:25.335+0000] {logging_mixin.py:150} INFO - [2023-08-05T04:10:25.335+0000] {dag.py:2742} INFO - Sync 1 DAGs
[2023-08-05T04:10:25.350+0000] {logging_mixin.py:150} INFO - [2023-08-05T04:10:25.350+0000] {dag.py:3508} INFO - Setting next_dagrun for tutorial_dag to None, run_after=None
[2023-08-05T04:10:25.360+0000] {processor.py:179} INFO - Processing /home/airflow/.local/lib/python3.7/site-packages/airflow/example_dags/tutorial_dag.py took 0.049 seconds
[2023-08-05T04:10:55.443+0000] {processor.py:157} INFO - Started process (PID=236) to work on /home/airflow/.local/lib/python3.7/site-packages/airflow/example_dags/tutorial_dag.py
[2023-08-05T04:10:55.444+0000] {processor.py:826} INFO - Processing file /home/airflow/.local/lib/python3.7/site-packages/airflow/example_dags/tutorial_dag.py for tasks to queue
[2023-08-05T04:10:55.445+0000] {logging_mixin.py:150} INFO - [2023-08-05T04:10:55.445+0000] {dagbag.py:541} INFO - Filling up the DagBag from /home/airflow/.local/lib/python3.7/site-packages/airflow/example_dags/tutorial_dag.py
[2023-08-05T04:10:55.449+0000] {processor.py:836} INFO - DAG(s) dict_keys(['tutorial_dag']) retrieved from /home/airflow/.local/lib/python3.7/site-packages/airflow/example_dags/tutorial_dag.py
[2023-08-05T04:10:55.466+0000] {logging_mixin.py:150} INFO - [2023-08-05T04:10:55.466+0000] {dag.py:2742} INFO - Sync 1 DAGs
[2023-08-05T04:10:55.480+0000] {logging_mixin.py:150} INFO - [2023-08-05T04:10:55.480+0000] {dag.py:3508} INFO - Setting next_dagrun for tutorial_dag to None, run_after=None
[2023-08-05T04:10:55.489+0000] {processor.py:179} INFO - Processing /home/airflow/.local/lib/python3.7/site-packages/airflow/example_dags/tutorial_dag.py took 0.049 seconds
[2023-08-05T04:11:25.733+0000] {processor.py:157} INFO - Started process (PID=293) to work on /home/airflow/.local/lib/python3.7/site-packages/airflow/example_dags/tutorial_dag.py
[2023-08-05T04:11:25.734+0000] {processor.py:826} INFO - Processing file /home/airflow/.local/lib/python3.7/site-packages/airflow/example_dags/tutorial_dag.py for tasks to queue
[2023-08-05T04:11:25.735+0000] {logging_mixin.py:150} INFO - [2023-08-05T04:11:25.735+0000] {dagbag.py:541} INFO - Filling up the DagBag from /home/airflow/.local/lib/python3.7/site-packages/airflow/example_dags/tutorial_dag.py
[2023-08-05T04:11:25.739+0000] {processor.py:836} INFO - DAG(s) dict_keys(['tutorial_dag']) retrieved from /home/airflow/.local/lib/python3.7/site-packages/airflow/example_dags/tutorial_dag.py
[2023-08-05T04:11:25.758+0000] {logging_mixin.py:150} INFO - [2023-08-05T04:11:25.758+0000] {dag.py:2742} INFO - Sync 1 DAGs
[2023-08-05T04:11:25.773+0000] {logging_mixin.py:150} INFO - [2023-08-05T04:11:25.772+0000] {dag.py:3508} INFO - Setting next_dagrun for tutorial_dag to None, run_after=None
[2023-08-05T04:11:25.782+0000] {processor.py:179} INFO - Processing /home/airflow/.local/lib/python3.7/site-packages/airflow/example_dags/tutorial_dag.py took 0.052 seconds
[2023-08-05T04:11:55.851+0000] {processor.py:157} INFO - Started process (PID=352) to work on /home/airflow/.local/lib/python3.7/site-packages/airflow/example_dags/tutorial_dag.py
[2023-08-05T04:11:55.852+0000] {processor.py:826} INFO - Processing file /home/airflow/.local/lib/python3.7/site-packages/airflow/example_dags/tutorial_dag.py for tasks to queue
[2023-08-05T04:11:55.853+0000] {logging_mixin.py:150} INFO - [2023-08-05T04:11:55.852+0000] {dagbag.py:541} INFO - Filling up the DagBag from /home/airflow/.local/lib/python3.7/site-packages/airflow/example_dags/tutorial_dag.py
[2023-08-05T04:11:55.857+0000] {processor.py:836} INFO - DAG(s) dict_keys(['tutorial_dag']) retrieved from /home/airflow/.local/lib/python3.7/site-packages/airflow/example_dags/tutorial_dag.py
[2023-08-05T04:11:55.874+0000] {logging_mixin.py:150} INFO - [2023-08-05T04:11:55.874+0000] {dag.py:2742} INFO - Sync 1 DAGs
[2023-08-05T04:11:55.887+0000] {logging_mixin.py:150} INFO - [2023-08-05T04:11:55.887+0000] {dag.py:3508} INFO - Setting next_dagrun for tutorial_dag to None, run_after=None
[2023-08-05T04:11:55.896+0000] {processor.py:179} INFO - Processing /home/airflow/.local/lib/python3.7/site-packages/airflow/example_dags/tutorial_dag.py took 0.047 seconds
[2023-08-05T04:12:26.189+0000] {processor.py:157} INFO - Started process (PID=409) to work on /home/airflow/.local/lib/python3.7/site-packages/airflow/example_dags/tutorial_dag.py
[2023-08-05T04:12:26.190+0000] {processor.py:826} INFO - Processing file /home/airflow/.local/lib/python3.7/site-packages/airflow/example_dags/tutorial_dag.py for tasks to queue
[2023-08-05T04:12:26.190+0000] {logging_mixin.py:150} INFO - [2023-08-05T04:12:26.190+0000] {dagbag.py:541} INFO - Filling up the DagBag from /home/airflow/.local/lib/python3.7/site-packages/airflow/example_dags/tutorial_dag.py
[2023-08-05T04:12:26.194+0000] {processor.py:836} INFO - DAG(s) dict_keys(['tutorial_dag']) retrieved from /home/airflow/.local/lib/python3.7/site-packages/airflow/example_dags/tutorial_dag.py
[2023-08-05T04:12:26.212+0000] {logging_mixin.py:150} INFO - [2023-08-05T04:12:26.212+0000] {dag.py:2742} INFO - Sync 1 DAGs
[2023-08-05T04:12:26.227+0000] {logging_mixin.py:150} INFO - [2023-08-05T04:12:26.226+0000] {dag.py:3508} INFO - Setting next_dagrun for tutorial_dag to None, run_after=None
[2023-08-05T04:12:26.236+0000] {processor.py:179} INFO - Processing /home/airflow/.local/lib/python3.7/site-packages/airflow/example_dags/tutorial_dag.py took 0.050 seconds
[2023-08-05T04:12:56.325+0000] {processor.py:157} INFO - Started process (PID=467) to work on /home/airflow/.local/lib/python3.7/site-packages/airflow/example_dags/tutorial_dag.py
[2023-08-05T04:12:56.326+0000] {processor.py:826} INFO - Processing file /home/airflow/.local/lib/python3.7/site-packages/airflow/example_dags/tutorial_dag.py for tasks to queue
[2023-08-05T04:12:56.327+0000] {logging_mixin.py:150} INFO - [2023-08-05T04:12:56.327+0000] {dagbag.py:541} INFO - Filling up the DagBag from /home/airflow/.local/lib/python3.7/site-packages/airflow/example_dags/tutorial_dag.py
[2023-08-05T04:12:56.331+0000] {processor.py:836} INFO - DAG(s) dict_keys(['tutorial_dag']) retrieved from /home/airflow/.local/lib/python3.7/site-packages/airflow/example_dags/tutorial_dag.py
[2023-08-05T04:12:56.348+0000] {logging_mixin.py:150} INFO - [2023-08-05T04:12:56.348+0000] {dag.py:2742} INFO - Sync 1 DAGs
[2023-08-05T04:12:56.363+0000] {logging_mixin.py:150} INFO - [2023-08-05T04:12:56.363+0000] {dag.py:3508} INFO - Setting next_dagrun for tutorial_dag to None, run_after=None
[2023-08-05T04:12:56.373+0000] {processor.py:179} INFO - Processing /home/airflow/.local/lib/python3.7/site-packages/airflow/example_dags/tutorial_dag.py took 0.051 seconds
[2023-08-05T04:13:26.615+0000] {processor.py:157} INFO - Started process (PID=537) to work on /home/airflow/.local/lib/python3.7/site-packages/airflow/example_dags/tutorial_dag.py
[2023-08-05T04:13:26.617+0000] {processor.py:826} INFO - Processing file /home/airflow/.local/lib/python3.7/site-packages/airflow/example_dags/tutorial_dag.py for tasks to queue
[2023-08-05T04:13:26.617+0000] {logging_mixin.py:150} INFO - [2023-08-05T04:13:26.617+0000] {dagbag.py:541} INFO - Filling up the DagBag from /home/airflow/.local/lib/python3.7/site-packages/airflow/example_dags/tutorial_dag.py
[2023-08-05T04:13:26.622+0000] {processor.py:836} INFO - DAG(s) dict_keys(['tutorial_dag']) retrieved from /home/airflow/.local/lib/python3.7/site-packages/airflow/example_dags/tutorial_dag.py
[2023-08-05T04:13:26.641+0000] {logging_mixin.py:150} INFO - [2023-08-05T04:13:26.641+0000] {dag.py:2742} INFO - Sync 1 DAGs
[2023-08-05T04:13:26.656+0000] {logging_mixin.py:150} INFO - [2023-08-05T04:13:26.656+0000] {dag.py:3508} INFO - Setting next_dagrun for tutorial_dag to None, run_after=None
[2023-08-05T04:13:26.666+0000] {processor.py:179} INFO - Processing /home/airflow/.local/lib/python3.7/site-packages/airflow/example_dags/tutorial_dag.py took 0.054 seconds
