[2023-08-05T04:09:23.450+0000] {processor.py:157} INFO - Started process (PID=37) to work on /home/airflow/.local/lib/python3.7/site-packages/airflow/example_dags/tutorial_taskflow_api.py
[2023-08-05T04:09:23.451+0000] {processor.py:826} INFO - Processing file /home/airflow/.local/lib/python3.7/site-packages/airflow/example_dags/tutorial_taskflow_api.py for tasks to queue
[2023-08-05T04:09:23.452+0000] {logging_mixin.py:150} INFO - [2023-08-05T04:09:23.452+0000] {dagbag.py:541} INFO - Filling up the DagBag from /home/airflow/.local/lib/python3.7/site-packages/airflow/example_dags/tutorial_taskflow_api.py
[2023-08-05T04:09:23.465+0000] {processor.py:836} INFO - DAG(s) dict_keys(['tutorial_taskflow_api']) retrieved from /home/airflow/.local/lib/python3.7/site-packages/airflow/example_dags/tutorial_taskflow_api.py
[2023-08-05T04:09:23.481+0000] {logging_mixin.py:150} INFO - [2023-08-05T04:09:23.481+0000] {dag.py:2742} INFO - Sync 1 DAGs
[2023-08-05T04:09:23.498+0000] {logging_mixin.py:150} INFO - [2023-08-05T04:09:23.498+0000] {dag.py:3508} INFO - Setting next_dagrun for tutorial_taskflow_api to None, run_after=None
[2023-08-05T04:09:23.512+0000] {processor.py:179} INFO - Processing /home/airflow/.local/lib/python3.7/site-packages/airflow/example_dags/tutorial_taskflow_api.py took 0.065 seconds
[2023-08-05T04:09:54.128+0000] {processor.py:157} INFO - Started process (PID=95) to work on /home/airflow/.local/lib/python3.7/site-packages/airflow/example_dags/tutorial_taskflow_api.py
[2023-08-05T04:09:54.129+0000] {processor.py:826} INFO - Processing file /home/airflow/.local/lib/python3.7/site-packages/airflow/example_dags/tutorial_taskflow_api.py for tasks to queue
[2023-08-05T04:09:54.130+0000] {logging_mixin.py:150} INFO - [2023-08-05T04:09:54.130+0000] {dagbag.py:541} INFO - Filling up the DagBag from /home/airflow/.local/lib/python3.7/site-packages/airflow/example_dags/tutorial_taskflow_api.py
[2023-08-05T04:09:54.135+0000] {processor.py:836} INFO - DAG(s) dict_keys(['tutorial_taskflow_api']) retrieved from /home/airflow/.local/lib/python3.7/site-packages/airflow/example_dags/tutorial_taskflow_api.py
[2023-08-05T04:09:54.151+0000] {logging_mixin.py:150} INFO - [2023-08-05T04:09:54.151+0000] {dag.py:2742} INFO - Sync 1 DAGs
[2023-08-05T04:09:54.166+0000] {logging_mixin.py:150} INFO - [2023-08-05T04:09:54.166+0000] {dag.py:3508} INFO - Setting next_dagrun for tutorial_taskflow_api to None, run_after=None
[2023-08-05T04:09:54.175+0000] {processor.py:179} INFO - Processing /home/airflow/.local/lib/python3.7/site-packages/airflow/example_dags/tutorial_taskflow_api.py took 0.050 seconds
[2023-08-05T04:10:24.304+0000] {processor.py:157} INFO - Started process (PID=153) to work on /home/airflow/.local/lib/python3.7/site-packages/airflow/example_dags/tutorial_taskflow_api.py
[2023-08-05T04:10:24.305+0000] {processor.py:826} INFO - Processing file /home/airflow/.local/lib/python3.7/site-packages/airflow/example_dags/tutorial_taskflow_api.py for tasks to queue
[2023-08-05T04:10:24.306+0000] {logging_mixin.py:150} INFO - [2023-08-05T04:10:24.305+0000] {dagbag.py:541} INFO - Filling up the DagBag from /home/airflow/.local/lib/python3.7/site-packages/airflow/example_dags/tutorial_taskflow_api.py
[2023-08-05T04:10:24.311+0000] {processor.py:836} INFO - DAG(s) dict_keys(['tutorial_taskflow_api']) retrieved from /home/airflow/.local/lib/python3.7/site-packages/airflow/example_dags/tutorial_taskflow_api.py
[2023-08-05T04:10:24.329+0000] {logging_mixin.py:150} INFO - [2023-08-05T04:10:24.329+0000] {dag.py:2742} INFO - Sync 1 DAGs
[2023-08-05T04:10:24.344+0000] {logging_mixin.py:150} INFO - [2023-08-05T04:10:24.344+0000] {dag.py:3508} INFO - Setting next_dagrun for tutorial_taskflow_api to None, run_after=None
[2023-08-05T04:10:24.354+0000] {processor.py:179} INFO - Processing /home/airflow/.local/lib/python3.7/site-packages/airflow/example_dags/tutorial_taskflow_api.py took 0.053 seconds
[2023-08-05T04:10:54.546+0000] {processor.py:157} INFO - Started process (PID=211) to work on /home/airflow/.local/lib/python3.7/site-packages/airflow/example_dags/tutorial_taskflow_api.py
[2023-08-05T04:10:54.547+0000] {processor.py:826} INFO - Processing file /home/airflow/.local/lib/python3.7/site-packages/airflow/example_dags/tutorial_taskflow_api.py for tasks to queue
[2023-08-05T04:10:54.548+0000] {logging_mixin.py:150} INFO - [2023-08-05T04:10:54.548+0000] {dagbag.py:541} INFO - Filling up the DagBag from /home/airflow/.local/lib/python3.7/site-packages/airflow/example_dags/tutorial_taskflow_api.py
[2023-08-05T04:10:54.552+0000] {processor.py:836} INFO - DAG(s) dict_keys(['tutorial_taskflow_api']) retrieved from /home/airflow/.local/lib/python3.7/site-packages/airflow/example_dags/tutorial_taskflow_api.py
[2023-08-05T04:10:54.569+0000] {logging_mixin.py:150} INFO - [2023-08-05T04:10:54.569+0000] {dag.py:2742} INFO - Sync 1 DAGs
[2023-08-05T04:10:54.583+0000] {logging_mixin.py:150} INFO - [2023-08-05T04:10:54.582+0000] {dag.py:3508} INFO - Setting next_dagrun for tutorial_taskflow_api to None, run_after=None
[2023-08-05T04:10:54.591+0000] {processor.py:179} INFO - Processing /home/airflow/.local/lib/python3.7/site-packages/airflow/example_dags/tutorial_taskflow_api.py took 0.048 seconds
[2023-08-05T04:11:24.709+0000] {processor.py:157} INFO - Started process (PID=269) to work on /home/airflow/.local/lib/python3.7/site-packages/airflow/example_dags/tutorial_taskflow_api.py
[2023-08-05T04:11:24.710+0000] {processor.py:826} INFO - Processing file /home/airflow/.local/lib/python3.7/site-packages/airflow/example_dags/tutorial_taskflow_api.py for tasks to queue
[2023-08-05T04:11:24.711+0000] {logging_mixin.py:150} INFO - [2023-08-05T04:11:24.711+0000] {dagbag.py:541} INFO - Filling up the DagBag from /home/airflow/.local/lib/python3.7/site-packages/airflow/example_dags/tutorial_taskflow_api.py
[2023-08-05T04:11:24.716+0000] {processor.py:836} INFO - DAG(s) dict_keys(['tutorial_taskflow_api']) retrieved from /home/airflow/.local/lib/python3.7/site-packages/airflow/example_dags/tutorial_taskflow_api.py
[2023-08-05T04:11:24.734+0000] {logging_mixin.py:150} INFO - [2023-08-05T04:11:24.734+0000] {dag.py:2742} INFO - Sync 1 DAGs
[2023-08-05T04:11:24.748+0000] {logging_mixin.py:150} INFO - [2023-08-05T04:11:24.748+0000] {dag.py:3508} INFO - Setting next_dagrun for tutorial_taskflow_api to None, run_after=None
[2023-08-05T04:11:24.758+0000] {processor.py:179} INFO - Processing /home/airflow/.local/lib/python3.7/site-packages/airflow/example_dags/tutorial_taskflow_api.py took 0.052 seconds
[2023-08-05T04:11:54.946+0000] {processor.py:157} INFO - Started process (PID=327) to work on /home/airflow/.local/lib/python3.7/site-packages/airflow/example_dags/tutorial_taskflow_api.py
[2023-08-05T04:11:54.947+0000] {processor.py:826} INFO - Processing file /home/airflow/.local/lib/python3.7/site-packages/airflow/example_dags/tutorial_taskflow_api.py for tasks to queue
[2023-08-05T04:11:54.947+0000] {logging_mixin.py:150} INFO - [2023-08-05T04:11:54.947+0000] {dagbag.py:541} INFO - Filling up the DagBag from /home/airflow/.local/lib/python3.7/site-packages/airflow/example_dags/tutorial_taskflow_api.py
[2023-08-05T04:11:54.952+0000] {processor.py:836} INFO - DAG(s) dict_keys(['tutorial_taskflow_api']) retrieved from /home/airflow/.local/lib/python3.7/site-packages/airflow/example_dags/tutorial_taskflow_api.py
[2023-08-05T04:11:54.968+0000] {logging_mixin.py:150} INFO - [2023-08-05T04:11:54.968+0000] {dag.py:2742} INFO - Sync 1 DAGs
[2023-08-05T04:11:54.981+0000] {logging_mixin.py:150} INFO - [2023-08-05T04:11:54.981+0000] {dag.py:3508} INFO - Setting next_dagrun for tutorial_taskflow_api to None, run_after=None
[2023-08-05T04:11:54.991+0000] {processor.py:179} INFO - Processing /home/airflow/.local/lib/python3.7/site-packages/airflow/example_dags/tutorial_taskflow_api.py took 0.047 seconds
[2023-08-05T04:12:25.118+0000] {processor.py:157} INFO - Started process (PID=385) to work on /home/airflow/.local/lib/python3.7/site-packages/airflow/example_dags/tutorial_taskflow_api.py
[2023-08-05T04:12:25.119+0000] {processor.py:826} INFO - Processing file /home/airflow/.local/lib/python3.7/site-packages/airflow/example_dags/tutorial_taskflow_api.py for tasks to queue
[2023-08-05T04:12:25.120+0000] {logging_mixin.py:150} INFO - [2023-08-05T04:12:25.120+0000] {dagbag.py:541} INFO - Filling up the DagBag from /home/airflow/.local/lib/python3.7/site-packages/airflow/example_dags/tutorial_taskflow_api.py
[2023-08-05T04:12:25.125+0000] {processor.py:836} INFO - DAG(s) dict_keys(['tutorial_taskflow_api']) retrieved from /home/airflow/.local/lib/python3.7/site-packages/airflow/example_dags/tutorial_taskflow_api.py
[2023-08-05T04:12:25.144+0000] {logging_mixin.py:150} INFO - [2023-08-05T04:12:25.144+0000] {dag.py:2742} INFO - Sync 1 DAGs
[2023-08-05T04:12:25.166+0000] {logging_mixin.py:150} INFO - [2023-08-05T04:12:25.166+0000] {dag.py:3508} INFO - Setting next_dagrun for tutorial_taskflow_api to None, run_after=None
[2023-08-05T04:12:25.190+0000] {processor.py:179} INFO - Processing /home/airflow/.local/lib/python3.7/site-packages/airflow/example_dags/tutorial_taskflow_api.py took 0.076 seconds
[2023-08-05T04:12:55.407+0000] {processor.py:157} INFO - Started process (PID=443) to work on /home/airflow/.local/lib/python3.7/site-packages/airflow/example_dags/tutorial_taskflow_api.py
[2023-08-05T04:12:55.408+0000] {processor.py:826} INFO - Processing file /home/airflow/.local/lib/python3.7/site-packages/airflow/example_dags/tutorial_taskflow_api.py for tasks to queue
[2023-08-05T04:12:55.408+0000] {logging_mixin.py:150} INFO - [2023-08-05T04:12:55.408+0000] {dagbag.py:541} INFO - Filling up the DagBag from /home/airflow/.local/lib/python3.7/site-packages/airflow/example_dags/tutorial_taskflow_api.py
[2023-08-05T04:12:55.413+0000] {processor.py:836} INFO - DAG(s) dict_keys(['tutorial_taskflow_api']) retrieved from /home/airflow/.local/lib/python3.7/site-packages/airflow/example_dags/tutorial_taskflow_api.py
[2023-08-05T04:12:55.430+0000] {logging_mixin.py:150} INFO - [2023-08-05T04:12:55.429+0000] {dag.py:2742} INFO - Sync 1 DAGs
[2023-08-05T04:12:55.443+0000] {logging_mixin.py:150} INFO - [2023-08-05T04:12:55.443+0000] {dag.py:3508} INFO - Setting next_dagrun for tutorial_taskflow_api to None, run_after=None
[2023-08-05T04:12:55.453+0000] {processor.py:179} INFO - Processing /home/airflow/.local/lib/python3.7/site-packages/airflow/example_dags/tutorial_taskflow_api.py took 0.048 seconds
[2023-08-05T04:13:25.637+0000] {processor.py:157} INFO - Started process (PID=513) to work on /home/airflow/.local/lib/python3.7/site-packages/airflow/example_dags/tutorial_taskflow_api.py
[2023-08-05T04:13:25.638+0000] {processor.py:826} INFO - Processing file /home/airflow/.local/lib/python3.7/site-packages/airflow/example_dags/tutorial_taskflow_api.py for tasks to queue
[2023-08-05T04:13:25.639+0000] {logging_mixin.py:150} INFO - [2023-08-05T04:13:25.638+0000] {dagbag.py:541} INFO - Filling up the DagBag from /home/airflow/.local/lib/python3.7/site-packages/airflow/example_dags/tutorial_taskflow_api.py
[2023-08-05T04:13:25.643+0000] {processor.py:836} INFO - DAG(s) dict_keys(['tutorial_taskflow_api']) retrieved from /home/airflow/.local/lib/python3.7/site-packages/airflow/example_dags/tutorial_taskflow_api.py
[2023-08-05T04:13:25.660+0000] {logging_mixin.py:150} INFO - [2023-08-05T04:13:25.660+0000] {dag.py:2742} INFO - Sync 1 DAGs
[2023-08-05T04:13:25.674+0000] {logging_mixin.py:150} INFO - [2023-08-05T04:13:25.674+0000] {dag.py:3508} INFO - Setting next_dagrun for tutorial_taskflow_api to None, run_after=None
[2023-08-05T04:13:25.684+0000] {processor.py:179} INFO - Processing /home/airflow/.local/lib/python3.7/site-packages/airflow/example_dags/tutorial_taskflow_api.py took 0.050 seconds
[2023-08-05T04:13:56.385+0000] {processor.py:157} INFO - Started process (PID=571) to work on /home/airflow/.local/lib/python3.7/site-packages/airflow/example_dags/tutorial_taskflow_api.py
[2023-08-05T04:13:56.387+0000] {processor.py:826} INFO - Processing file /home/airflow/.local/lib/python3.7/site-packages/airflow/example_dags/tutorial_taskflow_api.py for tasks to queue
[2023-08-05T04:13:56.389+0000] {logging_mixin.py:150} INFO - [2023-08-05T04:13:56.388+0000] {dagbag.py:541} INFO - Filling up the DagBag from /home/airflow/.local/lib/python3.7/site-packages/airflow/example_dags/tutorial_taskflow_api.py
[2023-08-05T04:13:56.403+0000] {processor.py:836} INFO - DAG(s) dict_keys(['tutorial_taskflow_api']) retrieved from /home/airflow/.local/lib/python3.7/site-packages/airflow/example_dags/tutorial_taskflow_api.py
[2023-08-05T04:13:56.439+0000] {logging_mixin.py:150} INFO - [2023-08-05T04:13:56.438+0000] {dag.py:2742} INFO - Sync 1 DAGs
[2023-08-05T04:13:56.465+0000] {logging_mixin.py:150} INFO - [2023-08-05T04:13:56.465+0000] {dag.py:3508} INFO - Setting next_dagrun for tutorial_taskflow_api to None, run_after=None
[2023-08-05T04:13:56.480+0000] {processor.py:179} INFO - Processing /home/airflow/.local/lib/python3.7/site-packages/airflow/example_dags/tutorial_taskflow_api.py took 0.099 seconds
