[2023-08-05T04:09:23.190+0000] {processor.py:157} INFO - Started process (PID=33) to work on /home/airflow/.local/lib/python3.7/site-packages/airflow/example_dags/tutorial.py
[2023-08-05T04:09:23.191+0000] {processor.py:826} INFO - Processing file /home/airflow/.local/lib/python3.7/site-packages/airflow/example_dags/tutorial.py for tasks to queue
[2023-08-05T04:09:23.192+0000] {logging_mixin.py:150} INFO - [2023-08-05T04:09:23.192+0000] {dagbag.py:541} INFO - Filling up the DagBag from /home/airflow/.local/lib/python3.7/site-packages/airflow/example_dags/tutorial.py
[2023-08-05T04:09:23.204+0000] {processor.py:836} INFO - DAG(s) dict_keys(['tutorial']) retrieved from /home/airflow/.local/lib/python3.7/site-packages/airflow/example_dags/tutorial.py
[2023-08-05T04:09:23.238+0000] {logging_mixin.py:150} INFO - [2023-08-05T04:09:23.238+0000] {dag.py:2742} INFO - Sync 1 DAGs
[2023-08-05T04:09:23.255+0000] {logging_mixin.py:150} INFO - [2023-08-05T04:09:23.255+0000] {dag.py:3508} INFO - Setting next_dagrun for tutorial to 2023-08-04T04:09:23.255062+00:00, run_after=2023-08-05T04:09:23.255062+00:00
[2023-08-05T04:09:23.267+0000] {processor.py:179} INFO - Processing /home/airflow/.local/lib/python3.7/site-packages/airflow/example_dags/tutorial.py took 0.081 seconds
[2023-08-05T04:09:53.888+0000] {processor.py:157} INFO - Started process (PID=91) to work on /home/airflow/.local/lib/python3.7/site-packages/airflow/example_dags/tutorial.py
[2023-08-05T04:09:53.890+0000] {processor.py:826} INFO - Processing file /home/airflow/.local/lib/python3.7/site-packages/airflow/example_dags/tutorial.py for tasks to queue
[2023-08-05T04:09:53.891+0000] {logging_mixin.py:150} INFO - [2023-08-05T04:09:53.891+0000] {dagbag.py:541} INFO - Filling up the DagBag from /home/airflow/.local/lib/python3.7/site-packages/airflow/example_dags/tutorial.py
[2023-08-05T04:09:53.900+0000] {processor.py:836} INFO - DAG(s) dict_keys(['tutorial']) retrieved from /home/airflow/.local/lib/python3.7/site-packages/airflow/example_dags/tutorial.py
[2023-08-05T04:09:53.923+0000] {logging_mixin.py:150} INFO - [2023-08-05T04:09:53.923+0000] {dag.py:2742} INFO - Sync 1 DAGs
[2023-08-05T04:09:53.939+0000] {logging_mixin.py:150} INFO - [2023-08-05T04:09:53.939+0000] {dag.py:3508} INFO - Setting next_dagrun for tutorial to 2023-08-04T04:09:53.939097+00:00, run_after=2023-08-05T04:09:53.939097+00:00
[2023-08-05T04:09:53.949+0000] {processor.py:179} INFO - Processing /home/airflow/.local/lib/python3.7/site-packages/airflow/example_dags/tutorial.py took 0.065 seconds
[2023-08-05T04:10:24.024+0000] {processor.py:157} INFO - Started process (PID=149) to work on /home/airflow/.local/lib/python3.7/site-packages/airflow/example_dags/tutorial.py
[2023-08-05T04:10:24.026+0000] {processor.py:826} INFO - Processing file /home/airflow/.local/lib/python3.7/site-packages/airflow/example_dags/tutorial.py for tasks to queue
[2023-08-05T04:10:24.027+0000] {logging_mixin.py:150} INFO - [2023-08-05T04:10:24.026+0000] {dagbag.py:541} INFO - Filling up the DagBag from /home/airflow/.local/lib/python3.7/site-packages/airflow/example_dags/tutorial.py
[2023-08-05T04:10:24.036+0000] {processor.py:836} INFO - DAG(s) dict_keys(['tutorial']) retrieved from /home/airflow/.local/lib/python3.7/site-packages/airflow/example_dags/tutorial.py
[2023-08-05T04:10:24.060+0000] {logging_mixin.py:150} INFO - [2023-08-05T04:10:24.060+0000] {dag.py:2742} INFO - Sync 1 DAGs
[2023-08-05T04:10:24.077+0000] {logging_mixin.py:150} INFO - [2023-08-05T04:10:24.077+0000] {dag.py:3508} INFO - Setting next_dagrun for tutorial to 2023-08-04T04:10:24.076872+00:00, run_after=2023-08-05T04:10:24.076872+00:00
[2023-08-05T04:10:24.087+0000] {processor.py:179} INFO - Processing /home/airflow/.local/lib/python3.7/site-packages/airflow/example_dags/tutorial.py took 0.067 seconds
[2023-08-05T04:10:54.322+0000] {processor.py:157} INFO - Started process (PID=207) to work on /home/airflow/.local/lib/python3.7/site-packages/airflow/example_dags/tutorial.py
[2023-08-05T04:10:54.323+0000] {processor.py:826} INFO - Processing file /home/airflow/.local/lib/python3.7/site-packages/airflow/example_dags/tutorial.py for tasks to queue
[2023-08-05T04:10:54.325+0000] {logging_mixin.py:150} INFO - [2023-08-05T04:10:54.324+0000] {dagbag.py:541} INFO - Filling up the DagBag from /home/airflow/.local/lib/python3.7/site-packages/airflow/example_dags/tutorial.py
[2023-08-05T04:10:54.331+0000] {processor.py:836} INFO - DAG(s) dict_keys(['tutorial']) retrieved from /home/airflow/.local/lib/python3.7/site-packages/airflow/example_dags/tutorial.py
[2023-08-05T04:10:54.353+0000] {logging_mixin.py:150} INFO - [2023-08-05T04:10:54.352+0000] {dag.py:2742} INFO - Sync 1 DAGs
[2023-08-05T04:10:54.367+0000] {logging_mixin.py:150} INFO - [2023-08-05T04:10:54.367+0000] {dag.py:3508} INFO - Setting next_dagrun for tutorial to 2023-08-04T04:10:54.367541+00:00, run_after=2023-08-05T04:10:54.367541+00:00
[2023-08-05T04:10:54.377+0000] {processor.py:179} INFO - Processing /home/airflow/.local/lib/python3.7/site-packages/airflow/example_dags/tutorial.py took 0.060 seconds
[2023-08-05T04:11:24.473+0000] {processor.py:157} INFO - Started process (PID=265) to work on /home/airflow/.local/lib/python3.7/site-packages/airflow/example_dags/tutorial.py
[2023-08-05T04:11:24.475+0000] {processor.py:826} INFO - Processing file /home/airflow/.local/lib/python3.7/site-packages/airflow/example_dags/tutorial.py for tasks to queue
[2023-08-05T04:11:24.476+0000] {logging_mixin.py:150} INFO - [2023-08-05T04:11:24.476+0000] {dagbag.py:541} INFO - Filling up the DagBag from /home/airflow/.local/lib/python3.7/site-packages/airflow/example_dags/tutorial.py
[2023-08-05T04:11:24.485+0000] {processor.py:836} INFO - DAG(s) dict_keys(['tutorial']) retrieved from /home/airflow/.local/lib/python3.7/site-packages/airflow/example_dags/tutorial.py
[2023-08-05T04:11:24.505+0000] {logging_mixin.py:150} INFO - [2023-08-05T04:11:24.505+0000] {dag.py:2742} INFO - Sync 1 DAGs
[2023-08-05T04:11:24.520+0000] {logging_mixin.py:150} INFO - [2023-08-05T04:11:24.520+0000] {dag.py:3508} INFO - Setting next_dagrun for tutorial to 2023-08-04T04:11:24.520261+00:00, run_after=2023-08-05T04:11:24.520261+00:00
[2023-08-05T04:11:24.530+0000] {processor.py:179} INFO - Processing /home/airflow/.local/lib/python3.7/site-packages/airflow/example_dags/tutorial.py took 0.062 seconds
[2023-08-05T04:11:54.786+0000] {processor.py:157} INFO - Started process (PID=323) to work on /home/airflow/.local/lib/python3.7/site-packages/airflow/example_dags/tutorial.py
[2023-08-05T04:11:54.787+0000] {processor.py:826} INFO - Processing file /home/airflow/.local/lib/python3.7/site-packages/airflow/example_dags/tutorial.py for tasks to queue
[2023-08-05T04:11:54.790+0000] {logging_mixin.py:150} INFO - [2023-08-05T04:11:54.790+0000] {dagbag.py:541} INFO - Filling up the DagBag from /home/airflow/.local/lib/python3.7/site-packages/airflow/example_dags/tutorial.py
[2023-08-05T04:11:54.798+0000] {processor.py:836} INFO - DAG(s) dict_keys(['tutorial']) retrieved from /home/airflow/.local/lib/python3.7/site-packages/airflow/example_dags/tutorial.py
[2023-08-05T04:11:54.817+0000] {logging_mixin.py:150} INFO - [2023-08-05T04:11:54.816+0000] {dag.py:2742} INFO - Sync 1 DAGs
[2023-08-05T04:11:54.830+0000] {logging_mixin.py:150} INFO - [2023-08-05T04:11:54.830+0000] {dag.py:3508} INFO - Setting next_dagrun for tutorial to 2023-08-04T04:11:54.830588+00:00, run_after=2023-08-05T04:11:54.830588+00:00
[2023-08-05T04:11:54.840+0000] {processor.py:179} INFO - Processing /home/airflow/.local/lib/python3.7/site-packages/airflow/example_dags/tutorial.py took 0.059 seconds
[2023-08-05T04:12:24.880+0000] {processor.py:157} INFO - Started process (PID=381) to work on /home/airflow/.local/lib/python3.7/site-packages/airflow/example_dags/tutorial.py
[2023-08-05T04:12:24.880+0000] {processor.py:826} INFO - Processing file /home/airflow/.local/lib/python3.7/site-packages/airflow/example_dags/tutorial.py for tasks to queue
[2023-08-05T04:12:24.881+0000] {logging_mixin.py:150} INFO - [2023-08-05T04:12:24.881+0000] {dagbag.py:541} INFO - Filling up the DagBag from /home/airflow/.local/lib/python3.7/site-packages/airflow/example_dags/tutorial.py
[2023-08-05T04:12:24.887+0000] {processor.py:836} INFO - DAG(s) dict_keys(['tutorial']) retrieved from /home/airflow/.local/lib/python3.7/site-packages/airflow/example_dags/tutorial.py
[2023-08-05T04:12:24.905+0000] {logging_mixin.py:150} INFO - [2023-08-05T04:12:24.905+0000] {dag.py:2742} INFO - Sync 1 DAGs
[2023-08-05T04:12:24.921+0000] {logging_mixin.py:150} INFO - [2023-08-05T04:12:24.921+0000] {dag.py:3508} INFO - Setting next_dagrun for tutorial to 2023-08-04T04:12:24.921143+00:00, run_after=2023-08-05T04:12:24.921143+00:00
[2023-08-05T04:12:24.933+0000] {processor.py:179} INFO - Processing /home/airflow/.local/lib/python3.7/site-packages/airflow/example_dags/tutorial.py took 0.055 seconds
[2023-08-05T04:12:55.181+0000] {processor.py:157} INFO - Started process (PID=439) to work on /home/airflow/.local/lib/python3.7/site-packages/airflow/example_dags/tutorial.py
[2023-08-05T04:12:55.182+0000] {processor.py:826} INFO - Processing file /home/airflow/.local/lib/python3.7/site-packages/airflow/example_dags/tutorial.py for tasks to queue
[2023-08-05T04:12:55.184+0000] {logging_mixin.py:150} INFO - [2023-08-05T04:12:55.184+0000] {dagbag.py:541} INFO - Filling up the DagBag from /home/airflow/.local/lib/python3.7/site-packages/airflow/example_dags/tutorial.py
[2023-08-05T04:12:55.191+0000] {processor.py:836} INFO - DAG(s) dict_keys(['tutorial']) retrieved from /home/airflow/.local/lib/python3.7/site-packages/airflow/example_dags/tutorial.py
[2023-08-05T04:12:55.213+0000] {logging_mixin.py:150} INFO - [2023-08-05T04:12:55.212+0000] {dag.py:2742} INFO - Sync 1 DAGs
[2023-08-05T04:12:55.228+0000] {logging_mixin.py:150} INFO - [2023-08-05T04:12:55.228+0000] {dag.py:3508} INFO - Setting next_dagrun for tutorial to 2023-08-04T04:12:55.228190+00:00, run_after=2023-08-05T04:12:55.228190+00:00
[2023-08-05T04:12:55.238+0000] {processor.py:179} INFO - Processing /home/airflow/.local/lib/python3.7/site-packages/airflow/example_dags/tutorial.py took 0.062 seconds
[2023-08-05T04:13:25.373+0000] {processor.py:157} INFO - Started process (PID=509) to work on /home/airflow/.local/lib/python3.7/site-packages/airflow/example_dags/tutorial.py
[2023-08-05T04:13:25.374+0000] {processor.py:826} INFO - Processing file /home/airflow/.local/lib/python3.7/site-packages/airflow/example_dags/tutorial.py for tasks to queue
[2023-08-05T04:13:25.376+0000] {logging_mixin.py:150} INFO - [2023-08-05T04:13:25.376+0000] {dagbag.py:541} INFO - Filling up the DagBag from /home/airflow/.local/lib/python3.7/site-packages/airflow/example_dags/tutorial.py
[2023-08-05T04:13:25.385+0000] {processor.py:836} INFO - DAG(s) dict_keys(['tutorial']) retrieved from /home/airflow/.local/lib/python3.7/site-packages/airflow/example_dags/tutorial.py
[2023-08-05T04:13:25.413+0000] {logging_mixin.py:150} INFO - [2023-08-05T04:13:25.413+0000] {dag.py:2742} INFO - Sync 1 DAGs
[2023-08-05T04:13:25.430+0000] {logging_mixin.py:150} INFO - [2023-08-05T04:13:25.430+0000] {dag.py:3508} INFO - Setting next_dagrun for tutorial to 2023-08-04T04:13:25.430431+00:00, run_after=2023-08-05T04:13:25.430431+00:00
[2023-08-05T04:13:25.442+0000] {processor.py:179} INFO - Processing /home/airflow/.local/lib/python3.7/site-packages/airflow/example_dags/tutorial.py took 0.074 seconds
[2023-08-05T04:13:55.840+0000] {processor.py:157} INFO - Started process (PID=567) to work on /home/airflow/.local/lib/python3.7/site-packages/airflow/example_dags/tutorial.py
[2023-08-05T04:13:55.841+0000] {processor.py:826} INFO - Processing file /home/airflow/.local/lib/python3.7/site-packages/airflow/example_dags/tutorial.py for tasks to queue
[2023-08-05T04:13:55.845+0000] {logging_mixin.py:150} INFO - [2023-08-05T04:13:55.844+0000] {dagbag.py:541} INFO - Filling up the DagBag from /home/airflow/.local/lib/python3.7/site-packages/airflow/example_dags/tutorial.py
[2023-08-05T04:13:55.859+0000] {processor.py:836} INFO - DAG(s) dict_keys(['tutorial']) retrieved from /home/airflow/.local/lib/python3.7/site-packages/airflow/example_dags/tutorial.py
[2023-08-05T04:13:55.905+0000] {logging_mixin.py:150} INFO - [2023-08-05T04:13:55.905+0000] {dag.py:2742} INFO - Sync 1 DAGs
[2023-08-05T04:13:55.943+0000] {logging_mixin.py:150} INFO - [2023-08-05T04:13:55.943+0000] {dag.py:3508} INFO - Setting next_dagrun for tutorial to 2023-08-04T04:13:55.942946+00:00, run_after=2023-08-05T04:13:55.942946+00:00
[2023-08-05T04:13:55.975+0000] {processor.py:179} INFO - Processing /home/airflow/.local/lib/python3.7/site-packages/airflow/example_dags/tutorial.py took 0.139 seconds
